2025-07-01 12:08:01,527 - apscheduler.scheduler - INFO - Adding job tentatively -- it will be properly scheduled when the scheduler starts
2025-07-01 12:08:01,527 - apscheduler.scheduler - INFO - Added job "Backup automático de archivos JSON" to job store "default"
2025-07-01 12:08:01,527 - apscheduler.scheduler - INFO - Scheduler started
2025-07-01 12:08:01,527 - app - INFO - Iniciando backup automático de archivos JSON...
2025-07-01 12:08:01,546 - app - INFO - Backup creado: ambulante.json.backup
2025-07-01 12:08:01,557 - app - INFO - Eliminando backup antiguo: c:\Users\PROPIETARIO\Downloads\01.Proyectos\circle\data\ambulante.json.backup
2025-07-01 12:08:01,575 - app - INFO - Backup creado: bimbo.json.backup
2025-07-01 12:08:01,579 - app - INFO - Eliminando backup antiguo: c:\Users\PROPIETARIO\Downloads\01.Proyectos\circle\data\bimbo.json.backup
2025-07-01 12:08:01,601 - app - INFO - Backup creado: constitucion.json.backup
2025-07-01 12:08:01,605 - app - INFO - Eliminando backup antiguo: c:\Users\PROPIETARIO\Downloads\01.Proyectos\circle\data\constitucion.json.backup
2025-07-01 12:08:01,627 - app - INFO - Backup creado: gastronomia.json.backup
2025-07-01 12:08:01,631 - app - INFO - Eliminando backup antiguo: c:\Users\PROPIETARIO\Downloads\01.Proyectos\circle\data\gastronomia.json.backup
2025-07-01 12:08:01,651 - app - INFO - Backup creado: kioscos.json.backup
2025-07-01 12:08:01,653 - app - INFO - Eliminando backup antiguo: c:\Users\PROPIETARIO\Downloads\01.Proyectos\circle\data\kioscos.json.backup
2025-07-01 12:08:01,670 - app - INFO - Backup creado: once.json.backup
2025-07-01 12:08:01,676 - app - INFO - Eliminando backup antiguo: c:\Users\PROPIETARIO\Downloads\01.Proyectos\circle\data\once.json.backup
2025-07-01 12:08:01,699 - app - INFO - Backup creado: pagos_no_vinculados.json.backup
2025-07-01 12:08:01,703 - app - INFO - Eliminando backup antiguo: c:\Users\PROPIETARIO\Downloads\01.Proyectos\circle\data\pagos_no_vinculados.json.backup
2025-07-01 12:08:01,704 - app - INFO - Backup creado: pendientes.json.backup
2025-07-01 12:08:01,717 - app - INFO - Eliminando backup antiguo: c:\Users\PROPIETARIO\Downloads\01.Proyectos\circle\data\pendientes.json.backup
2025-07-01 12:08:01,728 - app - INFO - Backup creado: registros.json.backup
2025-07-01 12:08:01,733 - app - INFO - Eliminando backup antiguo: c:\Users\PROPIETARIO\Downloads\01.Proyectos\circle\data\registros.json.backup
2025-07-01 12:08:01,749 - app - INFO - Backup creado: retiro.json.backup
2025-07-01 12:08:01,752 - app - INFO - Eliminando backup antiguo: c:\Users\PROPIETARIO\Downloads\01.Proyectos\circle\data\retiro.json.backup
2025-07-01 12:08:01,767 - app - INFO - Backup creado: stock.json.backup
2025-07-01 12:08:01,771 - app - INFO - Eliminando backup antiguo: c:\Users\PROPIETARIO\Downloads\01.Proyectos\circle\data\stock.json.backup.5
2025-07-01 12:08:01,777 - app - INFO - Backup creado: system_config.json.backup
2025-07-01 12:08:01,785 - app - INFO - Eliminando backup antiguo: c:\Users\PROPIETARIO\Downloads\01.Proyectos\circle\data\system_config.json.backup.1
2025-07-01 12:08:01,799 - app - INFO - Backup creado: tba.json.backup
2025-07-01 12:08:01,802 - app - INFO - Eliminando backup antiguo: c:\Users\PROPIETARIO\Downloads\01.Proyectos\circle\data\tba.json.backup
2025-07-01 12:08:01,803 - app - INFO - Backup creado: users.json.backup
2025-07-01 12:08:01,807 - app - INFO - Eliminando backup antiguo: c:\Users\PROPIETARIO\Downloads\01.Proyectos\circle\data\users.json.backup
2025-07-01 12:08:01,824 - app - INFO - Backup creado: zona_sur.json.backup
2025-07-01 12:08:01,828 - app - INFO - Eliminando backup antiguo: c:\Users\PROPIETARIO\Downloads\01.Proyectos\circle\data\zona_sur.json.backup
2025-07-01 12:08:01,828 - app - INFO - Backup automático completado. 15 archivos respaldados.
2025-07-01 12:08:01,828 - app - INFO - Sistema de backup automático iniciado. Próximo backup en 6 horas.
2025-07-01 12:08:01,875 - waitress - INFO - Serving on http://[::1]:443
2025-07-01 12:08:01,875 - waitress - INFO - Serving on http://127.0.0.1:443
2025-07-01 12:26:30,141 - apscheduler.scheduler - INFO - Scheduler has been shut down
2025-07-01 12:26:43,805 - apscheduler.scheduler - INFO - Adding job tentatively -- it will be properly scheduled when the scheduler starts
2025-07-01 12:26:43,807 - apscheduler.scheduler - INFO - Added job "Backup automático de archivos JSON" to job store "default"
2025-07-01 12:26:43,808 - apscheduler.scheduler - INFO - Scheduler started
2025-07-01 12:26:43,810 - app - INFO - Iniciando backup automático de archivos JSON...
2025-07-01 12:26:43,812 - app - INFO - Backup creado: ambulante.json.backup
2025-07-01 12:26:43,814 - app - INFO - Eliminando backup antiguo: c:\Users\PROPIETARIO\Downloads\01.Proyectos\circle\data\ambulante.json.backup
2025-07-01 12:26:43,816 - app - INFO - Backup creado: bimbo.json.backup
2025-07-01 12:26:43,818 - app - INFO - Eliminando backup antiguo: c:\Users\PROPIETARIO\Downloads\01.Proyectos\circle\data\bimbo.json.backup
2025-07-01 12:26:43,823 - app - INFO - Backup creado: constitucion.json.backup
2025-07-01 12:26:43,825 - app - INFO - Eliminando backup antiguo: c:\Users\PROPIETARIO\Downloads\01.Proyectos\circle\data\constitucion.json.backup
2025-07-01 12:26:43,826 - app - INFO - Backup creado: gastronomia.json.backup
2025-07-01 12:26:43,830 - app - INFO - Eliminando backup antiguo: c:\Users\PROPIETARIO\Downloads\01.Proyectos\circle\data\gastronomia.json.backup
2025-07-01 12:26:43,833 - app - INFO - Backup creado: kioscos.json.backup
2025-07-01 12:26:43,835 - app - INFO - Eliminando backup antiguo: c:\Users\PROPIETARIO\Downloads\01.Proyectos\circle\data\kioscos.json.backup
2025-07-01 12:26:43,836 - app - INFO - Backup creado: once.json.backup
2025-07-01 12:26:43,838 - app - INFO - Eliminando backup antiguo: c:\Users\PROPIETARIO\Downloads\01.Proyectos\circle\data\once.json.backup
2025-07-01 12:26:43,840 - app - INFO - Backup creado: pagos_no_vinculados.json.backup
2025-07-01 12:26:43,842 - app - INFO - Eliminando backup antiguo: c:\Users\PROPIETARIO\Downloads\01.Proyectos\circle\data\pagos_no_vinculados.json.backup
2025-07-01 12:26:43,844 - app - INFO - Backup creado: pendientes.json.backup
2025-07-01 12:26:43,848 - app - INFO - Eliminando backup antiguo: c:\Users\PROPIETARIO\Downloads\01.Proyectos\circle\data\pendientes.json.backup
2025-07-01 12:26:43,851 - app - INFO - Backup creado: registros.json.backup
2025-07-01 12:26:43,853 - app - INFO - Eliminando backup antiguo: c:\Users\PROPIETARIO\Downloads\01.Proyectos\circle\data\registros.json.backup
2025-07-01 12:26:43,855 - app - INFO - Backup creado: retiro.json.backup
2025-07-01 12:26:43,857 - app - INFO - Eliminando backup antiguo: c:\Users\PROPIETARIO\Downloads\01.Proyectos\circle\data\retiro.json.backup
2025-07-01 12:26:43,860 - app - INFO - Backup creado: stock.json.backup.10
2025-07-01 12:26:43,863 - app - INFO - Eliminando backup antiguo: c:\Users\PROPIETARIO\Downloads\01.Proyectos\circle\data\stock.json.backup.6
2025-07-01 12:26:43,866 - app - INFO - Backup creado: system_config.json.backup.6
2025-07-01 12:26:43,869 - app - INFO - Eliminando backup antiguo: c:\Users\PROPIETARIO\Downloads\01.Proyectos\circle\data\system_config.json.backup.2
2025-07-01 12:26:43,872 - app - INFO - Backup creado: tba.json.backup
2025-07-01 12:26:43,874 - app - INFO - Eliminando backup antiguo: c:\Users\PROPIETARIO\Downloads\01.Proyectos\circle\data\tba.json.backup
2025-07-01 12:26:43,877 - app - INFO - Backup creado: users.json.backup
2025-07-01 12:26:43,879 - app - INFO - Eliminando backup antiguo: c:\Users\PROPIETARIO\Downloads\01.Proyectos\circle\data\users.json.backup.109
2025-07-01 12:26:43,882 - app - INFO - Backup creado: zona_sur.json.backup
2025-07-01 12:26:43,884 - app - INFO - Eliminando backup antiguo: c:\Users\PROPIETARIO\Downloads\01.Proyectos\circle\data\zona_sur.json.backup.60
2025-07-01 12:26:43,885 - app - INFO - Backup automático completado. 15 archivos respaldados.
2025-07-01 12:26:43,885 - app - INFO - Sistema de backup automático iniciado. Próximo backup en 6 horas.
2025-07-01 12:26:43,907 - waitress - INFO - Serving on http://[::1]:443
2025-07-01 12:26:43,907 - waitress - INFO - Serving on http://127.0.0.1:443
2025-07-01 12:41:06,340 - apscheduler.scheduler - INFO - Scheduler has been shut down
2025-07-01 12:41:12,787 - apscheduler.scheduler - INFO - Adding job tentatively -- it will be properly scheduled when the scheduler starts
2025-07-01 12:41:12,793 - apscheduler.scheduler - INFO - Added job "Backup automático de archivos JSON" to job store "default"
2025-07-01 12:41:12,793 - apscheduler.scheduler - INFO - Scheduler started
2025-07-01 12:41:12,795 - app - INFO - Iniciando backup automático de archivos JSON...
2025-07-01 12:41:12,797 - app - INFO - Backup creado: ambulante.json.backup
2025-07-01 12:41:12,800 - app - INFO - Eliminando backup antiguo: c:\Users\PROPIETARIO\Downloads\01.Proyectos\circle\data\ambulante.json.backup
2025-07-01 12:41:12,802 - app - INFO - Backup creado: bimbo.json.backup
2025-07-01 12:41:12,804 - app - INFO - Eliminando backup antiguo: c:\Users\PROPIETARIO\Downloads\01.Proyectos\circle\data\bimbo.json.backup
2025-07-01 12:41:12,806 - app - INFO - Backup creado: constitucion.json.backup
2025-07-01 12:41:12,808 - app - INFO - Eliminando backup antiguo: c:\Users\PROPIETARIO\Downloads\01.Proyectos\circle\data\constitucion.json.backup
2025-07-01 12:41:12,810 - app - INFO - Backup creado: gastronomia.json.backup
2025-07-01 12:41:12,812 - app - INFO - Eliminando backup antiguo: c:\Users\PROPIETARIO\Downloads\01.Proyectos\circle\data\gastronomia.json.backup
2025-07-01 12:41:12,815 - app - INFO - Backup creado: kioscos.json.backup
2025-07-01 12:41:12,818 - app - INFO - Eliminando backup antiguo: c:\Users\PROPIETARIO\Downloads\01.Proyectos\circle\data\kioscos.json.backup
2025-07-01 12:41:12,820 - app - INFO - Backup creado: once.json.backup
2025-07-01 12:41:12,822 - app - INFO - Eliminando backup antiguo: c:\Users\PROPIETARIO\Downloads\01.Proyectos\circle\data\once.json.backup
2025-07-01 12:41:12,824 - app - INFO - Backup creado: pagos_no_vinculados.json.backup
2025-07-01 12:41:12,826 - app - INFO - Eliminando backup antiguo: c:\Users\PROPIETARIO\Downloads\01.Proyectos\circle\data\pagos_no_vinculados.json.backup
2025-07-01 12:41:12,828 - app - INFO - Backup creado: pendientes.json.backup
2025-07-01 12:41:12,829 - app - INFO - Eliminando backup antiguo: c:\Users\PROPIETARIO\Downloads\01.Proyectos\circle\data\pendientes.json.backup
2025-07-01 12:41:12,833 - app - INFO - Backup creado: registros.json.backup
2025-07-01 12:41:12,835 - app - INFO - Eliminando backup antiguo: c:\Users\PROPIETARIO\Downloads\01.Proyectos\circle\data\registros.json.backup
2025-07-01 12:41:12,838 - app - INFO - Backup creado: retiro.json.backup
2025-07-01 12:41:12,840 - app - INFO - Eliminando backup antiguo: c:\Users\PROPIETARIO\Downloads\01.Proyectos\circle\data\retiro.json.backup
2025-07-01 12:41:12,844 - app - INFO - Backup creado: stock.json.backup.11
2025-07-01 12:41:12,846 - app - INFO - Eliminando backup antiguo: c:\Users\PROPIETARIO\Downloads\01.Proyectos\circle\data\stock.json.backup.7
2025-07-01 12:41:12,849 - app - INFO - Backup creado: system_config.json.backup.7
2025-07-01 12:41:12,851 - app - INFO - Eliminando backup antiguo: c:\Users\PROPIETARIO\Downloads\01.Proyectos\circle\data\system_config.json.backup.3
2025-07-01 12:41:12,853 - app - INFO - Backup creado: tba.json.backup
2025-07-01 12:41:12,857 - app - INFO - Eliminando backup antiguo: c:\Users\PROPIETARIO\Downloads\01.Proyectos\circle\data\tba.json.backup
2025-07-01 12:41:12,860 - app - INFO - Backup creado: users.json.backup.114
2025-07-01 12:41:12,861 - app - INFO - Eliminando backup antiguo: c:\Users\PROPIETARIO\Downloads\01.Proyectos\circle\data\users.json.backup.110
2025-07-01 12:41:12,868 - app - INFO - Backup creado: zona_sur.json.backup.65
2025-07-01 12:41:12,870 - app - INFO - Eliminando backup antiguo: c:\Users\PROPIETARIO\Downloads\01.Proyectos\circle\data\zona_sur.json.backup.61
2025-07-01 12:41:12,870 - app - INFO - Backup automático completado. 15 archivos respaldados.
2025-07-01 12:41:12,870 - app - INFO - Sistema de backup automático iniciado. Próximo backup en 6 horas.
2025-07-01 12:41:12,891 - waitress - INFO - Serving on http://[::1]:443
2025-07-01 12:41:12,891 - waitress - INFO - Serving on http://127.0.0.1:443
2025-07-01 13:04:46,644 - apscheduler.scheduler - INFO - Scheduler has been shut down
2025-07-01 13:04:51,578 - apscheduler.scheduler - INFO - Adding job tentatively -- it will be properly scheduled when the scheduler starts
2025-07-01 13:04:51,584 - apscheduler.scheduler - INFO - Added job "Backup automático de archivos JSON" to job store "default"
2025-07-01 13:04:51,585 - apscheduler.scheduler - INFO - Scheduler started
2025-07-01 13:04:51,586 - app - INFO - Iniciando backup automático de archivos JSON...
2025-07-01 13:04:51,589 - app - INFO - Backup creado: ambulante.json.backup
2025-07-01 13:04:51,590 - app - INFO - Eliminando backup antiguo: c:\Users\PROPIETARIO\Downloads\01.Proyectos\circle\data\ambulante.json.backup
2025-07-01 13:04:51,593 - app - INFO - Backup creado: bimbo.json.backup
2025-07-01 13:04:51,594 - app - INFO - Eliminando backup antiguo: c:\Users\PROPIETARIO\Downloads\01.Proyectos\circle\data\bimbo.json.backup
2025-07-01 13:04:51,596 - app - INFO - Backup creado: constitucion.json.backup
2025-07-01 13:04:51,597 - app - INFO - Eliminando backup antiguo: c:\Users\PROPIETARIO\Downloads\01.Proyectos\circle\data\constitucion.json.backup
2025-07-01 13:04:51,602 - app - INFO - Backup creado: gastronomia.json.backup
2025-07-01 13:04:51,605 - app - INFO - Eliminando backup antiguo: c:\Users\PROPIETARIO\Downloads\01.Proyectos\circle\data\gastronomia.json.backup
2025-07-01 13:04:51,606 - app - INFO - Backup creado: kioscos.json.backup
2025-07-01 13:04:51,610 - app - INFO - Eliminando backup antiguo: c:\Users\PROPIETARIO\Downloads\01.Proyectos\circle\data\kioscos.json.backup
2025-07-01 13:04:51,612 - app - INFO - Backup creado: once.json.backup
2025-07-01 13:04:51,613 - app - INFO - Eliminando backup antiguo: c:\Users\PROPIETARIO\Downloads\01.Proyectos\circle\data\once.json.backup
2025-07-01 13:04:51,615 - app - INFO - Backup creado: pagos_no_vinculados.json.backup
2025-07-01 13:04:51,618 - app - INFO - Eliminando backup antiguo: c:\Users\PROPIETARIO\Downloads\01.Proyectos\circle\data\pagos_no_vinculados.json.backup
2025-07-01 13:04:51,620 - app - INFO - Backup creado: pendientes.json.backup
2025-07-01 13:04:51,622 - app - INFO - Eliminando backup antiguo: c:\Users\PROPIETARIO\Downloads\01.Proyectos\circle\data\pendientes.json.backup
2025-07-01 13:04:51,624 - app - INFO - Backup creado: registros.json.backup
2025-07-01 13:04:51,628 - app - INFO - Eliminando backup antiguo: c:\Users\PROPIETARIO\Downloads\01.Proyectos\circle\data\registros.json.backup
2025-07-01 13:04:51,630 - app - INFO - Backup creado: retiro.json.backup
2025-07-01 13:04:51,632 - app - INFO - Eliminando backup antiguo: c:\Users\PROPIETARIO\Downloads\01.Proyectos\circle\data\retiro.json.backup
2025-07-01 13:04:51,636 - app - INFO - Backup creado: stock.json.backup.12
2025-07-01 13:04:51,637 - app - INFO - Eliminando backup antiguo: c:\Users\PROPIETARIO\Downloads\01.Proyectos\circle\data\stock.json.backup.8
2025-07-01 13:04:51,640 - app - INFO - Backup creado: system_config.json.backup.8
2025-07-01 13:04:51,643 - app - INFO - Eliminando backup antiguo: c:\Users\PROPIETARIO\Downloads\01.Proyectos\circle\data\system_config.json.backup.4
2025-07-01 13:04:51,646 - app - INFO - Backup creado: tba.json.backup
2025-07-01 13:04:51,648 - app - INFO - Eliminando backup antiguo: c:\Users\PROPIETARIO\Downloads\01.Proyectos\circle\data\tba.json.backup
2025-07-01 13:04:51,657 - app - INFO - Backup creado: users.json.backup.115
2025-07-01 13:04:51,657 - app - INFO - Eliminando backup antiguo: c:\Users\PROPIETARIO\Downloads\01.Proyectos\circle\data\users.json.backup.111
2025-07-01 13:04:51,657 - app - INFO - Backup creado: zona_sur.json.backup.66
2025-07-01 13:04:51,667 - app - INFO - Eliminando backup antiguo: c:\Users\PROPIETARIO\Downloads\01.Proyectos\circle\data\zona_sur.json.backup.62
2025-07-01 13:04:51,669 - app - INFO - Backup automático completado. 15 archivos respaldados.
2025-07-01 13:04:51,669 - app - INFO - Sistema de backup automático iniciado. Próximo backup en 6 horas.
2025-07-01 13:04:51,707 - waitress - INFO - Serving on http://[::1]:443
2025-07-01 13:04:51,708 - waitress - INFO - Serving on http://127.0.0.1:443
2025-07-01 13:15:39,496 - apscheduler.scheduler - INFO - Scheduler has been shut down
2025-07-01 23:11:17,776 - apscheduler.scheduler - INFO - Adding job tentatively -- it will be properly scheduled when the scheduler starts
2025-07-01 23:11:17,778 - apscheduler.scheduler - INFO - Added job "Backup automático de archivos JSON" to job store "default"
2025-07-01 23:11:17,778 - apscheduler.scheduler - INFO - Scheduler started
2025-07-01 23:11:17,778 - app - INFO - Iniciando backup automático de archivos JSON...
2025-07-01 23:11:17,795 - app - INFO - Backup creado: ambulante.json.backup
2025-07-01 23:11:17,799 - app - INFO - Eliminando backup antiguo: c:\Users\PROPIETARIO\Downloads\01.Proyectos\circle\data\ambulante.json.backup
2025-07-01 23:11:17,811 - app - INFO - Backup creado: bimbo.json.backup
2025-07-01 23:11:17,811 - app - INFO - Eliminando backup antiguo: c:\Users\PROPIETARIO\Downloads\01.Proyectos\circle\data\bimbo.json.backup
2025-07-01 23:11:17,833 - app - INFO - Backup creado: constitucion.json.backup
2025-07-01 23:11:17,834 - app - INFO - Eliminando backup antiguo: c:\Users\PROPIETARIO\Downloads\01.Proyectos\circle\data\constitucion.json.backup
2025-07-01 23:11:17,855 - app - INFO - Backup creado: gastronomia.json.backup
2025-07-01 23:11:17,858 - app - INFO - Eliminando backup antiguo: c:\Users\PROPIETARIO\Downloads\01.Proyectos\circle\data\gastronomia.json.backup
2025-07-01 23:11:17,860 - app - INFO - Backup creado: kioscos.json.backup
2025-07-01 23:11:17,875 - app - INFO - Eliminando backup antiguo: c:\Users\PROPIETARIO\Downloads\01.Proyectos\circle\data\kioscos.json.backup
2025-07-01 23:11:17,884 - app - INFO - Backup creado: once.json.backup
2025-07-01 23:11:17,895 - app - INFO - Eliminando backup antiguo: c:\Users\PROPIETARIO\Downloads\01.Proyectos\circle\data\once.json.backup
2025-07-01 23:11:17,909 - app - INFO - Backup creado: pagos_no_vinculados.json.backup
2025-07-01 23:11:17,909 - app - INFO - Eliminando backup antiguo: c:\Users\PROPIETARIO\Downloads\01.Proyectos\circle\data\pagos_no_vinculados.json.backup
2025-07-01 23:11:17,925 - app - INFO - Backup creado: pendientes.json.backup
2025-07-01 23:11:17,930 - app - INFO - Eliminando backup antiguo: c:\Users\PROPIETARIO\Downloads\01.Proyectos\circle\data\pendientes.json.backup
2025-07-01 23:11:17,935 - app - INFO - Backup creado: registros.json.backup
2025-07-01 23:11:17,935 - app - INFO - Eliminando backup antiguo: c:\Users\PROPIETARIO\Downloads\01.Proyectos\circle\data\registros.json.backup
2025-07-01 23:11:17,959 - app - INFO - Backup creado: retiro.json.backup
2025-07-01 23:11:17,960 - app - INFO - Eliminando backup antiguo: c:\Users\PROPIETARIO\Downloads\01.Proyectos\circle\data\retiro.json.backup
2025-07-01 23:11:17,978 - app - INFO - Backup creado: stock.json.backup.13
2025-07-01 23:11:17,982 - app - INFO - Eliminando backup antiguo: c:\Users\PROPIETARIO\Downloads\01.Proyectos\circle\data\stock.json.backup.9
2025-07-01 23:11:17,984 - app - INFO - Backup creado: system_config.json.backup.9
2025-07-01 23:11:18,000 - app - INFO - Eliminando backup antiguo: c:\Users\PROPIETARIO\Downloads\01.Proyectos\circle\data\system_config.json.backup.5
2025-07-01 23:11:18,009 - app - INFO - Backup creado: tba.json.backup
2025-07-01 23:11:18,018 - app - INFO - Eliminando backup antiguo: c:\Users\PROPIETARIO\Downloads\01.Proyectos\circle\data\tba.json.backup
2025-07-01 23:11:18,020 - app - INFO - Backup creado: users.json.backup.116
2025-07-01 23:11:18,028 - app - INFO - Eliminando backup antiguo: c:\Users\PROPIETARIO\Downloads\01.Proyectos\circle\data\users.json.backup.112
2025-07-01 23:11:18,034 - app - INFO - Backup creado: zona_sur.json.backup.67
2025-07-01 23:11:18,048 - app - INFO - Eliminando backup antiguo: c:\Users\PROPIETARIO\Downloads\01.Proyectos\circle\data\zona_sur.json.backup.63
2025-07-01 23:11:18,049 - app - INFO - Backup automático completado. 15 archivos respaldados.
2025-07-01 23:11:18,049 - app - INFO - Sistema de backup automático iniciado. Próximo backup en 6 horas.
2025-07-01 23:11:18,087 - waitress - INFO - Serving on http://[::1]:443
2025-07-01 23:11:18,087 - waitress - INFO - Serving on http://127.0.0.1:443
2025-07-01 23:31:39,915 - apscheduler.scheduler - INFO - Scheduler has been shut down
2025-07-01 23:33:25,207 - apscheduler.scheduler - INFO - Adding job tentatively -- it will be properly scheduled when the scheduler starts
2025-07-01 23:33:25,213 - apscheduler.scheduler - INFO - Added job "Backup automático de archivos JSON" to job store "default"
2025-07-01 23:33:25,214 - apscheduler.scheduler - INFO - Scheduler started
2025-07-01 23:33:25,215 - app - INFO - Iniciando backup automático de archivos JSON...
2025-07-01 23:33:25,218 - app - INFO - Backup creado: ambulante.json.backup
2025-07-01 23:33:25,220 - app - INFO - Eliminando backup antiguo: c:\Users\PROPIETARIO\Downloads\01.Proyectos\circle\data\ambulante.json.backup
2025-07-01 23:33:25,222 - app - INFO - Backup creado: bimbo.json.backup
2025-07-01 23:33:25,224 - app - INFO - Eliminando backup antiguo: c:\Users\PROPIETARIO\Downloads\01.Proyectos\circle\data\bimbo.json.backup
2025-07-01 23:33:25,226 - app - INFO - Backup creado: constitucion.json.backup
2025-07-01 23:33:25,229 - app - INFO - Eliminando backup antiguo: c:\Users\PROPIETARIO\Downloads\01.Proyectos\circle\data\constitucion.json.backup
2025-07-01 23:33:25,231 - app - INFO - Backup creado: gastronomia.json.backup
2025-07-01 23:33:25,234 - app - INFO - Eliminando backup antiguo: c:\Users\PROPIETARIO\Downloads\01.Proyectos\circle\data\gastronomia.json.backup
2025-07-01 23:33:25,237 - app - INFO - Backup creado: kioscos.json.backup
2025-07-01 23:33:25,239 - app - INFO - Eliminando backup antiguo: c:\Users\PROPIETARIO\Downloads\01.Proyectos\circle\data\kioscos.json.backup
2025-07-01 23:33:25,241 - app - INFO - Backup creado: once.json.backup
2025-07-01 23:33:25,243 - app - INFO - Eliminando backup antiguo: c:\Users\PROPIETARIO\Downloads\01.Proyectos\circle\data\once.json.backup
2025-07-01 23:33:25,246 - app - INFO - Backup creado: pagos_no_vinculados.json.backup
2025-07-01 23:33:25,247 - app - INFO - Eliminando backup antiguo: c:\Users\PROPIETARIO\Downloads\01.Proyectos\circle\data\pagos_no_vinculados.json.backup
2025-07-01 23:33:25,249 - app - INFO - Backup creado: pendientes.json.backup
2025-07-01 23:33:25,252 - app - INFO - Eliminando backup antiguo: c:\Users\PROPIETARIO\Downloads\01.Proyectos\circle\data\pendientes.json.backup
2025-07-01 23:33:25,254 - app - INFO - Backup creado: registros.json.backup
2025-07-01 23:33:25,256 - app - INFO - Eliminando backup antiguo: c:\Users\PROPIETARIO\Downloads\01.Proyectos\circle\data\registros.json.backup
2025-07-01 23:33:25,261 - app - INFO - Backup creado: retiro.json.backup
2025-07-01 23:33:25,263 - app - INFO - Eliminando backup antiguo: c:\Users\PROPIETARIO\Downloads\01.Proyectos\circle\data\retiro.json.backup
2025-07-01 23:33:25,266 - app - INFO - Backup creado: stock.json.backup.14
2025-07-01 23:33:25,268 - app - INFO - Eliminando backup antiguo: c:\Users\PROPIETARIO\Downloads\01.Proyectos\circle\data\stock.json.backup
2025-07-01 23:33:25,271 - app - INFO - Backup creado: system_config.json.backup.10
2025-07-01 23:33:25,273 - app - INFO - Eliminando backup antiguo: c:\Users\PROPIETARIO\Downloads\01.Proyectos\circle\data\system_config.json.backup
2025-07-01 23:33:25,275 - app - INFO - Backup creado: tba.json.backup
2025-07-01 23:33:25,277 - app - INFO - Eliminando backup antiguo: c:\Users\PROPIETARIO\Downloads\01.Proyectos\circle\data\tba.json.backup
2025-07-01 23:33:25,280 - app - INFO - Backup creado: users.json.backup.117
2025-07-01 23:33:25,282 - app - INFO - Eliminando backup antiguo: c:\Users\PROPIETARIO\Downloads\01.Proyectos\circle\data\users.json.backup.113
2025-07-01 23:33:25,288 - app - INFO - Backup creado: zona_sur.json.backup.68
2025-07-01 23:33:25,290 - app - INFO - Eliminando backup antiguo: c:\Users\PROPIETARIO\Downloads\01.Proyectos\circle\data\zona_sur.json.backup.64
2025-07-01 23:33:25,290 - app - INFO - Backup automático completado. 15 archivos respaldados.
2025-07-01 23:33:25,290 - app - INFO - Sistema de backup automático iniciado. Próximo backup en 6 horas.
2025-07-01 23:33:25,315 - waitress - INFO - Serving on http://[::1]:443
2025-07-01 23:33:25,315 - waitress - INFO - Serving on http://127.0.0.1:443
2025-07-01 23:35:27,897 - apscheduler.scheduler - INFO - Scheduler has been shut down
2025-07-01 23:35:31,993 - apscheduler.scheduler - INFO - Adding job tentatively -- it will be properly scheduled when the scheduler starts
2025-07-01 23:35:31,996 - apscheduler.scheduler - INFO - Added job "Backup automático de archivos JSON" to job store "default"
2025-07-01 23:35:31,996 - apscheduler.scheduler - INFO - Scheduler started
2025-07-01 23:35:31,997 - app - INFO - Iniciando backup automático de archivos JSON...
2025-07-01 23:35:32,000 - app - INFO - Backup creado: ambulante.json.backup
2025-07-01 23:35:32,004 - app - INFO - Eliminando backup antiguo: c:\Users\PROPIETARIO\Downloads\01.Proyectos\circle\data\ambulante.json.backup
2025-07-01 23:35:32,006 - app - INFO - Backup creado: bimbo.json.backup
2025-07-01 23:35:32,008 - app - INFO - Eliminando backup antiguo: c:\Users\PROPIETARIO\Downloads\01.Proyectos\circle\data\bimbo.json.backup
2025-07-01 23:35:32,010 - app - INFO - Backup creado: constitucion.json.backup
2025-07-01 23:35:32,012 - app - INFO - Eliminando backup antiguo: c:\Users\PROPIETARIO\Downloads\01.Proyectos\circle\data\constitucion.json.backup
2025-07-01 23:35:32,014 - app - INFO - Backup creado: gastronomia.json.backup
2025-07-01 23:35:32,016 - app - INFO - Eliminando backup antiguo: c:\Users\PROPIETARIO\Downloads\01.Proyectos\circle\data\gastronomia.json.backup
2025-07-01 23:35:32,018 - app - INFO - Backup creado: kioscos.json.backup
2025-07-01 23:35:32,020 - app - INFO - Eliminando backup antiguo: c:\Users\PROPIETARIO\Downloads\01.Proyectos\circle\data\kioscos.json.backup
2025-07-01 23:35:32,022 - app - INFO - Backup creado: once.json.backup
2025-07-01 23:35:32,025 - app - INFO - Eliminando backup antiguo: c:\Users\PROPIETARIO\Downloads\01.Proyectos\circle\data\once.json.backup
2025-07-01 23:35:32,030 - app - INFO - Backup creado: pagos_no_vinculados.json.backup
2025-07-01 23:35:32,030 - app - INFO - Eliminando backup antiguo: c:\Users\PROPIETARIO\Downloads\01.Proyectos\circle\data\pagos_no_vinculados.json.backup
2025-07-01 23:35:32,034 - app - INFO - Backup creado: pendientes.json.backup
2025-07-01 23:35:32,038 - app - INFO - Eliminando backup antiguo: c:\Users\PROPIETARIO\Downloads\01.Proyectos\circle\data\pendientes.json.backup
2025-07-01 23:35:32,039 - app - INFO - Backup creado: registros.json.backup
2025-07-01 23:35:32,042 - app - INFO - Eliminando backup antiguo: c:\Users\PROPIETARIO\Downloads\01.Proyectos\circle\data\registros.json.backup
2025-07-01 23:35:32,044 - app - INFO - Backup creado: retiro.json.backup
2025-07-01 23:35:32,046 - app - INFO - Eliminando backup antiguo: c:\Users\PROPIETARIO\Downloads\01.Proyectos\circle\data\retiro.json.backup
2025-07-01 23:35:32,048 - app - INFO - Backup creado: stock.json.backup
2025-07-01 23:35:32,052 - app - INFO - Eliminando backup antiguo: c:\Users\PROPIETARIO\Downloads\01.Proyectos\circle\data\stock.json.backup
2025-07-01 23:35:32,055 - app - INFO - Backup creado: system_config.json.backup
2025-07-01 23:35:32,058 - app - INFO - Eliminando backup antiguo: c:\Users\PROPIETARIO\Downloads\01.Proyectos\circle\data\system_config.json.backup.6
2025-07-01 23:35:32,061 - app - INFO - Backup creado: tba.json.backup
2025-07-01 23:35:32,062 - app - INFO - Eliminando backup antiguo: c:\Users\PROPIETARIO\Downloads\01.Proyectos\circle\data\tba.json.backup
2025-07-01 23:35:32,063 - app - INFO - Backup creado: users.json.backup.118
2025-07-01 23:35:32,068 - app - INFO - Eliminando backup antiguo: c:\Users\PROPIETARIO\Downloads\01.Proyectos\circle\data\users.json.backup
2025-07-01 23:35:32,072 - app - INFO - Backup creado: zona_sur.json.backup.69
2025-07-01 23:35:32,074 - app - INFO - Eliminando backup antiguo: c:\Users\PROPIETARIO\Downloads\01.Proyectos\circle\data\zona_sur.json.backup
2025-07-01 23:35:32,074 - app - INFO - Backup automático completado. 15 archivos respaldados.
2025-07-01 23:35:32,074 - app - INFO - Sistema de backup automático iniciado. Próximo backup en 6 horas.
2025-07-01 23:35:32,146 - waitress - INFO - Serving on http://[::1]:443
2025-07-01 23:35:32,146 - waitress - INFO - Serving on http://127.0.0.1:443
2025-07-01 23:41:44,917 - apscheduler.scheduler - INFO - Scheduler has been shut down
2025-07-01 23:41:50,417 - apscheduler.scheduler - INFO - Adding job tentatively -- it will be properly scheduled when the scheduler starts
2025-07-01 23:41:50,418 - apscheduler.scheduler - INFO - Added job "Backup automático de archivos JSON" to job store "default"
2025-07-01 23:41:50,419 - apscheduler.scheduler - INFO - Scheduler started
2025-07-01 23:41:50,420 - app - INFO - Iniciando backup automático de archivos JSON...
2025-07-01 23:41:50,423 - app - INFO - Backup creado: ambulante.json.backup
2025-07-01 23:41:50,426 - app - INFO - Eliminando backup antiguo: c:\Users\PROPIETARIO\Downloads\01.Proyectos\circle\data\ambulante.json.backup
2025-07-01 23:41:50,428 - app - INFO - Backup creado: bimbo.json.backup
2025-07-01 23:41:50,430 - app - INFO - Eliminando backup antiguo: c:\Users\PROPIETARIO\Downloads\01.Proyectos\circle\data\bimbo.json.backup
2025-07-01 23:41:50,435 - app - INFO - Backup creado: constitucion.json.backup
2025-07-01 23:41:50,438 - app - INFO - Eliminando backup antiguo: c:\Users\PROPIETARIO\Downloads\01.Proyectos\circle\data\constitucion.json.backup
2025-07-01 23:41:50,440 - app - INFO - Backup creado: gastronomia.json.backup
2025-07-01 23:41:50,442 - app - INFO - Eliminando backup antiguo: c:\Users\PROPIETARIO\Downloads\01.Proyectos\circle\data\gastronomia.json.backup
2025-07-01 23:41:50,445 - app - INFO - Backup creado: kioscos.json.backup
2025-07-01 23:41:50,446 - app - INFO - Eliminando backup antiguo: c:\Users\PROPIETARIO\Downloads\01.Proyectos\circle\data\kioscos.json.backup
2025-07-01 23:41:50,449 - app - INFO - Backup creado: once.json.backup
2025-07-01 23:41:50,452 - app - INFO - Eliminando backup antiguo: c:\Users\PROPIETARIO\Downloads\01.Proyectos\circle\data\once.json.backup
2025-07-01 23:41:50,454 - app - INFO - Backup creado: pagos_no_vinculados.json.backup
2025-07-01 23:41:50,455 - app - INFO - Eliminando backup antiguo: c:\Users\PROPIETARIO\Downloads\01.Proyectos\circle\data\pagos_no_vinculados.json.backup
2025-07-01 23:41:50,458 - app - INFO - Backup creado: pendientes.json.backup
2025-07-01 23:41:50,463 - app - INFO - Eliminando backup antiguo: c:\Users\PROPIETARIO\Downloads\01.Proyectos\circle\data\pendientes.json.backup
2025-07-01 23:41:50,466 - app - INFO - Backup creado: registros.json.backup
2025-07-01 23:41:50,467 - app - INFO - Eliminando backup antiguo: c:\Users\PROPIETARIO\Downloads\01.Proyectos\circle\data\registros.json.backup
2025-07-01 23:41:50,469 - app - INFO - Backup creado: retiro.json.backup
2025-07-01 23:41:50,471 - app - INFO - Eliminando backup antiguo: c:\Users\PROPIETARIO\Downloads\01.Proyectos\circle\data\retiro.json.backup
2025-07-01 23:41:50,473 - app - INFO - Backup creado: stock.json.backup
2025-07-01 23:41:50,474 - app - INFO - Eliminando backup antiguo: c:\Users\PROPIETARIO\Downloads\01.Proyectos\circle\data\stock.json.backup
2025-07-01 23:41:50,480 - app - INFO - Backup creado: system_config.json.backup.11
2025-07-01 23:41:50,486 - app - INFO - Eliminando backup antiguo: c:\Users\PROPIETARIO\Downloads\01.Proyectos\circle\data\system_config.json.backup.7
2025-07-01 23:41:50,504 - app - INFO - Backup creado: tba.json.backup
2025-07-01 23:41:50,504 - app - INFO - Eliminando backup antiguo: c:\Users\PROPIETARIO\Downloads\01.Proyectos\circle\data\tba.json.backup
2025-07-01 23:41:50,504 - app - INFO - Backup creado: users.json.backup
2025-07-01 23:41:50,524 - app - INFO - Eliminando backup antiguo: c:\Users\PROPIETARIO\Downloads\01.Proyectos\circle\data\users.json.backup.114
2025-07-01 23:41:50,526 - app - INFO - Backup creado: zona_sur.json.backup
2025-07-01 23:41:50,528 - app - INFO - Eliminando backup antiguo: c:\Users\PROPIETARIO\Downloads\01.Proyectos\circle\data\zona_sur.json.backup
2025-07-01 23:41:50,528 - app - INFO - Backup automático completado. 15 archivos respaldados.
2025-07-01 23:41:50,529 - app - INFO - Sistema de backup automático iniciado. Próximo backup en 6 horas.
2025-07-01 23:41:50,568 - waitress - INFO - Serving on http://[::1]:443
2025-07-01 23:41:50,568 - waitress - INFO - Serving on http://127.0.0.1:443
2025-07-01 23:57:54,941 - apscheduler.scheduler - INFO - Scheduler has been shut down
2025-07-01 23:58:00,351 - apscheduler.scheduler - INFO - Adding job tentatively -- it will be properly scheduled when the scheduler starts
2025-07-01 23:58:00,370 - apscheduler.scheduler - INFO - Added job "Backup automático de archivos JSON" to job store "default"
2025-07-01 23:58:00,370 - apscheduler.scheduler - INFO - Scheduler started
2025-07-01 23:58:00,372 - app - INFO - Iniciando backup automático de archivos JSON...
2025-07-01 23:58:00,376 - app - INFO - Backup creado: ambulante.json.backup
2025-07-01 23:58:00,380 - app - INFO - Eliminando backup antiguo: c:\Users\PROPIETARIO\Downloads\01.Proyectos\circle\data\ambulante.json.backup
2025-07-01 23:58:00,383 - app - INFO - Backup creado: bimbo.json.backup
2025-07-01 23:58:00,384 - app - INFO - Eliminando backup antiguo: c:\Users\PROPIETARIO\Downloads\01.Proyectos\circle\data\bimbo.json.backup
2025-07-01 23:58:00,386 - app - INFO - Backup creado: constitucion.json.backup
2025-07-01 23:58:00,389 - app - INFO - Eliminando backup antiguo: c:\Users\PROPIETARIO\Downloads\01.Proyectos\circle\data\constitucion.json.backup
2025-07-01 23:58:00,391 - app - INFO - Backup creado: gastronomia.json.backup
2025-07-01 23:58:00,393 - app - INFO - Eliminando backup antiguo: c:\Users\PROPIETARIO\Downloads\01.Proyectos\circle\data\gastronomia.json.backup
2025-07-01 23:58:00,395 - app - INFO - Backup creado: kioscos.json.backup
2025-07-01 23:58:00,397 - app - INFO - Eliminando backup antiguo: c:\Users\PROPIETARIO\Downloads\01.Proyectos\circle\data\kioscos.json.backup
2025-07-01 23:58:00,400 - app - INFO - Backup creado: once.json.backup
2025-07-01 23:58:00,404 - app - INFO - Eliminando backup antiguo: c:\Users\PROPIETARIO\Downloads\01.Proyectos\circle\data\once.json.backup
2025-07-01 23:58:00,406 - app - INFO - Backup creado: pagos_no_vinculados.json.backup
2025-07-01 23:58:00,408 - app - INFO - Eliminando backup antiguo: c:\Users\PROPIETARIO\Downloads\01.Proyectos\circle\data\pagos_no_vinculados.json.backup
2025-07-01 23:58:00,410 - app - INFO - Backup creado: pendientes.json.backup
2025-07-01 23:58:00,412 - app - INFO - Eliminando backup antiguo: c:\Users\PROPIETARIO\Downloads\01.Proyectos\circle\data\pendientes.json.backup
2025-07-01 23:58:00,414 - app - INFO - Backup creado: registros.json.backup
2025-07-01 23:58:00,415 - app - INFO - Eliminando backup antiguo: c:\Users\PROPIETARIO\Downloads\01.Proyectos\circle\data\registros.json.backup
2025-07-01 23:58:00,418 - app - INFO - Backup creado: retiro.json.backup
2025-07-01 23:58:00,420 - app - INFO - Eliminando backup antiguo: c:\Users\PROPIETARIO\Downloads\01.Proyectos\circle\data\retiro.json.backup
2025-07-01 23:58:00,425 - app - INFO - Backup creado: stock.json.backup
2025-07-01 23:58:00,429 - app - INFO - Eliminando backup antiguo: c:\Users\PROPIETARIO\Downloads\01.Proyectos\circle\data\stock.json.backup
2025-07-01 23:58:00,434 - app - INFO - Backup creado: system_config.json.backup.12
2025-07-01 23:58:00,435 - app - INFO - Eliminando backup antiguo: c:\Users\PROPIETARIO\Downloads\01.Proyectos\circle\data\system_config.json.backup.8
2025-07-01 23:58:00,438 - app - INFO - Backup creado: tba.json.backup
2025-07-01 23:58:00,440 - app - INFO - Eliminando backup antiguo: c:\Users\PROPIETARIO\Downloads\01.Proyectos\circle\data\tba.json.backup
2025-07-01 23:58:00,443 - app - INFO - Backup creado: users.json.backup.119
2025-07-01 23:58:00,445 - app - INFO - Eliminando backup antiguo: c:\Users\PROPIETARIO\Downloads\01.Proyectos\circle\data\users.json.backup.115
2025-07-01 23:58:00,451 - app - INFO - Backup creado: zona_sur.json.backup
2025-07-01 23:58:00,459 - app - INFO - Eliminando backup antiguo: c:\Users\PROPIETARIO\Downloads\01.Proyectos\circle\data\zona_sur.json.backup
2025-07-01 23:58:00,461 - app - INFO - Backup automático completado. 15 archivos respaldados.
2025-07-01 23:58:00,461 - app - INFO - Sistema de backup automático iniciado. Próximo backup en 6 horas.
2025-07-01 23:58:00,492 - waitress - INFO - Serving on http://[::1]:443
2025-07-01 23:58:00,492 - waitress - INFO - Serving on http://127.0.0.1:443
2025-07-01 23:59:56,790 - apscheduler.scheduler - INFO - Scheduler has been shut down
