2025-06-22 17:24:34,124 - apscheduler.scheduler - INFO - Adding job tentatively -- it will be properly scheduled when the scheduler starts
2025-06-22 17:24:34,124 - apscheduler.scheduler - INFO - Added job "Backup automático de archivos JSON" to job store "default"
2025-06-22 17:24:34,124 - apscheduler.scheduler - INFO - Scheduler started
2025-06-22 17:24:34,124 - app - INFO - Iniciando backup automático de archivos JSON...
2025-06-22 17:24:34,150 - app - INFO - Backup creado: ambulante.json.backup
2025-06-22 17:24:34,155 - app - INFO - Eliminando backup antiguo: C:\Users\PROPIETARIO\Downloads\01.Proyectos\data\ambulante.json.backup
2025-06-22 17:24:34,166 - app - INFO - Backup creado: bimbo.json.backup
2025-06-22 17:24:34,171 - app - INFO - Eliminando backup antiguo: C:\Users\PROPIETARIO\Downloads\01.Proyectos\data\bimbo.json.backup
2025-06-22 17:24:34,177 - app - INFO - Backup creado: constitucion.json.backup
2025-06-22 17:24:34,190 - app - INFO - Eliminando backup antiguo: C:\Users\PROPIETARIO\Downloads\01.Proyectos\data\constitucion.json.backup
2025-06-22 17:24:34,190 - app - INFO - Backup creado: gastronomia.json.backup
2025-06-22 17:24:34,208 - app - INFO - Eliminando backup antiguo: C:\Users\PROPIETARIO\Downloads\01.Proyectos\data\gastronomia.json.backup
2025-06-22 17:24:34,220 - app - INFO - Backup creado: kioscos.json.backup
2025-06-22 17:24:34,224 - app - INFO - Eliminando backup antiguo: C:\Users\PROPIETARIO\Downloads\01.Proyectos\data\kioscos.json.backup
2025-06-22 17:24:34,236 - app - INFO - Backup creado: once.json.backup
2025-06-22 17:24:34,241 - app - INFO - Eliminando backup antiguo: C:\Users\PROPIETARIO\Downloads\01.Proyectos\data\once.json.backup
2025-06-22 17:24:34,257 - app - INFO - Backup creado: pagos_no_vinculados.json.backup
2025-06-22 17:24:34,257 - app - INFO - Eliminando backup antiguo: C:\Users\PROPIETARIO\Downloads\01.Proyectos\data\pagos_no_vinculados.json.backup
2025-06-22 17:24:34,286 - app - INFO - Backup creado: pendientes.json.backup
2025-06-22 17:24:34,294 - app - INFO - Eliminando backup antiguo: C:\Users\PROPIETARIO\Downloads\01.Proyectos\data\pendientes.json.backup
2025-06-22 17:24:34,306 - app - INFO - Backup creado: registros.json.backup
2025-06-22 17:24:34,306 - app - INFO - Eliminando backup antiguo: C:\Users\PROPIETARIO\Downloads\01.Proyectos\data\registros.json.backup
2025-06-22 17:24:34,326 - app - INFO - Backup creado: retiro.json.backup
2025-06-22 17:24:34,338 - app - INFO - Eliminando backup antiguo: C:\Users\PROPIETARIO\Downloads\01.Proyectos\data\retiro.json.backup
2025-06-22 17:24:34,353 - app - INFO - Backup creado: tba.json.backup
2025-06-22 17:24:34,359 - app - INFO - Eliminando backup antiguo: C:\Users\PROPIETARIO\Downloads\01.Proyectos\data\tba.json.backup
2025-06-22 17:24:34,362 - app - INFO - Backup creado: users.json.backup
2025-06-22 17:24:34,367 - app - INFO - Eliminando backup antiguo: C:\Users\PROPIETARIO\Downloads\01.Proyectos\data\users.json.backup.90
2025-06-22 17:24:34,393 - app - INFO - Backup creado: zona_sur.json.backup
2025-06-22 17:24:34,393 - app - INFO - Eliminando backup antiguo: C:\Users\PROPIETARIO\Downloads\01.Proyectos\data\zona_sur.json.backup.55
2025-06-22 17:24:34,393 - app - INFO - Backup automático completado. 13 archivos respaldados.
2025-06-22 17:24:34,393 - app - INFO - Sistema de backup automático iniciado. Próximo backup en 6 horas.
2025-06-22 17:24:34,454 - waitress - INFO - Serving on http://[::1]:443
2025-06-22 17:24:34,458 - waitress - INFO - Serving on http://127.0.0.1:443
2025-06-22 17:28:26,942 - apscheduler.scheduler - INFO - Scheduler has been shut down
