2025-10-10 11:39:20,620 - apscheduler.scheduler - INFO - Adding job tentatively -- it will be properly scheduled when the scheduler starts
2025-10-10 11:39:20,626 - apscheduler.scheduler - INFO - Added job "Backup automático de archivos JSON" to job store "default"
2025-10-10 11:39:20,626 - apscheduler.scheduler - INFO - Scheduler started
2025-10-10 11:39:20,627 - app - INFO - Iniciando backup automático de archivos JSON...
2025-10-10 11:39:20,638 - app - INFO - Backup creado: ambulante.json.backup
2025-10-10 11:39:20,647 - app - INFO - Eliminando backup antiguo: C:\Users\gesti\GESTION COMPARTIDA Dropbox\Departamento Gestion\0001 - Control de Gestion (1)\Desarrollo\app cajas\data\ambulante.json.backup
2025-10-10 11:39:20,652 - app - INFO - Backup creado: bimbo.json.backup
2025-10-10 11:39:20,662 - app - INFO - Eliminando backup antiguo: C:\Users\gesti\GESTION COMPARTIDA Dropbox\Departamento Gestion\0001 - Control de Gestion (1)\Desarrollo\app cajas\data\bimbo.json.backup
2025-10-10 11:39:20,672 - app - INFO - Backup creado: constitucion.json.backup
2025-10-10 11:39:20,680 - app - INFO - Eliminando backup antiguo: C:\Users\gesti\GESTION COMPARTIDA Dropbox\Departamento Gestion\0001 - Control de Gestion (1)\Desarrollo\app cajas\data\constitucion.json.backup
2025-10-10 11:39:20,694 - app - INFO - Backup creado: gastronomia.json.backup
2025-10-10 11:39:20,702 - app - INFO - Eliminando backup antiguo: C:\Users\gesti\GESTION COMPARTIDA Dropbox\Departamento Gestion\0001 - Control de Gestion (1)\Desarrollo\app cajas\data\gastronomia.json.backup
2025-10-10 11:39:20,711 - app - INFO - Backup creado: info_locales.json.backup
2025-10-10 11:39:20,719 - app - INFO - Eliminando backup antiguo: C:\Users\gesti\GESTION COMPARTIDA Dropbox\Departamento Gestion\0001 - Control de Gestion (1)\Desarrollo\app cajas\data\info_locales.json.backup
2025-10-10 11:39:20,724 - app - INFO - Backup creado: kioscos.json.backup
2025-10-10 11:39:20,728 - app - INFO - Eliminando backup antiguo: C:\Users\gesti\GESTION COMPARTIDA Dropbox\Departamento Gestion\0001 - Control de Gestion (1)\Desarrollo\app cajas\data\kioscos.json.backup
2025-10-10 11:39:20,733 - app - INFO - Backup creado: medios_pago.json.backup
2025-10-10 11:39:20,737 - app - INFO - Eliminando backup antiguo: C:\Users\gesti\GESTION COMPARTIDA Dropbox\Departamento Gestion\0001 - Control de Gestion (1)\Desarrollo\app cajas\data\medios_pago.json.backup
2025-10-10 11:39:20,742 - app - INFO - Backup creado: mercadopago.json.backup
2025-10-10 11:39:20,746 - app - INFO - Eliminando backup antiguo: C:\Users\gesti\GESTION COMPARTIDA Dropbox\Departamento Gestion\0001 - Control de Gestion (1)\Desarrollo\app cajas\data\mercadopago.json.backup
2025-10-10 11:39:20,751 - app - INFO - Backup creado: once.json.backup
2025-10-10 11:39:20,756 - app - INFO - Eliminando backup antiguo: C:\Users\gesti\GESTION COMPARTIDA Dropbox\Departamento Gestion\0001 - Control de Gestion (1)\Desarrollo\app cajas\data\once.json.backup
2025-10-10 11:39:20,761 - app - INFO - Backup creado: pagos_no_vinculados.json.backup
2025-10-10 11:39:20,765 - app - INFO - Eliminando backup antiguo: C:\Users\gesti\GESTION COMPARTIDA Dropbox\Departamento Gestion\0001 - Control de Gestion (1)\Desarrollo\app cajas\data\pagos_no_vinculados.json.backup
2025-10-10 11:39:20,770 - app - INFO - Backup creado: pendientes.json.backup
2025-10-10 11:39:20,774 - app - INFO - Eliminando backup antiguo: C:\Users\gesti\GESTION COMPARTIDA Dropbox\Departamento Gestion\0001 - Control de Gestion (1)\Desarrollo\app cajas\data\pendientes.json.backup
2025-10-10 11:39:20,779 - app - INFO - Backup creado: registros.json.backup
2025-10-10 11:39:20,784 - app - INFO - Eliminando backup antiguo: C:\Users\gesti\GESTION COMPARTIDA Dropbox\Departamento Gestion\0001 - Control de Gestion (1)\Desarrollo\app cajas\data\registros.json.backup
2025-10-10 11:39:20,788 - app - INFO - Backup creado: remesas_cajas.json.backup
2025-10-10 11:39:20,795 - app - INFO - Eliminando backup antiguo: C:\Users\gesti\GESTION COMPARTIDA Dropbox\Departamento Gestion\0001 - Control de Gestion (1)\Desarrollo\app cajas\data\remesas_cajas.json.backup
2025-10-10 11:39:20,800 - app - INFO - Backup creado: resumenes.json.backup
2025-10-10 11:39:20,808 - app - INFO - Eliminando backup antiguo: C:\Users\gesti\GESTION COMPARTIDA Dropbox\Departamento Gestion\0001 - Control de Gestion (1)\Desarrollo\app cajas\data\resumenes.json.backup
2025-10-10 11:39:20,815 - app - INFO - Backup creado: retiro.json.backup
2025-10-10 11:39:20,821 - app - INFO - Eliminando backup antiguo: C:\Users\gesti\GESTION COMPARTIDA Dropbox\Departamento Gestion\0001 - Control de Gestion (1)\Desarrollo\app cajas\data\retiro.json.backup
2025-10-10 11:39:20,828 - app - INFO - Backup creado: stock.json.backup
2025-10-10 11:39:20,832 - app - INFO - Eliminando backup antiguo: C:\Users\gesti\GESTION COMPARTIDA Dropbox\Departamento Gestion\0001 - Control de Gestion (1)\Desarrollo\app cajas\data\stock.json.backup
2025-10-10 11:39:20,839 - app - INFO - Backup creado: system_config.json.backup
2025-10-10 11:39:20,843 - app - INFO - Eliminando backup antiguo: C:\Users\gesti\GESTION COMPARTIDA Dropbox\Departamento Gestion\0001 - Control de Gestion (1)\Desarrollo\app cajas\data\system_config.json.backup
2025-10-10 11:39:20,852 - app - INFO - Backup creado: tba.json.backup
2025-10-10 11:39:20,856 - app - INFO - Eliminando backup antiguo: C:\Users\gesti\GESTION COMPARTIDA Dropbox\Departamento Gestion\0001 - Control de Gestion (1)\Desarrollo\app cajas\data\tba.json.backup
2025-10-10 11:39:20,859 - app - INFO - Backup creado: users.json.backup
2025-10-10 11:39:20,865 - app - INFO - Eliminando backup antiguo: C:\Users\gesti\GESTION COMPARTIDA Dropbox\Departamento Gestion\0001 - Control de Gestion (1)\Desarrollo\app cajas\data\users.json.backup
2025-10-10 11:39:20,868 - app - INFO - Backup creado: ventas.json.backup
2025-10-10 11:39:20,874 - app - INFO - Eliminando backup antiguo: C:\Users\gesti\GESTION COMPARTIDA Dropbox\Departamento Gestion\0001 - Control de Gestion (1)\Desarrollo\app cajas\data\ventas.json.backup
2025-10-10 11:39:20,880 - app - INFO - Backup creado: zona_sur.json.backup
2025-10-10 11:39:20,884 - app - INFO - Eliminando backup antiguo: C:\Users\gesti\GESTION COMPARTIDA Dropbox\Departamento Gestion\0001 - Control de Gestion (1)\Desarrollo\app cajas\data\zona_sur.json.backup
2025-10-10 11:39:20,885 - app - INFO - Backup automático completado. 21 archivos respaldados.
2025-10-10 11:39:20,885 - app - INFO - Sistema de backup automático iniciado. Próximo backup en 6 horas.
2025-10-10 11:39:20,988 - waitress - INFO - Serving on http://[::1]:443
2025-10-10 11:39:20,988 - waitress - INFO - Serving on http://127.0.0.1:443
2025-10-10 11:39:24,061 - mysql.connector - INFO - package: mysql.connector.plugins
2025-10-10 11:39:24,062 - mysql.connector - INFO - plugin_name: caching_sha2_password
2025-10-10 11:39:24,065 - mysql.connector - INFO - AUTHENTICATION_PLUGIN_CLASS: MySQLCachingSHA2PasswordAuthPlugin
2025-10-13 08:00:36,698 - apscheduler.scheduler - INFO - Scheduler has been shut down
