2025-06-26 00:00:04,782 - apscheduler.scheduler - INFO - Adding job tentatively -- it will be properly scheduled when the scheduler starts
2025-06-26 00:00:04,786 - apscheduler.scheduler - INFO - Added job "Backup automático de archivos JSON" to job store "default"
2025-06-26 00:00:04,786 - apscheduler.scheduler - INFO - Scheduler started
2025-06-26 00:00:04,787 - app - INFO - Iniciando backup automático de archivos JSON...
2025-06-26 00:00:04,790 - app - INFO - Backup creado: ambulante.json.backup
2025-06-26 00:00:04,792 - app - INFO - Eliminando backup antiguo: c:\Users\PROPIETARIO\Downloads\01.Proyectos\circle\data\ambulante.json.backup
2025-06-26 00:00:04,796 - app - INFO - Backup creado: bimbo.json.backup.23
2025-06-26 00:00:04,797 - app - INFO - Eliminando backup antiguo: c:\Users\PROPIETARIO\Downloads\01.Proyectos\circle\data\bimbo.json.backup.19
2025-06-26 00:00:04,800 - app - INFO - Backup creado: constitucion.json.backup
2025-06-26 00:00:04,803 - app - INFO - Eliminando backup antiguo: c:\Users\PROPIETARIO\Downloads\01.Proyectos\circle\data\constitucion.json.backup
2025-06-26 00:00:04,809 - app - INFO - Backup creado: gastronomia.json.backup.17
2025-06-26 00:00:04,812 - app - INFO - Eliminando backup antiguo: c:\Users\PROPIETARIO\Downloads\01.Proyectos\circle\data\gastronomia.json.backup.13
2025-06-26 00:00:04,815 - app - INFO - Backup creado: kioscos.json.backup
2025-06-26 00:00:04,817 - app - INFO - Eliminando backup antiguo: c:\Users\PROPIETARIO\Downloads\01.Proyectos\circle\data\kioscos.json.backup
2025-06-26 00:00:04,821 - app - INFO - Backup creado: once.json.backup
2025-06-26 00:00:04,824 - app - INFO - Eliminando backup antiguo: c:\Users\PROPIETARIO\Downloads\01.Proyectos\circle\data\once.json.backup
2025-06-26 00:00:04,826 - app - INFO - Backup creado: pagos_no_vinculados.json.backup
2025-06-26 00:00:04,828 - app - INFO - Eliminando backup antiguo: c:\Users\PROPIETARIO\Downloads\01.Proyectos\circle\data\pagos_no_vinculados.json.backup
2025-06-26 00:00:04,830 - app - INFO - Backup creado: pendientes.json.backup
2025-06-26 00:00:04,832 - app - INFO - Eliminando backup antiguo: c:\Users\PROPIETARIO\Downloads\01.Proyectos\circle\data\pendientes.json.backup.74
2025-06-26 00:00:04,838 - app - INFO - Backup creado: registros.json.backup
2025-06-26 00:00:04,840 - app - INFO - Eliminando backup antiguo: c:\Users\PROPIETARIO\Downloads\01.Proyectos\circle\data\registros.json.backup
2025-06-26 00:00:04,843 - app - INFO - Backup creado: retiro.json.backup
2025-06-26 00:00:04,845 - app - INFO - Eliminando backup antiguo: c:\Users\PROPIETARIO\Downloads\01.Proyectos\circle\data\retiro.json.backup
2025-06-26 00:00:04,848 - app - INFO - Backup creado: tba.json.backup
2025-06-26 00:00:04,850 - app - INFO - Eliminando backup antiguo: c:\Users\PROPIETARIO\Downloads\01.Proyectos\circle\data\tba.json.backup
2025-06-26 00:00:04,854 - app - INFO - Backup creado: users.json.backup.100
2025-06-26 00:00:04,857 - app - INFO - Eliminando backup antiguo: c:\Users\PROPIETARIO\Downloads\01.Proyectos\circle\data\users.json.backup.96
2025-06-26 00:00:04,859 - app - INFO - Backup creado: zona_sur.json.backup
2025-06-26 00:00:04,861 - app - INFO - Eliminando backup antiguo: c:\Users\PROPIETARIO\Downloads\01.Proyectos\circle\data\zona_sur.json.backup
2025-06-26 00:00:04,862 - app - INFO - Backup automático completado. 13 archivos respaldados.
2025-06-26 00:00:04,862 - app - INFO - Sistema de backup automático iniciado. Próximo backup en 6 horas.
2025-06-26 00:00:04,893 - waitress - INFO - Serving on http://[::1]:443
2025-06-26 00:00:04,894 - waitress - INFO - Serving on http://127.0.0.1:443
2025-06-26 00:03:55,189 - apscheduler.scheduler - INFO - Scheduler has been shut down
2025-06-26 17:54:55,185 - apscheduler.scheduler - INFO - Adding job tentatively -- it will be properly scheduled when the scheduler starts
2025-06-26 17:54:55,188 - apscheduler.scheduler - INFO - Added job "Backup automático de archivos JSON" to job store "default"
2025-06-26 17:54:55,188 - apscheduler.scheduler - INFO - Scheduler started
2025-06-26 17:54:55,188 - app - INFO - Iniciando backup automático de archivos JSON...
2025-06-26 17:54:55,208 - app - INFO - Backup creado: ambulante.json.backup
2025-06-26 17:54:55,213 - app - INFO - Eliminando backup antiguo: c:\Users\PROPIETARIO\Downloads\01.Proyectos\circle\data\ambulante.json.backup
2025-06-26 17:54:55,222 - app - INFO - Backup creado: bimbo.json.backup.24
2025-06-26 17:54:55,236 - app - INFO - Eliminando backup antiguo: c:\Users\PROPIETARIO\Downloads\01.Proyectos\circle\data\bimbo.json.backup
2025-06-26 17:54:55,251 - app - INFO - Backup creado: constitucion.json.backup
2025-06-26 17:54:55,264 - app - INFO - Eliminando backup antiguo: c:\Users\PROPIETARIO\Downloads\01.Proyectos\circle\data\constitucion.json.backup
2025-06-26 17:54:55,289 - app - INFO - Backup creado: gastronomia.json.backup.18
2025-06-26 17:54:55,296 - app - INFO - Eliminando backup antiguo: c:\Users\PROPIETARIO\Downloads\01.Proyectos\circle\data\gastronomia.json.backup.14
2025-06-26 17:54:55,314 - app - INFO - Backup creado: kioscos.json.backup
2025-06-26 17:54:55,323 - app - INFO - Eliminando backup antiguo: c:\Users\PROPIETARIO\Downloads\01.Proyectos\circle\data\kioscos.json.backup
2025-06-26 17:54:55,338 - app - INFO - Backup creado: once.json.backup
2025-06-26 17:54:55,344 - app - INFO - Eliminando backup antiguo: c:\Users\PROPIETARIO\Downloads\01.Proyectos\circle\data\once.json.backup
2025-06-26 17:54:55,359 - app - INFO - Backup creado: pagos_no_vinculados.json.backup
2025-06-26 17:54:55,363 - app - INFO - Eliminando backup antiguo: c:\Users\PROPIETARIO\Downloads\01.Proyectos\circle\data\pagos_no_vinculados.json.backup
2025-06-26 17:54:55,374 - app - INFO - Backup creado: pendientes.json.backup.79
2025-06-26 17:54:55,381 - app - INFO - Eliminando backup antiguo: c:\Users\PROPIETARIO\Downloads\01.Proyectos\circle\data\pendientes.json.backup.75
2025-06-26 17:54:55,399 - app - INFO - Backup creado: registros.json.backup
2025-06-26 17:54:55,399 - app - INFO - Eliminando backup antiguo: c:\Users\PROPIETARIO\Downloads\01.Proyectos\circle\data\registros.json.backup
2025-06-26 17:54:55,417 - app - INFO - Backup creado: retiro.json.backup
2025-06-26 17:54:55,422 - app - INFO - Eliminando backup antiguo: c:\Users\PROPIETARIO\Downloads\01.Proyectos\circle\data\retiro.json.backup
2025-06-26 17:54:55,439 - app - INFO - Backup creado: tba.json.backup
2025-06-26 17:54:55,446 - app - INFO - Eliminando backup antiguo: c:\Users\PROPIETARIO\Downloads\01.Proyectos\circle\data\tba.json.backup
2025-06-26 17:54:55,450 - app - INFO - Backup creado: users.json.backup.101
2025-06-26 17:54:55,453 - app - INFO - Eliminando backup antiguo: c:\Users\PROPIETARIO\Downloads\01.Proyectos\circle\data\users.json.backup.97
2025-06-26 17:54:55,472 - app - INFO - Backup creado: zona_sur.json.backup
2025-06-26 17:54:55,474 - app - INFO - Eliminando backup antiguo: c:\Users\PROPIETARIO\Downloads\01.Proyectos\circle\data\zona_sur.json.backup
2025-06-26 17:54:55,474 - app - INFO - Backup automático completado. 13 archivos respaldados.
2025-06-26 17:54:55,474 - app - INFO - Sistema de backup automático iniciado. Próximo backup en 6 horas.
2025-06-26 17:54:55,554 - waitress - INFO - Serving on http://[::1]:443
2025-06-26 17:54:55,554 - waitress - INFO - Serving on http://127.0.0.1:443
2025-06-26 17:56:16,989 - apscheduler.scheduler - INFO - Scheduler has been shut down
