2025-07-04 14:09:09,098 - apscheduler.scheduler - INFO - Adding job tentatively -- it will be properly scheduled when the scheduler starts
2025-07-04 14:09:09,105 - apscheduler.scheduler - INFO - Added job "Backup automático de archivos JSON" to job store "default"
2025-07-04 14:09:09,107 - apscheduler.scheduler - INFO - Scheduler started
2025-07-04 14:09:09,108 - app - INFO - Iniciando backup automático de archivos JSON...
2025-07-04 14:09:09,116 - app - INFO - Backup creado: ambulante.json.backup
2025-07-04 14:09:09,127 - app - INFO - Eliminando backup antiguo: c:\Users\PROPIETARIO\Downloads\01.Proyectos\circle\data\ambulante.json.backup
2025-07-04 14:09:09,144 - app - INFO - Backup creado: bimbo.json.backup
2025-07-04 14:09:09,151 - app - INFO - Eliminando backup antiguo: c:\Users\PROPIETARIO\Downloads\01.Proyectos\circle\data\bimbo.json.backup
2025-07-04 14:09:09,167 - app - INFO - Backup creado: constitucion.json.backup
2025-07-04 14:09:09,171 - app - INFO - Eliminando backup antiguo: c:\Users\PROPIETARIO\Downloads\01.Proyectos\circle\data\constitucion.json.backup
2025-07-04 14:09:09,189 - app - INFO - Backup creado: gastronomia.json.backup
2025-07-04 14:09:09,199 - app - INFO - Eliminando backup antiguo: c:\Users\PROPIETARIO\Downloads\01.Proyectos\circle\data\gastronomia.json.backup
2025-07-04 14:09:09,214 - app - INFO - Backup creado: kioscos.json.backup
2025-07-04 14:09:09,217 - app - INFO - Eliminando backup antiguo: c:\Users\PROPIETARIO\Downloads\01.Proyectos\circle\data\kioscos.json.backup
2025-07-04 14:09:09,234 - app - INFO - Backup creado: once.json.backup
2025-07-04 14:09:09,238 - app - INFO - Eliminando backup antiguo: c:\Users\PROPIETARIO\Downloads\01.Proyectos\circle\data\once.json.backup
2025-07-04 14:09:09,258 - app - INFO - Backup creado: pagos_no_vinculados.json.backup
2025-07-04 14:09:09,260 - app - INFO - Eliminando backup antiguo: c:\Users\PROPIETARIO\Downloads\01.Proyectos\circle\data\pagos_no_vinculados.json.backup
2025-07-04 14:09:09,270 - app - INFO - Backup creado: pendientes.json.backup
2025-07-04 14:09:09,276 - app - INFO - Eliminando backup antiguo: c:\Users\PROPIETARIO\Downloads\01.Proyectos\circle\data\pendientes.json.backup
2025-07-04 14:09:09,292 - app - INFO - Backup creado: registros.json.backup
2025-07-04 14:09:09,294 - app - INFO - Eliminando backup antiguo: c:\Users\PROPIETARIO\Downloads\01.Proyectos\circle\data\registros.json.backup
2025-07-04 14:09:09,315 - app - INFO - Backup creado: retiro.json.backup
2025-07-04 14:09:09,320 - app - INFO - Eliminando backup antiguo: c:\Users\PROPIETARIO\Downloads\01.Proyectos\circle\data\retiro.json.backup
2025-07-04 14:09:09,340 - app - INFO - Backup creado: stock.json.backup
2025-07-04 14:09:09,343 - app - INFO - Eliminando backup antiguo: c:\Users\PROPIETARIO\Downloads\01.Proyectos\circle\data\stock.json.backup
2025-07-04 14:09:09,358 - app - INFO - Backup creado: system_config.json.backup
2025-07-04 14:09:09,365 - app - INFO - Eliminando backup antiguo: c:\Users\PROPIETARIO\Downloads\01.Proyectos\circle\data\system_config.json.backup
2025-07-04 14:09:09,369 - app - INFO - Backup creado: tba.json.backup
2025-07-04 14:09:09,381 - app - INFO - Eliminando backup antiguo: c:\Users\PROPIETARIO\Downloads\01.Proyectos\circle\data\tba.json.backup
2025-07-04 14:09:09,384 - app - INFO - Backup creado: users.json.backup.121
2025-07-04 14:09:09,391 - app - INFO - Eliminando backup antiguo: c:\Users\PROPIETARIO\Downloads\01.Proyectos\circle\data\users.json.backup
2025-07-04 14:09:09,407 - app - INFO - Backup creado: zona_sur.json.backup
2025-07-04 14:09:09,412 - app - INFO - Eliminando backup antiguo: c:\Users\PROPIETARIO\Downloads\01.Proyectos\circle\data\zona_sur.json.backup
2025-07-04 14:09:09,412 - app - INFO - Backup automático completado. 15 archivos respaldados.
2025-07-04 14:09:09,412 - app - INFO - Sistema de backup automático iniciado. Próximo backup en 6 horas.
2025-07-04 14:09:09,443 - waitress - INFO - Serving on http://[::1]:443
2025-07-04 14:09:09,443 - waitress - INFO - Serving on http://127.0.0.1:443
2025-07-04 14:10:43,491 - apscheduler.scheduler - INFO - Scheduler has been shut down
