2025-07-16 12:30:48,934 - apscheduler.scheduler - INFO - Adding job tentatively -- it will be properly scheduled when the scheduler starts
2025-07-16 12:30:48,947 - apscheduler.scheduler - INFO - Added job "Backup automático de archivos JSON" to job store "default"
2025-07-16 12:30:48,948 - apscheduler.scheduler - INFO - Scheduler started
2025-07-16 12:30:48,949 - app - INFO - Iniciando backup automático de archivos JSON...
2025-07-16 12:30:48,994 - app - INFO - Backup creado: ambulante.json.backup
2025-07-16 12:30:49,021 - app - INFO - Eliminando backup antiguo: c:\Users\PROPIETARIO\Downloads\01.Proyectos\circle\data\ambulante.json.backup
2025-07-16 12:30:49,048 - app - INFO - Backup creado: bimbo.json.backup
2025-07-16 12:30:49,067 - app - INFO - Eliminando backup antiguo: c:\Users\PROPIETARIO\Downloads\01.Proyectos\circle\data\bimbo.json.backup
2025-07-16 12:30:49,127 - app - INFO - Backup creado: constitucion.json.backup
2025-07-16 12:30:49,158 - app - INFO - Eliminando backup antiguo: c:\Users\PROPIETARIO\Downloads\01.Proyectos\circle\data\constitucion.json.backup
2025-07-16 12:30:49,220 - app - INFO - Backup creado: gastronomia.json.backup
2025-07-16 12:30:49,249 - app - INFO - Eliminando backup antiguo: c:\Users\PROPIETARIO\Downloads\01.Proyectos\circle\data\gastronomia.json.backup
2025-07-16 12:30:49,287 - app - INFO - Backup creado: kioscos.json.backup
2025-07-16 12:30:49,332 - app - INFO - Eliminando backup antiguo: c:\Users\PROPIETARIO\Downloads\01.Proyectos\circle\data\kioscos.json.backup
2025-07-16 12:30:49,342 - app - INFO - Backup creado: medios_pago.json.backup.1
2025-07-16 12:30:49,408 - app - INFO - Backup creado: mercadopago.json.backup.6
2025-07-16 12:30:49,427 - app - INFO - Eliminando backup antiguo: c:\Users\PROPIETARIO\Downloads\01.Proyectos\circle\data\mercadopago.json.backup.2
2025-07-16 12:30:49,458 - app - INFO - Backup creado: once.json.backup
2025-07-16 12:30:49,474 - app - INFO - Eliminando backup antiguo: c:\Users\PROPIETARIO\Downloads\01.Proyectos\circle\data\once.json.backup
2025-07-16 12:30:49,569 - app - INFO - Backup creado: pagos_no_vinculados.json.backup
2025-07-16 12:30:49,589 - app - INFO - Eliminando backup antiguo: c:\Users\PROPIETARIO\Downloads\01.Proyectos\circle\data\pagos_no_vinculados.json.backup
2025-07-16 12:30:49,687 - app - INFO - Backup creado: pendientes.json.backup
2025-07-16 12:30:49,765 - app - INFO - Eliminando backup antiguo: c:\Users\PROPIETARIO\Downloads\01.Proyectos\circle\data\pendientes.json.backup
2025-07-16 12:30:49,962 - app - INFO - Backup creado: registros.json.backup
2025-07-16 12:30:49,974 - app - INFO - Eliminando backup antiguo: c:\Users\PROPIETARIO\Downloads\01.Proyectos\circle\data\registros.json.backup
2025-07-16 12:30:50,049 - app - INFO - Backup creado: resumenes.json.backup.1
2025-07-16 12:30:50,106 - app - INFO - Backup creado: retiro.json.backup
2025-07-16 12:30:50,155 - app - INFO - Eliminando backup antiguo: c:\Users\PROPIETARIO\Downloads\01.Proyectos\circle\data\retiro.json.backup
2025-07-16 12:30:50,209 - app - INFO - Backup creado: stock.json.backup
2025-07-16 12:30:50,223 - app - INFO - Eliminando backup antiguo: c:\Users\PROPIETARIO\Downloads\01.Proyectos\circle\data\stock.json.backup
2025-07-16 12:30:50,282 - app - INFO - Backup creado: system_config.json.backup
2025-07-16 12:30:50,344 - app - INFO - Eliminando backup antiguo: c:\Users\PROPIETARIO\Downloads\01.Proyectos\circle\data\system_config.json.backup
2025-07-16 12:30:50,411 - app - INFO - Backup creado: tba.json.backup
2025-07-16 12:30:50,463 - app - INFO - Eliminando backup antiguo: c:\Users\PROPIETARIO\Downloads\01.Proyectos\circle\data\tba.json.backup
2025-07-16 12:30:50,527 - app - INFO - Backup creado: users.json.backup.128
2025-07-16 12:30:50,578 - app - INFO - Eliminando backup antiguo: c:\Users\PROPIETARIO\Downloads\01.Proyectos\circle\data\users.json.backup.124
2025-07-16 12:30:50,658 - app - INFO - Backup creado: ventas.json.backup.7
2025-07-16 12:30:50,674 - app - INFO - Eliminando backup antiguo: c:\Users\PROPIETARIO\Downloads\01.Proyectos\circle\data\ventas.json.backup.3
2025-07-16 12:30:50,728 - app - INFO - Backup creado: zona_sur.json.backup
2025-07-16 12:30:50,767 - app - INFO - Eliminando backup antiguo: c:\Users\PROPIETARIO\Downloads\01.Proyectos\circle\data\zona_sur.json.backup
2025-07-16 12:30:50,773 - app - INFO - Backup automático completado. 19 archivos respaldados.
2025-07-16 12:30:50,783 - app - INFO - Sistema de backup automático iniciado. Próximo backup en 6 horas.
2025-07-16 12:30:50,993 - waitress - INFO - Serving on http://[::1]:443
2025-07-16 12:30:51,001 - waitress - INFO - Serving on http://127.0.0.1:443
2025-07-16 17:34:04,911 - apscheduler.scheduler - INFO - Scheduler has been shut down
2025-07-16 17:34:08,581 - apscheduler.scheduler - INFO - Adding job tentatively -- it will be properly scheduled when the scheduler starts
2025-07-16 17:34:08,581 - apscheduler.scheduler - INFO - Added job "Backup automático de archivos JSON" to job store "default"
2025-07-16 17:34:08,581 - apscheduler.scheduler - INFO - Scheduler started
2025-07-16 17:34:08,581 - app - INFO - Iniciando backup automático de archivos JSON...
2025-07-16 17:34:08,596 - app - INFO - Backup creado: ambulante.json.backup
2025-07-16 17:34:08,609 - app - INFO - Eliminando backup antiguo: c:\Users\PROPIETARIO\Downloads\01.Proyectos\circle\data\ambulante.json.backup
2025-07-16 17:34:08,615 - app - INFO - Backup creado: bimbo.json.backup
2025-07-16 17:34:08,636 - app - INFO - Eliminando backup antiguo: c:\Users\PROPIETARIO\Downloads\01.Proyectos\circle\data\bimbo.json.backup
2025-07-16 17:34:08,673 - app - INFO - Backup creado: constitucion.json.backup
2025-07-16 17:34:08,688 - app - INFO - Eliminando backup antiguo: c:\Users\PROPIETARIO\Downloads\01.Proyectos\circle\data\constitucion.json.backup
2025-07-16 17:34:08,690 - app - INFO - Backup creado: gastronomia.json.backup
2025-07-16 17:34:08,704 - app - INFO - Eliminando backup antiguo: c:\Users\PROPIETARIO\Downloads\01.Proyectos\circle\data\gastronomia.json.backup
2025-07-16 17:34:08,707 - app - INFO - Backup creado: kioscos.json.backup
2025-07-16 17:34:08,712 - app - INFO - Eliminando backup antiguo: c:\Users\PROPIETARIO\Downloads\01.Proyectos\circle\data\kioscos.json.backup
2025-07-16 17:34:08,715 - app - INFO - Backup creado: medios_pago.json.backup.2
2025-07-16 17:34:08,728 - app - INFO - Backup creado: mercadopago.json.backup.7
2025-07-16 17:34:08,731 - app - INFO - Eliminando backup antiguo: c:\Users\PROPIETARIO\Downloads\01.Proyectos\circle\data\mercadopago.json.backup.3
2025-07-16 17:34:08,735 - app - INFO - Backup creado: once.json.backup
2025-07-16 17:34:08,739 - app - INFO - Eliminando backup antiguo: c:\Users\PROPIETARIO\Downloads\01.Proyectos\circle\data\once.json.backup
2025-07-16 17:34:08,740 - app - INFO - Backup creado: pagos_no_vinculados.json.backup
2025-07-16 17:34:08,740 - app - INFO - Eliminando backup antiguo: c:\Users\PROPIETARIO\Downloads\01.Proyectos\circle\data\pagos_no_vinculados.json.backup
2025-07-16 17:34:08,756 - app - INFO - Backup creado: pendientes.json.backup
2025-07-16 17:34:08,759 - app - INFO - Eliminando backup antiguo: c:\Users\PROPIETARIO\Downloads\01.Proyectos\circle\data\pendientes.json.backup
2025-07-16 17:34:08,765 - app - INFO - Backup creado: registros.json.backup
2025-07-16 17:34:08,770 - app - INFO - Eliminando backup antiguo: c:\Users\PROPIETARIO\Downloads\01.Proyectos\circle\data\registros.json.backup
2025-07-16 17:34:08,770 - app - INFO - Backup creado: resumenes.json.backup.2
2025-07-16 17:34:08,770 - app - INFO - Backup creado: retiro.json.backup
2025-07-16 17:34:08,785 - app - INFO - Eliminando backup antiguo: c:\Users\PROPIETARIO\Downloads\01.Proyectos\circle\data\retiro.json.backup
2025-07-16 17:34:08,785 - app - INFO - Backup creado: stock.json.backup
2025-07-16 17:34:08,785 - app - INFO - Eliminando backup antiguo: c:\Users\PROPIETARIO\Downloads\01.Proyectos\circle\data\stock.json.backup
2025-07-16 17:34:08,785 - app - INFO - Backup creado: system_config.json.backup
2025-07-16 17:34:08,805 - app - INFO - Eliminando backup antiguo: c:\Users\PROPIETARIO\Downloads\01.Proyectos\circle\data\system_config.json.backup
2025-07-16 17:34:08,807 - app - INFO - Backup creado: tba.json.backup
2025-07-16 17:34:08,810 - app - INFO - Eliminando backup antiguo: c:\Users\PROPIETARIO\Downloads\01.Proyectos\circle\data\tba.json.backup
2025-07-16 17:34:08,814 - app - INFO - Backup creado: users.json.backup.129
2025-07-16 17:34:08,817 - app - INFO - Eliminando backup antiguo: c:\Users\PROPIETARIO\Downloads\01.Proyectos\circle\data\users.json.backup.125
2025-07-16 17:34:08,828 - app - INFO - Backup creado: ventas.json.backup.8
2025-07-16 17:34:08,831 - app - INFO - Eliminando backup antiguo: c:\Users\PROPIETARIO\Downloads\01.Proyectos\circle\data\ventas.json.backup.4
2025-07-16 17:34:08,838 - app - INFO - Backup creado: zona_sur.json.backup
2025-07-16 17:34:08,843 - app - INFO - Eliminando backup antiguo: c:\Users\PROPIETARIO\Downloads\01.Proyectos\circle\data\zona_sur.json.backup
2025-07-16 17:34:08,845 - app - INFO - Backup automático completado. 19 archivos respaldados.
2025-07-16 17:34:08,845 - app - INFO - Sistema de backup automático iniciado. Próximo backup en 6 horas.
2025-07-16 17:34:08,883 - waitress - INFO - Serving on http://[::1]:443
2025-07-16 17:34:08,883 - waitress - INFO - Serving on http://127.0.0.1:443
2025-07-16 17:34:22,983 - apscheduler.scheduler - INFO - Scheduler has been shut down
2025-07-16 17:34:24,261 - apscheduler.scheduler - INFO - Adding job tentatively -- it will be properly scheduled when the scheduler starts
2025-07-16 17:34:24,263 - apscheduler.scheduler - INFO - Added job "Backup automático de archivos JSON" to job store "default"
2025-07-16 17:34:24,263 - apscheduler.scheduler - INFO - Scheduler started
2025-07-16 17:34:24,264 - app - INFO - Iniciando backup automático de archivos JSON...
2025-07-16 17:34:24,267 - app - INFO - Backup creado: ambulante.json.backup
2025-07-16 17:34:24,272 - app - INFO - Eliminando backup antiguo: c:\Users\PROPIETARIO\Downloads\01.Proyectos\circle\data\ambulante.json.backup
2025-07-16 17:34:24,276 - app - INFO - Backup creado: bimbo.json.backup
2025-07-16 17:34:24,278 - app - INFO - Eliminando backup antiguo: c:\Users\PROPIETARIO\Downloads\01.Proyectos\circle\data\bimbo.json.backup
2025-07-16 17:34:24,281 - app - INFO - Backup creado: constitucion.json.backup
2025-07-16 17:34:24,283 - app - INFO - Eliminando backup antiguo: c:\Users\PROPIETARIO\Downloads\01.Proyectos\circle\data\constitucion.json.backup
2025-07-16 17:34:24,284 - app - INFO - Backup creado: gastronomia.json.backup
2025-07-16 17:34:24,287 - app - INFO - Eliminando backup antiguo: c:\Users\PROPIETARIO\Downloads\01.Proyectos\circle\data\gastronomia.json.backup
2025-07-16 17:34:24,288 - app - INFO - Backup creado: kioscos.json.backup
2025-07-16 17:34:24,290 - app - INFO - Eliminando backup antiguo: c:\Users\PROPIETARIO\Downloads\01.Proyectos\circle\data\kioscos.json.backup
2025-07-16 17:34:24,299 - app - INFO - Backup creado: medios_pago.json.backup.3
2025-07-16 17:34:24,303 - app - INFO - Backup creado: mercadopago.json.backup.8
2025-07-16 17:34:24,304 - app - INFO - Eliminando backup antiguo: c:\Users\PROPIETARIO\Downloads\01.Proyectos\circle\data\mercadopago.json.backup.4
2025-07-16 17:34:24,306 - app - INFO - Backup creado: once.json.backup
2025-07-16 17:34:24,308 - app - INFO - Eliminando backup antiguo: c:\Users\PROPIETARIO\Downloads\01.Proyectos\circle\data\once.json.backup
2025-07-16 17:34:24,311 - app - INFO - Backup creado: pagos_no_vinculados.json.backup
2025-07-16 17:34:24,313 - app - INFO - Eliminando backup antiguo: c:\Users\PROPIETARIO\Downloads\01.Proyectos\circle\data\pagos_no_vinculados.json.backup
2025-07-16 17:34:24,315 - app - INFO - Backup creado: pendientes.json.backup
2025-07-16 17:34:24,318 - app - INFO - Eliminando backup antiguo: c:\Users\PROPIETARIO\Downloads\01.Proyectos\circle\data\pendientes.json.backup
2025-07-16 17:34:24,323 - app - INFO - Backup creado: registros.json.backup
2025-07-16 17:34:24,326 - app - INFO - Eliminando backup antiguo: c:\Users\PROPIETARIO\Downloads\01.Proyectos\circle\data\registros.json.backup
2025-07-16 17:34:24,326 - app - INFO - Backup creado: resumenes.json.backup.3
2025-07-16 17:34:24,326 - app - INFO - Backup creado: retiro.json.backup
2025-07-16 17:34:24,333 - app - INFO - Eliminando backup antiguo: c:\Users\PROPIETARIO\Downloads\01.Proyectos\circle\data\retiro.json.backup
2025-07-16 17:34:24,335 - app - INFO - Backup creado: stock.json.backup
2025-07-16 17:34:24,337 - app - INFO - Eliminando backup antiguo: c:\Users\PROPIETARIO\Downloads\01.Proyectos\circle\data\stock.json.backup
2025-07-16 17:34:24,338 - app - INFO - Backup creado: system_config.json.backup
2025-07-16 17:34:24,339 - app - INFO - Eliminando backup antiguo: c:\Users\PROPIETARIO\Downloads\01.Proyectos\circle\data\system_config.json.backup
2025-07-16 17:34:24,345 - app - INFO - Backup creado: tba.json.backup
2025-07-16 17:34:24,353 - app - INFO - Eliminando backup antiguo: c:\Users\PROPIETARIO\Downloads\01.Proyectos\circle\data\tba.json.backup
2025-07-16 17:34:24,356 - app - INFO - Backup creado: users.json.backup.130
2025-07-16 17:34:24,357 - app - INFO - Eliminando backup antiguo: c:\Users\PROPIETARIO\Downloads\01.Proyectos\circle\data\users.json.backup.126
2025-07-16 17:34:24,359 - app - INFO - Backup creado: ventas.json.backup.9
2025-07-16 17:34:24,362 - app - INFO - Eliminando backup antiguo: c:\Users\PROPIETARIO\Downloads\01.Proyectos\circle\data\ventas.json.backup.5
2025-07-16 17:34:24,365 - app - INFO - Backup creado: zona_sur.json.backup
2025-07-16 17:34:24,367 - app - INFO - Eliminando backup antiguo: c:\Users\PROPIETARIO\Downloads\01.Proyectos\circle\data\zona_sur.json.backup
2025-07-16 17:34:24,369 - app - INFO - Backup automático completado. 19 archivos respaldados.
2025-07-16 17:34:24,369 - app - INFO - Sistema de backup automático iniciado. Próximo backup en 6 horas.
2025-07-16 17:34:24,396 - waitress - INFO - Serving on http://[::1]:443
2025-07-16 17:34:24,397 - waitress - INFO - Serving on http://127.0.0.1:443
2025-07-16 17:51:44,098 - apscheduler.scheduler - INFO - Scheduler has been shut down
