2025-08-18 13:10:24,507 - apscheduler.scheduler - INFO - Adding job tentatively -- it will be properly scheduled when the scheduler starts
2025-08-18 13:10:24,514 - apscheduler.scheduler - INFO - Added job "Backup automático de archivos JSON" to job store "default"
2025-08-18 13:10:24,514 - apscheduler.scheduler - INFO - Scheduler started
2025-08-18 13:10:24,517 - app - INFO - Iniciando backup automático de archivos JSON...
2025-08-18 13:10:24,542 - app - INFO - Backup creado: ambulante.json.backup
2025-08-18 13:10:24,554 - app - INFO - Eliminando backup antiguo: C:\Users\gesti\GESTION COMPARTIDA Dropbox\Departamento Gestion\0001 - Control de Gestion (1)\Desarrollo\app cajas\data\ambulante.json.backup
2025-08-18 13:10:24,571 - app - INFO - Backup creado: bimbo.json.backup
2025-08-18 13:10:24,582 - app - INFO - Eliminando backup antiguo: C:\Users\gesti\GESTION COMPARTIDA Dropbox\Departamento Gestion\0001 - Control de Gestion (1)\Desarrollo\app cajas\data\bimbo.json.backup
2025-08-18 13:10:24,591 - app - INFO - Backup creado: constitucion.json.backup
2025-08-18 13:10:24,600 - app - INFO - Eliminando backup antiguo: C:\Users\gesti\GESTION COMPARTIDA Dropbox\Departamento Gestion\0001 - Control de Gestion (1)\Desarrollo\app cajas\data\constitucion.json.backup
2025-08-18 13:10:24,609 - app - INFO - Backup creado: gastronomia.json.backup
2025-08-18 13:10:24,617 - app - INFO - Eliminando backup antiguo: C:\Users\gesti\GESTION COMPARTIDA Dropbox\Departamento Gestion\0001 - Control de Gestion (1)\Desarrollo\app cajas\data\gastronomia.json.backup
2025-08-18 13:10:24,625 - app - INFO - Backup creado: info_locales.json.backup
2025-08-18 13:10:24,632 - app - INFO - Eliminando backup antiguo: C:\Users\gesti\GESTION COMPARTIDA Dropbox\Departamento Gestion\0001 - Control de Gestion (1)\Desarrollo\app cajas\data\info_locales.json.backup
2025-08-18 13:10:24,643 - app - INFO - Backup creado: kioscos.json.backup
2025-08-18 13:10:24,650 - app - INFO - Eliminando backup antiguo: C:\Users\gesti\GESTION COMPARTIDA Dropbox\Departamento Gestion\0001 - Control de Gestion (1)\Desarrollo\app cajas\data\kioscos.json.backup
2025-08-18 13:10:24,662 - app - INFO - Backup creado: medios_pago.json.backup
2025-08-18 13:10:24,668 - app - INFO - Eliminando backup antiguo: C:\Users\gesti\GESTION COMPARTIDA Dropbox\Departamento Gestion\0001 - Control de Gestion (1)\Desarrollo\app cajas\data\medios_pago.json.backup
2025-08-18 13:10:24,676 - app - INFO - Backup creado: mercadopago.json.backup
2025-08-18 13:10:24,683 - app - INFO - Eliminando backup antiguo: C:\Users\gesti\GESTION COMPARTIDA Dropbox\Departamento Gestion\0001 - Control de Gestion (1)\Desarrollo\app cajas\data\mercadopago.json.backup
2025-08-18 13:10:24,692 - app - INFO - Backup creado: once.json.backup
2025-08-18 13:10:24,699 - app - INFO - Eliminando backup antiguo: C:\Users\gesti\GESTION COMPARTIDA Dropbox\Departamento Gestion\0001 - Control de Gestion (1)\Desarrollo\app cajas\data\once.json.backup
2025-08-18 13:10:24,710 - app - INFO - Backup creado: pagos_no_vinculados.json.backup
2025-08-18 13:10:24,717 - app - INFO - Eliminando backup antiguo: C:\Users\gesti\GESTION COMPARTIDA Dropbox\Departamento Gestion\0001 - Control de Gestion (1)\Desarrollo\app cajas\data\pagos_no_vinculados.json.backup
2025-08-18 13:10:24,727 - app - INFO - Backup creado: pendientes.json.backup
2025-08-18 13:10:24,734 - app - INFO - Eliminando backup antiguo: C:\Users\gesti\GESTION COMPARTIDA Dropbox\Departamento Gestion\0001 - Control de Gestion (1)\Desarrollo\app cajas\data\pendientes.json.backup
2025-08-18 13:10:24,745 - app - INFO - Backup creado: registros.json.backup
2025-08-18 13:10:24,750 - app - INFO - Eliminando backup antiguo: C:\Users\gesti\GESTION COMPARTIDA Dropbox\Departamento Gestion\0001 - Control de Gestion (1)\Desarrollo\app cajas\data\registros.json.backup
2025-08-18 13:10:24,760 - app - INFO - Backup creado: remesas_cajas.json.backup
2025-08-18 13:10:24,766 - app - INFO - Eliminando backup antiguo: C:\Users\gesti\GESTION COMPARTIDA Dropbox\Departamento Gestion\0001 - Control de Gestion (1)\Desarrollo\app cajas\data\remesas_cajas.json.backup
2025-08-18 13:10:24,772 - app - INFO - Backup creado: resumenes.json.backup
2025-08-18 13:10:24,783 - app - INFO - Eliminando backup antiguo: C:\Users\gesti\GESTION COMPARTIDA Dropbox\Departamento Gestion\0001 - Control de Gestion (1)\Desarrollo\app cajas\data\resumenes.json.backup
2025-08-18 13:10:24,793 - app - INFO - Backup creado: retiro.json.backup
2025-08-18 13:10:24,800 - app - INFO - Eliminando backup antiguo: C:\Users\gesti\GESTION COMPARTIDA Dropbox\Departamento Gestion\0001 - Control de Gestion (1)\Desarrollo\app cajas\data\retiro.json.backup
2025-08-18 13:10:24,811 - app - INFO - Backup creado: stock.json.backup
2025-08-18 13:10:24,819 - app - INFO - Eliminando backup antiguo: C:\Users\gesti\GESTION COMPARTIDA Dropbox\Departamento Gestion\0001 - Control de Gestion (1)\Desarrollo\app cajas\data\stock.json.backup
2025-08-18 13:10:24,829 - app - INFO - Backup creado: system_config.json.backup
2025-08-18 13:10:24,839 - app - INFO - Eliminando backup antiguo: C:\Users\gesti\GESTION COMPARTIDA Dropbox\Departamento Gestion\0001 - Control de Gestion (1)\Desarrollo\app cajas\data\system_config.json.backup
2025-08-18 13:10:24,851 - app - INFO - Backup creado: tba.json.backup
2025-08-18 13:10:24,861 - app - INFO - Eliminando backup antiguo: C:\Users\gesti\GESTION COMPARTIDA Dropbox\Departamento Gestion\0001 - Control de Gestion (1)\Desarrollo\app cajas\data\tba.json.backup
2025-08-18 13:10:24,868 - app - INFO - Backup creado: users.json.backup
2025-08-18 13:10:24,880 - app - INFO - Eliminando backup antiguo: C:\Users\gesti\GESTION COMPARTIDA Dropbox\Departamento Gestion\0001 - Control de Gestion (1)\Desarrollo\app cajas\data\users.json.backup
2025-08-18 13:10:24,886 - app - INFO - Backup creado: ventas.json.backup
2025-08-18 13:10:24,898 - app - INFO - Eliminando backup antiguo: C:\Users\gesti\GESTION COMPARTIDA Dropbox\Departamento Gestion\0001 - Control de Gestion (1)\Desarrollo\app cajas\data\ventas.json.backup
2025-08-18 13:10:24,910 - app - INFO - Backup creado: zona_sur.json.backup
2025-08-18 13:10:24,920 - app - INFO - Eliminando backup antiguo: C:\Users\gesti\GESTION COMPARTIDA Dropbox\Departamento Gestion\0001 - Control de Gestion (1)\Desarrollo\app cajas\data\zona_sur.json.backup
2025-08-18 13:10:24,920 - app - INFO - Backup automático completado. 21 archivos respaldados.
2025-08-18 13:10:24,921 - app - INFO - Sistema de backup automático iniciado. Próximo backup en 6 horas.
2025-08-18 13:10:25,109 - waitress - INFO - Serving on http://[::1]:443
2025-08-18 13:10:25,109 - waitress - INFO - Serving on http://127.0.0.1:443
2025-08-18 13:10:53,627 - mysql.connector - INFO - package: mysql.connector.plugins
2025-08-18 13:10:53,629 - mysql.connector - INFO - plugin_name: caching_sha2_password
2025-08-18 13:10:53,638 - mysql.connector - INFO - AUTHENTICATION_PLUGIN_CLASS: MySQLCachingSHA2PasswordAuthPlugin
