2025-09-15 09:23:30,912 - apscheduler.scheduler - INFO - Adding job tentatively -- it will be properly scheduled when the scheduler starts
2025-09-15 09:23:30,923 - apscheduler.scheduler - INFO - Added job "Backup automático de archivos JSON" to job store "default"
2025-09-15 09:23:30,925 - apscheduler.scheduler - INFO - Scheduler started
2025-09-15 09:23:30,928 - app - INFO - Iniciando backup automático de archivos JSON...
2025-09-15 09:23:30,977 - app - INFO - Backup creado: ambulante.json.backup
2025-09-15 09:23:31,006 - app - INFO - Eliminando backup antiguo: C:\Users\gesti\GESTION COMPARTIDA Dropbox\Departamento Gestion\0001 - Control de Gestion (1)\Desarrollo\app cajas\data\ambulante.json.backup
2025-09-15 09:23:31,025 - app - INFO - Backup creado: bimbo.json.backup
2025-09-15 09:23:31,049 - app - INFO - Eliminando backup antiguo: C:\Users\gesti\GESTION COMPARTIDA Dropbox\Departamento Gestion\0001 - Control de Gestion (1)\Desarrollo\app cajas\data\bimbo.json.backup
2025-09-15 09:23:31,080 - app - INFO - Backup creado: constitucion.json.backup
2025-09-15 09:23:31,108 - app - INFO - Eliminando backup antiguo: C:\Users\gesti\GESTION COMPARTIDA Dropbox\Departamento Gestion\0001 - Control de Gestion (1)\Desarrollo\app cajas\data\constitucion.json.backup
2025-09-15 09:23:31,142 - app - INFO - Backup creado: gastronomia.json.backup
2025-09-15 09:23:31,168 - app - INFO - Eliminando backup antiguo: C:\Users\gesti\GESTION COMPARTIDA Dropbox\Departamento Gestion\0001 - Control de Gestion (1)\Desarrollo\app cajas\data\gastronomia.json.backup
2025-09-15 09:23:31,216 - app - INFO - Backup creado: info_locales.json.backup
2025-09-15 09:23:31,248 - app - INFO - Eliminando backup antiguo: C:\Users\gesti\GESTION COMPARTIDA Dropbox\Departamento Gestion\0001 - Control de Gestion (1)\Desarrollo\app cajas\data\info_locales.json.backup
2025-09-15 09:23:31,279 - app - INFO - Backup creado: kioscos.json.backup
2025-09-15 09:23:31,310 - app - INFO - Eliminando backup antiguo: C:\Users\gesti\GESTION COMPARTIDA Dropbox\Departamento Gestion\0001 - Control de Gestion (1)\Desarrollo\app cajas\data\kioscos.json.backup
2025-09-15 09:23:31,348 - app - INFO - Backup creado: medios_pago.json.backup
2025-09-15 09:23:31,365 - app - INFO - Eliminando backup antiguo: C:\Users\gesti\GESTION COMPARTIDA Dropbox\Departamento Gestion\0001 - Control de Gestion (1)\Desarrollo\app cajas\data\medios_pago.json.backup
2025-09-15 09:23:31,381 - app - INFO - Backup creado: mercadopago.json.backup
2025-09-15 09:23:31,407 - app - INFO - Eliminando backup antiguo: C:\Users\gesti\GESTION COMPARTIDA Dropbox\Departamento Gestion\0001 - Control de Gestion (1)\Desarrollo\app cajas\data\mercadopago.json.backup
2025-09-15 09:23:31,437 - app - INFO - Backup creado: once.json.backup
2025-09-15 09:23:31,447 - app - INFO - Eliminando backup antiguo: C:\Users\gesti\GESTION COMPARTIDA Dropbox\Departamento Gestion\0001 - Control de Gestion (1)\Desarrollo\app cajas\data\once.json.backup
2025-09-15 09:23:31,461 - app - INFO - Backup creado: pagos_no_vinculados.json.backup
2025-09-15 09:23:31,470 - app - INFO - Eliminando backup antiguo: C:\Users\gesti\GESTION COMPARTIDA Dropbox\Departamento Gestion\0001 - Control de Gestion (1)\Desarrollo\app cajas\data\pagos_no_vinculados.json.backup
2025-09-15 09:23:31,485 - app - INFO - Backup creado: pendientes.json.backup
2025-09-15 09:23:31,496 - app - INFO - Eliminando backup antiguo: C:\Users\gesti\GESTION COMPARTIDA Dropbox\Departamento Gestion\0001 - Control de Gestion (1)\Desarrollo\app cajas\data\pendientes.json.backup
2025-09-15 09:23:31,518 - app - INFO - Backup creado: registros.json.backup
2025-09-15 09:23:31,537 - app - INFO - Eliminando backup antiguo: C:\Users\gesti\GESTION COMPARTIDA Dropbox\Departamento Gestion\0001 - Control de Gestion (1)\Desarrollo\app cajas\data\registros.json.backup
2025-09-15 09:23:31,548 - app - INFO - Backup creado: remesas_cajas.json.backup
2025-09-15 09:23:31,571 - app - INFO - Eliminando backup antiguo: C:\Users\gesti\GESTION COMPARTIDA Dropbox\Departamento Gestion\0001 - Control de Gestion (1)\Desarrollo\app cajas\data\remesas_cajas.json.backup
2025-09-15 09:23:31,587 - app - INFO - Backup creado: resumenes.json.backup
2025-09-15 09:23:31,603 - app - INFO - Eliminando backup antiguo: C:\Users\gesti\GESTION COMPARTIDA Dropbox\Departamento Gestion\0001 - Control de Gestion (1)\Desarrollo\app cajas\data\resumenes.json.backup
2025-09-15 09:23:31,618 - app - INFO - Backup creado: retiro.json.backup
2025-09-15 09:23:31,636 - app - INFO - Eliminando backup antiguo: C:\Users\gesti\GESTION COMPARTIDA Dropbox\Departamento Gestion\0001 - Control de Gestion (1)\Desarrollo\app cajas\data\retiro.json.backup
2025-09-15 09:23:31,650 - app - INFO - Backup creado: stock.json.backup
2025-09-15 09:23:31,664 - app - INFO - Eliminando backup antiguo: C:\Users\gesti\GESTION COMPARTIDA Dropbox\Departamento Gestion\0001 - Control de Gestion (1)\Desarrollo\app cajas\data\stock.json.backup
2025-09-15 09:23:31,677 - app - INFO - Backup creado: system_config.json.backup
2025-09-15 09:23:31,684 - app - INFO - Eliminando backup antiguo: C:\Users\gesti\GESTION COMPARTIDA Dropbox\Departamento Gestion\0001 - Control de Gestion (1)\Desarrollo\app cajas\data\system_config.json.backup
2025-09-15 09:23:31,704 - app - INFO - Backup creado: tba.json.backup
2025-09-15 09:23:31,713 - app - INFO - Eliminando backup antiguo: C:\Users\gesti\GESTION COMPARTIDA Dropbox\Departamento Gestion\0001 - Control de Gestion (1)\Desarrollo\app cajas\data\tba.json.backup
2025-09-15 09:23:31,718 - app - INFO - Backup creado: users.json.backup
2025-09-15 09:23:31,740 - app - INFO - Eliminando backup antiguo: C:\Users\gesti\GESTION COMPARTIDA Dropbox\Departamento Gestion\0001 - Control de Gestion (1)\Desarrollo\app cajas\data\users.json.backup
2025-09-15 09:23:31,749 - app - INFO - Backup creado: ventas.json.backup
2025-09-15 09:23:31,761 - app - INFO - Eliminando backup antiguo: C:\Users\gesti\GESTION COMPARTIDA Dropbox\Departamento Gestion\0001 - Control de Gestion (1)\Desarrollo\app cajas\data\ventas.json.backup
2025-09-15 09:23:31,775 - app - INFO - Backup creado: zona_sur.json.backup
2025-09-15 09:23:31,794 - app - INFO - Eliminando backup antiguo: C:\Users\gesti\GESTION COMPARTIDA Dropbox\Departamento Gestion\0001 - Control de Gestion (1)\Desarrollo\app cajas\data\zona_sur.json.backup
2025-09-15 09:23:31,794 - app - INFO - Backup automático completado. 21 archivos respaldados.
2025-09-15 09:23:31,795 - app - INFO - Sistema de backup automático iniciado. Próximo backup en 6 horas.
2025-09-15 09:23:32,016 - waitress - INFO - Serving on http://[::1]:443
2025-09-15 09:23:32,018 - waitress - INFO - Serving on http://127.0.0.1:443
2025-09-15 09:23:54,681 - mysql.connector - INFO - package: mysql.connector.plugins
2025-09-15 09:23:54,681 - mysql.connector - INFO - plugin_name: caching_sha2_password
2025-09-15 09:23:54,688 - mysql.connector - INFO - AUTHENTICATION_PLUGIN_CLASS: MySQLCachingSHA2PasswordAuthPlugin
2025-09-15 09:40:24,939 - apscheduler.scheduler - INFO - Scheduler has been shut down
