2025-10-20 12:05:12,751 - apscheduler.scheduler - INFO - Adding job tentatively -- it will be properly scheduled when the scheduler starts
2025-10-20 12:05:12,755 - apscheduler.scheduler - INFO - Added job "Backup automático de archivos JSON" to job store "default"
2025-10-20 12:05:12,755 - apscheduler.scheduler - INFO - Scheduler started
2025-10-20 12:05:12,756 - app - INFO - Iniciando backup automático de archivos JSON...
2025-10-20 12:05:12,767 - app - INFO - Backup creado: ambulante.json.backup
2025-10-20 12:05:12,773 - app - INFO - Eliminando backup antiguo: C:\Users\gesti\GESTION COMPARTIDA Dropbox\Departamento Gestion\0001 - Control de Gestion (1)\Desarrollo\app cajas\data\ambulante.json.backup
2025-10-20 12:05:12,777 - app - INFO - Backup creado: bimbo.json.backup
2025-10-20 12:05:12,785 - app - INFO - Eliminando backup antiguo: C:\Users\gesti\GESTION COMPARTIDA Dropbox\Departamento Gestion\0001 - Control de Gestion (1)\Desarrollo\app cajas\data\bimbo.json.backup
2025-10-20 12:05:12,791 - app - INFO - Backup creado: constitucion.json.backup
2025-10-20 12:05:12,797 - app - INFO - Eliminando backup antiguo: C:\Users\gesti\GESTION COMPARTIDA Dropbox\Departamento Gestion\0001 - Control de Gestion (1)\Desarrollo\app cajas\data\constitucion.json.backup
2025-10-20 12:05:12,804 - app - INFO - Backup creado: gastronomia.json.backup
2025-10-20 12:05:12,809 - app - INFO - Eliminando backup antiguo: C:\Users\gesti\GESTION COMPARTIDA Dropbox\Departamento Gestion\0001 - Control de Gestion (1)\Desarrollo\app cajas\data\gastronomia.json.backup
2025-10-20 12:05:12,815 - app - INFO - Backup creado: info_locales.json.backup
2025-10-20 12:05:12,822 - app - INFO - Eliminando backup antiguo: C:\Users\gesti\GESTION COMPARTIDA Dropbox\Departamento Gestion\0001 - Control de Gestion (1)\Desarrollo\app cajas\data\info_locales.json.backup
2025-10-20 12:05:12,828 - app - INFO - Backup creado: kioscos.json.backup
2025-10-20 12:05:12,834 - app - INFO - Eliminando backup antiguo: C:\Users\gesti\GESTION COMPARTIDA Dropbox\Departamento Gestion\0001 - Control de Gestion (1)\Desarrollo\app cajas\data\kioscos.json.backup
2025-10-20 12:05:12,842 - app - INFO - Backup creado: medios_pago.json.backup
2025-10-20 12:05:12,852 - app - INFO - Eliminando backup antiguo: C:\Users\gesti\GESTION COMPARTIDA Dropbox\Departamento Gestion\0001 - Control de Gestion (1)\Desarrollo\app cajas\data\medios_pago.json.backup
2025-10-20 12:05:12,859 - app - INFO - Backup creado: mercadopago.json.backup
2025-10-20 12:05:12,865 - app - INFO - Eliminando backup antiguo: C:\Users\gesti\GESTION COMPARTIDA Dropbox\Departamento Gestion\0001 - Control de Gestion (1)\Desarrollo\app cajas\data\mercadopago.json.backup
2025-10-20 12:05:12,873 - app - INFO - Backup creado: once.json.backup
2025-10-20 12:05:12,878 - app - INFO - Eliminando backup antiguo: C:\Users\gesti\GESTION COMPARTIDA Dropbox\Departamento Gestion\0001 - Control de Gestion (1)\Desarrollo\app cajas\data\once.json.backup
2025-10-20 12:05:12,884 - app - INFO - Backup creado: pagos_no_vinculados.json.backup
2025-10-20 12:05:12,889 - app - INFO - Eliminando backup antiguo: C:\Users\gesti\GESTION COMPARTIDA Dropbox\Departamento Gestion\0001 - Control de Gestion (1)\Desarrollo\app cajas\data\pagos_no_vinculados.json.backup
2025-10-20 12:05:12,896 - app - INFO - Backup creado: pendientes.json.backup
2025-10-20 12:05:12,901 - app - INFO - Eliminando backup antiguo: C:\Users\gesti\GESTION COMPARTIDA Dropbox\Departamento Gestion\0001 - Control de Gestion (1)\Desarrollo\app cajas\data\pendientes.json.backup
2025-10-20 12:05:12,908 - app - INFO - Backup creado: registros.json.backup
2025-10-20 12:05:12,914 - app - INFO - Eliminando backup antiguo: C:\Users\gesti\GESTION COMPARTIDA Dropbox\Departamento Gestion\0001 - Control de Gestion (1)\Desarrollo\app cajas\data\registros.json.backup
2025-10-20 12:05:12,920 - app - INFO - Backup creado: remesas_cajas.json.backup
2025-10-20 12:05:12,926 - app - INFO - Eliminando backup antiguo: C:\Users\gesti\GESTION COMPARTIDA Dropbox\Departamento Gestion\0001 - Control de Gestion (1)\Desarrollo\app cajas\data\remesas_cajas.json.backup
2025-10-20 12:05:12,929 - app - INFO - Backup creado: resumenes.json.backup
2025-10-20 12:05:12,937 - app - INFO - Eliminando backup antiguo: C:\Users\gesti\GESTION COMPARTIDA Dropbox\Departamento Gestion\0001 - Control de Gestion (1)\Desarrollo\app cajas\data\resumenes.json.backup
2025-10-20 12:05:12,943 - app - INFO - Backup creado: retiro.json.backup
2025-10-20 12:05:12,948 - app - INFO - Eliminando backup antiguo: C:\Users\gesti\GESTION COMPARTIDA Dropbox\Departamento Gestion\0001 - Control de Gestion (1)\Desarrollo\app cajas\data\retiro.json.backup
2025-10-20 12:05:12,954 - app - INFO - Backup creado: stock.json.backup
2025-10-20 12:05:12,959 - app - INFO - Eliminando backup antiguo: C:\Users\gesti\GESTION COMPARTIDA Dropbox\Departamento Gestion\0001 - Control de Gestion (1)\Desarrollo\app cajas\data\stock.json.backup
2025-10-20 12:05:12,964 - app - INFO - Backup creado: system_config.json.backup
2025-10-20 12:05:12,970 - app - INFO - Eliminando backup antiguo: C:\Users\gesti\GESTION COMPARTIDA Dropbox\Departamento Gestion\0001 - Control de Gestion (1)\Desarrollo\app cajas\data\system_config.json.backup
2025-10-20 12:05:12,975 - app - INFO - Backup creado: tba.json.backup
2025-10-20 12:05:12,980 - app - INFO - Eliminando backup antiguo: C:\Users\gesti\GESTION COMPARTIDA Dropbox\Departamento Gestion\0001 - Control de Gestion (1)\Desarrollo\app cajas\data\tba.json.backup
2025-10-20 12:05:12,982 - app - INFO - Backup creado: users.json.backup
2025-10-20 12:05:12,988 - app - INFO - Eliminando backup antiguo: C:\Users\gesti\GESTION COMPARTIDA Dropbox\Departamento Gestion\0001 - Control de Gestion (1)\Desarrollo\app cajas\data\users.json.backup
2025-10-20 12:05:12,991 - app - INFO - Backup creado: ventas.json.backup
2025-10-20 12:05:12,997 - app - INFO - Eliminando backup antiguo: C:\Users\gesti\GESTION COMPARTIDA Dropbox\Departamento Gestion\0001 - Control de Gestion (1)\Desarrollo\app cajas\data\ventas.json.backup
2025-10-20 12:05:13,003 - app - INFO - Backup creado: zona_sur.json.backup
2025-10-20 12:05:13,009 - app - INFO - Eliminando backup antiguo: C:\Users\gesti\GESTION COMPARTIDA Dropbox\Departamento Gestion\0001 - Control de Gestion (1)\Desarrollo\app cajas\data\zona_sur.json.backup
2025-10-20 12:05:13,009 - app - INFO - Backup automático completado. 21 archivos respaldados.
2025-10-20 12:05:13,009 - app - INFO - Sistema de backup automático iniciado. Próximo backup en 6 horas.
2025-10-20 12:05:13,086 - waitress - INFO - Serving on http://[::1]:443
2025-10-20 12:05:13,086 - waitress - INFO - Serving on http://127.0.0.1:443
2025-10-20 12:05:29,717 - mysql.connector - INFO - package: mysql.connector.plugins
2025-10-20 12:05:29,718 - mysql.connector - INFO - plugin_name: caching_sha2_password
2025-10-20 12:05:29,723 - mysql.connector - INFO - AUTHENTICATION_PLUGIN_CLASS: MySQLCachingSHA2PasswordAuthPlugin
2025-10-20 13:41:35,761 - apscheduler.scheduler - INFO - Scheduler has been shut down
