2025-08-06 13:15:02,599 - apscheduler.scheduler - INFO - Adding job tentatively -- it will be properly scheduled when the scheduler starts
2025-08-06 13:15:02,606 - apscheduler.scheduler - INFO - Added job "Backup automático de archivos JSON" to job store "default"
2025-08-06 13:15:02,608 - apscheduler.scheduler - INFO - Scheduler started
2025-08-06 13:15:02,611 - app - INFO - Iniciando backup automático de archivos JSON...
2025-08-06 13:15:02,634 - app - INFO - Backup creado: ambulante.json.backup
2025-08-06 13:15:02,646 - app - INFO - Eliminando backup antiguo: C:\Users\gesti\GESTION COMPARTIDA Dropbox\Departamento Gestion\0001 - Control de Gestion\Desarrollo\app cajas\data\ambulante.json.backup
2025-08-06 13:15:02,658 - app - INFO - Backup creado: bimbo.json.backup
2025-08-06 13:15:02,667 - app - INFO - Eliminando backup antiguo: C:\Users\gesti\GESTION COMPARTIDA Dropbox\Departamento Gestion\0001 - Control de Gestion\Desarrollo\app cajas\data\bimbo.json.backup
2025-08-06 13:15:02,680 - app - INFO - Backup creado: constitucion.json.backup
2025-08-06 13:15:02,692 - app - INFO - Eliminando backup antiguo: C:\Users\gesti\GESTION COMPARTIDA Dropbox\Departamento Gestion\0001 - Control de Gestion\Desarrollo\app cajas\data\constitucion.json.backup
2025-08-06 13:15:02,703 - app - INFO - Backup creado: gastronomia.json.backup
2025-08-06 13:15:02,714 - app - INFO - Eliminando backup antiguo: C:\Users\gesti\GESTION COMPARTIDA Dropbox\Departamento Gestion\0001 - Control de Gestion\Desarrollo\app cajas\data\gastronomia.json.backup
2025-08-06 13:15:02,723 - app - INFO - Backup creado: info_locales.json.backup
2025-08-06 13:15:02,735 - app - INFO - Eliminando backup antiguo: C:\Users\gesti\GESTION COMPARTIDA Dropbox\Departamento Gestion\0001 - Control de Gestion\Desarrollo\app cajas\data\info_locales.json.backup
2025-08-06 13:15:02,746 - app - INFO - Backup creado: kioscos.json.backup
2025-08-06 13:15:02,752 - app - INFO - Eliminando backup antiguo: C:\Users\gesti\GESTION COMPARTIDA Dropbox\Departamento Gestion\0001 - Control de Gestion\Desarrollo\app cajas\data\kioscos.json.backup
2025-08-06 13:15:02,764 - app - INFO - Backup creado: medios_pago.json.backup
2025-08-06 13:15:02,772 - app - INFO - Eliminando backup antiguo: C:\Users\gesti\GESTION COMPARTIDA Dropbox\Departamento Gestion\0001 - Control de Gestion\Desarrollo\app cajas\data\medios_pago.json.backup
2025-08-06 13:15:02,783 - app - INFO - Backup creado: mercadopago.json.backup
2025-08-06 13:15:02,795 - app - INFO - Eliminando backup antiguo: C:\Users\gesti\GESTION COMPARTIDA Dropbox\Departamento Gestion\0001 - Control de Gestion\Desarrollo\app cajas\data\mercadopago.json.backup
2025-08-06 13:15:02,806 - app - INFO - Backup creado: once.json.backup
2025-08-06 13:15:02,815 - app - INFO - Eliminando backup antiguo: C:\Users\gesti\GESTION COMPARTIDA Dropbox\Departamento Gestion\0001 - Control de Gestion\Desarrollo\app cajas\data\once.json.backup
2025-08-06 13:15:02,826 - app - INFO - Backup creado: pagos_no_vinculados.json.backup
2025-08-06 13:15:02,836 - app - INFO - Eliminando backup antiguo: C:\Users\gesti\GESTION COMPARTIDA Dropbox\Departamento Gestion\0001 - Control de Gestion\Desarrollo\app cajas\data\pagos_no_vinculados.json.backup
2025-08-06 13:15:02,848 - app - INFO - Backup creado: pendientes.json.backup
2025-08-06 13:15:02,858 - app - INFO - Eliminando backup antiguo: C:\Users\gesti\GESTION COMPARTIDA Dropbox\Departamento Gestion\0001 - Control de Gestion\Desarrollo\app cajas\data\pendientes.json.backup
2025-08-06 13:15:02,869 - app - INFO - Backup creado: registros.json.backup
2025-08-06 13:15:02,878 - app - INFO - Eliminando backup antiguo: C:\Users\gesti\GESTION COMPARTIDA Dropbox\Departamento Gestion\0001 - Control de Gestion\Desarrollo\app cajas\data\registros.json.backup
2025-08-06 13:15:02,887 - app - INFO - Backup creado: remesas_cajas.json.backup
2025-08-06 13:15:02,897 - app - INFO - Eliminando backup antiguo: C:\Users\gesti\GESTION COMPARTIDA Dropbox\Departamento Gestion\0001 - Control de Gestion\Desarrollo\app cajas\data\remesas_cajas.json.backup
2025-08-06 13:15:02,903 - app - INFO - Backup creado: resumenes.json.backup
2025-08-06 13:15:02,915 - app - INFO - Eliminando backup antiguo: C:\Users\gesti\GESTION COMPARTIDA Dropbox\Departamento Gestion\0001 - Control de Gestion\Desarrollo\app cajas\data\resumenes.json.backup
2025-08-06 13:15:02,927 - app - INFO - Backup creado: retiro.json.backup
2025-08-06 13:15:02,934 - app - INFO - Eliminando backup antiguo: C:\Users\gesti\GESTION COMPARTIDA Dropbox\Departamento Gestion\0001 - Control de Gestion\Desarrollo\app cajas\data\retiro.json.backup
2025-08-06 13:15:02,944 - app - INFO - Backup creado: stock.json.backup
2025-08-06 13:15:02,951 - app - INFO - Eliminando backup antiguo: C:\Users\gesti\GESTION COMPARTIDA Dropbox\Departamento Gestion\0001 - Control de Gestion\Desarrollo\app cajas\data\stock.json.backup
2025-08-06 13:15:02,963 - app - INFO - Backup creado: system_config.json.backup
2025-08-06 13:15:02,971 - app - INFO - Eliminando backup antiguo: C:\Users\gesti\GESTION COMPARTIDA Dropbox\Departamento Gestion\0001 - Control de Gestion\Desarrollo\app cajas\data\system_config.json.backup
2025-08-06 13:15:02,982 - app - INFO - Backup creado: tba.json.backup
2025-08-06 13:15:02,988 - app - INFO - Eliminando backup antiguo: C:\Users\gesti\GESTION COMPARTIDA Dropbox\Departamento Gestion\0001 - Control de Gestion\Desarrollo\app cajas\data\tba.json.backup
2025-08-06 13:15:02,995 - app - INFO - Backup creado: users.json.backup
2025-08-06 13:15:03,005 - app - INFO - Eliminando backup antiguo: C:\Users\gesti\GESTION COMPARTIDA Dropbox\Departamento Gestion\0001 - Control de Gestion\Desarrollo\app cajas\data\users.json.backup
2025-08-06 13:15:03,011 - app - INFO - Backup creado: ventas.json.backup
2025-08-06 13:15:03,023 - app - INFO - Eliminando backup antiguo: C:\Users\gesti\GESTION COMPARTIDA Dropbox\Departamento Gestion\0001 - Control de Gestion\Desarrollo\app cajas\data\ventas.json.backup
2025-08-06 13:15:03,034 - app - INFO - Backup creado: zona_sur.json.backup
2025-08-06 13:15:03,043 - app - INFO - Eliminando backup antiguo: C:\Users\gesti\GESTION COMPARTIDA Dropbox\Departamento Gestion\0001 - Control de Gestion\Desarrollo\app cajas\data\zona_sur.json.backup
2025-08-06 13:15:03,044 - app - INFO - Backup automático completado. 21 archivos respaldados.
2025-08-06 13:15:03,045 - app - INFO - Sistema de backup automático iniciado. Próximo backup en 6 horas.
2025-08-06 13:15:03,221 - waitress - INFO - Serving on http://[::1]:443
2025-08-06 13:15:03,222 - waitress - INFO - Serving on http://127.0.0.1:443
2025-08-06 13:15:07,363 - mysql.connector - INFO - package: mysql.connector.plugins
2025-08-06 13:15:07,364 - mysql.connector - INFO - plugin_name: caching_sha2_password
2025-08-06 13:15:07,371 - mysql.connector - INFO - AUTHENTICATION_PLUGIN_CLASS: MySQLCachingSHA2PasswordAuthPlugin
2025-08-07 08:30:49,235 - apscheduler.scheduler - INFO - Scheduler has been shut down
