2025-10-06 10:00:54,680 - apscheduler.scheduler - INFO - Adding job tentatively -- it will be properly scheduled when the scheduler starts
2025-10-06 10:00:54,688 - apscheduler.scheduler - INFO - Added job "Backup automático de archivos JSON" to job store "default"
2025-10-06 10:00:54,690 - apscheduler.scheduler - INFO - Scheduler started
2025-10-06 10:00:54,692 - app - INFO - Iniciando backup automático de archivos JSON...
2025-10-06 10:00:54,710 - app - INFO - Backup creado: ambulante.json.backup
2025-10-06 10:00:54,715 - app - INFO - Eliminando backup antiguo: C:\Users\gesti\GESTION COMPARTIDA Dropbox\Departamento Gestion\0001 - Control de Gestion (1)\Desarrollo\app cajas\data\ambulante.json.backup
2025-10-06 10:00:54,721 - app - INFO - Backup creado: bimbo.json.backup
2025-10-06 10:00:54,730 - app - INFO - Eliminando backup antiguo: C:\Users\gesti\GESTION COMPARTIDA Dropbox\Departamento Gestion\0001 - Control de Gestion (1)\Desarrollo\app cajas\data\bimbo.json.backup
2025-10-06 10:00:54,737 - app - INFO - Backup creado: constitucion.json.backup
2025-10-06 10:00:54,741 - app - INFO - Eliminando backup antiguo: C:\Users\gesti\GESTION COMPARTIDA Dropbox\Departamento Gestion\0001 - Control de Gestion (1)\Desarrollo\app cajas\data\constitucion.json.backup
2025-10-06 10:00:54,751 - app - INFO - Backup creado: gastronomia.json.backup
2025-10-06 10:00:54,755 - app - INFO - Eliminando backup antiguo: C:\Users\gesti\GESTION COMPARTIDA Dropbox\Departamento Gestion\0001 - Control de Gestion (1)\Desarrollo\app cajas\data\gastronomia.json.backup
2025-10-06 10:00:54,760 - app - INFO - Backup creado: info_locales.json.backup
2025-10-06 10:00:54,765 - app - INFO - Eliminando backup antiguo: C:\Users\gesti\GESTION COMPARTIDA Dropbox\Departamento Gestion\0001 - Control de Gestion (1)\Desarrollo\app cajas\data\info_locales.json.backup
2025-10-06 10:00:54,773 - app - INFO - Backup creado: kioscos.json.backup
2025-10-06 10:00:54,778 - app - INFO - Eliminando backup antiguo: C:\Users\gesti\GESTION COMPARTIDA Dropbox\Departamento Gestion\0001 - Control de Gestion (1)\Desarrollo\app cajas\data\kioscos.json.backup
2025-10-06 10:00:54,793 - app - INFO - Backup creado: medios_pago.json.backup
2025-10-06 10:00:54,799 - app - INFO - Eliminando backup antiguo: C:\Users\gesti\GESTION COMPARTIDA Dropbox\Departamento Gestion\0001 - Control de Gestion (1)\Desarrollo\app cajas\data\medios_pago.json.backup
2025-10-06 10:00:54,806 - app - INFO - Backup creado: mercadopago.json.backup
2025-10-06 10:00:54,810 - app - INFO - Eliminando backup antiguo: C:\Users\gesti\GESTION COMPARTIDA Dropbox\Departamento Gestion\0001 - Control de Gestion (1)\Desarrollo\app cajas\data\mercadopago.json.backup
2025-10-06 10:00:54,818 - app - INFO - Backup creado: once.json.backup
2025-10-06 10:00:54,823 - app - INFO - Eliminando backup antiguo: C:\Users\gesti\GESTION COMPARTIDA Dropbox\Departamento Gestion\0001 - Control de Gestion (1)\Desarrollo\app cajas\data\once.json.backup
2025-10-06 10:00:54,837 - app - INFO - Backup creado: pagos_no_vinculados.json.backup
2025-10-06 10:00:54,843 - app - INFO - Eliminando backup antiguo: C:\Users\gesti\GESTION COMPARTIDA Dropbox\Departamento Gestion\0001 - Control de Gestion (1)\Desarrollo\app cajas\data\pagos_no_vinculados.json.backup
2025-10-06 10:00:54,852 - app - INFO - Backup creado: pendientes.json.backup
2025-10-06 10:00:54,857 - app - INFO - Eliminando backup antiguo: C:\Users\gesti\GESTION COMPARTIDA Dropbox\Departamento Gestion\0001 - Control de Gestion (1)\Desarrollo\app cajas\data\pendientes.json.backup
2025-10-06 10:00:54,864 - app - INFO - Backup creado: registros.json.backup
2025-10-06 10:00:54,870 - app - INFO - Eliminando backup antiguo: C:\Users\gesti\GESTION COMPARTIDA Dropbox\Departamento Gestion\0001 - Control de Gestion (1)\Desarrollo\app cajas\data\registros.json.backup
2025-10-06 10:00:54,876 - app - INFO - Backup creado: remesas_cajas.json.backup
2025-10-06 10:00:54,885 - app - INFO - Eliminando backup antiguo: C:\Users\gesti\GESTION COMPARTIDA Dropbox\Departamento Gestion\0001 - Control de Gestion (1)\Desarrollo\app cajas\data\remesas_cajas.json.backup
2025-10-06 10:00:54,892 - app - INFO - Backup creado: resumenes.json.backup
2025-10-06 10:00:54,902 - app - INFO - Eliminando backup antiguo: C:\Users\gesti\GESTION COMPARTIDA Dropbox\Departamento Gestion\0001 - Control de Gestion (1)\Desarrollo\app cajas\data\resumenes.json.backup
2025-10-06 10:00:54,909 - app - INFO - Backup creado: retiro.json.backup
2025-10-06 10:00:54,914 - app - INFO - Eliminando backup antiguo: C:\Users\gesti\GESTION COMPARTIDA Dropbox\Departamento Gestion\0001 - Control de Gestion (1)\Desarrollo\app cajas\data\retiro.json.backup
2025-10-06 10:00:54,929 - app - INFO - Backup creado: stock.json.backup
2025-10-06 10:00:54,933 - app - INFO - Eliminando backup antiguo: C:\Users\gesti\GESTION COMPARTIDA Dropbox\Departamento Gestion\0001 - Control de Gestion (1)\Desarrollo\app cajas\data\stock.json.backup
2025-10-06 10:00:54,941 - app - INFO - Backup creado: system_config.json.backup
2025-10-06 10:00:54,947 - app - INFO - Eliminando backup antiguo: C:\Users\gesti\GESTION COMPARTIDA Dropbox\Departamento Gestion\0001 - Control de Gestion (1)\Desarrollo\app cajas\data\system_config.json.backup
2025-10-06 10:00:54,959 - app - INFO - Backup creado: tba.json.backup
2025-10-06 10:00:54,964 - app - INFO - Eliminando backup antiguo: C:\Users\gesti\GESTION COMPARTIDA Dropbox\Departamento Gestion\0001 - Control de Gestion (1)\Desarrollo\app cajas\data\tba.json.backup
2025-10-06 10:00:54,968 - app - INFO - Backup creado: users.json.backup
2025-10-06 10:00:54,980 - app - INFO - Eliminando backup antiguo: C:\Users\gesti\GESTION COMPARTIDA Dropbox\Departamento Gestion\0001 - Control de Gestion (1)\Desarrollo\app cajas\data\users.json.backup
2025-10-06 10:00:54,985 - app - INFO - Backup creado: ventas.json.backup
2025-10-06 10:00:54,994 - app - INFO - Eliminando backup antiguo: C:\Users\gesti\GESTION COMPARTIDA Dropbox\Departamento Gestion\0001 - Control de Gestion (1)\Desarrollo\app cajas\data\ventas.json.backup
2025-10-06 10:00:55,002 - app - INFO - Backup creado: zona_sur.json.backup
2025-10-06 10:00:55,007 - app - INFO - Eliminando backup antiguo: C:\Users\gesti\GESTION COMPARTIDA Dropbox\Departamento Gestion\0001 - Control de Gestion (1)\Desarrollo\app cajas\data\zona_sur.json.backup
2025-10-06 10:00:55,008 - app - INFO - Backup automático completado. 21 archivos respaldados.
2025-10-06 10:00:55,009 - app - INFO - Sistema de backup automático iniciado. Próximo backup en 6 horas.
2025-10-06 10:00:55,127 - waitress - INFO - Serving on http://[::1]:443
2025-10-06 10:00:55,128 - waitress - INFO - Serving on http://127.0.0.1:443
2025-10-06 10:00:58,039 - mysql.connector - INFO - package: mysql.connector.plugins
2025-10-06 10:00:58,040 - mysql.connector - INFO - plugin_name: caching_sha2_password
2025-10-06 10:00:58,045 - mysql.connector - INFO - AUTHENTICATION_PLUGIN_CLASS: MySQLCachingSHA2PasswordAuthPlugin
2025-10-06 10:29:40,025 - apscheduler.scheduler - INFO - Scheduler has been shut down
2025-10-06 10:31:03,954 - apscheduler.scheduler - INFO - Adding job tentatively -- it will be properly scheduled when the scheduler starts
2025-10-06 10:31:03,957 - apscheduler.scheduler - INFO - Added job "Backup automático de archivos JSON" to job store "default"
2025-10-06 10:31:03,958 - apscheduler.scheduler - INFO - Scheduler started
2025-10-06 10:31:03,959 - app - INFO - Iniciando backup automático de archivos JSON...
2025-10-06 10:31:03,966 - app - INFO - Backup creado: ambulante.json.backup
2025-10-06 10:31:03,968 - app - INFO - Eliminando backup antiguo: C:\Users\gesti\GESTION COMPARTIDA Dropbox\Departamento Gestion\0001 - Control de Gestion (1)\Desarrollo\app cajas\data\ambulante.json.backup
2025-10-06 10:31:03,972 - app - INFO - Backup creado: bimbo.json.backup
2025-10-06 10:31:03,978 - app - INFO - Eliminando backup antiguo: C:\Users\gesti\GESTION COMPARTIDA Dropbox\Departamento Gestion\0001 - Control de Gestion (1)\Desarrollo\app cajas\data\bimbo.json.backup
2025-10-06 10:31:03,984 - app - INFO - Backup creado: constitucion.json.backup
2025-10-06 10:31:03,988 - app - INFO - Eliminando backup antiguo: C:\Users\gesti\GESTION COMPARTIDA Dropbox\Departamento Gestion\0001 - Control de Gestion (1)\Desarrollo\app cajas\data\constitucion.json.backup
2025-10-06 10:31:03,993 - app - INFO - Backup creado: gastronomia.json.backup
2025-10-06 10:31:03,997 - app - INFO - Eliminando backup antiguo: C:\Users\gesti\GESTION COMPARTIDA Dropbox\Departamento Gestion\0001 - Control de Gestion (1)\Desarrollo\app cajas\data\gastronomia.json.backup
2025-10-06 10:31:04,001 - app - INFO - Backup creado: info_locales.json.backup
2025-10-06 10:31:04,004 - app - INFO - Eliminando backup antiguo: C:\Users\gesti\GESTION COMPARTIDA Dropbox\Departamento Gestion\0001 - Control de Gestion (1)\Desarrollo\app cajas\data\info_locales.json.backup
2025-10-06 10:31:04,009 - app - INFO - Backup creado: kioscos.json.backup
2025-10-06 10:31:04,012 - app - INFO - Eliminando backup antiguo: C:\Users\gesti\GESTION COMPARTIDA Dropbox\Departamento Gestion\0001 - Control de Gestion (1)\Desarrollo\app cajas\data\kioscos.json.backup
2025-10-06 10:31:04,018 - app - INFO - Backup creado: medios_pago.json.backup
2025-10-06 10:31:04,020 - app - INFO - Eliminando backup antiguo: C:\Users\gesti\GESTION COMPARTIDA Dropbox\Departamento Gestion\0001 - Control de Gestion (1)\Desarrollo\app cajas\data\medios_pago.json.backup
2025-10-06 10:31:04,025 - app - INFO - Backup creado: mercadopago.json.backup
2025-10-06 10:31:04,028 - app - INFO - Eliminando backup antiguo: C:\Users\gesti\GESTION COMPARTIDA Dropbox\Departamento Gestion\0001 - Control de Gestion (1)\Desarrollo\app cajas\data\mercadopago.json.backup
2025-10-06 10:31:04,033 - app - INFO - Backup creado: once.json.backup
2025-10-06 10:31:04,036 - app - INFO - Eliminando backup antiguo: C:\Users\gesti\GESTION COMPARTIDA Dropbox\Departamento Gestion\0001 - Control de Gestion (1)\Desarrollo\app cajas\data\once.json.backup
2025-10-06 10:31:04,041 - app - INFO - Backup creado: pagos_no_vinculados.json.backup
2025-10-06 10:31:04,045 - app - INFO - Eliminando backup antiguo: C:\Users\gesti\GESTION COMPARTIDA Dropbox\Departamento Gestion\0001 - Control de Gestion (1)\Desarrollo\app cajas\data\pagos_no_vinculados.json.backup
2025-10-06 10:31:04,050 - app - INFO - Backup creado: pendientes.json.backup
2025-10-06 10:31:04,053 - app - INFO - Eliminando backup antiguo: C:\Users\gesti\GESTION COMPARTIDA Dropbox\Departamento Gestion\0001 - Control de Gestion (1)\Desarrollo\app cajas\data\pendientes.json.backup
2025-10-06 10:31:04,060 - app - INFO - Backup creado: registros.json.backup
2025-10-06 10:31:04,063 - app - INFO - Eliminando backup antiguo: C:\Users\gesti\GESTION COMPARTIDA Dropbox\Departamento Gestion\0001 - Control de Gestion (1)\Desarrollo\app cajas\data\registros.json.backup
2025-10-06 10:31:04,068 - app - INFO - Backup creado: remesas_cajas.json.backup
2025-10-06 10:31:04,072 - app - INFO - Eliminando backup antiguo: C:\Users\gesti\GESTION COMPARTIDA Dropbox\Departamento Gestion\0001 - Control de Gestion (1)\Desarrollo\app cajas\data\remesas_cajas.json.backup
2025-10-06 10:31:04,074 - app - INFO - Backup creado: resumenes.json.backup
2025-10-06 10:31:04,082 - app - INFO - Eliminando backup antiguo: C:\Users\gesti\GESTION COMPARTIDA Dropbox\Departamento Gestion\0001 - Control de Gestion (1)\Desarrollo\app cajas\data\resumenes.json.backup
2025-10-06 10:31:04,089 - app - INFO - Backup creado: retiro.json.backup
2025-10-06 10:31:04,092 - app - INFO - Eliminando backup antiguo: C:\Users\gesti\GESTION COMPARTIDA Dropbox\Departamento Gestion\0001 - Control de Gestion (1)\Desarrollo\app cajas\data\retiro.json.backup
2025-10-06 10:31:04,099 - app - INFO - Backup creado: stock.json.backup
2025-10-06 10:31:04,103 - app - INFO - Eliminando backup antiguo: C:\Users\gesti\GESTION COMPARTIDA Dropbox\Departamento Gestion\0001 - Control de Gestion (1)\Desarrollo\app cajas\data\stock.json.backup
2025-10-06 10:31:04,108 - app - INFO - Backup creado: system_config.json.backup
2025-10-06 10:31:04,111 - app - INFO - Eliminando backup antiguo: C:\Users\gesti\GESTION COMPARTIDA Dropbox\Departamento Gestion\0001 - Control de Gestion (1)\Desarrollo\app cajas\data\system_config.json.backup
2025-10-06 10:31:04,116 - app - INFO - Backup creado: tba.json.backup
2025-10-06 10:31:04,120 - app - INFO - Eliminando backup antiguo: C:\Users\gesti\GESTION COMPARTIDA Dropbox\Departamento Gestion\0001 - Control de Gestion (1)\Desarrollo\app cajas\data\tba.json.backup
2025-10-06 10:31:04,122 - app - INFO - Backup creado: users.json.backup
2025-10-06 10:31:04,128 - app - INFO - Eliminando backup antiguo: C:\Users\gesti\GESTION COMPARTIDA Dropbox\Departamento Gestion\0001 - Control de Gestion (1)\Desarrollo\app cajas\data\users.json.backup
2025-10-06 10:31:04,132 - app - INFO - Backup creado: ventas.json.backup
2025-10-06 10:31:04,137 - app - INFO - Eliminando backup antiguo: C:\Users\gesti\GESTION COMPARTIDA Dropbox\Departamento Gestion\0001 - Control de Gestion (1)\Desarrollo\app cajas\data\ventas.json.backup
2025-10-06 10:31:04,142 - app - INFO - Backup creado: zona_sur.json.backup
2025-10-06 10:31:04,145 - app - INFO - Eliminando backup antiguo: C:\Users\gesti\GESTION COMPARTIDA Dropbox\Departamento Gestion\0001 - Control de Gestion (1)\Desarrollo\app cajas\data\zona_sur.json.backup
2025-10-06 10:31:04,145 - app - INFO - Backup automático completado. 21 archivos respaldados.
2025-10-06 10:31:04,146 - app - INFO - Sistema de backup automático iniciado. Próximo backup en 6 horas.
2025-10-06 10:31:04,221 - waitress - INFO - Serving on http://[::1]:443
2025-10-06 10:31:04,221 - waitress - INFO - Serving on http://127.0.0.1:443
2025-10-06 10:31:06,657 - mysql.connector - INFO - package: mysql.connector.plugins
2025-10-06 10:31:06,658 - mysql.connector - INFO - plugin_name: caching_sha2_password
2025-10-06 10:31:06,661 - mysql.connector - INFO - AUTHENTICATION_PLUGIN_CLASS: MySQLCachingSHA2PasswordAuthPlugin
2025-10-06 11:27:45,762 - apscheduler.scheduler - INFO - Scheduler has been shut down
2025-10-06 11:27:55,690 - apscheduler.scheduler - INFO - Adding job tentatively -- it will be properly scheduled when the scheduler starts
2025-10-06 11:27:55,697 - apscheduler.scheduler - INFO - Added job "Backup automático de archivos JSON" to job store "default"
2025-10-06 11:27:55,698 - apscheduler.scheduler - INFO - Scheduler started
2025-10-06 11:27:55,700 - app - INFO - Iniciando backup automático de archivos JSON...
2025-10-06 11:27:55,713 - app - INFO - Backup creado: ambulante.json.backup
2025-10-06 11:27:55,719 - app - INFO - Eliminando backup antiguo: C:\Users\gesti\GESTION COMPARTIDA Dropbox\Departamento Gestion\0001 - Control de Gestion (1)\Desarrollo\app cajas\data\ambulante.json.backup
2025-10-06 11:27:55,725 - app - INFO - Backup creado: bimbo.json.backup
2025-10-06 11:27:55,734 - app - INFO - Eliminando backup antiguo: C:\Users\gesti\GESTION COMPARTIDA Dropbox\Departamento Gestion\0001 - Control de Gestion (1)\Desarrollo\app cajas\data\bimbo.json.backup
2025-10-06 11:27:55,756 - app - INFO - Backup creado: constitucion.json.backup
2025-10-06 11:27:55,762 - app - INFO - Eliminando backup antiguo: C:\Users\gesti\GESTION COMPARTIDA Dropbox\Departamento Gestion\0001 - Control de Gestion (1)\Desarrollo\app cajas\data\constitucion.json.backup
2025-10-06 11:27:55,772 - app - INFO - Backup creado: gastronomia.json.backup
2025-10-06 11:27:55,779 - app - INFO - Eliminando backup antiguo: C:\Users\gesti\GESTION COMPARTIDA Dropbox\Departamento Gestion\0001 - Control de Gestion (1)\Desarrollo\app cajas\data\gastronomia.json.backup
2025-10-06 11:27:55,787 - app - INFO - Backup creado: info_locales.json.backup
2025-10-06 11:27:55,796 - app - INFO - Eliminando backup antiguo: C:\Users\gesti\GESTION COMPARTIDA Dropbox\Departamento Gestion\0001 - Control de Gestion (1)\Desarrollo\app cajas\data\info_locales.json.backup
2025-10-06 11:27:55,805 - app - INFO - Backup creado: kioscos.json.backup
2025-10-06 11:27:55,816 - app - INFO - Eliminando backup antiguo: C:\Users\gesti\GESTION COMPARTIDA Dropbox\Departamento Gestion\0001 - Control de Gestion (1)\Desarrollo\app cajas\data\kioscos.json.backup
2025-10-06 11:27:55,828 - app - INFO - Backup creado: medios_pago.json.backup
2025-10-06 11:27:55,835 - app - INFO - Eliminando backup antiguo: C:\Users\gesti\GESTION COMPARTIDA Dropbox\Departamento Gestion\0001 - Control de Gestion (1)\Desarrollo\app cajas\data\medios_pago.json.backup
2025-10-06 11:27:55,844 - app - INFO - Backup creado: mercadopago.json.backup
2025-10-06 11:27:55,849 - app - INFO - Eliminando backup antiguo: C:\Users\gesti\GESTION COMPARTIDA Dropbox\Departamento Gestion\0001 - Control de Gestion (1)\Desarrollo\app cajas\data\mercadopago.json.backup
2025-10-06 11:27:55,858 - app - INFO - Backup creado: once.json.backup
2025-10-06 11:27:55,863 - app - INFO - Eliminando backup antiguo: C:\Users\gesti\GESTION COMPARTIDA Dropbox\Departamento Gestion\0001 - Control de Gestion (1)\Desarrollo\app cajas\data\once.json.backup
2025-10-06 11:27:55,874 - app - INFO - Backup creado: pagos_no_vinculados.json.backup
2025-10-06 11:27:55,879 - app - INFO - Eliminando backup antiguo: C:\Users\gesti\GESTION COMPARTIDA Dropbox\Departamento Gestion\0001 - Control de Gestion (1)\Desarrollo\app cajas\data\pagos_no_vinculados.json.backup
2025-10-06 11:27:55,918 - app - INFO - Backup creado: pendientes.json.backup
2025-10-06 11:27:55,924 - app - INFO - Eliminando backup antiguo: C:\Users\gesti\GESTION COMPARTIDA Dropbox\Departamento Gestion\0001 - Control de Gestion (1)\Desarrollo\app cajas\data\pendientes.json.backup
2025-10-06 11:27:55,950 - app - INFO - Backup creado: registros.json.backup
2025-10-06 11:27:55,968 - app - INFO - Eliminando backup antiguo: C:\Users\gesti\GESTION COMPARTIDA Dropbox\Departamento Gestion\0001 - Control de Gestion (1)\Desarrollo\app cajas\data\registros.json.backup
2025-10-06 11:27:55,989 - app - INFO - Backup creado: remesas_cajas.json.backup
2025-10-06 11:27:56,002 - app - INFO - Eliminando backup antiguo: C:\Users\gesti\GESTION COMPARTIDA Dropbox\Departamento Gestion\0001 - Control de Gestion (1)\Desarrollo\app cajas\data\remesas_cajas.json.backup
2025-10-06 11:27:56,011 - app - INFO - Backup creado: resumenes.json.backup
2025-10-06 11:27:56,027 - app - INFO - Eliminando backup antiguo: C:\Users\gesti\GESTION COMPARTIDA Dropbox\Departamento Gestion\0001 - Control de Gestion (1)\Desarrollo\app cajas\data\resumenes.json.backup
2025-10-06 11:27:56,037 - app - INFO - Backup creado: retiro.json.backup
2025-10-06 11:27:56,042 - app - INFO - Eliminando backup antiguo: C:\Users\gesti\GESTION COMPARTIDA Dropbox\Departamento Gestion\0001 - Control de Gestion (1)\Desarrollo\app cajas\data\retiro.json.backup
2025-10-06 11:27:56,054 - app - INFO - Backup creado: stock.json.backup
2025-10-06 11:27:56,062 - app - INFO - Eliminando backup antiguo: C:\Users\gesti\GESTION COMPARTIDA Dropbox\Departamento Gestion\0001 - Control de Gestion (1)\Desarrollo\app cajas\data\stock.json.backup
2025-10-06 11:27:56,075 - app - INFO - Backup creado: system_config.json.backup
2025-10-06 11:27:56,081 - app - INFO - Eliminando backup antiguo: C:\Users\gesti\GESTION COMPARTIDA Dropbox\Departamento Gestion\0001 - Control de Gestion (1)\Desarrollo\app cajas\data\system_config.json.backup
2025-10-06 11:27:56,092 - app - INFO - Backup creado: tba.json.backup
2025-10-06 11:27:56,097 - app - INFO - Eliminando backup antiguo: C:\Users\gesti\GESTION COMPARTIDA Dropbox\Departamento Gestion\0001 - Control de Gestion (1)\Desarrollo\app cajas\data\tba.json.backup
2025-10-06 11:27:56,101 - app - INFO - Backup creado: users.json.backup
2025-10-06 11:27:56,111 - app - INFO - Eliminando backup antiguo: C:\Users\gesti\GESTION COMPARTIDA Dropbox\Departamento Gestion\0001 - Control de Gestion (1)\Desarrollo\app cajas\data\users.json.backup
2025-10-06 11:27:56,119 - app - INFO - Backup creado: ventas.json.backup
2025-10-06 11:27:56,128 - app - INFO - Eliminando backup antiguo: C:\Users\gesti\GESTION COMPARTIDA Dropbox\Departamento Gestion\0001 - Control de Gestion (1)\Desarrollo\app cajas\data\ventas.json.backup
2025-10-06 11:27:56,143 - app - INFO - Backup creado: zona_sur.json.backup
2025-10-06 11:27:56,152 - app - INFO - Eliminando backup antiguo: C:\Users\gesti\GESTION COMPARTIDA Dropbox\Departamento Gestion\0001 - Control de Gestion (1)\Desarrollo\app cajas\data\zona_sur.json.backup
2025-10-06 11:27:56,153 - app - INFO - Backup automático completado. 21 archivos respaldados.
2025-10-06 11:27:56,155 - app - INFO - Sistema de backup automático iniciado. Próximo backup en 6 horas.
2025-10-06 11:27:56,271 - waitress - INFO - Serving on http://[::1]:443
2025-10-06 11:27:56,272 - waitress - INFO - Serving on http://127.0.0.1:443
2025-10-06 11:28:01,228 - mysql.connector - INFO - package: mysql.connector.plugins
2025-10-06 11:28:01,229 - mysql.connector - INFO - plugin_name: caching_sha2_password
2025-10-06 11:28:01,239 - mysql.connector - INFO - AUTHENTICATION_PLUGIN_CLASS: MySQLCachingSHA2PasswordAuthPlugin
2025-10-06 17:27:57,919 - apscheduler.executors.default - WARNING - Run time of job "Backup automático de archivos JSON (trigger: interval[6:00:00], next run at: 2025-10-06 23:27:55 -03)" was missed by 0:00:02.221444
