2025-07-12 20:08:16,551 - apscheduler.scheduler - INFO - Adding job tentatively -- it will be properly scheduled when the scheduler starts
2025-07-12 20:08:16,551 - apscheduler.scheduler - INFO - Added job "Backup automático de archivos JSON" to job store "default"
2025-07-12 20:08:16,551 - apscheduler.scheduler - INFO - Scheduler started
2025-07-12 20:08:16,551 - app - INFO - Iniciando backup automático de archivos JSON...
2025-07-12 20:08:16,583 - app - INFO - Backup creado: ambulante.json.backup
2025-07-12 20:08:16,585 - app - INFO - Eliminando backup antiguo: c:\Users\PROPIETARIO\Downloads\01.Proyectos\circle\data\ambulante.json.backup
2025-07-12 20:08:16,602 - app - INFO - Backup creado: bimbo.json.backup
2025-07-12 20:08:16,605 - app - INFO - Eliminando backup antiguo: c:\Users\PROPIETARIO\Downloads\01.Proyectos\circle\data\bimbo.json.backup
2025-07-12 20:08:16,624 - app - INFO - Backup creado: constitucion.json.backup
2025-07-12 20:08:16,630 - app - INFO - Eliminando backup antiguo: c:\Users\PROPIETARIO\Downloads\01.Proyectos\circle\data\constitucion.json.backup
2025-07-12 20:08:16,651 - app - INFO - Backup creado: gastronomia.json.backup
2025-07-12 20:08:16,658 - app - INFO - Eliminando backup antiguo: c:\Users\PROPIETARIO\Downloads\01.Proyectos\circle\data\gastronomia.json.backup
2025-07-12 20:08:16,674 - app - INFO - Backup creado: kioscos.json.backup
2025-07-12 20:08:16,680 - app - INFO - Eliminando backup antiguo: c:\Users\PROPIETARIO\Downloads\01.Proyectos\circle\data\kioscos.json.backup
2025-07-12 20:08:16,685 - app - INFO - Backup creado: mercadopago.json.backup
2025-07-12 20:08:16,695 - app - INFO - Eliminando backup antiguo: c:\Users\PROPIETARIO\Downloads\01.Proyectos\circle\data\mercadopago.json.backup
2025-07-12 20:08:16,706 - app - INFO - Backup creado: once.json.backup
2025-07-12 20:08:16,712 - app - INFO - Eliminando backup antiguo: c:\Users\PROPIETARIO\Downloads\01.Proyectos\circle\data\once.json.backup
2025-07-12 20:08:16,729 - app - INFO - Backup creado: pagos_no_vinculados.json.backup
2025-07-12 20:08:16,732 - app - INFO - Eliminando backup antiguo: c:\Users\PROPIETARIO\Downloads\01.Proyectos\circle\data\pagos_no_vinculados.json.backup
2025-07-12 20:08:16,745 - app - INFO - Backup creado: pendientes.json.backup
2025-07-12 20:08:16,752 - app - INFO - Eliminando backup antiguo: c:\Users\PROPIETARIO\Downloads\01.Proyectos\circle\data\pendientes.json.backup
2025-07-12 20:08:16,754 - app - INFO - Backup creado: registros.json.backup
2025-07-12 20:08:16,773 - app - INFO - Eliminando backup antiguo: c:\Users\PROPIETARIO\Downloads\01.Proyectos\circle\data\registros.json.backup
2025-07-12 20:08:16,786 - app - INFO - Backup creado: retiro.json.backup
2025-07-12 20:08:16,793 - app - INFO - Eliminando backup antiguo: c:\Users\PROPIETARIO\Downloads\01.Proyectos\circle\data\retiro.json.backup
2025-07-12 20:08:16,808 - app - INFO - Backup creado: stock.json.backup
2025-07-12 20:08:16,819 - app - INFO - Eliminando backup antiguo: c:\Users\PROPIETARIO\Downloads\01.Proyectos\circle\data\stock.json.backup
2025-07-12 20:08:16,831 - app - INFO - Backup creado: system_config.json.backup
2025-07-12 20:08:16,831 - app - INFO - Eliminando backup antiguo: c:\Users\PROPIETARIO\Downloads\01.Proyectos\circle\data\system_config.json.backup
2025-07-12 20:08:16,849 - app - INFO - Backup creado: tba.json.backup
2025-07-12 20:08:16,857 - app - INFO - Eliminando backup antiguo: c:\Users\PROPIETARIO\Downloads\01.Proyectos\circle\data\tba.json.backup
2025-07-12 20:08:16,861 - app - INFO - Backup creado: users.json.backup
2025-07-12 20:08:16,864 - app - INFO - Eliminando backup antiguo: c:\Users\PROPIETARIO\Downloads\01.Proyectos\circle\data\users.json.backup
2025-07-12 20:08:16,884 - app - INFO - Backup creado: ventas.json.backup
2025-07-12 20:08:16,885 - app - INFO - Eliminando backup antiguo: c:\Users\PROPIETARIO\Downloads\01.Proyectos\circle\data\ventas.json.backup.1
2025-07-12 20:08:16,908 - app - INFO - Backup creado: zona_sur.json.backup
2025-07-12 20:08:16,909 - app - INFO - Eliminando backup antiguo: c:\Users\PROPIETARIO\Downloads\01.Proyectos\circle\data\zona_sur.json.backup
2025-07-12 20:08:16,909 - app - INFO - Backup automático completado. 17 archivos respaldados.
2025-07-12 20:08:16,909 - app - INFO - Sistema de backup automático iniciado. Próximo backup en 6 horas.
2025-07-12 20:08:16,958 - waitress - INFO - Serving on http://[::1]:443
2025-07-12 20:08:16,958 - waitress - INFO - Serving on http://127.0.0.1:443
2025-07-12 21:34:26,193 - apscheduler.scheduler - INFO - Scheduler has been shut down
