2025-07-11 10:42:56,284 - apscheduler.scheduler - INFO - Adding job tentatively -- it will be properly scheduled when the scheduler starts
2025-07-11 10:42:56,303 - apscheduler.scheduler - INFO - Added job "Backup automático de archivos JSON" to job store "default"
2025-07-11 10:42:56,303 - apscheduler.scheduler - INFO - Scheduler started
2025-07-11 10:42:56,305 - app - INFO - Iniciando backup automático de archivos JSON...
2025-07-11 10:42:56,324 - app - INFO - Backup creado: ambulante.json.backup
2025-07-11 10:42:56,351 - app - INFO - Eliminando backup antiguo: c:\Users\PROPIETARIO\Downloads\01.Proyectos\circle\data\ambulante.json.backup
2025-07-11 10:42:56,381 - app - INFO - Backup creado: bimbo.json.backup
2025-07-11 10:42:56,388 - app - INFO - Eliminando backup antiguo: c:\Users\PROPIETARIO\Downloads\01.Proyectos\circle\data\bimbo.json.backup
2025-07-11 10:42:56,413 - app - INFO - Backup creado: constitucion.json.backup
2025-07-11 10:42:56,426 - app - INFO - Eliminando backup antiguo: c:\Users\PROPIETARIO\Downloads\01.Proyectos\circle\data\constitucion.json.backup
2025-07-11 10:42:56,443 - app - INFO - Backup creado: gastronomia.json.backup
2025-07-11 10:42:56,446 - app - INFO - Eliminando backup antiguo: c:\Users\PROPIETARIO\Downloads\01.Proyectos\circle\data\gastronomia.json.backup
2025-07-11 10:42:56,462 - app - INFO - Backup creado: kioscos.json.backup
2025-07-11 10:42:56,463 - app - INFO - Eliminando backup antiguo: c:\Users\PROPIETARIO\Downloads\01.Proyectos\circle\data\kioscos.json.backup
2025-07-11 10:42:56,479 - app - INFO - Backup creado: once.json.backup
2025-07-11 10:42:56,489 - app - INFO - Eliminando backup antiguo: c:\Users\PROPIETARIO\Downloads\01.Proyectos\circle\data\once.json.backup
2025-07-11 10:42:56,499 - app - INFO - Backup creado: pagos_no_vinculados.json.backup
2025-07-11 10:42:56,508 - app - INFO - Eliminando backup antiguo: c:\Users\PROPIETARIO\Downloads\01.Proyectos\circle\data\pagos_no_vinculados.json.backup
2025-07-11 10:42:56,513 - app - INFO - Backup creado: pendientes.json.backup
2025-07-11 10:42:56,527 - app - INFO - Eliminando backup antiguo: c:\Users\PROPIETARIO\Downloads\01.Proyectos\circle\data\pendientes.json.backup
2025-07-11 10:42:56,529 - app - INFO - Backup creado: registros.json.backup
2025-07-11 10:42:56,544 - app - INFO - Eliminando backup antiguo: c:\Users\PROPIETARIO\Downloads\01.Proyectos\circle\data\registros.json.backup
2025-07-11 10:42:56,548 - app - INFO - Backup creado: retiro.json.backup
2025-07-11 10:42:56,563 - app - INFO - Eliminando backup antiguo: c:\Users\PROPIETARIO\Downloads\01.Proyectos\circle\data\retiro.json.backup
2025-07-11 10:42:56,583 - app - INFO - Backup creado: stock.json.backup
2025-07-11 10:42:56,586 - app - INFO - Eliminando backup antiguo: c:\Users\PROPIETARIO\Downloads\01.Proyectos\circle\data\stock.json.backup
2025-07-11 10:42:56,599 - app - INFO - Backup creado: system_config.json.backup
2025-07-11 10:42:56,599 - app - INFO - Eliminando backup antiguo: c:\Users\PROPIETARIO\Downloads\01.Proyectos\circle\data\system_config.json.backup
2025-07-11 10:42:56,613 - app - INFO - Backup creado: tba.json.backup
2025-07-11 10:42:56,624 - app - INFO - Eliminando backup antiguo: c:\Users\PROPIETARIO\Downloads\01.Proyectos\circle\data\tba.json.backup
2025-07-11 10:42:56,628 - app - INFO - Backup creado: users.json.backup.122
2025-07-11 10:42:56,629 - app - INFO - Eliminando backup antiguo: c:\Users\PROPIETARIO\Downloads\01.Proyectos\circle\data\users.json.backup.118
2025-07-11 10:42:56,646 - app - INFO - Backup creado: zona_sur.json.backup
2025-07-11 10:42:56,655 - app - INFO - Eliminando backup antiguo: c:\Users\PROPIETARIO\Downloads\01.Proyectos\circle\data\zona_sur.json.backup
2025-07-11 10:42:56,656 - app - INFO - Backup automático completado. 15 archivos respaldados.
2025-07-11 10:42:56,656 - app - INFO - Sistema de backup automático iniciado. Próximo backup en 6 horas.
2025-07-11 10:42:56,693 - waitress - INFO - Serving on http://[::1]:443
2025-07-11 10:42:56,694 - waitress - INFO - Serving on http://127.0.0.1:443
2025-07-11 11:03:17,779 - apscheduler.scheduler - INFO - Scheduler has been shut down
2025-07-11 11:03:22,846 - apscheduler.scheduler - INFO - Adding job tentatively -- it will be properly scheduled when the scheduler starts
2025-07-11 11:03:22,857 - apscheduler.scheduler - INFO - Added job "Backup automático de archivos JSON" to job store "default"
2025-07-11 11:03:22,857 - apscheduler.scheduler - INFO - Scheduler started
2025-07-11 11:03:22,858 - app - INFO - Iniciando backup automático de archivos JSON...
2025-07-11 11:03:22,861 - app - INFO - Backup creado: ambulante.json.backup
2025-07-11 11:03:22,865 - app - INFO - Eliminando backup antiguo: c:\Users\PROPIETARIO\Downloads\01.Proyectos\circle\data\ambulante.json.backup
2025-07-11 11:03:22,869 - app - INFO - Backup creado: bimbo.json.backup
2025-07-11 11:03:22,875 - app - INFO - Eliminando backup antiguo: c:\Users\PROPIETARIO\Downloads\01.Proyectos\circle\data\bimbo.json.backup
2025-07-11 11:03:22,879 - app - INFO - Backup creado: constitucion.json.backup
2025-07-11 11:03:22,883 - app - INFO - Eliminando backup antiguo: c:\Users\PROPIETARIO\Downloads\01.Proyectos\circle\data\constitucion.json.backup
2025-07-11 11:03:22,891 - app - INFO - Backup creado: gastronomia.json.backup
2025-07-11 11:03:22,893 - app - INFO - Eliminando backup antiguo: c:\Users\PROPIETARIO\Downloads\01.Proyectos\circle\data\gastronomia.json.backup
2025-07-11 11:03:22,898 - app - INFO - Backup creado: kioscos.json.backup
2025-07-11 11:03:22,900 - app - INFO - Eliminando backup antiguo: c:\Users\PROPIETARIO\Downloads\01.Proyectos\circle\data\kioscos.json.backup
2025-07-11 11:03:22,902 - app - INFO - Backup creado: mercadopago.json.backup
2025-07-11 11:03:22,905 - app - INFO - Backup creado: once.json.backup
2025-07-11 11:03:22,907 - app - INFO - Eliminando backup antiguo: c:\Users\PROPIETARIO\Downloads\01.Proyectos\circle\data\once.json.backup
2025-07-11 11:03:22,909 - app - INFO - Backup creado: pagos_no_vinculados.json.backup
2025-07-11 11:03:22,912 - app - INFO - Eliminando backup antiguo: c:\Users\PROPIETARIO\Downloads\01.Proyectos\circle\data\pagos_no_vinculados.json.backup
2025-07-11 11:03:22,917 - app - INFO - Backup creado: pendientes.json.backup
2025-07-11 11:03:22,918 - app - INFO - Eliminando backup antiguo: c:\Users\PROPIETARIO\Downloads\01.Proyectos\circle\data\pendientes.json.backup
2025-07-11 11:03:22,920 - app - INFO - Backup creado: registros.json.backup
2025-07-11 11:03:22,922 - app - INFO - Eliminando backup antiguo: c:\Users\PROPIETARIO\Downloads\01.Proyectos\circle\data\registros.json.backup
2025-07-11 11:03:22,924 - app - INFO - Backup creado: retiro.json.backup
2025-07-11 11:03:22,926 - app - INFO - Eliminando backup antiguo: c:\Users\PROPIETARIO\Downloads\01.Proyectos\circle\data\retiro.json.backup
2025-07-11 11:03:22,931 - app - INFO - Backup creado: stock.json.backup
2025-07-11 11:03:22,933 - app - INFO - Eliminando backup antiguo: c:\Users\PROPIETARIO\Downloads\01.Proyectos\circle\data\stock.json.backup
2025-07-11 11:03:22,937 - app - INFO - Backup creado: system_config.json.backup
2025-07-11 11:03:22,939 - app - INFO - Eliminando backup antiguo: c:\Users\PROPIETARIO\Downloads\01.Proyectos\circle\data\system_config.json.backup
2025-07-11 11:03:22,940 - app - INFO - Backup creado: tba.json.backup
2025-07-11 11:03:22,944 - app - INFO - Eliminando backup antiguo: c:\Users\PROPIETARIO\Downloads\01.Proyectos\circle\data\tba.json.backup
2025-07-11 11:03:22,950 - app - INFO - Backup creado: users.json.backup.123
2025-07-11 11:03:22,955 - app - INFO - Eliminando backup antiguo: c:\Users\PROPIETARIO\Downloads\01.Proyectos\circle\data\users.json.backup.119
2025-07-11 11:03:22,957 - app - INFO - Backup creado: ventas.json.backup
2025-07-11 11:03:22,961 - app - INFO - Backup creado: zona_sur.json.backup
2025-07-11 11:03:22,966 - app - INFO - Eliminando backup antiguo: c:\Users\PROPIETARIO\Downloads\01.Proyectos\circle\data\zona_sur.json.backup
2025-07-11 11:03:22,967 - app - INFO - Backup automático completado. 17 archivos respaldados.
2025-07-11 11:03:22,967 - app - INFO - Sistema de backup automático iniciado. Próximo backup en 6 horas.
2025-07-11 11:03:22,996 - waitress - INFO - Serving on http://[::1]:443
2025-07-11 11:03:22,998 - waitress - INFO - Serving on http://127.0.0.1:443
2025-07-11 11:04:50,638 - apscheduler.scheduler - INFO - Scheduler has been shut down
2025-07-11 11:04:54,699 - apscheduler.scheduler - INFO - Adding job tentatively -- it will be properly scheduled when the scheduler starts
2025-07-11 11:04:54,709 - apscheduler.scheduler - INFO - Added job "Backup automático de archivos JSON" to job store "default"
2025-07-11 11:04:54,709 - apscheduler.scheduler - INFO - Scheduler started
2025-07-11 11:04:54,710 - app - INFO - Iniciando backup automático de archivos JSON...
2025-07-11 11:04:54,713 - app - INFO - Backup creado: ambulante.json.backup
2025-07-11 11:04:54,716 - app - INFO - Eliminando backup antiguo: c:\Users\PROPIETARIO\Downloads\01.Proyectos\circle\data\ambulante.json.backup
2025-07-11 11:04:54,720 - app - INFO - Backup creado: bimbo.json.backup
2025-07-11 11:04:54,724 - app - INFO - Eliminando backup antiguo: c:\Users\PROPIETARIO\Downloads\01.Proyectos\circle\data\bimbo.json.backup
2025-07-11 11:04:54,727 - app - INFO - Backup creado: constitucion.json.backup
2025-07-11 11:04:54,727 - app - INFO - Eliminando backup antiguo: c:\Users\PROPIETARIO\Downloads\01.Proyectos\circle\data\constitucion.json.backup
2025-07-11 11:04:54,733 - app - INFO - Backup creado: gastronomia.json.backup
2025-07-11 11:04:54,737 - app - INFO - Eliminando backup antiguo: c:\Users\PROPIETARIO\Downloads\01.Proyectos\circle\data\gastronomia.json.backup
2025-07-11 11:04:54,740 - app - INFO - Backup creado: kioscos.json.backup
2025-07-11 11:04:54,742 - app - INFO - Eliminando backup antiguo: c:\Users\PROPIETARIO\Downloads\01.Proyectos\circle\data\kioscos.json.backup
2025-07-11 11:04:54,746 - app - INFO - Backup creado: mercadopago.json.backup.1
2025-07-11 11:04:54,749 - app - INFO - Backup creado: once.json.backup
2025-07-11 11:04:54,754 - app - INFO - Eliminando backup antiguo: c:\Users\PROPIETARIO\Downloads\01.Proyectos\circle\data\once.json.backup
2025-07-11 11:04:54,756 - app - INFO - Backup creado: pagos_no_vinculados.json.backup
2025-07-11 11:04:54,759 - app - INFO - Eliminando backup antiguo: c:\Users\PROPIETARIO\Downloads\01.Proyectos\circle\data\pagos_no_vinculados.json.backup
2025-07-11 11:04:54,761 - app - INFO - Backup creado: pendientes.json.backup
2025-07-11 11:04:54,763 - app - INFO - Eliminando backup antiguo: c:\Users\PROPIETARIO\Downloads\01.Proyectos\circle\data\pendientes.json.backup
2025-07-11 11:04:54,766 - app - INFO - Backup creado: registros.json.backup
2025-07-11 11:04:54,770 - app - INFO - Eliminando backup antiguo: c:\Users\PROPIETARIO\Downloads\01.Proyectos\circle\data\registros.json.backup
2025-07-11 11:04:54,772 - app - INFO - Backup creado: retiro.json.backup
2025-07-11 11:04:54,775 - app - INFO - Eliminando backup antiguo: c:\Users\PROPIETARIO\Downloads\01.Proyectos\circle\data\retiro.json.backup
2025-07-11 11:04:54,776 - app - INFO - Backup creado: stock.json.backup
2025-07-11 11:04:54,776 - app - INFO - Eliminando backup antiguo: c:\Users\PROPIETARIO\Downloads\01.Proyectos\circle\data\stock.json.backup
2025-07-11 11:04:54,776 - app - INFO - Backup creado: system_config.json.backup
2025-07-11 11:04:54,786 - app - INFO - Eliminando backup antiguo: c:\Users\PROPIETARIO\Downloads\01.Proyectos\circle\data\system_config.json.backup
2025-07-11 11:04:54,789 - app - INFO - Backup creado: tba.json.backup
2025-07-11 11:04:54,790 - app - INFO - Eliminando backup antiguo: c:\Users\PROPIETARIO\Downloads\01.Proyectos\circle\data\tba.json.backup
2025-07-11 11:04:54,794 - app - INFO - Backup creado: users.json.backup.124
2025-07-11 11:04:54,796 - app - INFO - Eliminando backup antiguo: c:\Users\PROPIETARIO\Downloads\01.Proyectos\circle\data\users.json.backup.120
2025-07-11 11:04:54,800 - app - INFO - Backup creado: ventas.json.backup.1
2025-07-11 11:04:54,805 - app - INFO - Backup creado: zona_sur.json.backup
2025-07-11 11:04:54,807 - app - INFO - Eliminando backup antiguo: c:\Users\PROPIETARIO\Downloads\01.Proyectos\circle\data\zona_sur.json.backup
2025-07-11 11:04:54,808 - app - INFO - Backup automático completado. 17 archivos respaldados.
2025-07-11 11:04:54,808 - app - INFO - Sistema de backup automático iniciado. Próximo backup en 6 horas.
2025-07-11 11:04:54,839 - waitress - INFO - Serving on http://[::1]:443
2025-07-11 11:04:54,839 - waitress - INFO - Serving on http://127.0.0.1:443
2025-07-11 11:05:51,439 - apscheduler.scheduler - INFO - Scheduler has been shut down
2025-07-11 11:05:56,912 - apscheduler.scheduler - INFO - Adding job tentatively -- it will be properly scheduled when the scheduler starts
2025-07-11 11:05:56,922 - apscheduler.scheduler - INFO - Added job "Backup automático de archivos JSON" to job store "default"
2025-07-11 11:05:56,923 - apscheduler.scheduler - INFO - Scheduler started
2025-07-11 11:05:56,924 - app - INFO - Iniciando backup automático de archivos JSON...
2025-07-11 11:05:56,928 - app - INFO - Backup creado: ambulante.json.backup
2025-07-11 11:05:56,931 - app - INFO - Eliminando backup antiguo: c:\Users\PROPIETARIO\Downloads\01.Proyectos\circle\data\ambulante.json.backup
2025-07-11 11:05:56,934 - app - INFO - Backup creado: bimbo.json.backup
2025-07-11 11:05:56,936 - app - INFO - Eliminando backup antiguo: c:\Users\PROPIETARIO\Downloads\01.Proyectos\circle\data\bimbo.json.backup
2025-07-11 11:05:56,940 - app - INFO - Backup creado: constitucion.json.backup
2025-07-11 11:05:56,942 - app - INFO - Eliminando backup antiguo: c:\Users\PROPIETARIO\Downloads\01.Proyectos\circle\data\constitucion.json.backup
2025-07-11 11:05:56,946 - app - INFO - Backup creado: gastronomia.json.backup
2025-07-11 11:05:56,951 - app - INFO - Eliminando backup antiguo: c:\Users\PROPIETARIO\Downloads\01.Proyectos\circle\data\gastronomia.json.backup
2025-07-11 11:05:56,954 - app - INFO - Backup creado: kioscos.json.backup
2025-07-11 11:05:56,956 - app - INFO - Eliminando backup antiguo: c:\Users\PROPIETARIO\Downloads\01.Proyectos\circle\data\kioscos.json.backup
2025-07-11 11:05:56,958 - app - INFO - Backup creado: mercadopago.json.backup.2
2025-07-11 11:05:56,963 - app - INFO - Backup creado: once.json.backup
2025-07-11 11:05:56,969 - app - INFO - Eliminando backup antiguo: c:\Users\PROPIETARIO\Downloads\01.Proyectos\circle\data\once.json.backup
2025-07-11 11:05:56,971 - app - INFO - Backup creado: pagos_no_vinculados.json.backup
2025-07-11 11:05:56,973 - app - INFO - Eliminando backup antiguo: c:\Users\PROPIETARIO\Downloads\01.Proyectos\circle\data\pagos_no_vinculados.json.backup
2025-07-11 11:05:56,973 - app - INFO - Backup creado: pendientes.json.backup
2025-07-11 11:05:56,973 - app - INFO - Eliminando backup antiguo: c:\Users\PROPIETARIO\Downloads\01.Proyectos\circle\data\pendientes.json.backup
2025-07-11 11:05:56,982 - app - INFO - Backup creado: registros.json.backup
2025-07-11 11:05:56,985 - app - INFO - Eliminando backup antiguo: c:\Users\PROPIETARIO\Downloads\01.Proyectos\circle\data\registros.json.backup
2025-07-11 11:05:56,987 - app - INFO - Backup creado: retiro.json.backup
2025-07-11 11:05:56,990 - app - INFO - Eliminando backup antiguo: c:\Users\PROPIETARIO\Downloads\01.Proyectos\circle\data\retiro.json.backup
2025-07-11 11:05:56,992 - app - INFO - Backup creado: stock.json.backup
2025-07-11 11:05:56,994 - app - INFO - Eliminando backup antiguo: c:\Users\PROPIETARIO\Downloads\01.Proyectos\circle\data\stock.json.backup
2025-07-11 11:05:56,995 - app - INFO - Backup creado: system_config.json.backup
2025-07-11 11:05:57,000 - app - INFO - Eliminando backup antiguo: c:\Users\PROPIETARIO\Downloads\01.Proyectos\circle\data\system_config.json.backup
2025-07-11 11:05:57,002 - app - INFO - Backup creado: tba.json.backup
2025-07-11 11:05:57,004 - app - INFO - Eliminando backup antiguo: c:\Users\PROPIETARIO\Downloads\01.Proyectos\circle\data\tba.json.backup
2025-07-11 11:05:57,009 - app - INFO - Backup creado: users.json.backup.125
2025-07-11 11:05:57,012 - app - INFO - Eliminando backup antiguo: c:\Users\PROPIETARIO\Downloads\01.Proyectos\circle\data\users.json.backup.121
2025-07-11 11:05:57,016 - app - INFO - Backup creado: ventas.json.backup.2
2025-07-11 11:05:57,019 - app - INFO - Backup creado: zona_sur.json.backup
2025-07-11 11:05:57,022 - app - INFO - Eliminando backup antiguo: c:\Users\PROPIETARIO\Downloads\01.Proyectos\circle\data\zona_sur.json.backup
2025-07-11 11:05:57,023 - app - INFO - Backup automático completado. 17 archivos respaldados.
2025-07-11 11:05:57,023 - app - INFO - Sistema de backup automático iniciado. Próximo backup en 6 horas.
2025-07-11 11:05:57,052 - waitress - INFO - Serving on http://[::1]:443
2025-07-11 11:05:57,053 - waitress - INFO - Serving on http://127.0.0.1:443
2025-07-11 11:06:54,283 - apscheduler.scheduler - INFO - Scheduler has been shut down
2025-07-11 11:06:59,954 - apscheduler.scheduler - INFO - Adding job tentatively -- it will be properly scheduled when the scheduler starts
2025-07-11 11:06:59,969 - apscheduler.scheduler - INFO - Added job "Backup automático de archivos JSON" to job store "default"
2025-07-11 11:06:59,971 - apscheduler.scheduler - INFO - Scheduler started
2025-07-11 11:06:59,972 - app - INFO - Iniciando backup automático de archivos JSON...
2025-07-11 11:06:59,976 - app - INFO - Backup creado: ambulante.json.backup
2025-07-11 11:06:59,980 - app - INFO - Eliminando backup antiguo: c:\Users\PROPIETARIO\Downloads\01.Proyectos\circle\data\ambulante.json.backup
2025-07-11 11:06:59,985 - app - INFO - Backup creado: bimbo.json.backup
2025-07-11 11:06:59,987 - app - INFO - Eliminando backup antiguo: c:\Users\PROPIETARIO\Downloads\01.Proyectos\circle\data\bimbo.json.backup
2025-07-11 11:06:59,989 - app - INFO - Backup creado: constitucion.json.backup
2025-07-11 11:06:59,991 - app - INFO - Eliminando backup antiguo: c:\Users\PROPIETARIO\Downloads\01.Proyectos\circle\data\constitucion.json.backup
2025-07-11 11:06:59,992 - app - INFO - Backup creado: gastronomia.json.backup
2025-07-11 11:06:59,995 - app - INFO - Eliminando backup antiguo: c:\Users\PROPIETARIO\Downloads\01.Proyectos\circle\data\gastronomia.json.backup
2025-07-11 11:07:00,001 - app - INFO - Backup creado: kioscos.json.backup
2025-07-11 11:07:00,004 - app - INFO - Eliminando backup antiguo: c:\Users\PROPIETARIO\Downloads\01.Proyectos\circle\data\kioscos.json.backup
2025-07-11 11:07:00,020 - app - INFO - Backup creado: mercadopago.json.backup.3
2025-07-11 11:07:00,125 - app - INFO - Backup creado: once.json.backup
2025-07-11 11:07:00,128 - app - INFO - Eliminando backup antiguo: c:\Users\PROPIETARIO\Downloads\01.Proyectos\circle\data\once.json.backup
2025-07-11 11:07:00,131 - app - INFO - Backup creado: pagos_no_vinculados.json.backup
2025-07-11 11:07:00,134 - app - INFO - Eliminando backup antiguo: c:\Users\PROPIETARIO\Downloads\01.Proyectos\circle\data\pagos_no_vinculados.json.backup
2025-07-11 11:07:00,138 - app - INFO - Backup creado: pendientes.json.backup
2025-07-11 11:07:00,149 - app - INFO - Eliminando backup antiguo: c:\Users\PROPIETARIO\Downloads\01.Proyectos\circle\data\pendientes.json.backup
2025-07-11 11:07:00,172 - app - INFO - Backup creado: registros.json.backup
2025-07-11 11:07:00,174 - app - INFO - Eliminando backup antiguo: c:\Users\PROPIETARIO\Downloads\01.Proyectos\circle\data\registros.json.backup
2025-07-11 11:07:00,177 - app - INFO - Backup creado: retiro.json.backup
2025-07-11 11:07:00,180 - app - INFO - Eliminando backup antiguo: c:\Users\PROPIETARIO\Downloads\01.Proyectos\circle\data\retiro.json.backup
2025-07-11 11:07:00,183 - app - INFO - Backup creado: stock.json.backup
2025-07-11 11:07:00,186 - app - INFO - Eliminando backup antiguo: c:\Users\PROPIETARIO\Downloads\01.Proyectos\circle\data\stock.json.backup
2025-07-11 11:07:00,188 - app - INFO - Backup creado: system_config.json.backup
2025-07-11 11:07:00,190 - app - INFO - Eliminando backup antiguo: c:\Users\PROPIETARIO\Downloads\01.Proyectos\circle\data\system_config.json.backup
2025-07-11 11:07:00,192 - app - INFO - Backup creado: tba.json.backup
2025-07-11 11:07:00,194 - app - INFO - Eliminando backup antiguo: c:\Users\PROPIETARIO\Downloads\01.Proyectos\circle\data\tba.json.backup
2025-07-11 11:07:00,200 - app - INFO - Backup creado: users.json.backup.126
2025-07-11 11:07:00,202 - app - INFO - Eliminando backup antiguo: c:\Users\PROPIETARIO\Downloads\01.Proyectos\circle\data\users.json.backup
2025-07-11 11:07:00,204 - app - INFO - Backup creado: ventas.json.backup.3
2025-07-11 11:07:00,204 - app - INFO - Backup creado: zona_sur.json.backup
2025-07-11 11:07:00,213 - app - INFO - Eliminando backup antiguo: c:\Users\PROPIETARIO\Downloads\01.Proyectos\circle\data\zona_sur.json.backup
2025-07-11 11:07:00,214 - app - INFO - Backup automático completado. 17 archivos respaldados.
2025-07-11 11:07:00,214 - app - INFO - Sistema de backup automático iniciado. Próximo backup en 6 horas.
2025-07-11 11:07:00,247 - waitress - INFO - Serving on http://[::1]:443
2025-07-11 11:07:00,248 - waitress - INFO - Serving on http://127.0.0.1:443
2025-07-11 11:11:29,019 - apscheduler.scheduler - INFO - Scheduler has been shut down
2025-07-11 11:11:33,255 - apscheduler.scheduler - INFO - Adding job tentatively -- it will be properly scheduled when the scheduler starts
2025-07-11 11:11:33,264 - apscheduler.scheduler - INFO - Added job "Backup automático de archivos JSON" to job store "default"
2025-07-11 11:11:33,265 - apscheduler.scheduler - INFO - Scheduler started
2025-07-11 11:11:33,267 - app - INFO - Iniciando backup automático de archivos JSON...
2025-07-11 11:11:33,271 - app - INFO - Backup creado: ambulante.json.backup
2025-07-11 11:11:33,274 - app - INFO - Eliminando backup antiguo: c:\Users\PROPIETARIO\Downloads\01.Proyectos\circle\data\ambulante.json.backup
2025-07-11 11:11:33,277 - app - INFO - Backup creado: bimbo.json.backup
2025-07-11 11:11:33,281 - app - INFO - Eliminando backup antiguo: c:\Users\PROPIETARIO\Downloads\01.Proyectos\circle\data\bimbo.json.backup
2025-07-11 11:11:33,283 - app - INFO - Backup creado: constitucion.json.backup
2025-07-11 11:11:33,286 - app - INFO - Eliminando backup antiguo: c:\Users\PROPIETARIO\Downloads\01.Proyectos\circle\data\constitucion.json.backup
2025-07-11 11:11:33,288 - app - INFO - Backup creado: gastronomia.json.backup
2025-07-11 11:11:33,290 - app - INFO - Eliminando backup antiguo: c:\Users\PROPIETARIO\Downloads\01.Proyectos\circle\data\gastronomia.json.backup
2025-07-11 11:11:33,295 - app - INFO - Backup creado: kioscos.json.backup
2025-07-11 11:11:33,299 - app - INFO - Eliminando backup antiguo: c:\Users\PROPIETARIO\Downloads\01.Proyectos\circle\data\kioscos.json.backup
2025-07-11 11:11:33,302 - app - INFO - Backup creado: mercadopago.json.backup.4
2025-07-11 11:11:33,303 - app - INFO - Backup creado: once.json.backup
2025-07-11 11:11:33,307 - app - INFO - Eliminando backup antiguo: c:\Users\PROPIETARIO\Downloads\01.Proyectos\circle\data\once.json.backup
2025-07-11 11:11:33,311 - app - INFO - Backup creado: pagos_no_vinculados.json.backup
2025-07-11 11:11:33,314 - app - INFO - Eliminando backup antiguo: c:\Users\PROPIETARIO\Downloads\01.Proyectos\circle\data\pagos_no_vinculados.json.backup
2025-07-11 11:11:33,318 - app - INFO - Backup creado: pendientes.json.backup
2025-07-11 11:11:33,319 - app - INFO - Eliminando backup antiguo: c:\Users\PROPIETARIO\Downloads\01.Proyectos\circle\data\pendientes.json.backup
2025-07-11 11:11:33,321 - app - INFO - Backup creado: registros.json.backup
2025-07-11 11:11:33,325 - app - INFO - Eliminando backup antiguo: c:\Users\PROPIETARIO\Downloads\01.Proyectos\circle\data\registros.json.backup
2025-07-11 11:11:33,328 - app - INFO - Backup creado: retiro.json.backup
2025-07-11 11:11:33,329 - app - INFO - Eliminando backup antiguo: c:\Users\PROPIETARIO\Downloads\01.Proyectos\circle\data\retiro.json.backup
2025-07-11 11:11:33,332 - app - INFO - Backup creado: stock.json.backup
2025-07-11 11:11:33,334 - app - INFO - Eliminando backup antiguo: c:\Users\PROPIETARIO\Downloads\01.Proyectos\circle\data\stock.json.backup
2025-07-11 11:11:33,336 - app - INFO - Backup creado: system_config.json.backup
2025-07-11 11:11:33,336 - app - INFO - Eliminando backup antiguo: c:\Users\PROPIETARIO\Downloads\01.Proyectos\circle\data\system_config.json.backup
2025-07-11 11:11:33,342 - app - INFO - Backup creado: tba.json.backup
2025-07-11 11:11:33,344 - app - INFO - Eliminando backup antiguo: c:\Users\PROPIETARIO\Downloads\01.Proyectos\circle\data\tba.json.backup
2025-07-11 11:11:33,347 - app - INFO - Backup creado: users.json.backup
2025-07-11 11:11:33,352 - app - INFO - Eliminando backup antiguo: c:\Users\PROPIETARIO\Downloads\01.Proyectos\circle\data\users.json.backup.122
2025-07-11 11:11:33,353 - app - INFO - Backup creado: ventas.json.backup.4
2025-07-11 11:11:33,362 - app - INFO - Backup creado: zona_sur.json.backup
2025-07-11 11:11:33,364 - app - INFO - Eliminando backup antiguo: c:\Users\PROPIETARIO\Downloads\01.Proyectos\circle\data\zona_sur.json.backup
2025-07-11 11:11:33,364 - app - INFO - Backup automático completado. 17 archivos respaldados.
2025-07-11 11:11:33,364 - app - INFO - Sistema de backup automático iniciado. Próximo backup en 6 horas.
2025-07-11 11:11:33,395 - waitress - INFO - Serving on http://[::1]:443
2025-07-11 11:11:33,395 - waitress - INFO - Serving on http://127.0.0.1:443
2025-07-11 12:02:11,251 - apscheduler.scheduler - INFO - Scheduler has been shut down
2025-07-11 12:02:23,004 - apscheduler.scheduler - INFO - Adding job tentatively -- it will be properly scheduled when the scheduler starts
2025-07-11 12:02:23,007 - apscheduler.scheduler - INFO - Added job "Backup automático de archivos JSON" to job store "default"
2025-07-11 12:02:23,008 - apscheduler.scheduler - INFO - Scheduler started
2025-07-11 12:02:23,009 - app - INFO - Iniciando backup automático de archivos JSON...
2025-07-11 12:02:23,024 - app - INFO - Backup creado: ambulante.json.backup
2025-07-11 12:02:23,027 - app - INFO - Eliminando backup antiguo: c:\Users\PROPIETARIO\Downloads\01.Proyectos\circle\data\ambulante.json.backup
2025-07-11 12:02:23,032 - app - INFO - Backup creado: bimbo.json.backup
2025-07-11 12:02:23,034 - app - INFO - Eliminando backup antiguo: c:\Users\PROPIETARIO\Downloads\01.Proyectos\circle\data\bimbo.json.backup
2025-07-11 12:02:23,039 - app - INFO - Backup creado: constitucion.json.backup
2025-07-11 12:02:23,042 - app - INFO - Eliminando backup antiguo: c:\Users\PROPIETARIO\Downloads\01.Proyectos\circle\data\constitucion.json.backup
2025-07-11 12:02:23,048 - app - INFO - Backup creado: gastronomia.json.backup
2025-07-11 12:02:23,050 - app - INFO - Eliminando backup antiguo: c:\Users\PROPIETARIO\Downloads\01.Proyectos\circle\data\gastronomia.json.backup
2025-07-11 12:02:23,055 - app - INFO - Backup creado: kioscos.json.backup
2025-07-11 12:02:23,057 - app - INFO - Eliminando backup antiguo: c:\Users\PROPIETARIO\Downloads\01.Proyectos\circle\data\kioscos.json.backup
2025-07-11 12:02:23,063 - app - INFO - Backup creado: mercadopago.json.backup.5
2025-07-11 12:02:23,066 - app - INFO - Eliminando backup antiguo: c:\Users\PROPIETARIO\Downloads\01.Proyectos\circle\data\mercadopago.json.backup
2025-07-11 12:02:23,072 - app - INFO - Backup creado: once.json.backup
2025-07-11 12:02:23,074 - app - INFO - Eliminando backup antiguo: c:\Users\PROPIETARIO\Downloads\01.Proyectos\circle\data\once.json.backup
2025-07-11 12:02:23,081 - app - INFO - Backup creado: pagos_no_vinculados.json.backup
2025-07-11 12:02:23,082 - app - INFO - Eliminando backup antiguo: c:\Users\PROPIETARIO\Downloads\01.Proyectos\circle\data\pagos_no_vinculados.json.backup
2025-07-11 12:02:23,088 - app - INFO - Backup creado: pendientes.json.backup
2025-07-11 12:02:23,090 - app - INFO - Eliminando backup antiguo: c:\Users\PROPIETARIO\Downloads\01.Proyectos\circle\data\pendientes.json.backup
2025-07-11 12:02:23,108 - app - INFO - Backup creado: registros.json.backup
2025-07-11 12:02:23,111 - app - INFO - Eliminando backup antiguo: c:\Users\PROPIETARIO\Downloads\01.Proyectos\circle\data\registros.json.backup
2025-07-11 12:02:23,111 - app - INFO - Backup creado: retiro.json.backup
2025-07-11 12:02:23,111 - app - INFO - Eliminando backup antiguo: c:\Users\PROPIETARIO\Downloads\01.Proyectos\circle\data\retiro.json.backup
2025-07-11 12:02:23,126 - app - INFO - Backup creado: stock.json.backup
2025-07-11 12:02:23,134 - app - INFO - Eliminando backup antiguo: c:\Users\PROPIETARIO\Downloads\01.Proyectos\circle\data\stock.json.backup
2025-07-11 12:02:23,138 - app - INFO - Backup creado: system_config.json.backup
2025-07-11 12:02:23,140 - app - INFO - Eliminando backup antiguo: c:\Users\PROPIETARIO\Downloads\01.Proyectos\circle\data\system_config.json.backup
2025-07-11 12:02:23,157 - app - INFO - Backup creado: tba.json.backup
2025-07-11 12:02:23,158 - app - INFO - Eliminando backup antiguo: c:\Users\PROPIETARIO\Downloads\01.Proyectos\circle\data\tba.json.backup
2025-07-11 12:02:23,163 - app - INFO - Backup creado: users.json.backup.127
2025-07-11 12:02:23,166 - app - INFO - Eliminando backup antiguo: c:\Users\PROPIETARIO\Downloads\01.Proyectos\circle\data\users.json.backup
2025-07-11 12:02:23,171 - app - INFO - Backup creado: ventas.json.backup.5
2025-07-11 12:02:23,174 - app - INFO - Eliminando backup antiguo: c:\Users\PROPIETARIO\Downloads\01.Proyectos\circle\data\ventas.json.backup
2025-07-11 12:02:23,191 - app - INFO - Backup creado: zona_sur.json.backup
2025-07-11 12:02:23,196 - app - INFO - Eliminando backup antiguo: c:\Users\PROPIETARIO\Downloads\01.Proyectos\circle\data\zona_sur.json.backup
2025-07-11 12:02:23,196 - app - INFO - Backup automático completado. 17 archivos respaldados.
2025-07-11 12:02:23,196 - app - INFO - Sistema de backup automático iniciado. Próximo backup en 6 horas.
2025-07-11 12:02:23,225 - waitress - INFO - Serving on http://[::1]:443
2025-07-11 12:02:23,225 - waitress - INFO - Serving on http://127.0.0.1:443
2025-07-11 13:26:40,935 - apscheduler.scheduler - INFO - Scheduler has been shut down
