2025-10-09 12:25:17,714 - apscheduler.scheduler - INFO - Adding job tentatively -- it will be properly scheduled when the scheduler starts
2025-10-09 12:25:17,716 - apscheduler.scheduler - INFO - Added job "Backup automático de archivos JSON" to job store "default"
2025-10-09 12:25:17,716 - apscheduler.scheduler - INFO - Scheduler started
2025-10-09 12:25:17,717 - app - INFO - Iniciando backup automático de archivos JSON...
2025-10-09 12:25:17,725 - app - INFO - Backup creado: ambulante.json.backup
2025-10-09 12:25:17,728 - app - INFO - Eliminando backup antiguo: C:\Users\gesti\GESTION COMPARTIDA Dropbox\Departamento Gestion\0001 - Control de Gestion (1)\Desarrollo\app cajas\data\ambulante.json.backup
2025-10-09 12:25:17,731 - app - INFO - Backup creado: bimbo.json.backup
2025-10-09 12:25:17,738 - app - INFO - Eliminando backup antiguo: C:\Users\gesti\GESTION COMPARTIDA Dropbox\Departamento Gestion\0001 - Control de Gestion (1)\Desarrollo\app cajas\data\bimbo.json.backup
2025-10-09 12:25:17,744 - app - INFO - Backup creado: constitucion.json.backup
2025-10-09 12:25:17,747 - app - INFO - Eliminando backup antiguo: C:\Users\gesti\GESTION COMPARTIDA Dropbox\Departamento Gestion\0001 - Control de Gestion (1)\Desarrollo\app cajas\data\constitucion.json.backup
2025-10-09 12:25:17,753 - app - INFO - Backup creado: gastronomia.json.backup
2025-10-09 12:25:17,757 - app - INFO - Eliminando backup antiguo: C:\Users\gesti\GESTION COMPARTIDA Dropbox\Departamento Gestion\0001 - Control de Gestion (1)\Desarrollo\app cajas\data\gastronomia.json.backup
2025-10-09 12:25:17,763 - app - INFO - Backup creado: info_locales.json.backup
2025-10-09 12:25:17,767 - app - INFO - Eliminando backup antiguo: C:\Users\gesti\GESTION COMPARTIDA Dropbox\Departamento Gestion\0001 - Control de Gestion (1)\Desarrollo\app cajas\data\info_locales.json.backup
2025-10-09 12:25:17,775 - app - INFO - Backup creado: kioscos.json.backup
2025-10-09 12:25:17,778 - app - INFO - Eliminando backup antiguo: C:\Users\gesti\GESTION COMPARTIDA Dropbox\Departamento Gestion\0001 - Control de Gestion (1)\Desarrollo\app cajas\data\kioscos.json.backup
2025-10-09 12:25:17,784 - app - INFO - Backup creado: medios_pago.json.backup
2025-10-09 12:25:17,787 - app - INFO - Eliminando backup antiguo: C:\Users\gesti\GESTION COMPARTIDA Dropbox\Departamento Gestion\0001 - Control de Gestion (1)\Desarrollo\app cajas\data\medios_pago.json.backup
2025-10-09 12:25:17,792 - app - INFO - Backup creado: mercadopago.json.backup
2025-10-09 12:25:17,795 - app - INFO - Eliminando backup antiguo: C:\Users\gesti\GESTION COMPARTIDA Dropbox\Departamento Gestion\0001 - Control de Gestion (1)\Desarrollo\app cajas\data\mercadopago.json.backup
2025-10-09 12:25:17,800 - app - INFO - Backup creado: once.json.backup
2025-10-09 12:25:17,804 - app - INFO - Eliminando backup antiguo: C:\Users\gesti\GESTION COMPARTIDA Dropbox\Departamento Gestion\0001 - Control de Gestion (1)\Desarrollo\app cajas\data\once.json.backup
2025-10-09 12:25:17,811 - app - INFO - Backup creado: pagos_no_vinculados.json.backup
2025-10-09 12:25:17,815 - app - INFO - Eliminando backup antiguo: C:\Users\gesti\GESTION COMPARTIDA Dropbox\Departamento Gestion\0001 - Control de Gestion (1)\Desarrollo\app cajas\data\pagos_no_vinculados.json.backup
2025-10-09 12:25:17,821 - app - INFO - Backup creado: pendientes.json.backup
2025-10-09 12:25:17,825 - app - INFO - Eliminando backup antiguo: C:\Users\gesti\GESTION COMPARTIDA Dropbox\Departamento Gestion\0001 - Control de Gestion (1)\Desarrollo\app cajas\data\pendientes.json.backup
2025-10-09 12:25:17,830 - app - INFO - Backup creado: registros.json.backup
2025-10-09 12:25:17,834 - app - INFO - Eliminando backup antiguo: C:\Users\gesti\GESTION COMPARTIDA Dropbox\Departamento Gestion\0001 - Control de Gestion (1)\Desarrollo\app cajas\data\registros.json.backup
2025-10-09 12:25:17,840 - app - INFO - Backup creado: remesas_cajas.json.backup
2025-10-09 12:25:17,843 - app - INFO - Eliminando backup antiguo: C:\Users\gesti\GESTION COMPARTIDA Dropbox\Departamento Gestion\0001 - Control de Gestion (1)\Desarrollo\app cajas\data\remesas_cajas.json.backup
2025-10-09 12:25:17,846 - app - INFO - Backup creado: resumenes.json.backup
2025-10-09 12:25:17,851 - app - INFO - Eliminando backup antiguo: C:\Users\gesti\GESTION COMPARTIDA Dropbox\Departamento Gestion\0001 - Control de Gestion (1)\Desarrollo\app cajas\data\resumenes.json.backup
2025-10-09 12:25:17,858 - app - INFO - Backup creado: retiro.json.backup
2025-10-09 12:25:17,861 - app - INFO - Eliminando backup antiguo: C:\Users\gesti\GESTION COMPARTIDA Dropbox\Departamento Gestion\0001 - Control de Gestion (1)\Desarrollo\app cajas\data\retiro.json.backup
2025-10-09 12:25:17,867 - app - INFO - Backup creado: stock.json.backup
2025-10-09 12:25:17,870 - app - INFO - Eliminando backup antiguo: C:\Users\gesti\GESTION COMPARTIDA Dropbox\Departamento Gestion\0001 - Control de Gestion (1)\Desarrollo\app cajas\data\stock.json.backup
2025-10-09 12:25:17,876 - app - INFO - Backup creado: system_config.json.backup
2025-10-09 12:25:17,879 - app - INFO - Eliminando backup antiguo: C:\Users\gesti\GESTION COMPARTIDA Dropbox\Departamento Gestion\0001 - Control de Gestion (1)\Desarrollo\app cajas\data\system_config.json.backup
2025-10-09 12:25:17,885 - app - INFO - Backup creado: tba.json.backup
2025-10-09 12:25:17,888 - app - INFO - Eliminando backup antiguo: C:\Users\gesti\GESTION COMPARTIDA Dropbox\Departamento Gestion\0001 - Control de Gestion (1)\Desarrollo\app cajas\data\tba.json.backup
2025-10-09 12:25:17,890 - app - INFO - Backup creado: users.json.backup
2025-10-09 12:25:17,896 - app - INFO - Eliminando backup antiguo: C:\Users\gesti\GESTION COMPARTIDA Dropbox\Departamento Gestion\0001 - Control de Gestion (1)\Desarrollo\app cajas\data\users.json.backup
2025-10-09 12:25:17,900 - app - INFO - Backup creado: ventas.json.backup
2025-10-09 12:25:17,905 - app - INFO - Eliminando backup antiguo: C:\Users\gesti\GESTION COMPARTIDA Dropbox\Departamento Gestion\0001 - Control de Gestion (1)\Desarrollo\app cajas\data\ventas.json.backup
2025-10-09 12:25:17,910 - app - INFO - Backup creado: zona_sur.json.backup
2025-10-09 12:25:17,913 - app - INFO - Eliminando backup antiguo: C:\Users\gesti\GESTION COMPARTIDA Dropbox\Departamento Gestion\0001 - Control de Gestion (1)\Desarrollo\app cajas\data\zona_sur.json.backup
2025-10-09 12:25:17,913 - app - INFO - Backup automático completado. 21 archivos respaldados.
2025-10-09 12:25:17,913 - app - INFO - Sistema de backup automático iniciado. Próximo backup en 6 horas.
2025-10-09 12:25:18,020 - waitress - INFO - Serving on http://[::1]:443
2025-10-09 12:25:18,020 - waitress - INFO - Serving on http://127.0.0.1:443
2025-10-09 12:25:26,614 - mysql.connector - INFO - package: mysql.connector.plugins
2025-10-09 12:25:26,614 - mysql.connector - INFO - plugin_name: caching_sha2_password
2025-10-09 12:25:26,618 - mysql.connector - INFO - AUTHENTICATION_PLUGIN_CLASS: MySQLCachingSHA2PasswordAuthPlugin
2025-10-09 13:37:13,390 - apscheduler.scheduler - INFO - Scheduler has been shut down
2025-10-09 13:37:19,501 - apscheduler.scheduler - INFO - Adding job tentatively -- it will be properly scheduled when the scheduler starts
2025-10-09 13:37:19,503 - apscheduler.scheduler - INFO - Added job "Backup automático de archivos JSON" to job store "default"
2025-10-09 13:37:19,504 - apscheduler.scheduler - INFO - Scheduler started
2025-10-09 13:37:19,504 - app - INFO - Iniciando backup automático de archivos JSON...
2025-10-09 13:37:19,510 - app - INFO - Backup creado: ambulante.json.backup
2025-10-09 13:37:19,514 - app - INFO - Eliminando backup antiguo: C:\Users\gesti\GESTION COMPARTIDA Dropbox\Departamento Gestion\0001 - Control de Gestion (1)\Desarrollo\app cajas\data\ambulante.json.backup
2025-10-09 13:37:19,518 - app - INFO - Backup creado: bimbo.json.backup
2025-10-09 13:37:19,524 - app - INFO - Eliminando backup antiguo: C:\Users\gesti\GESTION COMPARTIDA Dropbox\Departamento Gestion\0001 - Control de Gestion (1)\Desarrollo\app cajas\data\bimbo.json.backup
2025-10-09 13:37:19,532 - app - INFO - Backup creado: constitucion.json.backup
2025-10-09 13:37:19,536 - app - INFO - Eliminando backup antiguo: C:\Users\gesti\GESTION COMPARTIDA Dropbox\Departamento Gestion\0001 - Control de Gestion (1)\Desarrollo\app cajas\data\constitucion.json.backup
2025-10-09 13:37:19,542 - app - INFO - Backup creado: gastronomia.json.backup
2025-10-09 13:37:19,545 - app - INFO - Eliminando backup antiguo: C:\Users\gesti\GESTION COMPARTIDA Dropbox\Departamento Gestion\0001 - Control de Gestion (1)\Desarrollo\app cajas\data\gastronomia.json.backup
2025-10-09 13:37:19,550 - app - INFO - Backup creado: info_locales.json.backup
2025-10-09 13:37:19,553 - app - INFO - Eliminando backup antiguo: C:\Users\gesti\GESTION COMPARTIDA Dropbox\Departamento Gestion\0001 - Control de Gestion (1)\Desarrollo\app cajas\data\info_locales.json.backup
2025-10-09 13:37:19,559 - app - INFO - Backup creado: kioscos.json.backup
2025-10-09 13:37:19,561 - app - INFO - Eliminando backup antiguo: C:\Users\gesti\GESTION COMPARTIDA Dropbox\Departamento Gestion\0001 - Control de Gestion (1)\Desarrollo\app cajas\data\kioscos.json.backup
2025-10-09 13:37:19,568 - app - INFO - Backup creado: medios_pago.json.backup
2025-10-09 13:37:19,571 - app - INFO - Eliminando backup antiguo: C:\Users\gesti\GESTION COMPARTIDA Dropbox\Departamento Gestion\0001 - Control de Gestion (1)\Desarrollo\app cajas\data\medios_pago.json.backup
2025-10-09 13:37:19,575 - app - INFO - Backup creado: mercadopago.json.backup
2025-10-09 13:37:19,578 - app - INFO - Eliminando backup antiguo: C:\Users\gesti\GESTION COMPARTIDA Dropbox\Departamento Gestion\0001 - Control de Gestion (1)\Desarrollo\app cajas\data\mercadopago.json.backup
2025-10-09 13:37:19,584 - app - INFO - Backup creado: once.json.backup
2025-10-09 13:37:19,588 - app - INFO - Eliminando backup antiguo: C:\Users\gesti\GESTION COMPARTIDA Dropbox\Departamento Gestion\0001 - Control de Gestion (1)\Desarrollo\app cajas\data\once.json.backup
2025-10-09 13:37:19,594 - app - INFO - Backup creado: pagos_no_vinculados.json.backup
2025-10-09 13:37:19,599 - app - INFO - Eliminando backup antiguo: C:\Users\gesti\GESTION COMPARTIDA Dropbox\Departamento Gestion\0001 - Control de Gestion (1)\Desarrollo\app cajas\data\pagos_no_vinculados.json.backup
2025-10-09 13:37:19,605 - app - INFO - Backup creado: pendientes.json.backup
2025-10-09 13:37:19,608 - app - INFO - Eliminando backup antiguo: C:\Users\gesti\GESTION COMPARTIDA Dropbox\Departamento Gestion\0001 - Control de Gestion (1)\Desarrollo\app cajas\data\pendientes.json.backup
2025-10-09 13:37:19,615 - app - INFO - Backup creado: registros.json.backup
2025-10-09 13:37:19,619 - app - INFO - Eliminando backup antiguo: C:\Users\gesti\GESTION COMPARTIDA Dropbox\Departamento Gestion\0001 - Control de Gestion (1)\Desarrollo\app cajas\data\registros.json.backup
2025-10-09 13:37:19,623 - app - INFO - Backup creado: remesas_cajas.json.backup
2025-10-09 13:37:19,627 - app - INFO - Eliminando backup antiguo: C:\Users\gesti\GESTION COMPARTIDA Dropbox\Departamento Gestion\0001 - Control de Gestion (1)\Desarrollo\app cajas\data\remesas_cajas.json.backup
2025-10-09 13:37:19,629 - app - INFO - Backup creado: resumenes.json.backup
2025-10-09 13:37:19,635 - app - INFO - Eliminando backup antiguo: C:\Users\gesti\GESTION COMPARTIDA Dropbox\Departamento Gestion\0001 - Control de Gestion (1)\Desarrollo\app cajas\data\resumenes.json.backup
2025-10-09 13:37:19,641 - app - INFO - Backup creado: retiro.json.backup
2025-10-09 13:37:19,643 - app - INFO - Eliminando backup antiguo: C:\Users\gesti\GESTION COMPARTIDA Dropbox\Departamento Gestion\0001 - Control de Gestion (1)\Desarrollo\app cajas\data\retiro.json.backup
2025-10-09 13:37:19,650 - app - INFO - Backup creado: stock.json.backup
2025-10-09 13:37:19,654 - app - INFO - Eliminando backup antiguo: C:\Users\gesti\GESTION COMPARTIDA Dropbox\Departamento Gestion\0001 - Control de Gestion (1)\Desarrollo\app cajas\data\stock.json.backup
2025-10-09 13:37:19,659 - app - INFO - Backup creado: system_config.json.backup
2025-10-09 13:37:19,662 - app - INFO - Eliminando backup antiguo: C:\Users\gesti\GESTION COMPARTIDA Dropbox\Departamento Gestion\0001 - Control de Gestion (1)\Desarrollo\app cajas\data\system_config.json.backup
2025-10-09 13:37:19,670 - app - INFO - Backup creado: tba.json.backup
2025-10-09 13:37:19,672 - app - INFO - Eliminando backup antiguo: C:\Users\gesti\GESTION COMPARTIDA Dropbox\Departamento Gestion\0001 - Control de Gestion (1)\Desarrollo\app cajas\data\tba.json.backup
2025-10-09 13:37:19,675 - app - INFO - Backup creado: users.json.backup
2025-10-09 13:37:19,679 - app - INFO - Eliminando backup antiguo: C:\Users\gesti\GESTION COMPARTIDA Dropbox\Departamento Gestion\0001 - Control de Gestion (1)\Desarrollo\app cajas\data\users.json.backup
2025-10-09 13:37:19,684 - app - INFO - Backup creado: ventas.json.backup
2025-10-09 13:37:19,690 - app - INFO - Eliminando backup antiguo: C:\Users\gesti\GESTION COMPARTIDA Dropbox\Departamento Gestion\0001 - Control de Gestion (1)\Desarrollo\app cajas\data\ventas.json.backup
2025-10-09 13:37:19,695 - app - INFO - Backup creado: zona_sur.json.backup
2025-10-09 13:37:19,699 - app - INFO - Eliminando backup antiguo: C:\Users\gesti\GESTION COMPARTIDA Dropbox\Departamento Gestion\0001 - Control de Gestion (1)\Desarrollo\app cajas\data\zona_sur.json.backup
2025-10-09 13:37:19,699 - app - INFO - Backup automático completado. 21 archivos respaldados.
2025-10-09 13:37:19,700 - app - INFO - Sistema de backup automático iniciado. Próximo backup en 6 horas.
2025-10-09 13:37:19,792 - waitress - INFO - Serving on http://[::1]:443
2025-10-09 13:37:19,792 - waitress - INFO - Serving on http://127.0.0.1:443
2025-10-09 13:37:21,905 - mysql.connector - INFO - package: mysql.connector.plugins
2025-10-09 13:37:21,905 - mysql.connector - INFO - plugin_name: caching_sha2_password
2025-10-09 13:37:21,908 - mysql.connector - INFO - AUTHENTICATION_PLUGIN_CLASS: MySQLCachingSHA2PasswordAuthPlugin
