2025-06-25 16:22:29,619 - apscheduler.scheduler - INFO - Adding job tentatively -- it will be properly scheduled when the scheduler starts
2025-06-25 16:22:29,636 - apscheduler.scheduler - INFO - Added job "Backup automático de archivos JSON" to job store "default"
2025-06-25 16:22:29,636 - apscheduler.scheduler - INFO - Scheduler started
2025-06-25 16:22:29,638 - app - INFO - Iniciando backup automático de archivos JSON...
2025-06-25 16:22:29,643 - app - INFO - Backup creado: ambulante.json.backup
2025-06-25 16:22:29,664 - app - INFO - Eliminando backup antiguo: c:\Users\PROPIETARIO\Downloads\01.Proyectos\circle\data\ambulante.json.backup
2025-06-25 16:22:29,672 - app - INFO - Backup creado: bimbo.json.backup
2025-06-25 16:22:29,681 - app - INFO - Eliminando backup antiguo: c:\Users\PROPIETARIO\Downloads\01.Proyectos\circle\data\bimbo.json.backup
2025-06-25 16:22:29,705 - app - INFO - Backup creado: constitucion.json.backup
2025-06-25 16:22:29,715 - app - INFO - Eliminando backup antiguo: c:\Users\PROPIETARIO\Downloads\01.Proyectos\circle\data\constitucion.json.backup
2025-06-25 16:22:29,739 - app - INFO - Backup creado: gastronomia.json.backup
2025-06-25 16:22:29,741 - app - INFO - Eliminando backup antiguo: c:\Users\PROPIETARIO\Downloads\01.Proyectos\circle\data\gastronomia.json.backup
2025-06-25 16:22:29,763 - app - INFO - Backup creado: kioscos.json.backup
2025-06-25 16:22:29,769 - app - INFO - Eliminando backup antiguo: c:\Users\PROPIETARIO\Downloads\01.Proyectos\circle\data\kioscos.json.backup
2025-06-25 16:22:29,788 - app - INFO - Backup creado: once.json.backup
2025-06-25 16:22:29,795 - app - INFO - Eliminando backup antiguo: c:\Users\PROPIETARIO\Downloads\01.Proyectos\circle\data\once.json.backup
2025-06-25 16:22:29,818 - app - INFO - Backup creado: pagos_no_vinculados.json.backup
2025-06-25 16:22:29,819 - app - INFO - Eliminando backup antiguo: c:\Users\PROPIETARIO\Downloads\01.Proyectos\circle\data\pagos_no_vinculados.json.backup
2025-06-25 16:22:29,837 - app - INFO - Backup creado: pendientes.json.backup
2025-06-25 16:22:29,842 - app - INFO - Eliminando backup antiguo: c:\Users\PROPIETARIO\Downloads\01.Proyectos\circle\data\pendientes.json.backup
2025-06-25 16:22:29,857 - app - INFO - Backup creado: registros.json.backup
2025-06-25 16:22:29,863 - app - INFO - Eliminando backup antiguo: c:\Users\PROPIETARIO\Downloads\01.Proyectos\circle\data\registros.json.backup
2025-06-25 16:22:29,872 - app - INFO - Backup creado: retiro.json.backup
2025-06-25 16:22:29,879 - app - INFO - Eliminando backup antiguo: c:\Users\PROPIETARIO\Downloads\01.Proyectos\circle\data\retiro.json.backup
2025-06-25 16:22:29,896 - app - INFO - Backup creado: tba.json.backup
2025-06-25 16:22:29,900 - app - INFO - Eliminando backup antiguo: c:\Users\PROPIETARIO\Downloads\01.Proyectos\circle\data\tba.json.backup
2025-06-25 16:22:29,903 - app - INFO - Backup creado: users.json.backup.95
2025-06-25 16:22:29,913 - app - INFO - Eliminando backup antiguo: c:\Users\PROPIETARIO\Downloads\01.Proyectos\circle\data\users.json.backup.91
2025-06-25 16:22:29,934 - app - INFO - Backup creado: zona_sur.json.backup.60
2025-06-25 16:22:29,941 - app - INFO - Eliminando backup antiguo: c:\Users\PROPIETARIO\Downloads\01.Proyectos\circle\data\zona_sur.json.backup.56
2025-06-25 16:22:29,941 - app - INFO - Backup automático completado. 13 archivos respaldados.
2025-06-25 16:22:29,941 - app - INFO - Sistema de backup automático iniciado. Próximo backup en 6 horas.
2025-06-25 16:22:29,990 - waitress - INFO - Serving on http://[::1]:443
2025-06-25 16:22:29,994 - waitress - INFO - Serving on http://127.0.0.1:443
2025-06-25 16:23:54,352 - apscheduler.scheduler - INFO - Scheduler has been shut down
2025-06-25 16:24:22,760 - apscheduler.scheduler - INFO - Adding job tentatively -- it will be properly scheduled when the scheduler starts
2025-06-25 16:24:22,762 - apscheduler.scheduler - INFO - Added job "Backup automático de archivos JSON" to job store "default"
2025-06-25 16:24:22,762 - apscheduler.scheduler - INFO - Scheduler started
2025-06-25 16:24:22,762 - app - INFO - Iniciando backup automático de archivos JSON...
2025-06-25 16:24:22,767 - app - INFO - Backup creado: ambulante.json.backup
2025-06-25 16:24:22,769 - app - INFO - Eliminando backup antiguo: c:\Users\PROPIETARIO\Downloads\01.Proyectos\circle\data\ambulante.json.backup
2025-06-25 16:24:22,772 - app - INFO - Backup creado: bimbo.json.backup
2025-06-25 16:24:22,774 - app - INFO - Eliminando backup antiguo: c:\Users\PROPIETARIO\Downloads\01.Proyectos\circle\data\bimbo.json.backup
2025-06-25 16:24:22,777 - app - INFO - Backup creado: constitucion.json.backup
2025-06-25 16:24:22,779 - app - INFO - Eliminando backup antiguo: c:\Users\PROPIETARIO\Downloads\01.Proyectos\circle\data\constitucion.json.backup
2025-06-25 16:24:22,783 - app - INFO - Backup creado: gastronomia.json.backup
2025-06-25 16:24:22,786 - app - INFO - Eliminando backup antiguo: c:\Users\PROPIETARIO\Downloads\01.Proyectos\circle\data\gastronomia.json.backup
2025-06-25 16:24:22,790 - app - INFO - Backup creado: kioscos.json.backup
2025-06-25 16:24:22,792 - app - INFO - Eliminando backup antiguo: c:\Users\PROPIETARIO\Downloads\01.Proyectos\circle\data\kioscos.json.backup
2025-06-25 16:24:22,795 - app - INFO - Backup creado: once.json.backup
2025-06-25 16:24:22,797 - app - INFO - Eliminando backup antiguo: c:\Users\PROPIETARIO\Downloads\01.Proyectos\circle\data\once.json.backup
2025-06-25 16:24:22,798 - app - INFO - Backup creado: pagos_no_vinculados.json.backup
2025-06-25 16:24:22,802 - app - INFO - Eliminando backup antiguo: c:\Users\PROPIETARIO\Downloads\01.Proyectos\circle\data\pagos_no_vinculados.json.backup
2025-06-25 16:24:22,804 - app - INFO - Backup creado: pendientes.json.backup
2025-06-25 16:24:22,808 - app - INFO - Eliminando backup antiguo: c:\Users\PROPIETARIO\Downloads\01.Proyectos\circle\data\pendientes.json.backup
2025-06-25 16:24:22,816 - app - INFO - Backup creado: registros.json.backup
2025-06-25 16:24:22,819 - app - INFO - Eliminando backup antiguo: c:\Users\PROPIETARIO\Downloads\01.Proyectos\circle\data\registros.json.backup
2025-06-25 16:24:22,820 - app - INFO - Backup creado: retiro.json.backup
2025-06-25 16:24:22,822 - app - INFO - Eliminando backup antiguo: c:\Users\PROPIETARIO\Downloads\01.Proyectos\circle\data\retiro.json.backup
2025-06-25 16:24:22,825 - app - INFO - Backup creado: tba.json.backup
2025-06-25 16:24:22,825 - app - INFO - Eliminando backup antiguo: c:\Users\PROPIETARIO\Downloads\01.Proyectos\circle\data\tba.json.backup
2025-06-25 16:24:22,830 - app - INFO - Backup creado: users.json.backup.96
2025-06-25 16:24:22,834 - app - INFO - Eliminando backup antiguo: c:\Users\PROPIETARIO\Downloads\01.Proyectos\circle\data\users.json.backup.92
2025-06-25 16:24:22,839 - app - INFO - Backup creado: zona_sur.json.backup.61
2025-06-25 16:24:22,841 - app - INFO - Eliminando backup antiguo: c:\Users\PROPIETARIO\Downloads\01.Proyectos\circle\data\zona_sur.json.backup.57
2025-06-25 16:24:22,841 - app - INFO - Backup automático completado. 13 archivos respaldados.
2025-06-25 16:24:22,842 - app - INFO - Sistema de backup automático iniciado. Próximo backup en 6 horas.
2025-06-25 16:24:22,890 - waitress - INFO - Serving on http://[::1]:443
2025-06-25 16:24:22,890 - waitress - INFO - Serving on http://127.0.0.1:443
2025-06-25 16:37:31,821 - apscheduler.scheduler - INFO - Scheduler has been shut down
2025-06-25 16:38:45,916 - apscheduler.scheduler - INFO - Adding job tentatively -- it will be properly scheduled when the scheduler starts
2025-06-25 16:38:45,925 - apscheduler.scheduler - INFO - Added job "Backup automático de archivos JSON" to job store "default"
2025-06-25 16:38:45,926 - apscheduler.scheduler - INFO - Scheduler started
2025-06-25 16:38:45,967 - app - INFO - Iniciando backup automático de archivos JSON...
2025-06-25 16:38:45,976 - app - INFO - Backup creado: ambulante.json.backup
2025-06-25 16:38:45,983 - app - INFO - Eliminando backup antiguo: c:\Users\PROPIETARIO\Downloads\01.Proyectos\circle\data\ambulante.json.backup
2025-06-25 16:38:45,991 - app - INFO - Backup creado: bimbo.json.backup
2025-06-25 16:38:45,997 - app - INFO - Eliminando backup antiguo: c:\Users\PROPIETARIO\Downloads\01.Proyectos\circle\data\bimbo.json.backup
2025-06-25 16:38:46,001 - app - INFO - Backup creado: constitucion.json.backup
2025-06-25 16:38:46,003 - app - INFO - Eliminando backup antiguo: c:\Users\PROPIETARIO\Downloads\01.Proyectos\circle\data\constitucion.json.backup
2025-06-25 16:38:46,005 - app - INFO - Backup creado: gastronomia.json.backup
2025-06-25 16:38:46,007 - app - INFO - Eliminando backup antiguo: c:\Users\PROPIETARIO\Downloads\01.Proyectos\circle\data\gastronomia.json.backup
2025-06-25 16:38:46,009 - app - INFO - Backup creado: kioscos.json.backup
2025-06-25 16:38:46,015 - app - INFO - Eliminando backup antiguo: c:\Users\PROPIETARIO\Downloads\01.Proyectos\circle\data\kioscos.json.backup
2025-06-25 16:38:46,017 - app - INFO - Backup creado: once.json.backup
2025-06-25 16:38:46,019 - app - INFO - Eliminando backup antiguo: c:\Users\PROPIETARIO\Downloads\01.Proyectos\circle\data\once.json.backup
2025-06-25 16:38:46,022 - app - INFO - Backup creado: pagos_no_vinculados.json.backup
2025-06-25 16:38:46,025 - app - INFO - Eliminando backup antiguo: c:\Users\PROPIETARIO\Downloads\01.Proyectos\circle\data\pagos_no_vinculados.json.backup
2025-06-25 16:38:46,027 - app - INFO - Backup creado: pendientes.json.backup
2025-06-25 16:38:46,029 - app - INFO - Eliminando backup antiguo: c:\Users\PROPIETARIO\Downloads\01.Proyectos\circle\data\pendientes.json.backup
2025-06-25 16:38:46,030 - app - INFO - Backup creado: registros.json.backup
2025-06-25 16:38:46,033 - app - INFO - Eliminando backup antiguo: c:\Users\PROPIETARIO\Downloads\01.Proyectos\circle\data\registros.json.backup
2025-06-25 16:38:46,036 - app - INFO - Backup creado: retiro.json.backup
2025-06-25 16:38:46,038 - app - INFO - Eliminando backup antiguo: c:\Users\PROPIETARIO\Downloads\01.Proyectos\circle\data\retiro.json.backup
2025-06-25 16:38:46,044 - app - INFO - Backup creado: tba.json.backup
2025-06-25 16:38:46,047 - app - INFO - Eliminando backup antiguo: c:\Users\PROPIETARIO\Downloads\01.Proyectos\circle\data\tba.json.backup
2025-06-25 16:38:46,047 - app - INFO - Backup creado: users.json.backup.97
2025-06-25 16:38:46,053 - app - INFO - Eliminando backup antiguo: c:\Users\PROPIETARIO\Downloads\01.Proyectos\circle\data\users.json.backup.93
2025-06-25 16:38:46,056 - app - INFO - Backup creado: zona_sur.json.backup.62
2025-06-25 16:38:46,058 - app - INFO - Eliminando backup antiguo: c:\Users\PROPIETARIO\Downloads\01.Proyectos\circle\data\zona_sur.json.backup.58
2025-06-25 16:38:46,059 - app - INFO - Backup automático completado. 13 archivos respaldados.
2025-06-25 16:38:46,059 - app - INFO - Sistema de backup automático iniciado. Próximo backup en 6 horas.
2025-06-25 16:38:46,091 - waitress - INFO - Serving on http://[::1]:443
2025-06-25 16:38:46,091 - waitress - INFO - Serving on http://127.0.0.1:443
2025-06-25 17:04:08,138 - apscheduler.scheduler - INFO - Scheduler has been shut down
2025-06-25 17:04:19,957 - apscheduler.scheduler - INFO - Adding job tentatively -- it will be properly scheduled when the scheduler starts
2025-06-25 17:04:19,976 - apscheduler.scheduler - INFO - Added job "Backup automático de archivos JSON" to job store "default"
2025-06-25 17:04:19,976 - apscheduler.scheduler - INFO - Scheduler started
2025-06-25 17:04:19,977 - app - INFO - Iniciando backup automático de archivos JSON...
2025-06-25 17:04:19,983 - app - INFO - Backup creado: ambulante.json.backup
2025-06-25 17:04:19,985 - app - INFO - Eliminando backup antiguo: c:\Users\PROPIETARIO\Downloads\01.Proyectos\circle\data\ambulante.json.backup
2025-06-25 17:04:19,985 - app - INFO - Backup creado: bimbo.json.backup
2025-06-25 17:04:19,992 - app - INFO - Eliminando backup antiguo: c:\Users\PROPIETARIO\Downloads\01.Proyectos\circle\data\bimbo.json.backup
2025-06-25 17:04:19,994 - app - INFO - Backup creado: constitucion.json.backup
2025-06-25 17:04:19,996 - app - INFO - Eliminando backup antiguo: c:\Users\PROPIETARIO\Downloads\01.Proyectos\circle\data\constitucion.json.backup.24
2025-06-25 17:04:19,998 - app - INFO - Backup creado: gastronomia.json.backup
2025-06-25 17:04:20,000 - app - INFO - Eliminando backup antiguo: c:\Users\PROPIETARIO\Downloads\01.Proyectos\circle\data\gastronomia.json.backup
2025-06-25 17:04:20,008 - app - INFO - Backup creado: kioscos.json.backup
2025-06-25 17:04:20,013 - app - INFO - Eliminando backup antiguo: c:\Users\PROPIETARIO\Downloads\01.Proyectos\circle\data\kioscos.json.backup
2025-06-25 17:04:20,017 - app - INFO - Backup creado: once.json.backup
2025-06-25 17:04:20,019 - app - INFO - Eliminando backup antiguo: c:\Users\PROPIETARIO\Downloads\01.Proyectos\circle\data\once.json.backup
2025-06-25 17:04:20,021 - app - INFO - Backup creado: pagos_no_vinculados.json.backup
2025-06-25 17:04:20,021 - app - INFO - Eliminando backup antiguo: c:\Users\PROPIETARIO\Downloads\01.Proyectos\circle\data\pagos_no_vinculados.json.backup
2025-06-25 17:04:20,025 - app - INFO - Backup creado: pendientes.json.backup
2025-06-25 17:04:20,027 - app - INFO - Eliminando backup antiguo: c:\Users\PROPIETARIO\Downloads\01.Proyectos\circle\data\pendientes.json.backup.69
2025-06-25 17:04:20,034 - app - INFO - Backup creado: registros.json.backup
2025-06-25 17:04:20,038 - app - INFO - Eliminando backup antiguo: c:\Users\PROPIETARIO\Downloads\01.Proyectos\circle\data\registros.json.backup
2025-06-25 17:04:20,040 - app - INFO - Backup creado: retiro.json.backup
2025-06-25 17:04:20,042 - app - INFO - Eliminando backup antiguo: c:\Users\PROPIETARIO\Downloads\01.Proyectos\circle\data\retiro.json.backup
2025-06-25 17:04:20,044 - app - INFO - Backup creado: tba.json.backup
2025-06-25 17:04:20,046 - app - INFO - Eliminando backup antiguo: c:\Users\PROPIETARIO\Downloads\01.Proyectos\circle\data\tba.json.backup
2025-06-25 17:04:20,049 - app - INFO - Backup creado: users.json.backup.98
2025-06-25 17:04:20,052 - app - INFO - Eliminando backup antiguo: c:\Users\PROPIETARIO\Downloads\01.Proyectos\circle\data\users.json.backup.94
2025-06-25 17:04:20,059 - app - INFO - Backup creado: zona_sur.json.backup.63
2025-06-25 17:04:20,065 - app - INFO - Eliminando backup antiguo: c:\Users\PROPIETARIO\Downloads\01.Proyectos\circle\data\zona_sur.json.backup.59
2025-06-25 17:04:20,065 - app - INFO - Backup automático completado. 13 archivos respaldados.
2025-06-25 17:04:20,066 - app - INFO - Sistema de backup automático iniciado. Próximo backup en 6 horas.
2025-06-25 17:04:20,084 - waitress - INFO - Serving on http://[::1]:443
2025-06-25 17:04:20,084 - waitress - INFO - Serving on http://127.0.0.1:443
2025-06-25 17:14:05,836 - apscheduler.scheduler - INFO - Scheduler has been shut down
2025-06-25 17:14:09,815 - apscheduler.scheduler - INFO - Adding job tentatively -- it will be properly scheduled when the scheduler starts
2025-06-25 17:14:09,830 - apscheduler.scheduler - INFO - Added job "Backup automático de archivos JSON" to job store "default"
2025-06-25 17:14:09,830 - apscheduler.scheduler - INFO - Scheduler started
2025-06-25 17:14:09,831 - app - INFO - Iniciando backup automático de archivos JSON...
2025-06-25 17:14:09,835 - app - INFO - Backup creado: ambulante.json.backup
2025-06-25 17:14:09,837 - app - INFO - Eliminando backup antiguo: c:\Users\PROPIETARIO\Downloads\01.Proyectos\circle\data\ambulante.json.backup
2025-06-25 17:14:09,843 - app - INFO - Backup creado: bimbo.json.backup
2025-06-25 17:14:09,845 - app - INFO - Eliminando backup antiguo: c:\Users\PROPIETARIO\Downloads\01.Proyectos\circle\data\bimbo.json.backup
2025-06-25 17:14:09,849 - app - INFO - Backup creado: constitucion.json.backup.29
2025-06-25 17:14:09,851 - app - INFO - Eliminando backup antiguo: c:\Users\PROPIETARIO\Downloads\01.Proyectos\circle\data\constitucion.json.backup.25
2025-06-25 17:14:09,854 - app - INFO - Backup creado: gastronomia.json.backup
2025-06-25 17:14:09,856 - app - INFO - Eliminando backup antiguo: c:\Users\PROPIETARIO\Downloads\01.Proyectos\circle\data\gastronomia.json.backup
2025-06-25 17:14:09,859 - app - INFO - Backup creado: kioscos.json.backup
2025-06-25 17:14:09,861 - app - INFO - Eliminando backup antiguo: c:\Users\PROPIETARIO\Downloads\01.Proyectos\circle\data\kioscos.json.backup
2025-06-25 17:14:09,867 - app - INFO - Backup creado: once.json.backup
2025-06-25 17:14:09,871 - app - INFO - Eliminando backup antiguo: c:\Users\PROPIETARIO\Downloads\01.Proyectos\circle\data\once.json.backup
2025-06-25 17:14:09,874 - app - INFO - Backup creado: pagos_no_vinculados.json.backup
2025-06-25 17:14:09,877 - app - INFO - Eliminando backup antiguo: c:\Users\PROPIETARIO\Downloads\01.Proyectos\circle\data\pagos_no_vinculados.json.backup
2025-06-25 17:14:09,880 - app - INFO - Backup creado: pendientes.json.backup.74
2025-06-25 17:14:09,882 - app - INFO - Eliminando backup antiguo: c:\Users\PROPIETARIO\Downloads\01.Proyectos\circle\data\pendientes.json.backup.70
2025-06-25 17:14:09,885 - app - INFO - Backup creado: registros.json.backup
2025-06-25 17:14:09,887 - app - INFO - Eliminando backup antiguo: c:\Users\PROPIETARIO\Downloads\01.Proyectos\circle\data\registros.json.backup
2025-06-25 17:14:09,899 - app - INFO - Backup creado: retiro.json.backup
2025-06-25 17:14:09,901 - app - INFO - Eliminando backup antiguo: c:\Users\PROPIETARIO\Downloads\01.Proyectos\circle\data\retiro.json.backup
2025-06-25 17:14:09,904 - app - INFO - Backup creado: tba.json.backup
2025-06-25 17:14:09,906 - app - INFO - Eliminando backup antiguo: c:\Users\PROPIETARIO\Downloads\01.Proyectos\circle\data\tba.json.backup
2025-06-25 17:14:09,909 - app - INFO - Backup creado: users.json.backup.99
2025-06-25 17:14:09,911 - app - INFO - Eliminando backup antiguo: c:\Users\PROPIETARIO\Downloads\01.Proyectos\circle\data\users.json.backup
2025-06-25 17:14:09,921 - app - INFO - Backup creado: zona_sur.json.backup.64
2025-06-25 17:14:09,923 - app - INFO - Eliminando backup antiguo: c:\Users\PROPIETARIO\Downloads\01.Proyectos\circle\data\zona_sur.json.backup
2025-06-25 17:14:09,924 - app - INFO - Backup automático completado. 13 archivos respaldados.
2025-06-25 17:14:09,924 - app - INFO - Sistema de backup automático iniciado. Próximo backup en 6 horas.
2025-06-25 17:14:09,954 - waitress - INFO - Serving on http://[::1]:443
2025-06-25 17:14:09,954 - waitress - INFO - Serving on http://127.0.0.1:443
2025-06-25 17:15:26,314 - apscheduler.scheduler - INFO - Scheduler has been shut down
2025-06-25 17:24:42,761 - apscheduler.scheduler - INFO - Adding job tentatively -- it will be properly scheduled when the scheduler starts
2025-06-25 17:24:42,771 - apscheduler.scheduler - INFO - Added job "Backup automático de archivos JSON" to job store "default"
2025-06-25 17:24:42,771 - apscheduler.scheduler - INFO - Scheduler started
2025-06-25 17:24:42,772 - app - INFO - Iniciando backup automático de archivos JSON...
2025-06-25 17:24:42,777 - app - INFO - Backup creado: ambulante.json.backup
2025-06-25 17:24:42,780 - app - INFO - Eliminando backup antiguo: c:\Users\PROPIETARIO\Downloads\01.Proyectos\circle\data\ambulante.json.backup
2025-06-25 17:24:42,782 - app - INFO - Backup creado: bimbo.json.backup
2025-06-25 17:24:42,785 - app - INFO - Eliminando backup antiguo: c:\Users\PROPIETARIO\Downloads\01.Proyectos\circle\data\bimbo.json.backup.15
2025-06-25 17:24:42,789 - app - INFO - Backup creado: constitucion.json.backup.30
2025-06-25 17:24:42,793 - app - INFO - Eliminando backup antiguo: c:\Users\PROPIETARIO\Downloads\01.Proyectos\circle\data\constitucion.json.backup.26
2025-06-25 17:24:42,797 - app - INFO - Backup creado: gastronomia.json.backup
2025-06-25 17:24:42,798 - app - INFO - Eliminando backup antiguo: c:\Users\PROPIETARIO\Downloads\01.Proyectos\circle\data\gastronomia.json.backup
2025-06-25 17:24:42,800 - app - INFO - Backup creado: kioscos.json.backup
2025-06-25 17:24:42,800 - app - INFO - Eliminando backup antiguo: c:\Users\PROPIETARIO\Downloads\01.Proyectos\circle\data\kioscos.json.backup
2025-06-25 17:24:42,800 - app - INFO - Backup creado: once.json.backup
2025-06-25 17:24:42,808 - app - INFO - Eliminando backup antiguo: c:\Users\PROPIETARIO\Downloads\01.Proyectos\circle\data\once.json.backup
2025-06-25 17:24:42,811 - app - INFO - Backup creado: pagos_no_vinculados.json.backup
2025-06-25 17:24:42,812 - app - INFO - Eliminando backup antiguo: c:\Users\PROPIETARIO\Downloads\01.Proyectos\circle\data\pagos_no_vinculados.json.backup
2025-06-25 17:24:42,819 - app - INFO - Backup creado: pendientes.json.backup.75
2025-06-25 17:24:42,822 - app - INFO - Eliminando backup antiguo: c:\Users\PROPIETARIO\Downloads\01.Proyectos\circle\data\pendientes.json.backup.71
2025-06-25 17:24:42,825 - app - INFO - Backup creado: registros.json.backup
2025-06-25 17:24:42,827 - app - INFO - Eliminando backup antiguo: c:\Users\PROPIETARIO\Downloads\01.Proyectos\circle\data\registros.json.backup
2025-06-25 17:24:42,829 - app - INFO - Backup creado: retiro.json.backup
2025-06-25 17:24:42,831 - app - INFO - Eliminando backup antiguo: c:\Users\PROPIETARIO\Downloads\01.Proyectos\circle\data\retiro.json.backup
2025-06-25 17:24:42,833 - app - INFO - Backup creado: tba.json.backup
2025-06-25 17:24:42,835 - app - INFO - Eliminando backup antiguo: c:\Users\PROPIETARIO\Downloads\01.Proyectos\circle\data\tba.json.backup
2025-06-25 17:24:42,837 - app - INFO - Backup creado: users.json.backup
2025-06-25 17:24:42,840 - app - INFO - Eliminando backup antiguo: c:\Users\PROPIETARIO\Downloads\01.Proyectos\circle\data\users.json.backup.95
2025-06-25 17:24:42,846 - app - INFO - Backup creado: zona_sur.json.backup
2025-06-25 17:24:42,848 - app - INFO - Eliminando backup antiguo: c:\Users\PROPIETARIO\Downloads\01.Proyectos\circle\data\zona_sur.json.backup
2025-06-25 17:24:42,848 - app - INFO - Backup automático completado. 13 archivos respaldados.
2025-06-25 17:24:42,848 - app - INFO - Sistema de backup automático iniciado. Próximo backup en 6 horas.
2025-06-25 17:24:42,915 - waitress - INFO - Serving on http://[::1]:443
2025-06-25 17:24:42,916 - waitress - INFO - Serving on http://127.0.0.1:443
2025-06-25 17:28:28,731 - apscheduler.scheduler - INFO - Scheduler has been shut down
2025-06-25 17:28:31,717 - apscheduler.scheduler - INFO - Adding job tentatively -- it will be properly scheduled when the scheduler starts
2025-06-25 17:28:31,724 - apscheduler.scheduler - INFO - Added job "Backup automático de archivos JSON" to job store "default"
2025-06-25 17:28:31,725 - apscheduler.scheduler - INFO - Scheduler started
2025-06-25 17:28:31,726 - app - INFO - Iniciando backup automático de archivos JSON...
2025-06-25 17:28:31,731 - app - INFO - Backup creado: ambulante.json.backup
2025-06-25 17:28:31,734 - app - INFO - Eliminando backup antiguo: c:\Users\PROPIETARIO\Downloads\01.Proyectos\circle\data\ambulante.json.backup
2025-06-25 17:28:31,735 - app - INFO - Backup creado: bimbo.json.backup.20
2025-06-25 17:28:31,740 - app - INFO - Eliminando backup antiguo: c:\Users\PROPIETARIO\Downloads\01.Proyectos\circle\data\bimbo.json.backup.16
2025-06-25 17:28:31,745 - app - INFO - Backup creado: constitucion.json.backup.31
2025-06-25 17:28:31,750 - app - INFO - Eliminando backup antiguo: c:\Users\PROPIETARIO\Downloads\01.Proyectos\circle\data\constitucion.json.backup.27
2025-06-25 17:28:31,753 - app - INFO - Backup creado: gastronomia.json.backup
2025-06-25 17:28:31,756 - app - INFO - Eliminando backup antiguo: c:\Users\PROPIETARIO\Downloads\01.Proyectos\circle\data\gastronomia.json.backup.10
2025-06-25 17:28:31,758 - app - INFO - Backup creado: kioscos.json.backup
2025-06-25 17:28:31,760 - app - INFO - Eliminando backup antiguo: c:\Users\PROPIETARIO\Downloads\01.Proyectos\circle\data\kioscos.json.backup
2025-06-25 17:28:31,761 - app - INFO - Backup creado: once.json.backup
2025-06-25 17:28:31,763 - app - INFO - Eliminando backup antiguo: c:\Users\PROPIETARIO\Downloads\01.Proyectos\circle\data\once.json.backup
2025-06-25 17:28:31,766 - app - INFO - Backup creado: pagos_no_vinculados.json.backup
2025-06-25 17:28:31,771 - app - INFO - Eliminando backup antiguo: c:\Users\PROPIETARIO\Downloads\01.Proyectos\circle\data\pagos_no_vinculados.json.backup
2025-06-25 17:28:31,775 - app - INFO - Backup creado: pendientes.json.backup.76
2025-06-25 17:28:31,779 - app - INFO - Eliminando backup antiguo: c:\Users\PROPIETARIO\Downloads\01.Proyectos\circle\data\pendientes.json.backup.72
2025-06-25 17:28:31,781 - app - INFO - Backup creado: registros.json.backup
2025-06-25 17:28:31,783 - app - INFO - Eliminando backup antiguo: c:\Users\PROPIETARIO\Downloads\01.Proyectos\circle\data\registros.json.backup
2025-06-25 17:28:31,785 - app - INFO - Backup creado: retiro.json.backup
2025-06-25 17:28:31,787 - app - INFO - Eliminando backup antiguo: c:\Users\PROPIETARIO\Downloads\01.Proyectos\circle\data\retiro.json.backup
2025-06-25 17:28:31,789 - app - INFO - Backup creado: tba.json.backup
2025-06-25 17:28:31,790 - app - INFO - Eliminando backup antiguo: c:\Users\PROPIETARIO\Downloads\01.Proyectos\circle\data\tba.json.backup
2025-06-25 17:28:31,790 - app - INFO - Backup creado: users.json.backup.100
2025-06-25 17:28:31,799 - app - INFO - Eliminando backup antiguo: c:\Users\PROPIETARIO\Downloads\01.Proyectos\circle\data\users.json.backup
2025-06-25 17:28:31,799 - app - INFO - Backup creado: zona_sur.json.backup
2025-06-25 17:28:31,805 - app - INFO - Eliminando backup antiguo: c:\Users\PROPIETARIO\Downloads\01.Proyectos\circle\data\zona_sur.json.backup
2025-06-25 17:28:31,806 - app - INFO - Backup automático completado. 13 archivos respaldados.
2025-06-25 17:28:31,806 - app - INFO - Sistema de backup automático iniciado. Próximo backup en 6 horas.
2025-06-25 17:28:31,826 - waitress - INFO - Serving on http://[::1]:443
2025-06-25 17:28:31,826 - waitress - INFO - Serving on http://127.0.0.1:443
2025-06-25 17:29:08,318 - apscheduler.scheduler - INFO - Scheduler has been shut down
2025-06-25 23:36:44,703 - apscheduler.scheduler - INFO - Adding job tentatively -- it will be properly scheduled when the scheduler starts
2025-06-25 23:36:44,726 - apscheduler.scheduler - INFO - Added job "Backup automático de archivos JSON" to job store "default"
2025-06-25 23:36:44,731 - apscheduler.scheduler - INFO - Scheduler started
2025-06-25 23:36:44,732 - app - INFO - Iniciando backup automático de archivos JSON...
2025-06-25 23:36:44,756 - app - INFO - Backup creado: ambulante.json.backup
2025-06-25 23:36:44,788 - app - INFO - Eliminando backup antiguo: c:\Users\PROPIETARIO\Downloads\01.Proyectos\circle\data\ambulante.json.backup
2025-06-25 23:36:44,815 - app - INFO - Backup creado: bimbo.json.backup.21
2025-06-25 23:36:44,867 - app - INFO - Eliminando backup antiguo: c:\Users\PROPIETARIO\Downloads\01.Proyectos\circle\data\bimbo.json.backup.17
2025-06-25 23:36:44,896 - app - INFO - Backup creado: constitucion.json.backup.32
2025-06-25 23:36:44,965 - app - INFO - Eliminando backup antiguo: c:\Users\PROPIETARIO\Downloads\01.Proyectos\circle\data\constitucion.json.backup.28
2025-06-25 23:36:44,983 - app - INFO - Backup creado: gastronomia.json.backup.15
2025-06-25 23:36:45,008 - app - INFO - Eliminando backup antiguo: c:\Users\PROPIETARIO\Downloads\01.Proyectos\circle\data\gastronomia.json.backup.11
2025-06-25 23:36:45,024 - app - INFO - Backup creado: kioscos.json.backup
2025-06-25 23:36:45,039 - app - INFO - Eliminando backup antiguo: c:\Users\PROPIETARIO\Downloads\01.Proyectos\circle\data\kioscos.json.backup
2025-06-25 23:36:45,045 - app - INFO - Backup creado: once.json.backup
2025-06-25 23:36:45,076 - app - INFO - Eliminando backup antiguo: c:\Users\PROPIETARIO\Downloads\01.Proyectos\circle\data\once.json.backup
2025-06-25 23:36:45,093 - app - INFO - Backup creado: pagos_no_vinculados.json.backup
2025-06-25 23:36:45,103 - app - INFO - Eliminando backup antiguo: c:\Users\PROPIETARIO\Downloads\01.Proyectos\circle\data\pagos_no_vinculados.json.backup
2025-06-25 23:36:45,119 - app - INFO - Backup creado: pendientes.json.backup.77
2025-06-25 23:36:45,138 - app - INFO - Eliminando backup antiguo: c:\Users\PROPIETARIO\Downloads\01.Proyectos\circle\data\pendientes.json.backup.73
2025-06-25 23:36:45,154 - app - INFO - Backup creado: registros.json.backup
2025-06-25 23:36:45,165 - app - INFO - Eliminando backup antiguo: c:\Users\PROPIETARIO\Downloads\01.Proyectos\circle\data\registros.json.backup
2025-06-25 23:36:45,171 - app - INFO - Backup creado: retiro.json.backup
2025-06-25 23:36:45,206 - app - INFO - Eliminando backup antiguo: c:\Users\PROPIETARIO\Downloads\01.Proyectos\circle\data\retiro.json.backup
2025-06-25 23:36:45,221 - app - INFO - Backup creado: tba.json.backup
2025-06-25 23:36:45,272 - app - INFO - Eliminando backup antiguo: c:\Users\PROPIETARIO\Downloads\01.Proyectos\circle\data\tba.json.backup
2025-06-25 23:36:45,274 - app - INFO - Backup creado: users.json.backup
2025-06-25 23:36:45,306 - app - INFO - Eliminando backup antiguo: c:\Users\PROPIETARIO\Downloads\01.Proyectos\circle\data\users.json.backup
2025-06-25 23:36:45,323 - app - INFO - Backup creado: zona_sur.json.backup
2025-06-25 23:36:45,373 - app - INFO - Eliminando backup antiguo: c:\Users\PROPIETARIO\Downloads\01.Proyectos\circle\data\zona_sur.json.backup
2025-06-25 23:36:45,373 - app - INFO - Backup automático completado. 13 archivos respaldados.
2025-06-25 23:36:45,374 - app - INFO - Sistema de backup automático iniciado. Próximo backup en 6 horas.
2025-06-25 23:36:45,498 - waitress - INFO - Serving on http://[::1]:443
2025-06-25 23:36:45,498 - waitress - INFO - Serving on http://127.0.0.1:443
2025-06-25 23:38:02,114 - apscheduler.scheduler - INFO - Scheduler has been shut down
2025-06-25 23:49:11,863 - apscheduler.scheduler - INFO - Adding job tentatively -- it will be properly scheduled when the scheduler starts
2025-06-25 23:49:11,865 - apscheduler.scheduler - INFO - Added job "Backup automático de archivos JSON" to job store "default"
2025-06-25 23:49:11,865 - apscheduler.scheduler - INFO - Scheduler started
2025-06-25 23:49:11,866 - app - INFO - Iniciando backup automático de archivos JSON...
2025-06-25 23:49:11,869 - app - INFO - Backup creado: ambulante.json.backup
2025-06-25 23:49:11,870 - app - INFO - Eliminando backup antiguo: c:\Users\PROPIETARIO\Downloads\01.Proyectos\circle\data\ambulante.json.backup
2025-06-25 23:49:11,874 - app - INFO - Backup creado: bimbo.json.backup.22
2025-06-25 23:49:11,877 - app - INFO - Eliminando backup antiguo: c:\Users\PROPIETARIO\Downloads\01.Proyectos\circle\data\bimbo.json.backup.18
2025-06-25 23:49:11,881 - app - INFO - Backup creado: constitucion.json.backup.33
2025-06-25 23:49:11,885 - app - INFO - Eliminando backup antiguo: c:\Users\PROPIETARIO\Downloads\01.Proyectos\circle\data\constitucion.json.backup
2025-06-25 23:49:11,888 - app - INFO - Backup creado: gastronomia.json.backup.16
2025-06-25 23:49:11,890 - app - INFO - Eliminando backup antiguo: c:\Users\PROPIETARIO\Downloads\01.Proyectos\circle\data\gastronomia.json.backup.12
2025-06-25 23:49:11,897 - app - INFO - Backup creado: kioscos.json.backup
2025-06-25 23:49:11,901 - app - INFO - Eliminando backup antiguo: c:\Users\PROPIETARIO\Downloads\01.Proyectos\circle\data\kioscos.json.backup
2025-06-25 23:49:11,903 - app - INFO - Backup creado: once.json.backup
2025-06-25 23:49:11,905 - app - INFO - Eliminando backup antiguo: c:\Users\PROPIETARIO\Downloads\01.Proyectos\circle\data\once.json.backup
2025-06-25 23:49:11,908 - app - INFO - Backup creado: pagos_no_vinculados.json.backup
2025-06-25 23:49:11,913 - app - INFO - Eliminando backup antiguo: c:\Users\PROPIETARIO\Downloads\01.Proyectos\circle\data\pagos_no_vinculados.json.backup
2025-06-25 23:49:11,917 - app - INFO - Backup creado: pendientes.json.backup.78
2025-06-25 23:49:11,919 - app - INFO - Eliminando backup antiguo: c:\Users\PROPIETARIO\Downloads\01.Proyectos\circle\data\pendientes.json.backup
2025-06-25 23:49:11,921 - app - INFO - Backup creado: registros.json.backup
2025-06-25 23:49:11,923 - app - INFO - Eliminando backup antiguo: c:\Users\PROPIETARIO\Downloads\01.Proyectos\circle\data\registros.json.backup
2025-06-25 23:49:11,926 - app - INFO - Backup creado: retiro.json.backup
2025-06-25 23:49:11,932 - app - INFO - Eliminando backup antiguo: c:\Users\PROPIETARIO\Downloads\01.Proyectos\circle\data\retiro.json.backup
2025-06-25 23:49:11,935 - app - INFO - Backup creado: tba.json.backup
2025-06-25 23:49:11,937 - app - INFO - Eliminando backup antiguo: c:\Users\PROPIETARIO\Downloads\01.Proyectos\circle\data\tba.json.backup
2025-06-25 23:49:11,939 - app - INFO - Backup creado: users.json.backup
2025-06-25 23:49:11,941 - app - INFO - Eliminando backup antiguo: c:\Users\PROPIETARIO\Downloads\01.Proyectos\circle\data\users.json.backup.100
2025-06-25 23:49:11,948 - app - INFO - Backup creado: zona_sur.json.backup
2025-06-25 23:49:11,950 - app - INFO - Eliminando backup antiguo: c:\Users\PROPIETARIO\Downloads\01.Proyectos\circle\data\zona_sur.json.backup
2025-06-25 23:49:11,950 - app - INFO - Backup automático completado. 13 archivos respaldados.
2025-06-25 23:49:11,951 - app - INFO - Sistema de backup automático iniciado. Próximo backup en 6 horas.
2025-06-25 23:49:11,982 - waitress - INFO - Serving on http://[::1]:443
2025-06-25 23:49:11,983 - waitress - INFO - Serving on http://127.0.0.1:443
2025-06-25 23:59:50,560 - apscheduler.scheduler - INFO - Scheduler has been shut down
