2025-09-09 08:18:00,286 - apscheduler.scheduler - INFO - Adding job tentatively -- it will be properly scheduled when the scheduler starts
2025-09-09 08:18:00,291 - apscheduler.scheduler - INFO - Added job "Backup automático de archivos JSON" to job store "default"
2025-09-09 08:18:00,292 - apscheduler.scheduler - INFO - Scheduler started
2025-09-09 08:18:00,293 - app - INFO - Iniciando backup automático de archivos JSON...
2025-09-09 08:18:00,306 - app - INFO - Backup creado: ambulante.json.backup
2025-09-09 08:18:00,312 - app - INFO - Eliminando backup antiguo: C:\Users\gesti\GESTION COMPARTIDA Dropbox\Departamento Gestion\0001 - Control de Gestion (1)\Desarrollo\app cajas\data\ambulante.json.backup
2025-09-09 08:18:00,319 - app - INFO - Backup creado: bimbo.json.backup
2025-09-09 08:18:00,324 - app - INFO - Eliminando backup antiguo: C:\Users\gesti\GESTION COMPARTIDA Dropbox\Departamento Gestion\0001 - Control de Gestion (1)\Desarrollo\app cajas\data\bimbo.json.backup
2025-09-09 08:18:00,333 - app - INFO - Backup creado: constitucion.json.backup
2025-09-09 08:18:00,339 - app - INFO - Eliminando backup antiguo: C:\Users\gesti\GESTION COMPARTIDA Dropbox\Departamento Gestion\0001 - Control de Gestion (1)\Desarrollo\app cajas\data\constitucion.json.backup
2025-09-09 08:18:00,346 - app - INFO - Backup creado: gastronomia.json.backup
2025-09-09 08:18:00,352 - app - INFO - Eliminando backup antiguo: C:\Users\gesti\GESTION COMPARTIDA Dropbox\Departamento Gestion\0001 - Control de Gestion (1)\Desarrollo\app cajas\data\gastronomia.json.backup
2025-09-09 08:18:00,357 - app - INFO - Backup creado: info_locales.json.backup
2025-09-09 08:18:00,363 - app - INFO - Eliminando backup antiguo: C:\Users\gesti\GESTION COMPARTIDA Dropbox\Departamento Gestion\0001 - Control de Gestion (1)\Desarrollo\app cajas\data\info_locales.json.backup
2025-09-09 08:18:00,370 - app - INFO - Backup creado: kioscos.json.backup
2025-09-09 08:18:00,375 - app - INFO - Eliminando backup antiguo: C:\Users\gesti\GESTION COMPARTIDA Dropbox\Departamento Gestion\0001 - Control de Gestion (1)\Desarrollo\app cajas\data\kioscos.json.backup
2025-09-09 08:18:00,384 - app - INFO - Backup creado: medios_pago.json.backup
2025-09-09 08:18:00,391 - app - INFO - Eliminando backup antiguo: C:\Users\gesti\GESTION COMPARTIDA Dropbox\Departamento Gestion\0001 - Control de Gestion (1)\Desarrollo\app cajas\data\medios_pago.json.backup
2025-09-09 08:18:00,397 - app - INFO - Backup creado: mercadopago.json.backup
2025-09-09 08:18:00,403 - app - INFO - Eliminando backup antiguo: C:\Users\gesti\GESTION COMPARTIDA Dropbox\Departamento Gestion\0001 - Control de Gestion (1)\Desarrollo\app cajas\data\mercadopago.json.backup
2025-09-09 08:18:00,412 - app - INFO - Backup creado: once.json.backup
2025-09-09 08:18:00,418 - app - INFO - Eliminando backup antiguo: C:\Users\gesti\GESTION COMPARTIDA Dropbox\Departamento Gestion\0001 - Control de Gestion (1)\Desarrollo\app cajas\data\once.json.backup
2025-09-09 08:18:00,426 - app - INFO - Backup creado: pagos_no_vinculados.json.backup
2025-09-09 08:18:00,431 - app - INFO - Eliminando backup antiguo: C:\Users\gesti\GESTION COMPARTIDA Dropbox\Departamento Gestion\0001 - Control de Gestion (1)\Desarrollo\app cajas\data\pagos_no_vinculados.json.backup
2025-09-09 08:18:00,439 - app - INFO - Backup creado: pendientes.json.backup
2025-09-09 08:18:00,445 - app - INFO - Eliminando backup antiguo: C:\Users\gesti\GESTION COMPARTIDA Dropbox\Departamento Gestion\0001 - Control de Gestion (1)\Desarrollo\app cajas\data\pendientes.json.backup
2025-09-09 08:18:00,453 - app - INFO - Backup creado: registros.json.backup
2025-09-09 08:18:00,458 - app - INFO - Eliminando backup antiguo: C:\Users\gesti\GESTION COMPARTIDA Dropbox\Departamento Gestion\0001 - Control de Gestion (1)\Desarrollo\app cajas\data\registros.json.backup
2025-09-09 08:18:00,465 - app - INFO - Backup creado: remesas_cajas.json.backup
2025-09-09 08:18:00,472 - app - INFO - Eliminando backup antiguo: C:\Users\gesti\GESTION COMPARTIDA Dropbox\Departamento Gestion\0001 - Control de Gestion (1)\Desarrollo\app cajas\data\remesas_cajas.json.backup
2025-09-09 08:18:00,475 - app - INFO - Backup creado: resumenes.json.backup
2025-09-09 08:18:00,483 - app - INFO - Eliminando backup antiguo: C:\Users\gesti\GESTION COMPARTIDA Dropbox\Departamento Gestion\0001 - Control de Gestion (1)\Desarrollo\app cajas\data\resumenes.json.backup
2025-09-09 08:18:00,491 - app - INFO - Backup creado: retiro.json.backup
2025-09-09 08:18:00,497 - app - INFO - Eliminando backup antiguo: C:\Users\gesti\GESTION COMPARTIDA Dropbox\Departamento Gestion\0001 - Control de Gestion (1)\Desarrollo\app cajas\data\retiro.json.backup
2025-09-09 08:18:00,511 - app - INFO - Backup creado: stock.json.backup
2025-09-09 08:18:00,519 - app - INFO - Eliminando backup antiguo: C:\Users\gesti\GESTION COMPARTIDA Dropbox\Departamento Gestion\0001 - Control de Gestion (1)\Desarrollo\app cajas\data\stock.json.backup
2025-09-09 08:18:00,527 - app - INFO - Backup creado: system_config.json.backup
2025-09-09 08:18:00,535 - app - INFO - Eliminando backup antiguo: C:\Users\gesti\GESTION COMPARTIDA Dropbox\Departamento Gestion\0001 - Control de Gestion (1)\Desarrollo\app cajas\data\system_config.json.backup
2025-09-09 08:18:00,549 - app - INFO - Backup creado: tba.json.backup
2025-09-09 08:18:00,561 - app - INFO - Eliminando backup antiguo: C:\Users\gesti\GESTION COMPARTIDA Dropbox\Departamento Gestion\0001 - Control de Gestion (1)\Desarrollo\app cajas\data\tba.json.backup
2025-09-09 08:18:00,566 - app - INFO - Backup creado: users.json.backup
2025-09-09 08:18:00,575 - app - INFO - Eliminando backup antiguo: C:\Users\gesti\GESTION COMPARTIDA Dropbox\Departamento Gestion\0001 - Control de Gestion (1)\Desarrollo\app cajas\data\users.json.backup
2025-09-09 08:18:00,580 - app - INFO - Backup creado: ventas.json.backup
2025-09-09 08:18:00,587 - app - INFO - Eliminando backup antiguo: C:\Users\gesti\GESTION COMPARTIDA Dropbox\Departamento Gestion\0001 - Control de Gestion (1)\Desarrollo\app cajas\data\ventas.json.backup
2025-09-09 08:18:00,605 - app - INFO - Backup creado: zona_sur.json.backup
2025-09-09 08:18:00,611 - app - INFO - Eliminando backup antiguo: C:\Users\gesti\GESTION COMPARTIDA Dropbox\Departamento Gestion\0001 - Control de Gestion (1)\Desarrollo\app cajas\data\zona_sur.json.backup
2025-09-09 08:18:00,612 - app - INFO - Backup automático completado. 21 archivos respaldados.
2025-09-09 08:18:00,612 - app - INFO - Sistema de backup automático iniciado. Próximo backup en 6 horas.
2025-09-09 08:18:00,712 - waitress - INFO - Serving on http://[::1]:443
2025-09-09 08:18:00,712 - waitress - INFO - Serving on http://127.0.0.1:443
2025-09-09 08:18:03,968 - mysql.connector - INFO - package: mysql.connector.plugins
2025-09-09 08:18:03,968 - mysql.connector - INFO - plugin_name: caching_sha2_password
2025-09-09 08:18:03,973 - mysql.connector - INFO - AUTHENTICATION_PLUGIN_CLASS: MySQLCachingSHA2PasswordAuthPlugin
2025-09-09 13:04:51,143 - apscheduler.scheduler - INFO - Scheduler has been shut down
2025-09-09 13:04:58,153 - apscheduler.scheduler - INFO - Adding job tentatively -- it will be properly scheduled when the scheduler starts
2025-09-09 13:04:58,158 - apscheduler.scheduler - INFO - Added job "Backup automático de archivos JSON" to job store "default"
2025-09-09 13:04:58,159 - apscheduler.scheduler - INFO - Scheduler started
2025-09-09 13:04:58,161 - app - INFO - Iniciando backup automático de archivos JSON...
2025-09-09 13:04:58,173 - app - INFO - Backup creado: ambulante.json.backup
2025-09-09 13:04:58,178 - app - INFO - Eliminando backup antiguo: C:\Users\gesti\GESTION COMPARTIDA Dropbox\Departamento Gestion\0001 - Control de Gestion (1)\Desarrollo\app cajas\data\ambulante.json.backup
2025-09-09 13:04:58,185 - app - INFO - Backup creado: bimbo.json.backup
2025-09-09 13:04:58,192 - app - INFO - Eliminando backup antiguo: C:\Users\gesti\GESTION COMPARTIDA Dropbox\Departamento Gestion\0001 - Control de Gestion (1)\Desarrollo\app cajas\data\bimbo.json.backup.20
2025-09-09 13:04:58,203 - app - INFO - Backup creado: constitucion.json.backup
2025-09-09 13:04:58,209 - app - INFO - Eliminando backup antiguo: C:\Users\gesti\GESTION COMPARTIDA Dropbox\Departamento Gestion\0001 - Control de Gestion (1)\Desarrollo\app cajas\data\constitucion.json.backup
2025-09-09 13:04:58,218 - app - INFO - Backup creado: gastronomia.json.backup
2025-09-09 13:04:58,223 - app - INFO - Eliminando backup antiguo: C:\Users\gesti\GESTION COMPARTIDA Dropbox\Departamento Gestion\0001 - Control de Gestion (1)\Desarrollo\app cajas\data\gastronomia.json.backup
2025-09-09 13:04:58,233 - app - INFO - Backup creado: info_locales.json.backup
2025-09-09 13:04:58,239 - app - INFO - Eliminando backup antiguo: C:\Users\gesti\GESTION COMPARTIDA Dropbox\Departamento Gestion\0001 - Control de Gestion (1)\Desarrollo\app cajas\data\info_locales.json.backup
2025-09-09 13:04:58,261 - app - INFO - Backup creado: kioscos.json.backup
2025-09-09 13:04:58,267 - app - INFO - Eliminando backup antiguo: C:\Users\gesti\GESTION COMPARTIDA Dropbox\Departamento Gestion\0001 - Control de Gestion (1)\Desarrollo\app cajas\data\kioscos.json.backup
2025-09-09 13:04:58,275 - app - INFO - Backup creado: medios_pago.json.backup
2025-09-09 13:04:58,280 - app - INFO - Eliminando backup antiguo: C:\Users\gesti\GESTION COMPARTIDA Dropbox\Departamento Gestion\0001 - Control de Gestion (1)\Desarrollo\app cajas\data\medios_pago.json.backup
2025-09-09 13:04:58,290 - app - INFO - Backup creado: mercadopago.json.backup
2025-09-09 13:04:58,295 - app - INFO - Eliminando backup antiguo: C:\Users\gesti\GESTION COMPARTIDA Dropbox\Departamento Gestion\0001 - Control de Gestion (1)\Desarrollo\app cajas\data\mercadopago.json.backup
2025-09-09 13:04:58,303 - app - INFO - Backup creado: once.json.backup
2025-09-09 13:04:58,308 - app - INFO - Eliminando backup antiguo: C:\Users\gesti\GESTION COMPARTIDA Dropbox\Departamento Gestion\0001 - Control de Gestion (1)\Desarrollo\app cajas\data\once.json.backup
2025-09-09 13:04:58,317 - app - INFO - Backup creado: pagos_no_vinculados.json.backup
2025-09-09 13:04:58,323 - app - INFO - Eliminando backup antiguo: C:\Users\gesti\GESTION COMPARTIDA Dropbox\Departamento Gestion\0001 - Control de Gestion (1)\Desarrollo\app cajas\data\pagos_no_vinculados.json.backup
2025-09-09 13:04:58,332 - app - INFO - Backup creado: pendientes.json.backup
2025-09-09 13:04:58,338 - app - INFO - Eliminando backup antiguo: C:\Users\gesti\GESTION COMPARTIDA Dropbox\Departamento Gestion\0001 - Control de Gestion (1)\Desarrollo\app cajas\data\pendientes.json.backup
2025-09-09 13:04:58,345 - app - INFO - Backup creado: registros.json.backup
2025-09-09 13:04:58,351 - app - INFO - Eliminando backup antiguo: C:\Users\gesti\GESTION COMPARTIDA Dropbox\Departamento Gestion\0001 - Control de Gestion (1)\Desarrollo\app cajas\data\registros.json.backup
2025-09-09 13:04:58,359 - app - INFO - Backup creado: remesas_cajas.json.backup
2025-09-09 13:04:58,363 - app - INFO - Eliminando backup antiguo: C:\Users\gesti\GESTION COMPARTIDA Dropbox\Departamento Gestion\0001 - Control de Gestion (1)\Desarrollo\app cajas\data\remesas_cajas.json.backup
2025-09-09 13:04:58,368 - app - INFO - Backup creado: resumenes.json.backup
2025-09-09 13:04:58,377 - app - INFO - Eliminando backup antiguo: C:\Users\gesti\GESTION COMPARTIDA Dropbox\Departamento Gestion\0001 - Control de Gestion (1)\Desarrollo\app cajas\data\resumenes.json.backup
2025-09-09 13:04:58,386 - app - INFO - Backup creado: retiro.json.backup
2025-09-09 13:04:58,390 - app - INFO - Eliminando backup antiguo: C:\Users\gesti\GESTION COMPARTIDA Dropbox\Departamento Gestion\0001 - Control de Gestion (1)\Desarrollo\app cajas\data\retiro.json.backup
2025-09-09 13:04:58,398 - app - INFO - Backup creado: stock.json.backup
2025-09-09 13:04:58,403 - app - INFO - Eliminando backup antiguo: C:\Users\gesti\GESTION COMPARTIDA Dropbox\Departamento Gestion\0001 - Control de Gestion (1)\Desarrollo\app cajas\data\stock.json.backup
2025-09-09 13:04:58,413 - app - INFO - Backup creado: system_config.json.backup
2025-09-09 13:04:58,419 - app - INFO - Eliminando backup antiguo: C:\Users\gesti\GESTION COMPARTIDA Dropbox\Departamento Gestion\0001 - Control de Gestion (1)\Desarrollo\app cajas\data\system_config.json.backup
2025-09-09 13:04:58,427 - app - INFO - Backup creado: tba.json.backup
2025-09-09 13:04:58,432 - app - INFO - Eliminando backup antiguo: C:\Users\gesti\GESTION COMPARTIDA Dropbox\Departamento Gestion\0001 - Control de Gestion (1)\Desarrollo\app cajas\data\tba.json.backup
2025-09-09 13:04:58,436 - app - INFO - Backup creado: users.json.backup
2025-09-09 13:04:58,446 - app - INFO - Eliminando backup antiguo: C:\Users\gesti\GESTION COMPARTIDA Dropbox\Departamento Gestion\0001 - Control de Gestion (1)\Desarrollo\app cajas\data\users.json.backup.217
2025-09-09 13:04:58,452 - app - INFO - Backup creado: ventas.json.backup
2025-09-09 13:04:58,461 - app - INFO - Eliminando backup antiguo: C:\Users\gesti\GESTION COMPARTIDA Dropbox\Departamento Gestion\0001 - Control de Gestion (1)\Desarrollo\app cajas\data\ventas.json.backup
2025-09-09 13:04:58,470 - app - INFO - Backup creado: zona_sur.json.backup
2025-09-09 13:04:58,474 - app - INFO - Eliminando backup antiguo: C:\Users\gesti\GESTION COMPARTIDA Dropbox\Departamento Gestion\0001 - Control de Gestion (1)\Desarrollo\app cajas\data\zona_sur.json.backup
2025-09-09 13:04:58,475 - app - INFO - Backup automático completado. 21 archivos respaldados.
2025-09-09 13:04:58,476 - app - INFO - Sistema de backup automático iniciado. Próximo backup en 6 horas.
2025-09-09 13:04:58,607 - waitress - INFO - Serving on http://[::1]:443
2025-09-09 13:04:58,608 - waitress - INFO - Serving on http://127.0.0.1:443
2025-09-09 13:05:13,411 - mysql.connector - INFO - package: mysql.connector.plugins
2025-09-09 13:05:13,411 - mysql.connector - INFO - plugin_name: caching_sha2_password
2025-09-09 13:05:13,418 - mysql.connector - INFO - AUTHENTICATION_PLUGIN_CLASS: MySQLCachingSHA2PasswordAuthPlugin
2025-09-09 13:29:14,960 - apscheduler.scheduler - INFO - Scheduler has been shut down
2025-09-09 13:29:35,783 - apscheduler.scheduler - INFO - Adding job tentatively -- it will be properly scheduled when the scheduler starts
2025-09-09 13:29:35,787 - apscheduler.scheduler - INFO - Added job "Backup automático de archivos JSON" to job store "default"
2025-09-09 13:29:35,788 - apscheduler.scheduler - INFO - Scheduler started
2025-09-09 13:29:35,790 - app - INFO - Iniciando backup automático de archivos JSON...
2025-09-09 13:29:35,802 - app - INFO - Backup creado: ambulante.json.backup
2025-09-09 13:29:35,808 - app - INFO - Eliminando backup antiguo: C:\Users\gesti\GESTION COMPARTIDA Dropbox\Departamento Gestion\0001 - Control de Gestion (1)\Desarrollo\app cajas\data\ambulante.json.backup
2025-09-09 13:29:35,815 - app - INFO - Backup creado: bimbo.json.backup.25
2025-09-09 13:29:35,823 - app - INFO - Eliminando backup antiguo: C:\Users\gesti\GESTION COMPARTIDA Dropbox\Departamento Gestion\0001 - Control de Gestion (1)\Desarrollo\app cajas\data\bimbo.json.backup.21
2025-09-09 13:29:35,829 - app - INFO - Backup creado: constitucion.json.backup
2025-09-09 13:29:35,836 - app - INFO - Eliminando backup antiguo: C:\Users\gesti\GESTION COMPARTIDA Dropbox\Departamento Gestion\0001 - Control de Gestion (1)\Desarrollo\app cajas\data\constitucion.json.backup
2025-09-09 13:29:35,844 - app - INFO - Backup creado: gastronomia.json.backup
2025-09-09 13:29:35,851 - app - INFO - Eliminando backup antiguo: C:\Users\gesti\GESTION COMPARTIDA Dropbox\Departamento Gestion\0001 - Control de Gestion (1)\Desarrollo\app cajas\data\gastronomia.json.backup
2025-09-09 13:29:35,858 - app - INFO - Backup creado: info_locales.json.backup
2025-09-09 13:29:35,865 - app - INFO - Eliminando backup antiguo: C:\Users\gesti\GESTION COMPARTIDA Dropbox\Departamento Gestion\0001 - Control de Gestion (1)\Desarrollo\app cajas\data\info_locales.json.backup
2025-09-09 13:29:35,875 - app - INFO - Backup creado: kioscos.json.backup
2025-09-09 13:29:35,885 - app - INFO - Eliminando backup antiguo: C:\Users\gesti\GESTION COMPARTIDA Dropbox\Departamento Gestion\0001 - Control de Gestion (1)\Desarrollo\app cajas\data\kioscos.json.backup
2025-09-09 13:29:35,895 - app - INFO - Backup creado: medios_pago.json.backup
2025-09-09 13:29:35,901 - app - INFO - Eliminando backup antiguo: C:\Users\gesti\GESTION COMPARTIDA Dropbox\Departamento Gestion\0001 - Control de Gestion (1)\Desarrollo\app cajas\data\medios_pago.json.backup
2025-09-09 13:29:35,907 - app - INFO - Backup creado: mercadopago.json.backup
2025-09-09 13:29:35,913 - app - INFO - Eliminando backup antiguo: C:\Users\gesti\GESTION COMPARTIDA Dropbox\Departamento Gestion\0001 - Control de Gestion (1)\Desarrollo\app cajas\data\mercadopago.json.backup
2025-09-09 13:29:35,920 - app - INFO - Backup creado: once.json.backup
2025-09-09 13:29:35,927 - app - INFO - Eliminando backup antiguo: C:\Users\gesti\GESTION COMPARTIDA Dropbox\Departamento Gestion\0001 - Control de Gestion (1)\Desarrollo\app cajas\data\once.json.backup
2025-09-09 13:29:35,933 - app - INFO - Backup creado: pagos_no_vinculados.json.backup
2025-09-09 13:29:35,938 - app - INFO - Eliminando backup antiguo: C:\Users\gesti\GESTION COMPARTIDA Dropbox\Departamento Gestion\0001 - Control de Gestion (1)\Desarrollo\app cajas\data\pagos_no_vinculados.json.backup
2025-09-09 13:29:35,946 - app - INFO - Backup creado: pendientes.json.backup
2025-09-09 13:29:35,952 - app - INFO - Eliminando backup antiguo: C:\Users\gesti\GESTION COMPARTIDA Dropbox\Departamento Gestion\0001 - Control de Gestion (1)\Desarrollo\app cajas\data\pendientes.json.backup
2025-09-09 13:29:35,960 - app - INFO - Backup creado: registros.json.backup
2025-09-09 13:29:35,968 - app - INFO - Eliminando backup antiguo: C:\Users\gesti\GESTION COMPARTIDA Dropbox\Departamento Gestion\0001 - Control de Gestion (1)\Desarrollo\app cajas\data\registros.json.backup
2025-09-09 13:29:35,976 - app - INFO - Backup creado: remesas_cajas.json.backup
2025-09-09 13:29:35,982 - app - INFO - Eliminando backup antiguo: C:\Users\gesti\GESTION COMPARTIDA Dropbox\Departamento Gestion\0001 - Control de Gestion (1)\Desarrollo\app cajas\data\remesas_cajas.json.backup
2025-09-09 13:29:35,987 - app - INFO - Backup creado: resumenes.json.backup
2025-09-09 13:29:35,995 - app - INFO - Eliminando backup antiguo: C:\Users\gesti\GESTION COMPARTIDA Dropbox\Departamento Gestion\0001 - Control de Gestion (1)\Desarrollo\app cajas\data\resumenes.json.backup
2025-09-09 13:29:36,004 - app - INFO - Backup creado: retiro.json.backup
2025-09-09 13:29:36,011 - app - INFO - Eliminando backup antiguo: C:\Users\gesti\GESTION COMPARTIDA Dropbox\Departamento Gestion\0001 - Control de Gestion (1)\Desarrollo\app cajas\data\retiro.json.backup
2025-09-09 13:29:36,019 - app - INFO - Backup creado: stock.json.backup
2025-09-09 13:29:36,027 - app - INFO - Eliminando backup antiguo: C:\Users\gesti\GESTION COMPARTIDA Dropbox\Departamento Gestion\0001 - Control de Gestion (1)\Desarrollo\app cajas\data\stock.json.backup
2025-09-09 13:29:36,035 - app - INFO - Backup creado: system_config.json.backup
2025-09-09 13:29:36,041 - app - INFO - Eliminando backup antiguo: C:\Users\gesti\GESTION COMPARTIDA Dropbox\Departamento Gestion\0001 - Control de Gestion (1)\Desarrollo\app cajas\data\system_config.json.backup
2025-09-09 13:29:36,048 - app - INFO - Backup creado: tba.json.backup
2025-09-09 13:29:36,054 - app - INFO - Eliminando backup antiguo: C:\Users\gesti\GESTION COMPARTIDA Dropbox\Departamento Gestion\0001 - Control de Gestion (1)\Desarrollo\app cajas\data\tba.json.backup
2025-09-09 13:29:36,063 - app - INFO - Backup creado: users.json.backup.222
2025-09-09 13:29:36,077 - app - INFO - Eliminando backup antiguo: C:\Users\gesti\GESTION COMPARTIDA Dropbox\Departamento Gestion\0001 - Control de Gestion (1)\Desarrollo\app cajas\data\users.json.backup.218
2025-09-09 13:29:36,081 - app - INFO - Backup creado: ventas.json.backup
2025-09-09 13:29:36,088 - app - INFO - Eliminando backup antiguo: C:\Users\gesti\GESTION COMPARTIDA Dropbox\Departamento Gestion\0001 - Control de Gestion (1)\Desarrollo\app cajas\data\ventas.json.backup
2025-09-09 13:29:36,097 - app - INFO - Backup creado: zona_sur.json.backup
2025-09-09 13:29:36,104 - app - INFO - Eliminando backup antiguo: C:\Users\gesti\GESTION COMPARTIDA Dropbox\Departamento Gestion\0001 - Control de Gestion (1)\Desarrollo\app cajas\data\zona_sur.json.backup
2025-09-09 13:29:36,104 - app - INFO - Backup automático completado. 21 archivos respaldados.
2025-09-09 13:29:36,105 - app - INFO - Sistema de backup automático iniciado. Próximo backup en 6 horas.
2025-09-09 13:29:36,263 - waitress - INFO - Serving on http://[::1]:443
2025-09-09 13:29:36,264 - waitress - INFO - Serving on http://127.0.0.1:443
2025-09-09 13:30:04,716 - mysql.connector - INFO - package: mysql.connector.plugins
2025-09-09 13:30:04,717 - mysql.connector - INFO - plugin_name: caching_sha2_password
2025-09-09 13:30:04,729 - mysql.connector - INFO - AUTHENTICATION_PLUGIN_CLASS: MySQLCachingSHA2PasswordAuthPlugin
2025-09-09 19:29:35,959 - apscheduler.executors.default - INFO - Running job "Backup automático de archivos JSON (trigger: interval[6:00:00], next run at: 2025-09-10 01:29:35 -03)" (scheduled at 2025-09-09 19:29:35.783388-03:00)
2025-09-09 19:29:36,001 - app - INFO - Iniciando backup automático de archivos JSON...
2025-09-09 19:29:36,057 - app - INFO - Backup creado: ambulante.json.backup
2025-09-09 19:29:36,067 - app - INFO - Eliminando backup antiguo: C:\Users\gesti\GESTION COMPARTIDA Dropbox\Departamento Gestion\0001 - Control de Gestion (1)\Desarrollo\app cajas\data\ambulante.json.backup
2025-09-09 19:29:36,077 - app - INFO - Backup creado: bimbo.json.backup.26
2025-09-09 19:29:36,085 - app - INFO - Eliminando backup antiguo: C:\Users\gesti\GESTION COMPARTIDA Dropbox\Departamento Gestion\0001 - Control de Gestion (1)\Desarrollo\app cajas\data\bimbo.json.backup.22
2025-09-09 19:29:36,093 - app - INFO - Backup creado: constitucion.json.backup
2025-09-09 19:29:36,099 - app - INFO - Eliminando backup antiguo: C:\Users\gesti\GESTION COMPARTIDA Dropbox\Departamento Gestion\0001 - Control de Gestion (1)\Desarrollo\app cajas\data\constitucion.json.backup
2025-09-09 19:29:36,108 - app - INFO - Backup creado: gastronomia.json.backup
2025-09-09 19:29:36,115 - app - INFO - Eliminando backup antiguo: C:\Users\gesti\GESTION COMPARTIDA Dropbox\Departamento Gestion\0001 - Control de Gestion (1)\Desarrollo\app cajas\data\gastronomia.json.backup
2025-09-09 19:29:36,120 - app - INFO - Backup creado: info_locales.json.backup
2025-09-09 19:29:36,126 - app - INFO - Eliminando backup antiguo: C:\Users\gesti\GESTION COMPARTIDA Dropbox\Departamento Gestion\0001 - Control de Gestion (1)\Desarrollo\app cajas\data\info_locales.json.backup
2025-09-09 19:29:36,134 - app - INFO - Backup creado: kioscos.json.backup
2025-09-09 19:29:36,142 - app - INFO - Eliminando backup antiguo: C:\Users\gesti\GESTION COMPARTIDA Dropbox\Departamento Gestion\0001 - Control de Gestion (1)\Desarrollo\app cajas\data\kioscos.json.backup
2025-09-09 19:29:36,149 - app - INFO - Backup creado: medios_pago.json.backup
2025-09-09 19:29:36,154 - app - INFO - Eliminando backup antiguo: C:\Users\gesti\GESTION COMPARTIDA Dropbox\Departamento Gestion\0001 - Control de Gestion (1)\Desarrollo\app cajas\data\medios_pago.json.backup
2025-09-09 19:29:36,161 - app - INFO - Backup creado: mercadopago.json.backup
2025-09-09 19:29:36,167 - app - INFO - Eliminando backup antiguo: C:\Users\gesti\GESTION COMPARTIDA Dropbox\Departamento Gestion\0001 - Control de Gestion (1)\Desarrollo\app cajas\data\mercadopago.json.backup
2025-09-09 19:29:36,173 - app - INFO - Backup creado: once.json.backup
2025-09-09 19:29:36,178 - app - INFO - Eliminando backup antiguo: C:\Users\gesti\GESTION COMPARTIDA Dropbox\Departamento Gestion\0001 - Control de Gestion (1)\Desarrollo\app cajas\data\once.json.backup
2025-09-09 19:29:36,185 - app - INFO - Backup creado: pagos_no_vinculados.json.backup
2025-09-09 19:29:36,191 - app - INFO - Eliminando backup antiguo: C:\Users\gesti\GESTION COMPARTIDA Dropbox\Departamento Gestion\0001 - Control de Gestion (1)\Desarrollo\app cajas\data\pagos_no_vinculados.json.backup
2025-09-09 19:29:36,198 - app - INFO - Backup creado: pendientes.json.backup
2025-09-09 19:29:36,204 - app - INFO - Eliminando backup antiguo: C:\Users\gesti\GESTION COMPARTIDA Dropbox\Departamento Gestion\0001 - Control de Gestion (1)\Desarrollo\app cajas\data\pendientes.json.backup
2025-09-09 19:29:36,211 - app - INFO - Backup creado: registros.json.backup
2025-09-09 19:29:36,218 - app - INFO - Eliminando backup antiguo: C:\Users\gesti\GESTION COMPARTIDA Dropbox\Departamento Gestion\0001 - Control de Gestion (1)\Desarrollo\app cajas\data\registros.json.backup
2025-09-09 19:29:36,224 - app - INFO - Backup creado: remesas_cajas.json.backup
2025-09-09 19:29:36,231 - app - INFO - Eliminando backup antiguo: C:\Users\gesti\GESTION COMPARTIDA Dropbox\Departamento Gestion\0001 - Control de Gestion (1)\Desarrollo\app cajas\data\remesas_cajas.json.backup
2025-09-09 19:29:36,235 - app - INFO - Backup creado: resumenes.json.backup
2025-09-09 19:29:36,243 - app - INFO - Eliminando backup antiguo: C:\Users\gesti\GESTION COMPARTIDA Dropbox\Departamento Gestion\0001 - Control de Gestion (1)\Desarrollo\app cajas\data\resumenes.json.backup
2025-09-09 19:29:36,251 - app - INFO - Backup creado: retiro.json.backup
2025-09-09 19:29:36,257 - app - INFO - Eliminando backup antiguo: C:\Users\gesti\GESTION COMPARTIDA Dropbox\Departamento Gestion\0001 - Control de Gestion (1)\Desarrollo\app cajas\data\retiro.json.backup
2025-09-09 19:29:36,267 - app - INFO - Backup creado: stock.json.backup
2025-09-09 19:29:36,273 - app - INFO - Eliminando backup antiguo: C:\Users\gesti\GESTION COMPARTIDA Dropbox\Departamento Gestion\0001 - Control de Gestion (1)\Desarrollo\app cajas\data\stock.json.backup
2025-09-09 19:29:36,282 - app - INFO - Backup creado: system_config.json.backup
2025-09-09 19:29:36,287 - app - INFO - Eliminando backup antiguo: C:\Users\gesti\GESTION COMPARTIDA Dropbox\Departamento Gestion\0001 - Control de Gestion (1)\Desarrollo\app cajas\data\system_config.json.backup
2025-09-09 19:29:36,295 - app - INFO - Backup creado: tba.json.backup
2025-09-09 19:29:36,300 - app - INFO - Eliminando backup antiguo: C:\Users\gesti\GESTION COMPARTIDA Dropbox\Departamento Gestion\0001 - Control de Gestion (1)\Desarrollo\app cajas\data\tba.json.backup
2025-09-09 19:29:36,306 - app - INFO - Backup creado: users.json.backup.223
2025-09-09 19:29:36,314 - app - INFO - Eliminando backup antiguo: C:\Users\gesti\GESTION COMPARTIDA Dropbox\Departamento Gestion\0001 - Control de Gestion (1)\Desarrollo\app cajas\data\users.json.backup.219
2025-09-09 19:29:36,318 - app - INFO - Backup creado: ventas.json.backup
2025-09-09 19:29:36,324 - app - INFO - Eliminando backup antiguo: C:\Users\gesti\GESTION COMPARTIDA Dropbox\Departamento Gestion\0001 - Control de Gestion (1)\Desarrollo\app cajas\data\ventas.json.backup
2025-09-09 19:29:36,333 - app - INFO - Backup creado: zona_sur.json.backup
2025-09-09 19:29:36,339 - app - INFO - Eliminando backup antiguo: C:\Users\gesti\GESTION COMPARTIDA Dropbox\Departamento Gestion\0001 - Control de Gestion (1)\Desarrollo\app cajas\data\zona_sur.json.backup
2025-09-09 19:29:36,340 - app - INFO - Backup automático completado. 21 archivos respaldados.
2025-09-09 19:29:36,342 - apscheduler.executors.default - INFO - Job "Backup automático de archivos JSON (trigger: interval[6:00:00], next run at: 2025-09-10 01:29:35 -03)" executed successfully
