2025-07-15 13:43:11,062 - apscheduler.scheduler - INFO - Adding job tentatively -- it will be properly scheduled when the scheduler starts
2025-07-15 13:43:11,084 - apscheduler.scheduler - INFO - Added job "Backup automático de archivos JSON" to job store "default"
2025-07-15 13:43:11,085 - apscheduler.scheduler - INFO - Scheduler started
2025-07-15 13:43:11,087 - app - INFO - Iniciando backup automático de archivos JSON...
2025-07-15 13:43:11,134 - app - INFO - Backup creado: ambulante.json.backup
2025-07-15 13:43:11,164 - app - INFO - Eliminando backup antiguo: c:\Users\PROPIETARIO\Downloads\01.Proyectos\circle\data\ambulante.json.backup
2025-07-15 13:43:11,204 - app - INFO - Backup creado: bimbo.json.backup
2025-07-15 13:43:11,230 - app - INFO - Eliminando backup antiguo: c:\Users\PROPIETARIO\Downloads\01.Proyectos\circle\data\bimbo.json.backup
2025-07-15 13:43:11,335 - app - INFO - Backup creado: constitucion.json.backup
2025-07-15 13:43:11,716 - app - INFO - Eliminando backup antiguo: c:\Users\PROPIETARIO\Downloads\01.Proyectos\circle\data\constitucion.json.backup
2025-07-15 13:43:12,450 - app - INFO - Backup creado: gastronomia.json.backup
2025-07-15 13:43:12,557 - app - INFO - Eliminando backup antiguo: c:\Users\PROPIETARIO\Downloads\01.Proyectos\circle\data\gastronomia.json.backup
2025-07-15 13:43:12,595 - app - INFO - Backup creado: kioscos.json.backup
2025-07-15 13:43:12,612 - app - INFO - Eliminando backup antiguo: c:\Users\PROPIETARIO\Downloads\01.Proyectos\circle\data\kioscos.json.backup
2025-07-15 13:43:12,636 - app - INFO - Backup creado: medios_pago.json.backup
2025-07-15 13:43:12,672 - app - INFO - Backup creado: mercadopago.json.backup
2025-07-15 13:43:12,686 - app - INFO - Eliminando backup antiguo: c:\Users\PROPIETARIO\Downloads\01.Proyectos\circle\data\mercadopago.json.backup.1
2025-07-15 13:43:12,791 - app - INFO - Backup creado: once.json.backup
2025-07-15 13:43:12,894 - app - INFO - Eliminando backup antiguo: c:\Users\PROPIETARIO\Downloads\01.Proyectos\circle\data\once.json.backup
2025-07-15 13:43:12,968 - app - INFO - Backup creado: pagos_no_vinculados.json.backup
2025-07-15 13:43:13,010 - app - INFO - Eliminando backup antiguo: c:\Users\PROPIETARIO\Downloads\01.Proyectos\circle\data\pagos_no_vinculados.json.backup
2025-07-15 13:43:13,041 - app - INFO - Backup creado: pendientes.json.backup
2025-07-15 13:43:13,066 - app - INFO - Eliminando backup antiguo: c:\Users\PROPIETARIO\Downloads\01.Proyectos\circle\data\pendientes.json.backup
2025-07-15 13:43:13,115 - app - INFO - Backup creado: registros.json.backup
2025-07-15 13:43:13,141 - app - INFO - Eliminando backup antiguo: c:\Users\PROPIETARIO\Downloads\01.Proyectos\circle\data\registros.json.backup
2025-07-15 13:43:13,244 - app - INFO - Backup creado: resumenes.json.backup
2025-07-15 13:43:13,358 - app - INFO - Backup creado: retiro.json.backup
2025-07-15 13:43:13,373 - app - INFO - Eliminando backup antiguo: c:\Users\PROPIETARIO\Downloads\01.Proyectos\circle\data\retiro.json.backup
2025-07-15 13:43:13,424 - app - INFO - Backup creado: stock.json.backup
2025-07-15 13:43:13,426 - app - INFO - Eliminando backup antiguo: c:\Users\PROPIETARIO\Downloads\01.Proyectos\circle\data\stock.json.backup
2025-07-15 13:43:13,493 - app - INFO - Backup creado: system_config.json.backup
2025-07-15 13:43:13,516 - app - INFO - Eliminando backup antiguo: c:\Users\PROPIETARIO\Downloads\01.Proyectos\circle\data\system_config.json.backup
2025-07-15 13:43:13,552 - app - INFO - Backup creado: tba.json.backup
2025-07-15 13:43:13,568 - app - INFO - Eliminando backup antiguo: c:\Users\PROPIETARIO\Downloads\01.Proyectos\circle\data\tba.json.backup
2025-07-15 13:43:13,590 - app - INFO - Backup creado: users.json.backup
2025-07-15 13:43:13,600 - app - INFO - Eliminando backup antiguo: c:\Users\PROPIETARIO\Downloads\01.Proyectos\circle\data\users.json.backup.123
2025-07-15 13:43:13,642 - app - INFO - Backup creado: ventas.json.backup.6
2025-07-15 13:43:13,657 - app - INFO - Eliminando backup antiguo: c:\Users\PROPIETARIO\Downloads\01.Proyectos\circle\data\ventas.json.backup.2
2025-07-15 13:43:13,697 - app - INFO - Backup creado: zona_sur.json.backup
2025-07-15 13:43:13,716 - app - INFO - Eliminando backup antiguo: c:\Users\PROPIETARIO\Downloads\01.Proyectos\circle\data\zona_sur.json.backup
2025-07-15 13:43:13,724 - app - INFO - Backup automático completado. 19 archivos respaldados.
2025-07-15 13:43:13,741 - app - INFO - Sistema de backup automático iniciado. Próximo backup en 6 horas.
2025-07-15 13:43:14,331 - waitress - INFO - Serving on http://[::1]:443
2025-07-15 13:43:14,333 - waitress - INFO - Serving on http://127.0.0.1:443
