2025-08-25 10:10:50,213 - apscheduler.scheduler - INFO - Adding job tentatively -- it will be properly scheduled when the scheduler starts
2025-08-25 10:10:50,217 - apscheduler.scheduler - INFO - Added job "Backup automático de archivos JSON" to job store "default"
2025-08-25 10:10:50,218 - apscheduler.scheduler - INFO - Scheduler started
2025-08-25 10:10:50,219 - app - INFO - Iniciando backup automático de archivos JSON...
2025-08-25 10:10:50,231 - app - INFO - Backup creado: ambulante.json.backup
2025-08-25 10:10:50,236 - app - INFO - Eliminando backup antiguo: C:\Users\gesti\GESTION COMPARTIDA Dropbox\Departamento Gestion\0001 - Control de Gestion (1)\Desarrollo\app cajas\data\ambulante.json.backup
2025-08-25 10:10:50,243 - app - INFO - Backup creado: bimbo.json.backup
2025-08-25 10:10:50,248 - app - INFO - Eliminando backup antiguo: C:\Users\gesti\GESTION COMPARTIDA Dropbox\Departamento Gestion\0001 - Control de Gestion (1)\Desarrollo\app cajas\data\bimbo.json.backup
2025-08-25 10:10:50,256 - app - INFO - Backup creado: constitucion.json.backup
2025-08-25 10:10:50,260 - app - INFO - Eliminando backup antiguo: C:\Users\gesti\GESTION COMPARTIDA Dropbox\Departamento Gestion\0001 - Control de Gestion (1)\Desarrollo\app cajas\data\constitucion.json.backup
2025-08-25 10:10:50,267 - app - INFO - Backup creado: gastronomia.json.backup
2025-08-25 10:10:50,272 - app - INFO - Eliminando backup antiguo: C:\Users\gesti\GESTION COMPARTIDA Dropbox\Departamento Gestion\0001 - Control de Gestion (1)\Desarrollo\app cajas\data\gastronomia.json.backup
2025-08-25 10:10:50,277 - app - INFO - Backup creado: info_locales.json.backup
2025-08-25 10:10:50,281 - app - INFO - Eliminando backup antiguo: C:\Users\gesti\GESTION COMPARTIDA Dropbox\Departamento Gestion\0001 - Control de Gestion (1)\Desarrollo\app cajas\data\info_locales.json.backup
2025-08-25 10:10:50,287 - app - INFO - Backup creado: kioscos.json.backup
2025-08-25 10:10:50,292 - app - INFO - Eliminando backup antiguo: C:\Users\gesti\GESTION COMPARTIDA Dropbox\Departamento Gestion\0001 - Control de Gestion (1)\Desarrollo\app cajas\data\kioscos.json.backup
2025-08-25 10:10:50,297 - app - INFO - Backup creado: medios_pago.json.backup
2025-08-25 10:10:50,302 - app - INFO - Eliminando backup antiguo: C:\Users\gesti\GESTION COMPARTIDA Dropbox\Departamento Gestion\0001 - Control de Gestion (1)\Desarrollo\app cajas\data\medios_pago.json.backup
2025-08-25 10:10:50,306 - app - INFO - Backup creado: mercadopago.json.backup
2025-08-25 10:10:50,311 - app - INFO - Eliminando backup antiguo: C:\Users\gesti\GESTION COMPARTIDA Dropbox\Departamento Gestion\0001 - Control de Gestion (1)\Desarrollo\app cajas\data\mercadopago.json.backup
2025-08-25 10:10:50,319 - app - INFO - Backup creado: once.json.backup
2025-08-25 10:10:50,323 - app - INFO - Eliminando backup antiguo: C:\Users\gesti\GESTION COMPARTIDA Dropbox\Departamento Gestion\0001 - Control de Gestion (1)\Desarrollo\app cajas\data\once.json.backup
2025-08-25 10:10:50,336 - app - INFO - Backup creado: pagos_no_vinculados.json.backup
2025-08-25 10:10:50,340 - app - INFO - Eliminando backup antiguo: C:\Users\gesti\GESTION COMPARTIDA Dropbox\Departamento Gestion\0001 - Control de Gestion (1)\Desarrollo\app cajas\data\pagos_no_vinculados.json.backup
2025-08-25 10:10:50,351 - app - INFO - Backup creado: pendientes.json.backup
2025-08-25 10:10:50,356 - app - INFO - Eliminando backup antiguo: C:\Users\gesti\GESTION COMPARTIDA Dropbox\Departamento Gestion\0001 - Control de Gestion (1)\Desarrollo\app cajas\data\pendientes.json.backup
2025-08-25 10:10:50,367 - app - INFO - Backup creado: registros.json.backup
2025-08-25 10:10:50,373 - app - INFO - Eliminando backup antiguo: C:\Users\gesti\GESTION COMPARTIDA Dropbox\Departamento Gestion\0001 - Control de Gestion (1)\Desarrollo\app cajas\data\registros.json.backup
2025-08-25 10:10:50,381 - app - INFO - Backup creado: remesas_cajas.json.backup
2025-08-25 10:10:50,385 - app - INFO - Eliminando backup antiguo: C:\Users\gesti\GESTION COMPARTIDA Dropbox\Departamento Gestion\0001 - Control de Gestion (1)\Desarrollo\app cajas\data\remesas_cajas.json.backup
2025-08-25 10:10:50,389 - app - INFO - Backup creado: resumenes.json.backup
2025-08-25 10:10:50,396 - app - INFO - Eliminando backup antiguo: C:\Users\gesti\GESTION COMPARTIDA Dropbox\Departamento Gestion\0001 - Control de Gestion (1)\Desarrollo\app cajas\data\resumenes.json.backup
2025-08-25 10:10:50,403 - app - INFO - Backup creado: retiro.json.backup
2025-08-25 10:10:50,408 - app - INFO - Eliminando backup antiguo: C:\Users\gesti\GESTION COMPARTIDA Dropbox\Departamento Gestion\0001 - Control de Gestion (1)\Desarrollo\app cajas\data\retiro.json.backup
2025-08-25 10:10:50,415 - app - INFO - Backup creado: stock.json.backup
2025-08-25 10:10:50,421 - app - INFO - Eliminando backup antiguo: C:\Users\gesti\GESTION COMPARTIDA Dropbox\Departamento Gestion\0001 - Control de Gestion (1)\Desarrollo\app cajas\data\stock.json.backup
2025-08-25 10:10:50,429 - app - INFO - Backup creado: system_config.json.backup
2025-08-25 10:10:50,433 - app - INFO - Eliminando backup antiguo: C:\Users\gesti\GESTION COMPARTIDA Dropbox\Departamento Gestion\0001 - Control de Gestion (1)\Desarrollo\app cajas\data\system_config.json.backup
2025-08-25 10:10:50,440 - app - INFO - Backup creado: tba.json.backup
2025-08-25 10:10:50,446 - app - INFO - Eliminando backup antiguo: C:\Users\gesti\GESTION COMPARTIDA Dropbox\Departamento Gestion\0001 - Control de Gestion (1)\Desarrollo\app cajas\data\tba.json.backup
2025-08-25 10:10:50,452 - app - INFO - Backup creado: users.json.backup
2025-08-25 10:10:50,462 - app - INFO - Eliminando backup antiguo: C:\Users\gesti\GESTION COMPARTIDA Dropbox\Departamento Gestion\0001 - Control de Gestion (1)\Desarrollo\app cajas\data\users.json.backup.186
2025-08-25 10:10:50,468 - app - INFO - Backup creado: ventas.json.backup
2025-08-25 10:10:50,476 - app - INFO - Eliminando backup antiguo: C:\Users\gesti\GESTION COMPARTIDA Dropbox\Departamento Gestion\0001 - Control de Gestion (1)\Desarrollo\app cajas\data\ventas.json.backup
2025-08-25 10:10:50,482 - app - INFO - Backup creado: zona_sur.json.backup
2025-08-25 10:10:50,487 - app - INFO - Eliminando backup antiguo: C:\Users\gesti\GESTION COMPARTIDA Dropbox\Departamento Gestion\0001 - Control de Gestion (1)\Desarrollo\app cajas\data\zona_sur.json.backup
2025-08-25 10:10:50,488 - app - INFO - Backup automático completado. 21 archivos respaldados.
2025-08-25 10:10:50,488 - app - INFO - Sistema de backup automático iniciado. Próximo backup en 6 horas.
2025-08-25 10:10:50,590 - waitress - INFO - Serving on http://[::1]:443
2025-08-25 10:10:50,590 - waitress - INFO - Serving on http://127.0.0.1:443
2025-08-25 10:11:05,943 - mysql.connector - INFO - package: mysql.connector.plugins
2025-08-25 10:11:05,944 - mysql.connector - INFO - plugin_name: caching_sha2_password
2025-08-25 10:11:05,953 - mysql.connector - INFO - AUTHENTICATION_PLUGIN_CLASS: MySQLCachingSHA2PasswordAuthPlugin
2025-08-25 15:12:31,813 - apscheduler.scheduler - INFO - Scheduler has been shut down
