2025-08-11 12:47:49,055 - apscheduler.scheduler - INFO - Adding job tentatively -- it will be properly scheduled when the scheduler starts
2025-08-11 12:47:49,060 - apscheduler.scheduler - INFO - Added job "Backup automático de archivos JSON" to job store "default"
2025-08-11 12:47:49,061 - apscheduler.scheduler - INFO - Scheduler started
2025-08-11 12:47:49,064 - app - INFO - Iniciando backup automático de archivos JSON...
2025-08-11 12:47:49,076 - app - INFO - Backup creado: ambulante.json.backup
2025-08-11 12:47:49,083 - app - INFO - Eliminando backup antiguo: C:\Users\gesti\GESTION COMPARTIDA Dropbox\Departamento Gestion\0001 - Control de Gestion\Desarrollo\app cajas\data\ambulante.json.backup
2025-08-11 12:47:49,092 - app - INFO - Backup creado: bimbo.json.backup
2025-08-11 12:47:49,099 - app - INFO - Eliminando backup antiguo: C:\Users\gesti\GESTION COMPARTIDA Dropbox\Departamento Gestion\0001 - Control de Gestion\Desarrollo\app cajas\data\bimbo.json.backup
2025-08-11 12:47:49,109 - app - INFO - Backup creado: constitucion.json.backup
2025-08-11 12:47:49,117 - app - INFO - Eliminando backup antiguo: C:\Users\gesti\GESTION COMPARTIDA Dropbox\Departamento Gestion\0001 - Control de Gestion\Desarrollo\app cajas\data\constitucion.json.backup
2025-08-11 12:47:49,126 - app - INFO - Backup creado: gastronomia.json.backup
2025-08-11 12:47:49,132 - app - INFO - Eliminando backup antiguo: C:\Users\gesti\GESTION COMPARTIDA Dropbox\Departamento Gestion\0001 - Control de Gestion\Desarrollo\app cajas\data\gastronomia.json.backup
2025-08-11 12:47:49,138 - app - INFO - Backup creado: info_locales.json.backup
2025-08-11 12:47:49,145 - app - INFO - Eliminando backup antiguo: C:\Users\gesti\GESTION COMPARTIDA Dropbox\Departamento Gestion\0001 - Control de Gestion\Desarrollo\app cajas\data\info_locales.json.backup
2025-08-11 12:47:49,153 - app - INFO - Backup creado: kioscos.json.backup
2025-08-11 12:47:49,159 - app - INFO - Eliminando backup antiguo: C:\Users\gesti\GESTION COMPARTIDA Dropbox\Departamento Gestion\0001 - Control de Gestion\Desarrollo\app cajas\data\kioscos.json.backup
2025-08-11 12:47:49,178 - app - INFO - Backup creado: medios_pago.json.backup
2025-08-11 12:47:49,187 - app - INFO - Eliminando backup antiguo: C:\Users\gesti\GESTION COMPARTIDA Dropbox\Departamento Gestion\0001 - Control de Gestion\Desarrollo\app cajas\data\medios_pago.json.backup
2025-08-11 12:47:49,192 - app - INFO - Backup creado: mercadopago.json.backup
2025-08-11 12:47:49,198 - app - INFO - Eliminando backup antiguo: C:\Users\gesti\GESTION COMPARTIDA Dropbox\Departamento Gestion\0001 - Control de Gestion\Desarrollo\app cajas\data\mercadopago.json.backup
2025-08-11 12:47:49,207 - app - INFO - Backup creado: once.json.backup
2025-08-11 12:47:49,215 - app - INFO - Eliminando backup antiguo: C:\Users\gesti\GESTION COMPARTIDA Dropbox\Departamento Gestion\0001 - Control de Gestion\Desarrollo\app cajas\data\once.json.backup
2025-08-11 12:47:49,223 - app - INFO - Backup creado: pagos_no_vinculados.json.backup
2025-08-11 12:47:49,232 - app - INFO - Eliminando backup antiguo: C:\Users\gesti\GESTION COMPARTIDA Dropbox\Departamento Gestion\0001 - Control de Gestion\Desarrollo\app cajas\data\pagos_no_vinculados.json.backup
2025-08-11 12:47:49,240 - app - INFO - Backup creado: pendientes.json.backup
2025-08-11 12:47:49,246 - app - INFO - Eliminando backup antiguo: C:\Users\gesti\GESTION COMPARTIDA Dropbox\Departamento Gestion\0001 - Control de Gestion\Desarrollo\app cajas\data\pendientes.json.backup
2025-08-11 12:47:49,254 - app - INFO - Backup creado: registros.json.backup
2025-08-11 12:47:49,261 - app - INFO - Eliminando backup antiguo: C:\Users\gesti\GESTION COMPARTIDA Dropbox\Departamento Gestion\0001 - Control de Gestion\Desarrollo\app cajas\data\registros.json.backup
2025-08-11 12:47:49,269 - app - INFO - Backup creado: remesas_cajas.json.backup
2025-08-11 12:47:49,274 - app - INFO - Eliminando backup antiguo: C:\Users\gesti\GESTION COMPARTIDA Dropbox\Departamento Gestion\0001 - Control de Gestion\Desarrollo\app cajas\data\remesas_cajas.json.backup
2025-08-11 12:47:49,281 - app - INFO - Backup creado: resumenes.json.backup
2025-08-11 12:47:49,290 - app - INFO - Eliminando backup antiguo: C:\Users\gesti\GESTION COMPARTIDA Dropbox\Departamento Gestion\0001 - Control de Gestion\Desarrollo\app cajas\data\resumenes.json.backup
2025-08-11 12:47:49,299 - app - INFO - Backup creado: retiro.json.backup
2025-08-11 12:47:49,307 - app - INFO - Eliminando backup antiguo: C:\Users\gesti\GESTION COMPARTIDA Dropbox\Departamento Gestion\0001 - Control de Gestion\Desarrollo\app cajas\data\retiro.json.backup
2025-08-11 12:47:49,316 - app - INFO - Backup creado: stock.json.backup
2025-08-11 12:47:49,322 - app - INFO - Eliminando backup antiguo: C:\Users\gesti\GESTION COMPARTIDA Dropbox\Departamento Gestion\0001 - Control de Gestion\Desarrollo\app cajas\data\stock.json.backup
2025-08-11 12:47:49,331 - app - INFO - Backup creado: system_config.json.backup
2025-08-11 12:47:49,337 - app - INFO - Eliminando backup antiguo: C:\Users\gesti\GESTION COMPARTIDA Dropbox\Departamento Gestion\0001 - Control de Gestion\Desarrollo\app cajas\data\system_config.json.backup
2025-08-11 12:47:49,347 - app - INFO - Backup creado: tba.json.backup
2025-08-11 12:47:49,356 - app - INFO - Eliminando backup antiguo: C:\Users\gesti\GESTION COMPARTIDA Dropbox\Departamento Gestion\0001 - Control de Gestion\Desarrollo\app cajas\data\tba.json.backup
2025-08-11 12:47:49,362 - app - INFO - Backup creado: users.json.backup
2025-08-11 12:47:49,370 - app - INFO - Eliminando backup antiguo: C:\Users\gesti\GESTION COMPARTIDA Dropbox\Departamento Gestion\0001 - Control de Gestion\Desarrollo\app cajas\data\users.json.backup
2025-08-11 12:47:49,376 - app - INFO - Backup creado: ventas.json.backup
2025-08-11 12:47:49,386 - app - INFO - Eliminando backup antiguo: C:\Users\gesti\GESTION COMPARTIDA Dropbox\Departamento Gestion\0001 - Control de Gestion\Desarrollo\app cajas\data\ventas.json.backup
2025-08-11 12:47:49,397 - app - INFO - Backup creado: zona_sur.json.backup
2025-08-11 12:47:49,406 - app - INFO - Eliminando backup antiguo: C:\Users\gesti\GESTION COMPARTIDA Dropbox\Departamento Gestion\0001 - Control de Gestion\Desarrollo\app cajas\data\zona_sur.json.backup
2025-08-11 12:47:49,406 - app - INFO - Backup automático completado. 21 archivos respaldados.
2025-08-11 12:47:49,407 - app - INFO - Sistema de backup automático iniciado. Próximo backup en 6 horas.
2025-08-11 12:47:49,544 - waitress - INFO - Serving on http://[::1]:443
2025-08-11 12:47:49,545 - waitress - INFO - Serving on http://127.0.0.1:443
2025-08-11 12:47:54,199 - mysql.connector - INFO - package: mysql.connector.plugins
2025-08-11 12:47:54,200 - mysql.connector - INFO - plugin_name: caching_sha2_password
2025-08-11 12:47:54,206 - mysql.connector - INFO - AUTHENTICATION_PLUGIN_CLASS: MySQLCachingSHA2PasswordAuthPlugin
2025-08-11 14:01:22,916 - apscheduler.scheduler - INFO - Scheduler has been shut down
2025-08-11 14:01:41,018 - apscheduler.scheduler - INFO - Adding job tentatively -- it will be properly scheduled when the scheduler starts
2025-08-11 14:01:41,022 - apscheduler.scheduler - INFO - Added job "Backup automático de archivos JSON" to job store "default"
2025-08-11 14:01:41,023 - apscheduler.scheduler - INFO - Scheduler started
2025-08-11 14:01:41,025 - app - INFO - Iniciando backup automático de archivos JSON...
2025-08-11 14:01:41,039 - app - INFO - Backup creado: ambulante.json.backup
2025-08-11 14:01:41,046 - app - INFO - Eliminando backup antiguo: C:\Users\gesti\GESTION COMPARTIDA Dropbox\Departamento Gestion\0001 - Control de Gestion\Desarrollo\app cajas\data\ambulante.json.backup
2025-08-11 14:01:41,055 - app - INFO - Backup creado: bimbo.json.backup
2025-08-11 14:01:41,062 - app - INFO - Eliminando backup antiguo: C:\Users\gesti\GESTION COMPARTIDA Dropbox\Departamento Gestion\0001 - Control de Gestion\Desarrollo\app cajas\data\bimbo.json.backup
2025-08-11 14:01:41,071 - app - INFO - Backup creado: constitucion.json.backup
2025-08-11 14:01:41,081 - app - INFO - Eliminando backup antiguo: C:\Users\gesti\GESTION COMPARTIDA Dropbox\Departamento Gestion\0001 - Control de Gestion\Desarrollo\app cajas\data\constitucion.json.backup
2025-08-11 14:01:41,095 - app - INFO - Backup creado: gastronomia.json.backup
2025-08-11 14:01:41,126 - app - INFO - Eliminando backup antiguo: C:\Users\gesti\GESTION COMPARTIDA Dropbox\Departamento Gestion\0001 - Control de Gestion\Desarrollo\app cajas\data\gastronomia.json.backup
2025-08-11 14:01:41,132 - app - INFO - Backup creado: info_locales.json.backup
2025-08-11 14:01:41,140 - app - INFO - Eliminando backup antiguo: C:\Users\gesti\GESTION COMPARTIDA Dropbox\Departamento Gestion\0001 - Control de Gestion\Desarrollo\app cajas\data\info_locales.json.backup
2025-08-11 14:01:41,149 - app - INFO - Backup creado: kioscos.json.backup
2025-08-11 14:01:41,155 - app - INFO - Eliminando backup antiguo: C:\Users\gesti\GESTION COMPARTIDA Dropbox\Departamento Gestion\0001 - Control de Gestion\Desarrollo\app cajas\data\kioscos.json.backup
2025-08-11 14:01:41,164 - app - INFO - Backup creado: medios_pago.json.backup
2025-08-11 14:01:41,171 - app - INFO - Eliminando backup antiguo: C:\Users\gesti\GESTION COMPARTIDA Dropbox\Departamento Gestion\0001 - Control de Gestion\Desarrollo\app cajas\data\medios_pago.json.backup
2025-08-11 14:01:41,179 - app - INFO - Backup creado: mercadopago.json.backup
2025-08-11 14:01:41,186 - app - INFO - Eliminando backup antiguo: C:\Users\gesti\GESTION COMPARTIDA Dropbox\Departamento Gestion\0001 - Control de Gestion\Desarrollo\app cajas\data\mercadopago.json.backup
2025-08-11 14:01:41,196 - app - INFO - Backup creado: once.json.backup
2025-08-11 14:01:41,203 - app - INFO - Eliminando backup antiguo: C:\Users\gesti\GESTION COMPARTIDA Dropbox\Departamento Gestion\0001 - Control de Gestion\Desarrollo\app cajas\data\once.json.backup
2025-08-11 14:01:41,214 - app - INFO - Backup creado: pagos_no_vinculados.json.backup
2025-08-11 14:01:41,220 - app - INFO - Eliminando backup antiguo: C:\Users\gesti\GESTION COMPARTIDA Dropbox\Departamento Gestion\0001 - Control de Gestion\Desarrollo\app cajas\data\pagos_no_vinculados.json.backup
2025-08-11 14:01:41,229 - app - INFO - Backup creado: pendientes.json.backup
2025-08-11 14:01:41,236 - app - INFO - Eliminando backup antiguo: C:\Users\gesti\GESTION COMPARTIDA Dropbox\Departamento Gestion\0001 - Control de Gestion\Desarrollo\app cajas\data\pendientes.json.backup
2025-08-11 14:01:41,248 - app - INFO - Backup creado: registros.json.backup
2025-08-11 14:01:41,254 - app - INFO - Eliminando backup antiguo: C:\Users\gesti\GESTION COMPARTIDA Dropbox\Departamento Gestion\0001 - Control de Gestion\Desarrollo\app cajas\data\registros.json.backup
2025-08-11 14:01:41,262 - app - INFO - Backup creado: remesas_cajas.json.backup
2025-08-11 14:01:41,268 - app - INFO - Eliminando backup antiguo: C:\Users\gesti\GESTION COMPARTIDA Dropbox\Departamento Gestion\0001 - Control de Gestion\Desarrollo\app cajas\data\remesas_cajas.json.backup
2025-08-11 14:01:41,273 - app - INFO - Backup creado: resumenes.json.backup
2025-08-11 14:01:41,282 - app - INFO - Eliminando backup antiguo: C:\Users\gesti\GESTION COMPARTIDA Dropbox\Departamento Gestion\0001 - Control de Gestion\Desarrollo\app cajas\data\resumenes.json.backup
2025-08-11 14:01:41,291 - app - INFO - Backup creado: retiro.json.backup
2025-08-11 14:01:41,298 - app - INFO - Eliminando backup antiguo: C:\Users\gesti\GESTION COMPARTIDA Dropbox\Departamento Gestion\0001 - Control de Gestion\Desarrollo\app cajas\data\retiro.json.backup
2025-08-11 14:01:41,306 - app - INFO - Backup creado: stock.json.backup
2025-08-11 14:01:41,312 - app - INFO - Eliminando backup antiguo: C:\Users\gesti\GESTION COMPARTIDA Dropbox\Departamento Gestion\0001 - Control de Gestion\Desarrollo\app cajas\data\stock.json.backup
2025-08-11 14:01:41,320 - app - INFO - Backup creado: system_config.json.backup
2025-08-11 14:01:41,327 - app - INFO - Eliminando backup antiguo: C:\Users\gesti\GESTION COMPARTIDA Dropbox\Departamento Gestion\0001 - Control de Gestion\Desarrollo\app cajas\data\system_config.json.backup
2025-08-11 14:01:41,335 - app - INFO - Backup creado: tba.json.backup
2025-08-11 14:01:41,340 - app - INFO - Eliminando backup antiguo: C:\Users\gesti\GESTION COMPARTIDA Dropbox\Departamento Gestion\0001 - Control de Gestion\Desarrollo\app cajas\data\tba.json.backup
2025-08-11 14:01:41,353 - app - INFO - Backup creado: users.json.backup
2025-08-11 14:01:41,366 - app - INFO - Eliminando backup antiguo: C:\Users\gesti\GESTION COMPARTIDA Dropbox\Departamento Gestion\0001 - Control de Gestion\Desarrollo\app cajas\data\users.json.backup
2025-08-11 14:01:41,371 - app - INFO - Backup creado: ventas.json.backup
2025-08-11 14:01:41,380 - app - INFO - Eliminando backup antiguo: C:\Users\gesti\GESTION COMPARTIDA Dropbox\Departamento Gestion\0001 - Control de Gestion\Desarrollo\app cajas\data\ventas.json.backup
2025-08-11 14:01:41,389 - app - INFO - Backup creado: zona_sur.json.backup
2025-08-11 14:01:41,395 - app - INFO - Eliminando backup antiguo: C:\Users\gesti\GESTION COMPARTIDA Dropbox\Departamento Gestion\0001 - Control de Gestion\Desarrollo\app cajas\data\zona_sur.json.backup
2025-08-11 14:01:41,396 - app - INFO - Backup automático completado. 21 archivos respaldados.
2025-08-11 14:01:41,396 - app - INFO - Sistema de backup automático iniciado. Próximo backup en 6 horas.
2025-08-11 14:01:41,546 - waitress - INFO - Serving on http://[::1]:443
2025-08-11 14:01:41,547 - waitress - INFO - Serving on http://127.0.0.1:443
2025-08-11 14:01:45,512 - mysql.connector - INFO - package: mysql.connector.plugins
2025-08-11 14:01:45,513 - mysql.connector - INFO - plugin_name: caching_sha2_password
2025-08-11 14:01:45,521 - mysql.connector - INFO - AUTHENTICATION_PLUGIN_CLASS: MySQLCachingSHA2PasswordAuthPlugin
2025-08-11 14:02:09,810 - apscheduler.scheduler - INFO - Scheduler has been shut down
2025-08-11 14:02:16,228 - apscheduler.scheduler - INFO - Adding job tentatively -- it will be properly scheduled when the scheduler starts
2025-08-11 14:02:16,233 - apscheduler.scheduler - INFO - Added job "Backup automático de archivos JSON" to job store "default"
2025-08-11 14:02:16,233 - apscheduler.scheduler - INFO - Scheduler started
2025-08-11 14:02:16,235 - app - INFO - Iniciando backup automático de archivos JSON...
2025-08-11 14:02:16,254 - app - INFO - Backup creado: ambulante.json.backup
2025-08-11 14:02:16,266 - app - INFO - Eliminando backup antiguo: C:\Users\gesti\GESTION COMPARTIDA Dropbox\Departamento Gestion\0001 - Control de Gestion\Desarrollo\app cajas\data\ambulante.json.backup
2025-08-11 14:02:16,278 - app - INFO - Backup creado: bimbo.json.backup
2025-08-11 14:02:16,286 - app - INFO - Eliminando backup antiguo: C:\Users\gesti\GESTION COMPARTIDA Dropbox\Departamento Gestion\0001 - Control de Gestion\Desarrollo\app cajas\data\bimbo.json.backup
2025-08-11 14:02:16,298 - app - INFO - Backup creado: constitucion.json.backup
2025-08-11 14:02:16,307 - app - INFO - Eliminando backup antiguo: C:\Users\gesti\GESTION COMPARTIDA Dropbox\Departamento Gestion\0001 - Control de Gestion\Desarrollo\app cajas\data\constitucion.json.backup
2025-08-11 14:02:16,318 - app - INFO - Backup creado: gastronomia.json.backup
2025-08-11 14:02:16,328 - app - INFO - Eliminando backup antiguo: C:\Users\gesti\GESTION COMPARTIDA Dropbox\Departamento Gestion\0001 - Control de Gestion\Desarrollo\app cajas\data\gastronomia.json.backup
2025-08-11 14:02:16,336 - app - INFO - Backup creado: info_locales.json.backup
2025-08-11 14:02:16,347 - app - INFO - Eliminando backup antiguo: C:\Users\gesti\GESTION COMPARTIDA Dropbox\Departamento Gestion\0001 - Control de Gestion\Desarrollo\app cajas\data\info_locales.json.backup
2025-08-11 14:02:16,356 - app - INFO - Backup creado: kioscos.json.backup
2025-08-11 14:02:16,365 - app - INFO - Eliminando backup antiguo: C:\Users\gesti\GESTION COMPARTIDA Dropbox\Departamento Gestion\0001 - Control de Gestion\Desarrollo\app cajas\data\kioscos.json.backup
2025-08-11 14:02:16,374 - app - INFO - Backup creado: medios_pago.json.backup
2025-08-11 14:02:16,382 - app - INFO - Eliminando backup antiguo: C:\Users\gesti\GESTION COMPARTIDA Dropbox\Departamento Gestion\0001 - Control de Gestion\Desarrollo\app cajas\data\medios_pago.json.backup
2025-08-11 14:02:16,388 - app - INFO - Backup creado: mercadopago.json.backup
2025-08-11 14:02:16,399 - app - INFO - Eliminando backup antiguo: C:\Users\gesti\GESTION COMPARTIDA Dropbox\Departamento Gestion\0001 - Control de Gestion\Desarrollo\app cajas\data\mercadopago.json.backup
2025-08-11 14:02:16,408 - app - INFO - Backup creado: once.json.backup
2025-08-11 14:02:16,417 - app - INFO - Eliminando backup antiguo: C:\Users\gesti\GESTION COMPARTIDA Dropbox\Departamento Gestion\0001 - Control de Gestion\Desarrollo\app cajas\data\once.json.backup
2025-08-11 14:02:16,428 - app - INFO - Backup creado: pagos_no_vinculados.json.backup
2025-08-11 14:02:16,437 - app - INFO - Eliminando backup antiguo: C:\Users\gesti\GESTION COMPARTIDA Dropbox\Departamento Gestion\0001 - Control de Gestion\Desarrollo\app cajas\data\pagos_no_vinculados.json.backup
2025-08-11 14:02:16,450 - app - INFO - Backup creado: pendientes.json.backup
2025-08-11 14:02:16,458 - app - INFO - Eliminando backup antiguo: C:\Users\gesti\GESTION COMPARTIDA Dropbox\Departamento Gestion\0001 - Control de Gestion\Desarrollo\app cajas\data\pendientes.json.backup
2025-08-11 14:02:16,467 - app - INFO - Backup creado: registros.json.backup
2025-08-11 14:02:16,476 - app - INFO - Eliminando backup antiguo: C:\Users\gesti\GESTION COMPARTIDA Dropbox\Departamento Gestion\0001 - Control de Gestion\Desarrollo\app cajas\data\registros.json.backup
2025-08-11 14:02:16,484 - app - INFO - Backup creado: remesas_cajas.json.backup
2025-08-11 14:02:16,496 - app - INFO - Eliminando backup antiguo: C:\Users\gesti\GESTION COMPARTIDA Dropbox\Departamento Gestion\0001 - Control de Gestion\Desarrollo\app cajas\data\remesas_cajas.json.backup
2025-08-11 14:02:16,501 - app - INFO - Backup creado: resumenes.json.backup
2025-08-11 14:02:16,511 - app - INFO - Eliminando backup antiguo: C:\Users\gesti\GESTION COMPARTIDA Dropbox\Departamento Gestion\0001 - Control de Gestion\Desarrollo\app cajas\data\resumenes.json.backup
2025-08-11 14:02:16,521 - app - INFO - Backup creado: retiro.json.backup
2025-08-11 14:02:16,530 - app - INFO - Eliminando backup antiguo: C:\Users\gesti\GESTION COMPARTIDA Dropbox\Departamento Gestion\0001 - Control de Gestion\Desarrollo\app cajas\data\retiro.json.backup
2025-08-11 14:02:16,539 - app - INFO - Backup creado: stock.json.backup
2025-08-11 14:02:16,549 - app - INFO - Eliminando backup antiguo: C:\Users\gesti\GESTION COMPARTIDA Dropbox\Departamento Gestion\0001 - Control de Gestion\Desarrollo\app cajas\data\stock.json.backup
2025-08-11 14:02:16,560 - app - INFO - Backup creado: system_config.json.backup
2025-08-11 14:02:16,568 - app - INFO - Eliminando backup antiguo: C:\Users\gesti\GESTION COMPARTIDA Dropbox\Departamento Gestion\0001 - Control de Gestion\Desarrollo\app cajas\data\system_config.json.backup
2025-08-11 14:02:16,581 - app - INFO - Backup creado: tba.json.backup
2025-08-11 14:02:16,592 - app - INFO - Eliminando backup antiguo: C:\Users\gesti\GESTION COMPARTIDA Dropbox\Departamento Gestion\0001 - Control de Gestion\Desarrollo\app cajas\data\tba.json.backup
2025-08-11 14:02:16,602 - app - INFO - Backup creado: users.json.backup
2025-08-11 14:02:16,615 - app - INFO - Eliminando backup antiguo: C:\Users\gesti\GESTION COMPARTIDA Dropbox\Departamento Gestion\0001 - Control de Gestion\Desarrollo\app cajas\data\users.json.backup
2025-08-11 14:02:16,621 - app - INFO - Backup creado: ventas.json.backup
2025-08-11 14:02:16,634 - app - INFO - Eliminando backup antiguo: C:\Users\gesti\GESTION COMPARTIDA Dropbox\Departamento Gestion\0001 - Control de Gestion\Desarrollo\app cajas\data\ventas.json.backup
2025-08-11 14:02:16,646 - app - INFO - Backup creado: zona_sur.json.backup
2025-08-11 14:02:16,654 - app - INFO - Eliminando backup antiguo: C:\Users\gesti\GESTION COMPARTIDA Dropbox\Departamento Gestion\0001 - Control de Gestion\Desarrollo\app cajas\data\zona_sur.json.backup
2025-08-11 14:02:16,655 - app - INFO - Backup automático completado. 21 archivos respaldados.
2025-08-11 14:02:16,658 - app - INFO - Sistema de backup automático iniciado. Próximo backup en 6 horas.
2025-08-11 14:02:16,877 - waitress - INFO - Serving on http://[::1]:443
2025-08-11 14:02:16,878 - waitress - INFO - Serving on http://127.0.0.1:443
2025-08-11 14:04:41,883 - mysql.connector - INFO - package: mysql.connector.plugins
2025-08-11 14:04:41,883 - mysql.connector - INFO - plugin_name: caching_sha2_password
2025-08-11 14:04:41,889 - mysql.connector - INFO - AUTHENTICATION_PLUGIN_CLASS: MySQLCachingSHA2PasswordAuthPlugin
2025-08-11 14:05:10,833 - apscheduler.scheduler - INFO - Scheduler has been shut down
2025-08-11 14:05:17,217 - apscheduler.scheduler - INFO - Adding job tentatively -- it will be properly scheduled when the scheduler starts
2025-08-11 14:05:17,222 - apscheduler.scheduler - INFO - Added job "Backup automático de archivos JSON" to job store "default"
2025-08-11 14:05:17,222 - apscheduler.scheduler - INFO - Scheduler started
2025-08-11 14:05:17,224 - app - INFO - Iniciando backup automático de archivos JSON...
2025-08-11 14:05:17,241 - app - INFO - Backup creado: ambulante.json.backup
2025-08-11 14:05:17,249 - app - INFO - Eliminando backup antiguo: C:\Users\gesti\GESTION COMPARTIDA Dropbox\Departamento Gestion\0001 - Control de Gestion\Desarrollo\app cajas\data\ambulante.json.backup
2025-08-11 14:05:17,260 - app - INFO - Backup creado: bimbo.json.backup
2025-08-11 14:05:17,267 - app - INFO - Eliminando backup antiguo: C:\Users\gesti\GESTION COMPARTIDA Dropbox\Departamento Gestion\0001 - Control de Gestion\Desarrollo\app cajas\data\bimbo.json.backup
2025-08-11 14:05:17,276 - app - INFO - Backup creado: constitucion.json.backup
2025-08-11 14:05:17,283 - app - INFO - Eliminando backup antiguo: C:\Users\gesti\GESTION COMPARTIDA Dropbox\Departamento Gestion\0001 - Control de Gestion\Desarrollo\app cajas\data\constitucion.json.backup
2025-08-11 14:05:17,292 - app - INFO - Backup creado: gastronomia.json.backup
2025-08-11 14:05:17,299 - app - INFO - Eliminando backup antiguo: C:\Users\gesti\GESTION COMPARTIDA Dropbox\Departamento Gestion\0001 - Control de Gestion\Desarrollo\app cajas\data\gastronomia.json.backup
2025-08-11 14:05:17,306 - app - INFO - Backup creado: info_locales.json.backup
2025-08-11 14:05:17,313 - app - INFO - Eliminando backup antiguo: C:\Users\gesti\GESTION COMPARTIDA Dropbox\Departamento Gestion\0001 - Control de Gestion\Desarrollo\app cajas\data\info_locales.json.backup
2025-08-11 14:05:17,324 - app - INFO - Backup creado: kioscos.json.backup
2025-08-11 14:05:17,330 - app - INFO - Eliminando backup antiguo: C:\Users\gesti\GESTION COMPARTIDA Dropbox\Departamento Gestion\0001 - Control de Gestion\Desarrollo\app cajas\data\kioscos.json.backup
2025-08-11 14:05:17,340 - app - INFO - Backup creado: medios_pago.json.backup
2025-08-11 14:05:17,345 - app - INFO - Eliminando backup antiguo: C:\Users\gesti\GESTION COMPARTIDA Dropbox\Departamento Gestion\0001 - Control de Gestion\Desarrollo\app cajas\data\medios_pago.json.backup
2025-08-11 14:05:17,351 - app - INFO - Backup creado: mercadopago.json.backup
2025-08-11 14:05:17,358 - app - INFO - Eliminando backup antiguo: C:\Users\gesti\GESTION COMPARTIDA Dropbox\Departamento Gestion\0001 - Control de Gestion\Desarrollo\app cajas\data\mercadopago.json.backup
2025-08-11 14:05:17,367 - app - INFO - Backup creado: once.json.backup
2025-08-11 14:05:17,373 - app - INFO - Eliminando backup antiguo: C:\Users\gesti\GESTION COMPARTIDA Dropbox\Departamento Gestion\0001 - Control de Gestion\Desarrollo\app cajas\data\once.json.backup
2025-08-11 14:05:17,382 - app - INFO - Backup creado: pagos_no_vinculados.json.backup
2025-08-11 14:05:17,389 - app - INFO - Eliminando backup antiguo: C:\Users\gesti\GESTION COMPARTIDA Dropbox\Departamento Gestion\0001 - Control de Gestion\Desarrollo\app cajas\data\pagos_no_vinculados.json.backup
2025-08-11 14:05:17,399 - app - INFO - Backup creado: pendientes.json.backup
2025-08-11 14:05:17,405 - app - INFO - Eliminando backup antiguo: C:\Users\gesti\GESTION COMPARTIDA Dropbox\Departamento Gestion\0001 - Control de Gestion\Desarrollo\app cajas\data\pendientes.json.backup
2025-08-11 14:05:17,416 - app - INFO - Backup creado: registros.json.backup
2025-08-11 14:05:17,423 - app - INFO - Eliminando backup antiguo: C:\Users\gesti\GESTION COMPARTIDA Dropbox\Departamento Gestion\0001 - Control de Gestion\Desarrollo\app cajas\data\registros.json.backup
2025-08-11 14:05:17,432 - app - INFO - Backup creado: remesas_cajas.json.backup
2025-08-11 14:05:17,438 - app - INFO - Eliminando backup antiguo: C:\Users\gesti\GESTION COMPARTIDA Dropbox\Departamento Gestion\0001 - Control de Gestion\Desarrollo\app cajas\data\remesas_cajas.json.backup
2025-08-11 14:05:17,443 - app - INFO - Backup creado: resumenes.json.backup
2025-08-11 14:05:17,451 - app - INFO - Eliminando backup antiguo: C:\Users\gesti\GESTION COMPARTIDA Dropbox\Departamento Gestion\0001 - Control de Gestion\Desarrollo\app cajas\data\resumenes.json.backup
2025-08-11 14:05:17,461 - app - INFO - Backup creado: retiro.json.backup
2025-08-11 14:05:17,467 - app - INFO - Eliminando backup antiguo: C:\Users\gesti\GESTION COMPARTIDA Dropbox\Departamento Gestion\0001 - Control de Gestion\Desarrollo\app cajas\data\retiro.json.backup
2025-08-11 14:05:17,476 - app - INFO - Backup creado: stock.json.backup
2025-08-11 14:05:17,482 - app - INFO - Eliminando backup antiguo: C:\Users\gesti\GESTION COMPARTIDA Dropbox\Departamento Gestion\0001 - Control de Gestion\Desarrollo\app cajas\data\stock.json.backup
2025-08-11 14:05:17,492 - app - INFO - Backup creado: system_config.json.backup
2025-08-11 14:05:17,497 - app - INFO - Eliminando backup antiguo: C:\Users\gesti\GESTION COMPARTIDA Dropbox\Departamento Gestion\0001 - Control de Gestion\Desarrollo\app cajas\data\system_config.json.backup
2025-08-11 14:05:17,508 - app - INFO - Backup creado: tba.json.backup
2025-08-11 14:05:17,515 - app - INFO - Eliminando backup antiguo: C:\Users\gesti\GESTION COMPARTIDA Dropbox\Departamento Gestion\0001 - Control de Gestion\Desarrollo\app cajas\data\tba.json.backup
2025-08-11 14:05:17,522 - app - INFO - Backup creado: users.json.backup
2025-08-11 14:05:17,529 - app - INFO - Eliminando backup antiguo: C:\Users\gesti\GESTION COMPARTIDA Dropbox\Departamento Gestion\0001 - Control de Gestion\Desarrollo\app cajas\data\users.json.backup
2025-08-11 14:05:17,534 - app - INFO - Backup creado: ventas.json.backup
2025-08-11 14:05:17,544 - app - INFO - Eliminando backup antiguo: C:\Users\gesti\GESTION COMPARTIDA Dropbox\Departamento Gestion\0001 - Control de Gestion\Desarrollo\app cajas\data\ventas.json.backup
2025-08-11 14:05:17,555 - app - INFO - Backup creado: zona_sur.json.backup
2025-08-11 14:05:17,561 - app - INFO - Eliminando backup antiguo: C:\Users\gesti\GESTION COMPARTIDA Dropbox\Departamento Gestion\0001 - Control de Gestion\Desarrollo\app cajas\data\zona_sur.json.backup
2025-08-11 14:05:17,561 - app - INFO - Backup automático completado. 21 archivos respaldados.
2025-08-11 14:05:17,562 - app - INFO - Sistema de backup automático iniciado. Próximo backup en 6 horas.
2025-08-11 14:05:17,711 - waitress - INFO - Serving on http://[::1]:443
2025-08-11 14:05:17,712 - waitress - INFO - Serving on http://127.0.0.1:443
2025-08-11 14:05:20,601 - mysql.connector - INFO - package: mysql.connector.plugins
2025-08-11 14:05:20,602 - mysql.connector - INFO - plugin_name: caching_sha2_password
2025-08-11 14:05:20,608 - mysql.connector - INFO - AUTHENTICATION_PLUGIN_CLASS: MySQLCachingSHA2PasswordAuthPlugin
