2025-10-07 09:04:22,453 - apscheduler.scheduler - INFO - Adding job tentatively -- it will be properly scheduled when the scheduler starts
2025-10-07 09:04:22,456 - apscheduler.scheduler - INFO - Added job "Backup automático de archivos JSON" to job store "default"
2025-10-07 09:04:22,456 - apscheduler.scheduler - INFO - Scheduler started
2025-10-07 09:04:22,458 - app - INFO - Iniciando backup automático de archivos JSON...
2025-10-07 09:04:22,471 - app - INFO - Backup creado: ambulante.json.backup
2025-10-07 09:04:22,475 - app - INFO - Eliminando backup antiguo: C:\Users\gesti\GESTION COMPARTIDA Dropbox\Departamento Gestion\0001 - Control de Gestion (1)\Desarrollo\app cajas\data\ambulante.json.backup
2025-10-07 09:04:22,487 - app - INFO - Backup creado: bimbo.json.backup
2025-10-07 09:04:22,495 - app - INFO - Eliminando backup antiguo: C:\Users\gesti\GESTION COMPARTIDA Dropbox\Departamento Gestion\0001 - Control de Gestion (1)\Desarrollo\app cajas\data\bimbo.json.backup
2025-10-07 09:04:22,501 - app - INFO - Backup creado: constitucion.json.backup
2025-10-07 09:04:22,504 - app - INFO - Eliminando backup antiguo: C:\Users\gesti\GESTION COMPARTIDA Dropbox\Departamento Gestion\0001 - Control de Gestion (1)\Desarrollo\app cajas\data\constitucion.json.backup
2025-10-07 09:04:22,513 - app - INFO - Backup creado: gastronomia.json.backup
2025-10-07 09:04:22,517 - app - INFO - Eliminando backup antiguo: C:\Users\gesti\GESTION COMPARTIDA Dropbox\Departamento Gestion\0001 - Control de Gestion (1)\Desarrollo\app cajas\data\gastronomia.json.backup
2025-10-07 09:04:22,524 - app - INFO - Backup creado: info_locales.json.backup
2025-10-07 09:04:22,528 - app - INFO - Eliminando backup antiguo: C:\Users\gesti\GESTION COMPARTIDA Dropbox\Departamento Gestion\0001 - Control de Gestion (1)\Desarrollo\app cajas\data\info_locales.json.backup
2025-10-07 09:04:22,535 - app - INFO - Backup creado: kioscos.json.backup
2025-10-07 09:04:22,539 - app - INFO - Eliminando backup antiguo: C:\Users\gesti\GESTION COMPARTIDA Dropbox\Departamento Gestion\0001 - Control de Gestion (1)\Desarrollo\app cajas\data\kioscos.json.backup
2025-10-07 09:04:22,545 - app - INFO - Backup creado: medios_pago.json.backup
2025-10-07 09:04:22,549 - app - INFO - Eliminando backup antiguo: C:\Users\gesti\GESTION COMPARTIDA Dropbox\Departamento Gestion\0001 - Control de Gestion (1)\Desarrollo\app cajas\data\medios_pago.json.backup
2025-10-07 09:04:22,554 - app - INFO - Backup creado: mercadopago.json.backup
2025-10-07 09:04:22,558 - app - INFO - Eliminando backup antiguo: C:\Users\gesti\GESTION COMPARTIDA Dropbox\Departamento Gestion\0001 - Control de Gestion (1)\Desarrollo\app cajas\data\mercadopago.json.backup
2025-10-07 09:04:22,565 - app - INFO - Backup creado: once.json.backup
2025-10-07 09:04:22,570 - app - INFO - Eliminando backup antiguo: C:\Users\gesti\GESTION COMPARTIDA Dropbox\Departamento Gestion\0001 - Control de Gestion (1)\Desarrollo\app cajas\data\once.json.backup
2025-10-07 09:04:22,577 - app - INFO - Backup creado: pagos_no_vinculados.json.backup
2025-10-07 09:04:22,581 - app - INFO - Eliminando backup antiguo: C:\Users\gesti\GESTION COMPARTIDA Dropbox\Departamento Gestion\0001 - Control de Gestion (1)\Desarrollo\app cajas\data\pagos_no_vinculados.json.backup
2025-10-07 09:04:22,586 - app - INFO - Backup creado: pendientes.json.backup
2025-10-07 09:04:22,590 - app - INFO - Eliminando backup antiguo: C:\Users\gesti\GESTION COMPARTIDA Dropbox\Departamento Gestion\0001 - Control de Gestion (1)\Desarrollo\app cajas\data\pendientes.json.backup
2025-10-07 09:04:22,598 - app - INFO - Backup creado: registros.json.backup
2025-10-07 09:04:22,602 - app - INFO - Eliminando backup antiguo: C:\Users\gesti\GESTION COMPARTIDA Dropbox\Departamento Gestion\0001 - Control de Gestion (1)\Desarrollo\app cajas\data\registros.json.backup
2025-10-07 09:04:22,607 - app - INFO - Backup creado: remesas_cajas.json.backup
2025-10-07 09:04:22,612 - app - INFO - Eliminando backup antiguo: C:\Users\gesti\GESTION COMPARTIDA Dropbox\Departamento Gestion\0001 - Control de Gestion (1)\Desarrollo\app cajas\data\remesas_cajas.json.backup
2025-10-07 09:04:22,615 - app - INFO - Backup creado: resumenes.json.backup
2025-10-07 09:04:22,622 - app - INFO - Eliminando backup antiguo: C:\Users\gesti\GESTION COMPARTIDA Dropbox\Departamento Gestion\0001 - Control de Gestion (1)\Desarrollo\app cajas\data\resumenes.json.backup
2025-10-07 09:04:22,631 - app - INFO - Backup creado: retiro.json.backup
2025-10-07 09:04:22,635 - app - INFO - Eliminando backup antiguo: C:\Users\gesti\GESTION COMPARTIDA Dropbox\Departamento Gestion\0001 - Control de Gestion (1)\Desarrollo\app cajas\data\retiro.json.backup
2025-10-07 09:04:22,643 - app - INFO - Backup creado: stock.json.backup
2025-10-07 09:04:22,647 - app - INFO - Eliminando backup antiguo: C:\Users\gesti\GESTION COMPARTIDA Dropbox\Departamento Gestion\0001 - Control de Gestion (1)\Desarrollo\app cajas\data\stock.json.backup
2025-10-07 09:04:22,652 - app - INFO - Backup creado: system_config.json.backup
2025-10-07 09:04:22,656 - app - INFO - Eliminando backup antiguo: C:\Users\gesti\GESTION COMPARTIDA Dropbox\Departamento Gestion\0001 - Control de Gestion (1)\Desarrollo\app cajas\data\system_config.json.backup
2025-10-07 09:04:22,662 - app - INFO - Backup creado: tba.json.backup
2025-10-07 09:04:22,666 - app - INFO - Eliminando backup antiguo: C:\Users\gesti\GESTION COMPARTIDA Dropbox\Departamento Gestion\0001 - Control de Gestion (1)\Desarrollo\app cajas\data\tba.json.backup
2025-10-07 09:04:22,669 - app - INFO - Backup creado: users.json.backup
2025-10-07 09:04:22,675 - app - INFO - Eliminando backup antiguo: C:\Users\gesti\GESTION COMPARTIDA Dropbox\Departamento Gestion\0001 - Control de Gestion (1)\Desarrollo\app cajas\data\users.json.backup
2025-10-07 09:04:22,679 - app - INFO - Backup creado: ventas.json.backup
2025-10-07 09:04:22,685 - app - INFO - Eliminando backup antiguo: C:\Users\gesti\GESTION COMPARTIDA Dropbox\Departamento Gestion\0001 - Control de Gestion (1)\Desarrollo\app cajas\data\ventas.json.backup
2025-10-07 09:04:22,691 - app - INFO - Backup creado: zona_sur.json.backup
2025-10-07 09:04:22,695 - app - INFO - Eliminando backup antiguo: C:\Users\gesti\GESTION COMPARTIDA Dropbox\Departamento Gestion\0001 - Control de Gestion (1)\Desarrollo\app cajas\data\zona_sur.json.backup
2025-10-07 09:04:22,696 - app - INFO - Backup automático completado. 21 archivos respaldados.
2025-10-07 09:04:22,697 - app - INFO - Sistema de backup automático iniciado. Próximo backup en 6 horas.
2025-10-07 09:04:22,780 - waitress - INFO - Serving on http://[::1]:443
2025-10-07 09:04:22,780 - waitress - INFO - Serving on http://127.0.0.1:443
2025-10-07 09:04:39,158 - mysql.connector - INFO - package: mysql.connector.plugins
2025-10-07 09:04:39,158 - mysql.connector - INFO - plugin_name: caching_sha2_password
2025-10-07 09:04:39,163 - mysql.connector - INFO - AUTHENTICATION_PLUGIN_CLASS: MySQLCachingSHA2PasswordAuthPlugin
2025-10-07 09:34:26,107 - apscheduler.scheduler - INFO - Scheduler has been shut down
2025-10-07 09:34:49,414 - apscheduler.scheduler - INFO - Adding job tentatively -- it will be properly scheduled when the scheduler starts
2025-10-07 09:34:49,419 - apscheduler.scheduler - INFO - Added job "Backup automático de archivos JSON" to job store "default"
2025-10-07 09:34:49,419 - apscheduler.scheduler - INFO - Scheduler started
2025-10-07 09:34:49,420 - app - INFO - Iniciando backup automático de archivos JSON...
2025-10-07 09:34:49,430 - app - INFO - Backup creado: ambulante.json.backup
2025-10-07 09:34:49,434 - app - INFO - Eliminando backup antiguo: C:\Users\gesti\GESTION COMPARTIDA Dropbox\Departamento Gestion\0001 - Control de Gestion (1)\Desarrollo\app cajas\data\ambulante.json.backup
2025-10-07 09:34:49,438 - app - INFO - Backup creado: bimbo.json.backup
2025-10-07 09:34:49,445 - app - INFO - Eliminando backup antiguo: C:\Users\gesti\GESTION COMPARTIDA Dropbox\Departamento Gestion\0001 - Control de Gestion (1)\Desarrollo\app cajas\data\bimbo.json.backup
2025-10-07 09:34:49,452 - app - INFO - Backup creado: constitucion.json.backup
2025-10-07 09:34:49,459 - app - INFO - Eliminando backup antiguo: C:\Users\gesti\GESTION COMPARTIDA Dropbox\Departamento Gestion\0001 - Control de Gestion (1)\Desarrollo\app cajas\data\constitucion.json.backup
2025-10-07 09:34:49,465 - app - INFO - Backup creado: gastronomia.json.backup
2025-10-07 09:34:49,470 - app - INFO - Eliminando backup antiguo: C:\Users\gesti\GESTION COMPARTIDA Dropbox\Departamento Gestion\0001 - Control de Gestion (1)\Desarrollo\app cajas\data\gastronomia.json.backup
2025-10-07 09:34:49,476 - app - INFO - Backup creado: info_locales.json.backup
2025-10-07 09:34:49,480 - app - INFO - Eliminando backup antiguo: C:\Users\gesti\GESTION COMPARTIDA Dropbox\Departamento Gestion\0001 - Control de Gestion (1)\Desarrollo\app cajas\data\info_locales.json.backup
2025-10-07 09:34:49,486 - app - INFO - Backup creado: kioscos.json.backup
2025-10-07 09:34:49,493 - app - INFO - Eliminando backup antiguo: C:\Users\gesti\GESTION COMPARTIDA Dropbox\Departamento Gestion\0001 - Control de Gestion (1)\Desarrollo\app cajas\data\kioscos.json.backup
2025-10-07 09:34:49,500 - app - INFO - Backup creado: medios_pago.json.backup
2025-10-07 09:34:49,506 - app - INFO - Eliminando backup antiguo: C:\Users\gesti\GESTION COMPARTIDA Dropbox\Departamento Gestion\0001 - Control de Gestion (1)\Desarrollo\app cajas\data\medios_pago.json.backup
2025-10-07 09:34:49,512 - app - INFO - Backup creado: mercadopago.json.backup
2025-10-07 09:34:49,516 - app - INFO - Eliminando backup antiguo: C:\Users\gesti\GESTION COMPARTIDA Dropbox\Departamento Gestion\0001 - Control de Gestion (1)\Desarrollo\app cajas\data\mercadopago.json.backup
2025-10-07 09:34:49,523 - app - INFO - Backup creado: once.json.backup
2025-10-07 09:34:49,528 - app - INFO - Eliminando backup antiguo: C:\Users\gesti\GESTION COMPARTIDA Dropbox\Departamento Gestion\0001 - Control de Gestion (1)\Desarrollo\app cajas\data\once.json.backup
2025-10-07 09:34:49,536 - app - INFO - Backup creado: pagos_no_vinculados.json.backup
2025-10-07 09:34:49,541 - app - INFO - Eliminando backup antiguo: C:\Users\gesti\GESTION COMPARTIDA Dropbox\Departamento Gestion\0001 - Control de Gestion (1)\Desarrollo\app cajas\data\pagos_no_vinculados.json.backup
2025-10-07 09:34:49,549 - app - INFO - Backup creado: pendientes.json.backup
2025-10-07 09:34:49,554 - app - INFO - Eliminando backup antiguo: C:\Users\gesti\GESTION COMPARTIDA Dropbox\Departamento Gestion\0001 - Control de Gestion (1)\Desarrollo\app cajas\data\pendientes.json.backup
2025-10-07 09:34:49,563 - app - INFO - Backup creado: registros.json.backup
2025-10-07 09:34:49,567 - app - INFO - Eliminando backup antiguo: C:\Users\gesti\GESTION COMPARTIDA Dropbox\Departamento Gestion\0001 - Control de Gestion (1)\Desarrollo\app cajas\data\registros.json.backup
2025-10-07 09:34:49,571 - app - INFO - Backup creado: remesas_cajas.json.backup
2025-10-07 09:34:49,577 - app - INFO - Eliminando backup antiguo: C:\Users\gesti\GESTION COMPARTIDA Dropbox\Departamento Gestion\0001 - Control de Gestion (1)\Desarrollo\app cajas\data\remesas_cajas.json.backup
2025-10-07 09:34:49,580 - app - INFO - Backup creado: resumenes.json.backup
2025-10-07 09:34:49,584 - app - INFO - Eliminando backup antiguo: C:\Users\gesti\GESTION COMPARTIDA Dropbox\Departamento Gestion\0001 - Control de Gestion (1)\Desarrollo\app cajas\data\resumenes.json.backup
2025-10-07 09:34:49,591 - app - INFO - Backup creado: retiro.json.backup
2025-10-07 09:34:49,596 - app - INFO - Eliminando backup antiguo: C:\Users\gesti\GESTION COMPARTIDA Dropbox\Departamento Gestion\0001 - Control de Gestion (1)\Desarrollo\app cajas\data\retiro.json.backup
2025-10-07 09:34:49,604 - app - INFO - Backup creado: stock.json.backup
2025-10-07 09:34:49,610 - app - INFO - Eliminando backup antiguo: C:\Users\gesti\GESTION COMPARTIDA Dropbox\Departamento Gestion\0001 - Control de Gestion (1)\Desarrollo\app cajas\data\stock.json.backup
2025-10-07 09:34:49,616 - app - INFO - Backup creado: system_config.json.backup
2025-10-07 09:34:49,619 - app - INFO - Eliminando backup antiguo: C:\Users\gesti\GESTION COMPARTIDA Dropbox\Departamento Gestion\0001 - Control de Gestion (1)\Desarrollo\app cajas\data\system_config.json.backup
2025-10-07 09:34:49,626 - app - INFO - Backup creado: tba.json.backup
2025-10-07 09:34:49,629 - app - INFO - Eliminando backup antiguo: C:\Users\gesti\GESTION COMPARTIDA Dropbox\Departamento Gestion\0001 - Control de Gestion (1)\Desarrollo\app cajas\data\tba.json.backup
2025-10-07 09:34:49,632 - app - INFO - Backup creado: users.json.backup
2025-10-07 09:34:49,636 - app - INFO - Eliminando backup antiguo: C:\Users\gesti\GESTION COMPARTIDA Dropbox\Departamento Gestion\0001 - Control de Gestion (1)\Desarrollo\app cajas\data\users.json.backup
2025-10-07 09:34:49,641 - app - INFO - Backup creado: ventas.json.backup
2025-10-07 09:34:49,645 - app - INFO - Eliminando backup antiguo: C:\Users\gesti\GESTION COMPARTIDA Dropbox\Departamento Gestion\0001 - Control de Gestion (1)\Desarrollo\app cajas\data\ventas.json.backup
2025-10-07 09:34:49,652 - app - INFO - Backup creado: zona_sur.json.backup
2025-10-07 09:34:49,657 - app - INFO - Eliminando backup antiguo: C:\Users\gesti\GESTION COMPARTIDA Dropbox\Departamento Gestion\0001 - Control de Gestion (1)\Desarrollo\app cajas\data\zona_sur.json.backup
2025-10-07 09:34:49,657 - app - INFO - Backup automático completado. 21 archivos respaldados.
2025-10-07 09:34:49,658 - app - INFO - Sistema de backup automático iniciado. Próximo backup en 6 horas.
2025-10-07 09:34:49,724 - waitress - INFO - Serving on http://[::1]:443
2025-10-07 09:34:49,725 - waitress - INFO - Serving on http://127.0.0.1:443
2025-10-07 09:34:58,249 - mysql.connector - INFO - package: mysql.connector.plugins
2025-10-07 09:34:58,250 - mysql.connector - INFO - plugin_name: caching_sha2_password
2025-10-07 09:34:58,253 - mysql.connector - INFO - AUTHENTICATION_PLUGIN_CLASS: MySQLCachingSHA2PasswordAuthPlugin
2025-10-07 11:30:48,820 - apscheduler.scheduler - INFO - Scheduler has been shut down
2025-10-07 11:30:53,098 - apscheduler.scheduler - INFO - Adding job tentatively -- it will be properly scheduled when the scheduler starts
2025-10-07 11:30:53,101 - apscheduler.scheduler - INFO - Added job "Backup automático de archivos JSON" to job store "default"
2025-10-07 11:30:53,102 - apscheduler.scheduler - INFO - Scheduler started
2025-10-07 11:30:53,103 - app - INFO - Iniciando backup automático de archivos JSON...
2025-10-07 11:30:53,112 - app - INFO - Backup creado: ambulante.json.backup
2025-10-07 11:30:53,115 - app - INFO - Eliminando backup antiguo: C:\Users\gesti\GESTION COMPARTIDA Dropbox\Departamento Gestion\0001 - Control de Gestion (1)\Desarrollo\app cajas\data\ambulante.json.backup
2025-10-07 11:30:53,119 - app - INFO - Backup creado: bimbo.json.backup
2025-10-07 11:30:53,125 - app - INFO - Eliminando backup antiguo: C:\Users\gesti\GESTION COMPARTIDA Dropbox\Departamento Gestion\0001 - Control de Gestion (1)\Desarrollo\app cajas\data\bimbo.json.backup
2025-10-07 11:30:53,131 - app - INFO - Backup creado: constitucion.json.backup
2025-10-07 11:30:53,134 - app - INFO - Eliminando backup antiguo: C:\Users\gesti\GESTION COMPARTIDA Dropbox\Departamento Gestion\0001 - Control de Gestion (1)\Desarrollo\app cajas\data\constitucion.json.backup
2025-10-07 11:30:53,140 - app - INFO - Backup creado: gastronomia.json.backup
2025-10-07 11:30:53,143 - app - INFO - Eliminando backup antiguo: C:\Users\gesti\GESTION COMPARTIDA Dropbox\Departamento Gestion\0001 - Control de Gestion (1)\Desarrollo\app cajas\data\gastronomia.json.backup
2025-10-07 11:30:53,148 - app - INFO - Backup creado: info_locales.json.backup
2025-10-07 11:30:53,152 - app - INFO - Eliminando backup antiguo: C:\Users\gesti\GESTION COMPARTIDA Dropbox\Departamento Gestion\0001 - Control de Gestion (1)\Desarrollo\app cajas\data\info_locales.json.backup
2025-10-07 11:30:53,158 - app - INFO - Backup creado: kioscos.json.backup
2025-10-07 11:30:53,162 - app - INFO - Eliminando backup antiguo: C:\Users\gesti\GESTION COMPARTIDA Dropbox\Departamento Gestion\0001 - Control de Gestion (1)\Desarrollo\app cajas\data\kioscos.json.backup
2025-10-07 11:30:53,169 - app - INFO - Backup creado: medios_pago.json.backup
2025-10-07 11:30:53,172 - app - INFO - Eliminando backup antiguo: C:\Users\gesti\GESTION COMPARTIDA Dropbox\Departamento Gestion\0001 - Control de Gestion (1)\Desarrollo\app cajas\data\medios_pago.json.backup
2025-10-07 11:30:53,177 - app - INFO - Backup creado: mercadopago.json.backup
2025-10-07 11:30:53,181 - app - INFO - Eliminando backup antiguo: C:\Users\gesti\GESTION COMPARTIDA Dropbox\Departamento Gestion\0001 - Control de Gestion (1)\Desarrollo\app cajas\data\mercadopago.json.backup
2025-10-07 11:30:53,186 - app - INFO - Backup creado: once.json.backup
2025-10-07 11:30:53,189 - app - INFO - Eliminando backup antiguo: C:\Users\gesti\GESTION COMPARTIDA Dropbox\Departamento Gestion\0001 - Control de Gestion (1)\Desarrollo\app cajas\data\once.json.backup
2025-10-07 11:30:53,194 - app - INFO - Backup creado: pagos_no_vinculados.json.backup
2025-10-07 11:30:53,197 - app - INFO - Eliminando backup antiguo: C:\Users\gesti\GESTION COMPARTIDA Dropbox\Departamento Gestion\0001 - Control de Gestion (1)\Desarrollo\app cajas\data\pagos_no_vinculados.json.backup
2025-10-07 11:30:53,201 - app - INFO - Backup creado: pendientes.json.backup
2025-10-07 11:30:53,204 - app - INFO - Eliminando backup antiguo: C:\Users\gesti\GESTION COMPARTIDA Dropbox\Departamento Gestion\0001 - Control de Gestion (1)\Desarrollo\app cajas\data\pendientes.json.backup
2025-10-07 11:30:53,210 - app - INFO - Backup creado: registros.json.backup
2025-10-07 11:30:53,213 - app - INFO - Eliminando backup antiguo: C:\Users\gesti\GESTION COMPARTIDA Dropbox\Departamento Gestion\0001 - Control de Gestion (1)\Desarrollo\app cajas\data\registros.json.backup
2025-10-07 11:30:53,217 - app - INFO - Backup creado: remesas_cajas.json.backup
2025-10-07 11:30:53,220 - app - INFO - Eliminando backup antiguo: C:\Users\gesti\GESTION COMPARTIDA Dropbox\Departamento Gestion\0001 - Control de Gestion (1)\Desarrollo\app cajas\data\remesas_cajas.json.backup
2025-10-07 11:30:53,224 - app - INFO - Backup creado: resumenes.json.backup
2025-10-07 11:30:53,229 - app - INFO - Eliminando backup antiguo: C:\Users\gesti\GESTION COMPARTIDA Dropbox\Departamento Gestion\0001 - Control de Gestion (1)\Desarrollo\app cajas\data\resumenes.json.backup
2025-10-07 11:30:53,234 - app - INFO - Backup creado: retiro.json.backup
2025-10-07 11:30:53,237 - app - INFO - Eliminando backup antiguo: C:\Users\gesti\GESTION COMPARTIDA Dropbox\Departamento Gestion\0001 - Control de Gestion (1)\Desarrollo\app cajas\data\retiro.json.backup
2025-10-07 11:30:53,244 - app - INFO - Backup creado: stock.json.backup
2025-10-07 11:30:53,246 - app - INFO - Eliminando backup antiguo: C:\Users\gesti\GESTION COMPARTIDA Dropbox\Departamento Gestion\0001 - Control de Gestion (1)\Desarrollo\app cajas\data\stock.json.backup
2025-10-07 11:30:53,251 - app - INFO - Backup creado: system_config.json.backup
2025-10-07 11:30:53,254 - app - INFO - Eliminando backup antiguo: C:\Users\gesti\GESTION COMPARTIDA Dropbox\Departamento Gestion\0001 - Control de Gestion (1)\Desarrollo\app cajas\data\system_config.json.backup
2025-10-07 11:30:53,260 - app - INFO - Backup creado: tba.json.backup
2025-10-07 11:30:53,263 - app - INFO - Eliminando backup antiguo: C:\Users\gesti\GESTION COMPARTIDA Dropbox\Departamento Gestion\0001 - Control de Gestion (1)\Desarrollo\app cajas\data\tba.json.backup
2025-10-07 11:30:53,266 - app - INFO - Backup creado: users.json.backup
2025-10-07 11:30:53,270 - app - INFO - Eliminando backup antiguo: C:\Users\gesti\GESTION COMPARTIDA Dropbox\Departamento Gestion\0001 - Control de Gestion (1)\Desarrollo\app cajas\data\users.json.backup
2025-10-07 11:30:53,276 - app - INFO - Backup creado: ventas.json.backup
2025-10-07 11:30:53,280 - app - INFO - Eliminando backup antiguo: C:\Users\gesti\GESTION COMPARTIDA Dropbox\Departamento Gestion\0001 - Control de Gestion (1)\Desarrollo\app cajas\data\ventas.json.backup
2025-10-07 11:30:53,286 - app - INFO - Backup creado: zona_sur.json.backup
2025-10-07 11:30:53,290 - app - INFO - Eliminando backup antiguo: C:\Users\gesti\GESTION COMPARTIDA Dropbox\Departamento Gestion\0001 - Control de Gestion (1)\Desarrollo\app cajas\data\zona_sur.json.backup
2025-10-07 11:30:53,291 - app - INFO - Backup automático completado. 21 archivos respaldados.
2025-10-07 11:30:53,291 - app - INFO - Sistema de backup automático iniciado. Próximo backup en 6 horas.
2025-10-07 11:30:53,343 - waitress - INFO - Serving on http://[::1]:443
2025-10-07 11:30:53,344 - waitress - INFO - Serving on http://127.0.0.1:443
2025-10-07 11:31:08,585 - mysql.connector - INFO - package: mysql.connector.plugins
2025-10-07 11:31:08,586 - mysql.connector - INFO - plugin_name: caching_sha2_password
2025-10-07 11:31:08,590 - mysql.connector - INFO - AUTHENTICATION_PLUGIN_CLASS: MySQLCachingSHA2PasswordAuthPlugin
2025-10-07 11:58:05,272 - apscheduler.scheduler - INFO - Scheduler has been shut down
2025-10-07 11:58:10,098 - apscheduler.scheduler - INFO - Adding job tentatively -- it will be properly scheduled when the scheduler starts
2025-10-07 11:58:10,100 - apscheduler.scheduler - INFO - Added job "Backup automático de archivos JSON" to job store "default"
2025-10-07 11:58:10,101 - apscheduler.scheduler - INFO - Scheduler started
2025-10-07 11:58:10,102 - app - INFO - Iniciando backup automático de archivos JSON...
2025-10-07 11:58:10,111 - app - INFO - Backup creado: ambulante.json.backup
2025-10-07 11:58:10,114 - app - INFO - Eliminando backup antiguo: C:\Users\gesti\GESTION COMPARTIDA Dropbox\Departamento Gestion\0001 - Control de Gestion (1)\Desarrollo\app cajas\data\ambulante.json.backup
2025-10-07 11:58:10,118 - app - INFO - Backup creado: bimbo.json.backup
2025-10-07 11:58:10,123 - app - INFO - Eliminando backup antiguo: C:\Users\gesti\GESTION COMPARTIDA Dropbox\Departamento Gestion\0001 - Control de Gestion (1)\Desarrollo\app cajas\data\bimbo.json.backup
2025-10-07 11:58:10,128 - app - INFO - Backup creado: constitucion.json.backup
2025-10-07 11:58:10,131 - app - INFO - Eliminando backup antiguo: C:\Users\gesti\GESTION COMPARTIDA Dropbox\Departamento Gestion\0001 - Control de Gestion (1)\Desarrollo\app cajas\data\constitucion.json.backup
2025-10-07 11:58:10,136 - app - INFO - Backup creado: gastronomia.json.backup
2025-10-07 11:58:10,139 - app - INFO - Eliminando backup antiguo: C:\Users\gesti\GESTION COMPARTIDA Dropbox\Departamento Gestion\0001 - Control de Gestion (1)\Desarrollo\app cajas\data\gastronomia.json.backup
2025-10-07 11:58:10,143 - app - INFO - Backup creado: info_locales.json.backup
2025-10-07 11:58:10,146 - app - INFO - Eliminando backup antiguo: C:\Users\gesti\GESTION COMPARTIDA Dropbox\Departamento Gestion\0001 - Control de Gestion (1)\Desarrollo\app cajas\data\info_locales.json.backup
2025-10-07 11:58:10,151 - app - INFO - Backup creado: kioscos.json.backup
2025-10-07 11:58:10,153 - app - INFO - Eliminando backup antiguo: C:\Users\gesti\GESTION COMPARTIDA Dropbox\Departamento Gestion\0001 - Control de Gestion (1)\Desarrollo\app cajas\data\kioscos.json.backup
2025-10-07 11:58:10,158 - app - INFO - Backup creado: medios_pago.json.backup
2025-10-07 11:58:10,162 - app - INFO - Eliminando backup antiguo: C:\Users\gesti\GESTION COMPARTIDA Dropbox\Departamento Gestion\0001 - Control de Gestion (1)\Desarrollo\app cajas\data\medios_pago.json.backup
2025-10-07 11:58:10,167 - app - INFO - Backup creado: mercadopago.json.backup
2025-10-07 11:58:10,170 - app - INFO - Eliminando backup antiguo: C:\Users\gesti\GESTION COMPARTIDA Dropbox\Departamento Gestion\0001 - Control de Gestion (1)\Desarrollo\app cajas\data\mercadopago.json.backup
2025-10-07 11:58:10,176 - app - INFO - Backup creado: once.json.backup
2025-10-07 11:58:10,179 - app - INFO - Eliminando backup antiguo: C:\Users\gesti\GESTION COMPARTIDA Dropbox\Departamento Gestion\0001 - Control de Gestion (1)\Desarrollo\app cajas\data\once.json.backup
2025-10-07 11:58:10,185 - app - INFO - Backup creado: pagos_no_vinculados.json.backup
2025-10-07 11:58:10,189 - app - INFO - Eliminando backup antiguo: C:\Users\gesti\GESTION COMPARTIDA Dropbox\Departamento Gestion\0001 - Control de Gestion (1)\Desarrollo\app cajas\data\pagos_no_vinculados.json.backup
2025-10-07 11:58:10,194 - app - INFO - Backup creado: pendientes.json.backup
2025-10-07 11:58:10,197 - app - INFO - Eliminando backup antiguo: C:\Users\gesti\GESTION COMPARTIDA Dropbox\Departamento Gestion\0001 - Control de Gestion (1)\Desarrollo\app cajas\data\pendientes.json.backup
2025-10-07 11:58:10,201 - app - INFO - Backup creado: registros.json.backup
2025-10-07 11:58:10,204 - app - INFO - Eliminando backup antiguo: C:\Users\gesti\GESTION COMPARTIDA Dropbox\Departamento Gestion\0001 - Control de Gestion (1)\Desarrollo\app cajas\data\registros.json.backup
2025-10-07 11:58:10,208 - app - INFO - Backup creado: remesas_cajas.json.backup
2025-10-07 11:58:10,210 - app - INFO - Eliminando backup antiguo: C:\Users\gesti\GESTION COMPARTIDA Dropbox\Departamento Gestion\0001 - Control de Gestion (1)\Desarrollo\app cajas\data\remesas_cajas.json.backup
2025-10-07 11:58:10,213 - app - INFO - Backup creado: resumenes.json.backup
2025-10-07 11:58:10,222 - app - INFO - Eliminando backup antiguo: C:\Users\gesti\GESTION COMPARTIDA Dropbox\Departamento Gestion\0001 - Control de Gestion (1)\Desarrollo\app cajas\data\resumenes.json.backup
2025-10-07 11:58:10,229 - app - INFO - Backup creado: retiro.json.backup
2025-10-07 11:58:10,232 - app - INFO - Eliminando backup antiguo: C:\Users\gesti\GESTION COMPARTIDA Dropbox\Departamento Gestion\0001 - Control de Gestion (1)\Desarrollo\app cajas\data\retiro.json.backup
2025-10-07 11:58:10,238 - app - INFO - Backup creado: stock.json.backup
2025-10-07 11:58:10,242 - app - INFO - Eliminando backup antiguo: C:\Users\gesti\GESTION COMPARTIDA Dropbox\Departamento Gestion\0001 - Control de Gestion (1)\Desarrollo\app cajas\data\stock.json.backup
2025-10-07 11:58:10,251 - app - INFO - Backup creado: system_config.json.backup
2025-10-07 11:58:10,255 - app - INFO - Eliminando backup antiguo: C:\Users\gesti\GESTION COMPARTIDA Dropbox\Departamento Gestion\0001 - Control de Gestion (1)\Desarrollo\app cajas\data\system_config.json.backup
2025-10-07 11:58:10,260 - app - INFO - Backup creado: tba.json.backup
2025-10-07 11:58:10,267 - app - INFO - Eliminando backup antiguo: C:\Users\gesti\GESTION COMPARTIDA Dropbox\Departamento Gestion\0001 - Control de Gestion (1)\Desarrollo\app cajas\data\tba.json.backup
2025-10-07 11:58:10,269 - app - INFO - Backup creado: users.json.backup
2025-10-07 11:58:10,274 - app - INFO - Eliminando backup antiguo: C:\Users\gesti\GESTION COMPARTIDA Dropbox\Departamento Gestion\0001 - Control de Gestion (1)\Desarrollo\app cajas\data\users.json.backup
2025-10-07 11:58:10,278 - app - INFO - Backup creado: ventas.json.backup
2025-10-07 11:58:10,281 - app - INFO - Eliminando backup antiguo: C:\Users\gesti\GESTION COMPARTIDA Dropbox\Departamento Gestion\0001 - Control de Gestion (1)\Desarrollo\app cajas\data\ventas.json.backup
2025-10-07 11:58:10,286 - app - INFO - Backup creado: zona_sur.json.backup
2025-10-07 11:58:10,289 - app - INFO - Eliminando backup antiguo: C:\Users\gesti\GESTION COMPARTIDA Dropbox\Departamento Gestion\0001 - Control de Gestion (1)\Desarrollo\app cajas\data\zona_sur.json.backup
2025-10-07 11:58:10,290 - app - INFO - Backup automático completado. 21 archivos respaldados.
2025-10-07 11:58:10,290 - app - INFO - Sistema de backup automático iniciado. Próximo backup en 6 horas.
2025-10-07 11:58:10,350 - waitress - INFO - Serving on http://[::1]:443
2025-10-07 11:58:10,351 - waitress - INFO - Serving on http://127.0.0.1:443
2025-10-07 11:58:12,199 - mysql.connector - INFO - package: mysql.connector.plugins
2025-10-07 11:58:12,200 - mysql.connector - INFO - plugin_name: caching_sha2_password
2025-10-07 11:58:12,202 - mysql.connector - INFO - AUTHENTICATION_PLUGIN_CLASS: MySQLCachingSHA2PasswordAuthPlugin
2025-10-07 11:58:26,152 - apscheduler.scheduler - INFO - Scheduler has been shut down
2025-10-07 11:58:28,927 - apscheduler.scheduler - INFO - Adding job tentatively -- it will be properly scheduled when the scheduler starts
2025-10-07 11:58:28,929 - apscheduler.scheduler - INFO - Added job "Backup automático de archivos JSON" to job store "default"
2025-10-07 11:58:28,930 - apscheduler.scheduler - INFO - Scheduler started
2025-10-07 11:58:28,931 - app - INFO - Iniciando backup automático de archivos JSON...
2025-10-07 11:58:28,938 - app - INFO - Backup creado: ambulante.json.backup
2025-10-07 11:58:28,941 - app - INFO - Eliminando backup antiguo: C:\Users\gesti\GESTION COMPARTIDA Dropbox\Departamento Gestion\0001 - Control de Gestion (1)\Desarrollo\app cajas\data\ambulante.json.backup
2025-10-07 11:58:28,945 - app - INFO - Backup creado: bimbo.json.backup
2025-10-07 11:58:28,947 - app - INFO - Eliminando backup antiguo: C:\Users\gesti\GESTION COMPARTIDA Dropbox\Departamento Gestion\0001 - Control de Gestion (1)\Desarrollo\app cajas\data\bimbo.json.backup
2025-10-07 11:58:28,953 - app - INFO - Backup creado: constitucion.json.backup
2025-10-07 11:58:28,956 - app - INFO - Eliminando backup antiguo: C:\Users\gesti\GESTION COMPARTIDA Dropbox\Departamento Gestion\0001 - Control de Gestion (1)\Desarrollo\app cajas\data\constitucion.json.backup
2025-10-07 11:58:28,961 - app - INFO - Backup creado: gastronomia.json.backup
2025-10-07 11:58:28,965 - app - INFO - Eliminando backup antiguo: C:\Users\gesti\GESTION COMPARTIDA Dropbox\Departamento Gestion\0001 - Control de Gestion (1)\Desarrollo\app cajas\data\gastronomia.json.backup
2025-10-07 11:58:28,969 - app - INFO - Backup creado: info_locales.json.backup
2025-10-07 11:58:28,972 - app - INFO - Eliminando backup antiguo: C:\Users\gesti\GESTION COMPARTIDA Dropbox\Departamento Gestion\0001 - Control de Gestion (1)\Desarrollo\app cajas\data\info_locales.json.backup
2025-10-07 11:58:28,978 - app - INFO - Backup creado: kioscos.json.backup
2025-10-07 11:58:28,982 - app - INFO - Eliminando backup antiguo: C:\Users\gesti\GESTION COMPARTIDA Dropbox\Departamento Gestion\0001 - Control de Gestion (1)\Desarrollo\app cajas\data\kioscos.json.backup
2025-10-07 11:58:28,987 - app - INFO - Backup creado: medios_pago.json.backup
2025-10-07 11:58:28,991 - app - INFO - Eliminando backup antiguo: C:\Users\gesti\GESTION COMPARTIDA Dropbox\Departamento Gestion\0001 - Control de Gestion (1)\Desarrollo\app cajas\data\medios_pago.json.backup
2025-10-07 11:58:28,996 - app - INFO - Backup creado: mercadopago.json.backup
2025-10-07 11:58:28,999 - app - INFO - Eliminando backup antiguo: C:\Users\gesti\GESTION COMPARTIDA Dropbox\Departamento Gestion\0001 - Control de Gestion (1)\Desarrollo\app cajas\data\mercadopago.json.backup
2025-10-07 11:58:29,003 - app - INFO - Backup creado: once.json.backup
2025-10-07 11:58:29,006 - app - INFO - Eliminando backup antiguo: C:\Users\gesti\GESTION COMPARTIDA Dropbox\Departamento Gestion\0001 - Control de Gestion (1)\Desarrollo\app cajas\data\once.json.backup
2025-10-07 11:58:29,013 - app - INFO - Backup creado: pagos_no_vinculados.json.backup
2025-10-07 11:58:29,017 - app - INFO - Eliminando backup antiguo: C:\Users\gesti\GESTION COMPARTIDA Dropbox\Departamento Gestion\0001 - Control de Gestion (1)\Desarrollo\app cajas\data\pagos_no_vinculados.json.backup
2025-10-07 11:58:29,022 - app - INFO - Backup creado: pendientes.json.backup
2025-10-07 11:58:29,025 - app - INFO - Eliminando backup antiguo: C:\Users\gesti\GESTION COMPARTIDA Dropbox\Departamento Gestion\0001 - Control de Gestion (1)\Desarrollo\app cajas\data\pendientes.json.backup
2025-10-07 11:58:29,031 - app - INFO - Backup creado: registros.json.backup
2025-10-07 11:58:29,034 - app - INFO - Eliminando backup antiguo: C:\Users\gesti\GESTION COMPARTIDA Dropbox\Departamento Gestion\0001 - Control de Gestion (1)\Desarrollo\app cajas\data\registros.json.backup
2025-10-07 11:58:29,038 - app - INFO - Backup creado: remesas_cajas.json.backup
2025-10-07 11:58:29,041 - app - INFO - Eliminando backup antiguo: C:\Users\gesti\GESTION COMPARTIDA Dropbox\Departamento Gestion\0001 - Control de Gestion (1)\Desarrollo\app cajas\data\remesas_cajas.json.backup
2025-10-07 11:58:29,045 - app - INFO - Backup creado: resumenes.json.backup
2025-10-07 11:58:29,048 - app - INFO - Eliminando backup antiguo: C:\Users\gesti\GESTION COMPARTIDA Dropbox\Departamento Gestion\0001 - Control de Gestion (1)\Desarrollo\app cajas\data\resumenes.json.backup
2025-10-07 11:58:29,053 - app - INFO - Backup creado: retiro.json.backup
2025-10-07 11:58:29,056 - app - INFO - Eliminando backup antiguo: C:\Users\gesti\GESTION COMPARTIDA Dropbox\Departamento Gestion\0001 - Control de Gestion (1)\Desarrollo\app cajas\data\retiro.json.backup
2025-10-07 11:58:29,062 - app - INFO - Backup creado: stock.json.backup
2025-10-07 11:58:29,066 - app - INFO - Eliminando backup antiguo: C:\Users\gesti\GESTION COMPARTIDA Dropbox\Departamento Gestion\0001 - Control de Gestion (1)\Desarrollo\app cajas\data\stock.json.backup
2025-10-07 11:58:29,070 - app - INFO - Backup creado: system_config.json.backup
2025-10-07 11:58:29,073 - app - INFO - Eliminando backup antiguo: C:\Users\gesti\GESTION COMPARTIDA Dropbox\Departamento Gestion\0001 - Control de Gestion (1)\Desarrollo\app cajas\data\system_config.json.backup
2025-10-07 11:58:29,079 - app - INFO - Backup creado: tba.json.backup
2025-10-07 11:58:29,082 - app - INFO - Eliminando backup antiguo: C:\Users\gesti\GESTION COMPARTIDA Dropbox\Departamento Gestion\0001 - Control de Gestion (1)\Desarrollo\app cajas\data\tba.json.backup
2025-10-07 11:58:29,084 - app - INFO - Backup creado: users.json.backup
2025-10-07 11:58:29,087 - app - INFO - Eliminando backup antiguo: C:\Users\gesti\GESTION COMPARTIDA Dropbox\Departamento Gestion\0001 - Control de Gestion (1)\Desarrollo\app cajas\data\users.json.backup
2025-10-07 11:58:29,090 - app - INFO - Backup creado: ventas.json.backup
2025-10-07 11:58:29,093 - app - INFO - Eliminando backup antiguo: C:\Users\gesti\GESTION COMPARTIDA Dropbox\Departamento Gestion\0001 - Control de Gestion (1)\Desarrollo\app cajas\data\ventas.json.backup
2025-10-07 11:58:29,099 - app - INFO - Backup creado: zona_sur.json.backup
2025-10-07 11:58:29,102 - app - INFO - Eliminando backup antiguo: C:\Users\gesti\GESTION COMPARTIDA Dropbox\Departamento Gestion\0001 - Control de Gestion (1)\Desarrollo\app cajas\data\zona_sur.json.backup
2025-10-07 11:58:29,103 - app - INFO - Backup automático completado. 21 archivos respaldados.
2025-10-07 11:58:29,103 - app - INFO - Sistema de backup automático iniciado. Próximo backup en 6 horas.
2025-10-07 11:58:29,160 - waitress - INFO - Serving on http://[::1]:443
2025-10-07 11:58:29,161 - waitress - INFO - Serving on http://127.0.0.1:443
2025-10-07 11:58:30,842 - mysql.connector - INFO - package: mysql.connector.plugins
2025-10-07 11:58:30,842 - mysql.connector - INFO - plugin_name: caching_sha2_password
2025-10-07 11:58:30,846 - mysql.connector - INFO - AUTHENTICATION_PLUGIN_CLASS: MySQLCachingSHA2PasswordAuthPlugin
2025-10-07 12:07:56,392 - apscheduler.scheduler - INFO - Scheduler has been shut down
2025-10-07 12:08:03,402 - apscheduler.scheduler - INFO - Adding job tentatively -- it will be properly scheduled when the scheduler starts
2025-10-07 12:08:03,405 - apscheduler.scheduler - INFO - Added job "Backup automático de archivos JSON" to job store "default"
2025-10-07 12:08:03,405 - apscheduler.scheduler - INFO - Scheduler started
2025-10-07 12:08:03,406 - app - INFO - Iniciando backup automático de archivos JSON...
2025-10-07 12:08:03,414 - app - INFO - Backup creado: ambulante.json.backup
2025-10-07 12:08:03,418 - app - INFO - Eliminando backup antiguo: C:\Users\gesti\GESTION COMPARTIDA Dropbox\Departamento Gestion\0001 - Control de Gestion (1)\Desarrollo\app cajas\data\ambulante.json.backup
2025-10-07 12:08:03,421 - app - INFO - Backup creado: bimbo.json.backup
2025-10-07 12:08:03,427 - app - INFO - Eliminando backup antiguo: C:\Users\gesti\GESTION COMPARTIDA Dropbox\Departamento Gestion\0001 - Control de Gestion (1)\Desarrollo\app cajas\data\bimbo.json.backup
2025-10-07 12:08:03,432 - app - INFO - Backup creado: constitucion.json.backup
2025-10-07 12:08:03,435 - app - INFO - Eliminando backup antiguo: C:\Users\gesti\GESTION COMPARTIDA Dropbox\Departamento Gestion\0001 - Control de Gestion (1)\Desarrollo\app cajas\data\constitucion.json.backup
2025-10-07 12:08:03,442 - app - INFO - Backup creado: gastronomia.json.backup
2025-10-07 12:08:03,445 - app - INFO - Eliminando backup antiguo: C:\Users\gesti\GESTION COMPARTIDA Dropbox\Departamento Gestion\0001 - Control de Gestion (1)\Desarrollo\app cajas\data\gastronomia.json.backup
2025-10-07 12:08:03,450 - app - INFO - Backup creado: info_locales.json.backup
2025-10-07 12:08:03,453 - app - INFO - Eliminando backup antiguo: C:\Users\gesti\GESTION COMPARTIDA Dropbox\Departamento Gestion\0001 - Control de Gestion (1)\Desarrollo\app cajas\data\info_locales.json.backup
2025-10-07 12:08:03,458 - app - INFO - Backup creado: kioscos.json.backup
2025-10-07 12:08:03,461 - app - INFO - Eliminando backup antiguo: C:\Users\gesti\GESTION COMPARTIDA Dropbox\Departamento Gestion\0001 - Control de Gestion (1)\Desarrollo\app cajas\data\kioscos.json.backup
2025-10-07 12:08:03,465 - app - INFO - Backup creado: medios_pago.json.backup
2025-10-07 12:08:03,468 - app - INFO - Eliminando backup antiguo: C:\Users\gesti\GESTION COMPARTIDA Dropbox\Departamento Gestion\0001 - Control de Gestion (1)\Desarrollo\app cajas\data\medios_pago.json.backup
2025-10-07 12:08:03,471 - app - INFO - Backup creado: mercadopago.json.backup
2025-10-07 12:08:03,475 - app - INFO - Eliminando backup antiguo: C:\Users\gesti\GESTION COMPARTIDA Dropbox\Departamento Gestion\0001 - Control de Gestion (1)\Desarrollo\app cajas\data\mercadopago.json.backup
2025-10-07 12:08:03,481 - app - INFO - Backup creado: once.json.backup
2025-10-07 12:08:03,484 - app - INFO - Eliminando backup antiguo: C:\Users\gesti\GESTION COMPARTIDA Dropbox\Departamento Gestion\0001 - Control de Gestion (1)\Desarrollo\app cajas\data\once.json.backup
2025-10-07 12:08:03,489 - app - INFO - Backup creado: pagos_no_vinculados.json.backup
2025-10-07 12:08:03,493 - app - INFO - Eliminando backup antiguo: C:\Users\gesti\GESTION COMPARTIDA Dropbox\Departamento Gestion\0001 - Control de Gestion (1)\Desarrollo\app cajas\data\pagos_no_vinculados.json.backup
2025-10-07 12:08:03,498 - app - INFO - Backup creado: pendientes.json.backup
2025-10-07 12:08:03,501 - app - INFO - Eliminando backup antiguo: C:\Users\gesti\GESTION COMPARTIDA Dropbox\Departamento Gestion\0001 - Control de Gestion (1)\Desarrollo\app cajas\data\pendientes.json.backup
2025-10-07 12:08:03,507 - app - INFO - Backup creado: registros.json.backup
2025-10-07 12:08:03,510 - app - INFO - Eliminando backup antiguo: C:\Users\gesti\GESTION COMPARTIDA Dropbox\Departamento Gestion\0001 - Control de Gestion (1)\Desarrollo\app cajas\data\registros.json.backup
2025-10-07 12:08:03,515 - app - INFO - Backup creado: remesas_cajas.json.backup
2025-10-07 12:08:03,518 - app - INFO - Eliminando backup antiguo: C:\Users\gesti\GESTION COMPARTIDA Dropbox\Departamento Gestion\0001 - Control de Gestion (1)\Desarrollo\app cajas\data\remesas_cajas.json.backup
2025-10-07 12:08:03,521 - app - INFO - Backup creado: resumenes.json.backup
2025-10-07 12:08:03,525 - app - INFO - Eliminando backup antiguo: C:\Users\gesti\GESTION COMPARTIDA Dropbox\Departamento Gestion\0001 - Control de Gestion (1)\Desarrollo\app cajas\data\resumenes.json.backup
2025-10-07 12:08:03,531 - app - INFO - Backup creado: retiro.json.backup
2025-10-07 12:08:03,534 - app - INFO - Eliminando backup antiguo: C:\Users\gesti\GESTION COMPARTIDA Dropbox\Departamento Gestion\0001 - Control de Gestion (1)\Desarrollo\app cajas\data\retiro.json.backup
2025-10-07 12:08:03,547 - app - INFO - Backup creado: stock.json.backup
2025-10-07 12:08:03,553 - app - INFO - Eliminando backup antiguo: C:\Users\gesti\GESTION COMPARTIDA Dropbox\Departamento Gestion\0001 - Control de Gestion (1)\Desarrollo\app cajas\data\stock.json.backup
2025-10-07 12:08:03,560 - app - INFO - Backup creado: system_config.json.backup
2025-10-07 12:08:03,566 - app - INFO - Eliminando backup antiguo: C:\Users\gesti\GESTION COMPARTIDA Dropbox\Departamento Gestion\0001 - Control de Gestion (1)\Desarrollo\app cajas\data\system_config.json.backup
2025-10-07 12:08:03,572 - app - INFO - Backup creado: tba.json.backup
2025-10-07 12:08:03,579 - app - INFO - Eliminando backup antiguo: C:\Users\gesti\GESTION COMPARTIDA Dropbox\Departamento Gestion\0001 - Control de Gestion (1)\Desarrollo\app cajas\data\tba.json.backup
2025-10-07 12:08:03,583 - app - INFO - Backup creado: users.json.backup
2025-10-07 12:08:03,590 - app - INFO - Eliminando backup antiguo: C:\Users\gesti\GESTION COMPARTIDA Dropbox\Departamento Gestion\0001 - Control de Gestion (1)\Desarrollo\app cajas\data\users.json.backup
2025-10-07 12:08:03,594 - app - INFO - Backup creado: ventas.json.backup
2025-10-07 12:08:03,601 - app - INFO - Eliminando backup antiguo: C:\Users\gesti\GESTION COMPARTIDA Dropbox\Departamento Gestion\0001 - Control de Gestion (1)\Desarrollo\app cajas\data\ventas.json.backup
2025-10-07 12:08:03,606 - app - INFO - Backup creado: zona_sur.json.backup
2025-10-07 12:08:03,610 - app - INFO - Eliminando backup antiguo: C:\Users\gesti\GESTION COMPARTIDA Dropbox\Departamento Gestion\0001 - Control de Gestion (1)\Desarrollo\app cajas\data\zona_sur.json.backup
2025-10-07 12:08:03,610 - app - INFO - Backup automático completado. 21 archivos respaldados.
2025-10-07 12:08:03,611 - app - INFO - Sistema de backup automático iniciado. Próximo backup en 6 horas.
2025-10-07 12:08:03,685 - waitress - INFO - Serving on http://[::1]:443
2025-10-07 12:08:03,686 - waitress - INFO - Serving on http://127.0.0.1:443
2025-10-07 12:08:05,570 - mysql.connector - INFO - package: mysql.connector.plugins
2025-10-07 12:08:05,571 - mysql.connector - INFO - plugin_name: caching_sha2_password
2025-10-07 12:08:05,574 - mysql.connector - INFO - AUTHENTICATION_PLUGIN_CLASS: MySQLCachingSHA2PasswordAuthPlugin
2025-10-07 12:51:59,558 - apscheduler.scheduler - INFO - Scheduler has been shut down
2025-10-07 13:17:07,483 - apscheduler.scheduler - INFO - Adding job tentatively -- it will be properly scheduled when the scheduler starts
2025-10-07 13:17:07,489 - apscheduler.scheduler - INFO - Added job "Backup automático de archivos JSON" to job store "default"
2025-10-07 13:17:07,489 - apscheduler.scheduler - INFO - Scheduler started
2025-10-07 13:17:07,490 - app - INFO - Iniciando backup automático de archivos JSON...
2025-10-07 13:17:07,497 - app - INFO - Backup creado: ambulante.json.backup
2025-10-07 13:17:07,501 - app - INFO - Eliminando backup antiguo: C:\Users\gesti\GESTION COMPARTIDA Dropbox\Departamento Gestion\0001 - Control de Gestion (1)\Desarrollo\app cajas\data\ambulante.json.backup
2025-10-07 13:17:07,504 - app - INFO - Backup creado: bimbo.json.backup
2025-10-07 13:17:07,509 - app - INFO - Eliminando backup antiguo: C:\Users\gesti\GESTION COMPARTIDA Dropbox\Departamento Gestion\0001 - Control de Gestion (1)\Desarrollo\app cajas\data\bimbo.json.backup
2025-10-07 13:17:07,514 - app - INFO - Backup creado: constitucion.json.backup
2025-10-07 13:17:07,517 - app - INFO - Eliminando backup antiguo: C:\Users\gesti\GESTION COMPARTIDA Dropbox\Departamento Gestion\0001 - Control de Gestion (1)\Desarrollo\app cajas\data\constitucion.json.backup
2025-10-07 13:17:07,523 - app - INFO - Backup creado: gastronomia.json.backup
2025-10-07 13:17:07,526 - app - INFO - Eliminando backup antiguo: C:\Users\gesti\GESTION COMPARTIDA Dropbox\Departamento Gestion\0001 - Control de Gestion (1)\Desarrollo\app cajas\data\gastronomia.json.backup
2025-10-07 13:17:07,530 - app - INFO - Backup creado: info_locales.json.backup
2025-10-07 13:17:07,533 - app - INFO - Eliminando backup antiguo: C:\Users\gesti\GESTION COMPARTIDA Dropbox\Departamento Gestion\0001 - Control de Gestion (1)\Desarrollo\app cajas\data\info_locales.json.backup
2025-10-07 13:17:07,538 - app - INFO - Backup creado: kioscos.json.backup
2025-10-07 13:17:07,541 - app - INFO - Eliminando backup antiguo: C:\Users\gesti\GESTION COMPARTIDA Dropbox\Departamento Gestion\0001 - Control de Gestion (1)\Desarrollo\app cajas\data\kioscos.json.backup
2025-10-07 13:17:07,546 - app - INFO - Backup creado: medios_pago.json.backup
2025-10-07 13:17:07,550 - app - INFO - Eliminando backup antiguo: C:\Users\gesti\GESTION COMPARTIDA Dropbox\Departamento Gestion\0001 - Control de Gestion (1)\Desarrollo\app cajas\data\medios_pago.json.backup
2025-10-07 13:17:07,553 - app - INFO - Backup creado: mercadopago.json.backup
2025-10-07 13:17:07,556 - app - INFO - Eliminando backup antiguo: C:\Users\gesti\GESTION COMPARTIDA Dropbox\Departamento Gestion\0001 - Control de Gestion (1)\Desarrollo\app cajas\data\mercadopago.json.backup
2025-10-07 13:17:07,561 - app - INFO - Backup creado: once.json.backup
2025-10-07 13:17:07,564 - app - INFO - Eliminando backup antiguo: C:\Users\gesti\GESTION COMPARTIDA Dropbox\Departamento Gestion\0001 - Control de Gestion (1)\Desarrollo\app cajas\data\once.json.backup
2025-10-07 13:17:07,569 - app - INFO - Backup creado: pagos_no_vinculados.json.backup
2025-10-07 13:17:07,571 - app - INFO - Eliminando backup antiguo: C:\Users\gesti\GESTION COMPARTIDA Dropbox\Departamento Gestion\0001 - Control de Gestion (1)\Desarrollo\app cajas\data\pagos_no_vinculados.json.backup
2025-10-07 13:17:07,576 - app - INFO - Backup creado: pendientes.json.backup
2025-10-07 13:17:07,579 - app - INFO - Eliminando backup antiguo: C:\Users\gesti\GESTION COMPARTIDA Dropbox\Departamento Gestion\0001 - Control de Gestion (1)\Desarrollo\app cajas\data\pendientes.json.backup
2025-10-07 13:17:07,585 - app - INFO - Backup creado: registros.json.backup
2025-10-07 13:17:07,588 - app - INFO - Eliminando backup antiguo: C:\Users\gesti\GESTION COMPARTIDA Dropbox\Departamento Gestion\0001 - Control de Gestion (1)\Desarrollo\app cajas\data\registros.json.backup
2025-10-07 13:17:07,593 - app - INFO - Backup creado: remesas_cajas.json.backup
2025-10-07 13:17:07,596 - app - INFO - Eliminando backup antiguo: C:\Users\gesti\GESTION COMPARTIDA Dropbox\Departamento Gestion\0001 - Control de Gestion (1)\Desarrollo\app cajas\data\remesas_cajas.json.backup
2025-10-07 13:17:07,599 - app - INFO - Backup creado: resumenes.json.backup
2025-10-07 13:17:07,604 - app - INFO - Eliminando backup antiguo: C:\Users\gesti\GESTION COMPARTIDA Dropbox\Departamento Gestion\0001 - Control de Gestion (1)\Desarrollo\app cajas\data\resumenes.json.backup
2025-10-07 13:17:07,609 - app - INFO - Backup creado: retiro.json.backup
2025-10-07 13:17:07,612 - app - INFO - Eliminando backup antiguo: C:\Users\gesti\GESTION COMPARTIDA Dropbox\Departamento Gestion\0001 - Control de Gestion (1)\Desarrollo\app cajas\data\retiro.json.backup
2025-10-07 13:17:07,617 - app - INFO - Backup creado: stock.json.backup
2025-10-07 13:17:07,619 - app - INFO - Eliminando backup antiguo: C:\Users\gesti\GESTION COMPARTIDA Dropbox\Departamento Gestion\0001 - Control de Gestion (1)\Desarrollo\app cajas\data\stock.json.backup
2025-10-07 13:17:07,624 - app - INFO - Backup creado: system_config.json.backup
2025-10-07 13:17:07,628 - app - INFO - Eliminando backup antiguo: C:\Users\gesti\GESTION COMPARTIDA Dropbox\Departamento Gestion\0001 - Control de Gestion (1)\Desarrollo\app cajas\data\system_config.json.backup
2025-10-07 13:17:07,633 - app - INFO - Backup creado: tba.json.backup
2025-10-07 13:17:07,636 - app - INFO - Eliminando backup antiguo: C:\Users\gesti\GESTION COMPARTIDA Dropbox\Departamento Gestion\0001 - Control de Gestion (1)\Desarrollo\app cajas\data\tba.json.backup
2025-10-07 13:17:07,639 - app - INFO - Backup creado: users.json.backup
2025-10-07 13:17:07,644 - app - INFO - Eliminando backup antiguo: C:\Users\gesti\GESTION COMPARTIDA Dropbox\Departamento Gestion\0001 - Control de Gestion (1)\Desarrollo\app cajas\data\users.json.backup
2025-10-07 13:17:07,647 - app - INFO - Backup creado: ventas.json.backup
2025-10-07 13:17:07,651 - app - INFO - Eliminando backup antiguo: C:\Users\gesti\GESTION COMPARTIDA Dropbox\Departamento Gestion\0001 - Control de Gestion (1)\Desarrollo\app cajas\data\ventas.json.backup
2025-10-07 13:17:07,657 - app - INFO - Backup creado: zona_sur.json.backup
2025-10-07 13:17:07,660 - app - INFO - Eliminando backup antiguo: C:\Users\gesti\GESTION COMPARTIDA Dropbox\Departamento Gestion\0001 - Control de Gestion (1)\Desarrollo\app cajas\data\zona_sur.json.backup
2025-10-07 13:17:07,661 - app - INFO - Backup automático completado. 21 archivos respaldados.
2025-10-07 13:17:07,661 - app - INFO - Sistema de backup automático iniciado. Próximo backup en 6 horas.
2025-10-07 13:17:07,736 - waitress - INFO - Serving on http://[::1]:443
2025-10-07 13:17:07,736 - waitress - INFO - Serving on http://127.0.0.1:443
2025-10-07 13:17:11,174 - mysql.connector - INFO - package: mysql.connector.plugins
2025-10-07 13:17:11,175 - mysql.connector - INFO - plugin_name: caching_sha2_password
2025-10-07 13:17:11,182 - mysql.connector - INFO - AUTHENTICATION_PLUGIN_CLASS: MySQLCachingSHA2PasswordAuthPlugin
2025-10-07 13:17:23,816 - app - ERROR - Exception on /files/list [GET]
Traceback (most recent call last):
  File "C:\Users\gesti\GESTION COMPARTIDA Dropbox\Departamento Gestion\0001 - Control de Gestion (1)\Desarrollo\app cajas\.venv\Lib\site-packages\flask\app.py", line 1511, in wsgi_app
    response = self.full_dispatch_request()
  File "C:\Users\gesti\GESTION COMPARTIDA Dropbox\Departamento Gestion\0001 - Control de Gestion (1)\Desarrollo\app cajas\.venv\Lib\site-packages\flask\app.py", line 919, in full_dispatch_request
    rv = self.handle_user_exception(e)
  File "C:\Users\gesti\GESTION COMPARTIDA Dropbox\Departamento Gestion\0001 - Control de Gestion (1)\Desarrollo\app cajas\.venv\Lib\site-packages\flask\app.py", line 917, in full_dispatch_request
    rv = self.dispatch_request()
  File "C:\Users\gesti\GESTION COMPARTIDA Dropbox\Departamento Gestion\0001 - Control de Gestion (1)\Desarrollo\app cajas\.venv\Lib\site-packages\flask\app.py", line 902, in dispatch_request
    return self.ensure_sync(self.view_functions[rule.endpoint])(**view_args)  # type: ignore[no-any-return]
           ~~~~~~~~~~~~~~~~~~~~~~~~~~~~~~~~~~~~~~~~~~~~~~~~~~~~^^^^^^^^^^^^^
  File "C:\Users\gesti\GESTION COMPARTIDA Dropbox\Departamento Gestion\0001 - Control de Gestion (1)\Desarrollo\app cajas\modules\files_gcs.py", line 76, in list_files
    client = _client()
  File "C:\Users\gesti\GESTION COMPARTIDA Dropbox\Departamento Gestion\0001 - Control de Gestion (1)\Desarrollo\app cajas\modules\files_gcs.py", line 15, in _client
    return storage.Client()
           ~~~~~~~~~~~~~~^^
  File "C:\Users\gesti\GESTION COMPARTIDA Dropbox\Departamento Gestion\0001 - Control de Gestion (1)\Desarrollo\app cajas\.venv\Lib\site-packages\google\cloud\storage\client.py", line 247, in __init__
    super(Client, self).__init__(
    ~~~~~~~~~~~~~~~~~~~~~~~~~~~~^
        project=project,
        ^^^^^^^^^^^^^^^^
    ...<2 lines>...
        _http=_http,
        ^^^^^^^^^^^^
    )
    ^
  File "C:\Users\gesti\GESTION COMPARTIDA Dropbox\Departamento Gestion\0001 - Control de Gestion (1)\Desarrollo\app cajas\.venv\Lib\site-packages\google\cloud\client\__init__.py", line 338, in __init__
    _ClientProjectMixin.__init__(self, project=project, credentials=credentials)
    ~~~~~~~~~~~~~~~~~~~~~~~~~~~~^^^^^^^^^^^^^^^^^^^^^^^^^^^^^^^^^^^^^^^^^^^^^^^^
  File "C:\Users\gesti\GESTION COMPARTIDA Dropbox\Departamento Gestion\0001 - Control de Gestion (1)\Desarrollo\app cajas\.venv\Lib\site-packages\google\cloud\client\__init__.py", line 286, in __init__
    project = self._determine_default(project)
  File "C:\Users\gesti\GESTION COMPARTIDA Dropbox\Departamento Gestion\0001 - Control de Gestion (1)\Desarrollo\app cajas\.venv\Lib\site-packages\google\cloud\client\__init__.py", line 305, in _determine_default
    return _determine_default_project(project)
  File "C:\Users\gesti\GESTION COMPARTIDA Dropbox\Departamento Gestion\0001 - Control de Gestion (1)\Desarrollo\app cajas\.venv\Lib\site-packages\google\cloud\_helpers\__init__.py", line 152, in _determine_default_project
    _, project = google.auth.default()
                 ~~~~~~~~~~~~~~~~~~~^^
  File "C:\Users\gesti\GESTION COMPARTIDA Dropbox\Departamento Gestion\0001 - Control de Gestion (1)\Desarrollo\app cajas\.venv\Lib\site-packages\google\auth\_default.py", line 739, in default
    raise exceptions.DefaultCredentialsError(_CLOUD_SDK_MISSING_CREDENTIALS)
google.auth.exceptions.DefaultCredentialsError: Your default credentials were not found. To set up Application Default Credentials, see https://cloud.google.com/docs/authentication/external/set-up-adc for more information.
2025-10-07 13:17:34,201 - app - ERROR - Exception on /files/upload [POST]
Traceback (most recent call last):
  File "C:\Users\gesti\GESTION COMPARTIDA Dropbox\Departamento Gestion\0001 - Control de Gestion (1)\Desarrollo\app cajas\.venv\Lib\site-packages\flask\app.py", line 1511, in wsgi_app
    response = self.full_dispatch_request()
  File "C:\Users\gesti\GESTION COMPARTIDA Dropbox\Departamento Gestion\0001 - Control de Gestion (1)\Desarrollo\app cajas\.venv\Lib\site-packages\flask\app.py", line 919, in full_dispatch_request
    rv = self.handle_user_exception(e)
  File "C:\Users\gesti\GESTION COMPARTIDA Dropbox\Departamento Gestion\0001 - Control de Gestion (1)\Desarrollo\app cajas\.venv\Lib\site-packages\flask\app.py", line 917, in full_dispatch_request
    rv = self.dispatch_request()
  File "C:\Users\gesti\GESTION COMPARTIDA Dropbox\Departamento Gestion\0001 - Control de Gestion (1)\Desarrollo\app cajas\.venv\Lib\site-packages\flask\app.py", line 902, in dispatch_request
    return self.ensure_sync(self.view_functions[rule.endpoint])(**view_args)  # type: ignore[no-any-return]
           ~~~~~~~~~~~~~~~~~~~~~~~~~~~~~~~~~~~~~~~~~~~~~~~~~~~~^^^^^^^^^^^^^
  File "C:\Users\gesti\GESTION COMPARTIDA Dropbox\Departamento Gestion\0001 - Control de Gestion (1)\Desarrollo\app cajas\modules\files_gcs.py", line 45, in upload
    client = _client()
  File "C:\Users\gesti\GESTION COMPARTIDA Dropbox\Departamento Gestion\0001 - Control de Gestion (1)\Desarrollo\app cajas\modules\files_gcs.py", line 15, in _client
    return storage.Client()
           ~~~~~~~~~~~~~~^^
  File "C:\Users\gesti\GESTION COMPARTIDA Dropbox\Departamento Gestion\0001 - Control de Gestion (1)\Desarrollo\app cajas\.venv\Lib\site-packages\google\cloud\storage\client.py", line 247, in __init__
    super(Client, self).__init__(
    ~~~~~~~~~~~~~~~~~~~~~~~~~~~~^
        project=project,
        ^^^^^^^^^^^^^^^^
    ...<2 lines>...
        _http=_http,
        ^^^^^^^^^^^^
    )
    ^
  File "C:\Users\gesti\GESTION COMPARTIDA Dropbox\Departamento Gestion\0001 - Control de Gestion (1)\Desarrollo\app cajas\.venv\Lib\site-packages\google\cloud\client\__init__.py", line 338, in __init__
    _ClientProjectMixin.__init__(self, project=project, credentials=credentials)
    ~~~~~~~~~~~~~~~~~~~~~~~~~~~~^^^^^^^^^^^^^^^^^^^^^^^^^^^^^^^^^^^^^^^^^^^^^^^^
  File "C:\Users\gesti\GESTION COMPARTIDA Dropbox\Departamento Gestion\0001 - Control de Gestion (1)\Desarrollo\app cajas\.venv\Lib\site-packages\google\cloud\client\__init__.py", line 286, in __init__
    project = self._determine_default(project)
  File "C:\Users\gesti\GESTION COMPARTIDA Dropbox\Departamento Gestion\0001 - Control de Gestion (1)\Desarrollo\app cajas\.venv\Lib\site-packages\google\cloud\client\__init__.py", line 305, in _determine_default
    return _determine_default_project(project)
  File "C:\Users\gesti\GESTION COMPARTIDA Dropbox\Departamento Gestion\0001 - Control de Gestion (1)\Desarrollo\app cajas\.venv\Lib\site-packages\google\cloud\_helpers\__init__.py", line 152, in _determine_default_project
    _, project = google.auth.default()
                 ~~~~~~~~~~~~~~~~~~~^^
  File "C:\Users\gesti\GESTION COMPARTIDA Dropbox\Departamento Gestion\0001 - Control de Gestion (1)\Desarrollo\app cajas\.venv\Lib\site-packages\google\auth\_default.py", line 739, in default
    raise exceptions.DefaultCredentialsError(_CLOUD_SDK_MISSING_CREDENTIALS)
google.auth.exceptions.DefaultCredentialsError: Your default credentials were not found. To set up Application Default Credentials, see https://cloud.google.com/docs/authentication/external/set-up-adc for more information.
2025-10-07 13:17:41,267 - apscheduler.scheduler - INFO - Scheduler has been shut down
2025-10-07 13:43:26,696 - apscheduler.scheduler - INFO - Adding job tentatively -- it will be properly scheduled when the scheduler starts
2025-10-07 13:43:26,701 - apscheduler.scheduler - INFO - Added job "Backup automático de archivos JSON" to job store "default"
2025-10-07 13:43:26,702 - apscheduler.scheduler - INFO - Scheduler started
2025-10-07 13:43:26,703 - app - INFO - Iniciando backup automático de archivos JSON...
2025-10-07 13:43:26,711 - app - INFO - Backup creado: ambulante.json.backup
2025-10-07 13:43:26,715 - app - INFO - Eliminando backup antiguo: C:\Users\gesti\GESTION COMPARTIDA Dropbox\Departamento Gestion\0001 - Control de Gestion (1)\Desarrollo\app cajas\data\ambulante.json.backup
2025-10-07 13:43:26,720 - app - INFO - Backup creado: bimbo.json.backup
2025-10-07 13:43:26,726 - app - INFO - Eliminando backup antiguo: C:\Users\gesti\GESTION COMPARTIDA Dropbox\Departamento Gestion\0001 - Control de Gestion (1)\Desarrollo\app cajas\data\bimbo.json.backup
2025-10-07 13:43:26,731 - app - INFO - Backup creado: constitucion.json.backup
2025-10-07 13:43:26,734 - app - INFO - Eliminando backup antiguo: C:\Users\gesti\GESTION COMPARTIDA Dropbox\Departamento Gestion\0001 - Control de Gestion (1)\Desarrollo\app cajas\data\constitucion.json.backup
2025-10-07 13:43:26,739 - app - INFO - Backup creado: gastronomia.json.backup
2025-10-07 13:43:26,742 - app - INFO - Eliminando backup antiguo: C:\Users\gesti\GESTION COMPARTIDA Dropbox\Departamento Gestion\0001 - Control de Gestion (1)\Desarrollo\app cajas\data\gastronomia.json.backup
2025-10-07 13:43:26,745 - app - INFO - Backup creado: info_locales.json.backup
2025-10-07 13:43:26,749 - app - INFO - Eliminando backup antiguo: C:\Users\gesti\GESTION COMPARTIDA Dropbox\Departamento Gestion\0001 - Control de Gestion (1)\Desarrollo\app cajas\data\info_locales.json.backup
2025-10-07 13:43:26,753 - app - INFO - Backup creado: kioscos.json.backup
2025-10-07 13:43:26,757 - app - INFO - Eliminando backup antiguo: C:\Users\gesti\GESTION COMPARTIDA Dropbox\Departamento Gestion\0001 - Control de Gestion (1)\Desarrollo\app cajas\data\kioscos.json.backup
2025-10-07 13:43:26,761 - app - INFO - Backup creado: medios_pago.json.backup
2025-10-07 13:43:26,765 - app - INFO - Eliminando backup antiguo: C:\Users\gesti\GESTION COMPARTIDA Dropbox\Departamento Gestion\0001 - Control de Gestion (1)\Desarrollo\app cajas\data\medios_pago.json.backup
2025-10-07 13:43:26,769 - app - INFO - Backup creado: mercadopago.json.backup
2025-10-07 13:43:26,772 - app - INFO - Eliminando backup antiguo: C:\Users\gesti\GESTION COMPARTIDA Dropbox\Departamento Gestion\0001 - Control de Gestion (1)\Desarrollo\app cajas\data\mercadopago.json.backup
2025-10-07 13:43:26,777 - app - INFO - Backup creado: once.json.backup
2025-10-07 13:43:26,781 - app - INFO - Eliminando backup antiguo: C:\Users\gesti\GESTION COMPARTIDA Dropbox\Departamento Gestion\0001 - Control de Gestion (1)\Desarrollo\app cajas\data\once.json.backup
2025-10-07 13:43:26,787 - app - INFO - Backup creado: pagos_no_vinculados.json.backup
2025-10-07 13:43:26,790 - app - INFO - Eliminando backup antiguo: C:\Users\gesti\GESTION COMPARTIDA Dropbox\Departamento Gestion\0001 - Control de Gestion (1)\Desarrollo\app cajas\data\pagos_no_vinculados.json.backup
2025-10-07 13:43:26,796 - app - INFO - Backup creado: pendientes.json.backup
2025-10-07 13:43:26,799 - app - INFO - Eliminando backup antiguo: C:\Users\gesti\GESTION COMPARTIDA Dropbox\Departamento Gestion\0001 - Control de Gestion (1)\Desarrollo\app cajas\data\pendientes.json.backup
2025-10-07 13:43:26,804 - app - INFO - Backup creado: registros.json.backup
2025-10-07 13:43:26,807 - app - INFO - Eliminando backup antiguo: C:\Users\gesti\GESTION COMPARTIDA Dropbox\Departamento Gestion\0001 - Control de Gestion (1)\Desarrollo\app cajas\data\registros.json.backup
2025-10-07 13:43:26,812 - app - INFO - Backup creado: remesas_cajas.json.backup
2025-10-07 13:43:26,815 - app - INFO - Eliminando backup antiguo: C:\Users\gesti\GESTION COMPARTIDA Dropbox\Departamento Gestion\0001 - Control de Gestion (1)\Desarrollo\app cajas\data\remesas_cajas.json.backup
2025-10-07 13:43:26,819 - app - INFO - Backup creado: resumenes.json.backup
2025-10-07 13:43:26,824 - app - INFO - Eliminando backup antiguo: C:\Users\gesti\GESTION COMPARTIDA Dropbox\Departamento Gestion\0001 - Control de Gestion (1)\Desarrollo\app cajas\data\resumenes.json.backup
2025-10-07 13:43:26,828 - app - INFO - Backup creado: retiro.json.backup
2025-10-07 13:43:26,832 - app - INFO - Eliminando backup antiguo: C:\Users\gesti\GESTION COMPARTIDA Dropbox\Departamento Gestion\0001 - Control de Gestion (1)\Desarrollo\app cajas\data\retiro.json.backup
2025-10-07 13:43:26,836 - app - INFO - Backup creado: stock.json.backup
2025-10-07 13:43:26,839 - app - INFO - Eliminando backup antiguo: C:\Users\gesti\GESTION COMPARTIDA Dropbox\Departamento Gestion\0001 - Control de Gestion (1)\Desarrollo\app cajas\data\stock.json.backup
2025-10-07 13:43:26,844 - app - INFO - Backup creado: system_config.json.backup
2025-10-07 13:43:26,847 - app - INFO - Eliminando backup antiguo: C:\Users\gesti\GESTION COMPARTIDA Dropbox\Departamento Gestion\0001 - Control de Gestion (1)\Desarrollo\app cajas\data\system_config.json.backup
2025-10-07 13:43:26,851 - app - INFO - Backup creado: tba.json.backup
2025-10-07 13:43:26,854 - app - INFO - Eliminando backup antiguo: C:\Users\gesti\GESTION COMPARTIDA Dropbox\Departamento Gestion\0001 - Control de Gestion (1)\Desarrollo\app cajas\data\tba.json.backup
2025-10-07 13:43:26,856 - app - INFO - Backup creado: users.json.backup
2025-10-07 13:43:26,859 - app - INFO - Eliminando backup antiguo: C:\Users\gesti\GESTION COMPARTIDA Dropbox\Departamento Gestion\0001 - Control de Gestion (1)\Desarrollo\app cajas\data\users.json.backup
2025-10-07 13:43:26,863 - app - INFO - Backup creado: ventas.json.backup
2025-10-07 13:43:26,867 - app - INFO - Eliminando backup antiguo: C:\Users\gesti\GESTION COMPARTIDA Dropbox\Departamento Gestion\0001 - Control de Gestion (1)\Desarrollo\app cajas\data\ventas.json.backup
2025-10-07 13:43:26,872 - app - INFO - Backup creado: zona_sur.json.backup
2025-10-07 13:43:26,874 - app - INFO - Eliminando backup antiguo: C:\Users\gesti\GESTION COMPARTIDA Dropbox\Departamento Gestion\0001 - Control de Gestion (1)\Desarrollo\app cajas\data\zona_sur.json.backup
2025-10-07 13:43:26,875 - app - INFO - Backup automático completado. 21 archivos respaldados.
2025-10-07 13:43:26,875 - app - INFO - Sistema de backup automático iniciado. Próximo backup en 6 horas.
2025-10-07 13:43:26,927 - waitress - INFO - Serving on http://[::1]:443
2025-10-07 13:43:26,927 - waitress - INFO - Serving on http://127.0.0.1:443
2025-10-07 13:43:28,922 - mysql.connector - INFO - package: mysql.connector.plugins
2025-10-07 13:43:28,923 - mysql.connector - INFO - plugin_name: caching_sha2_password
2025-10-07 13:43:28,925 - mysql.connector - INFO - AUTHENTICATION_PLUGIN_CLASS: MySQLCachingSHA2PasswordAuthPlugin
2025-10-07 13:43:41,424 - app - ERROR - Exception on /files/list [GET]
Traceback (most recent call last):
  File "C:\Users\gesti\GESTION COMPARTIDA Dropbox\Departamento Gestion\0001 - Control de Gestion (1)\Desarrollo\app cajas\.venv\Lib\site-packages\flask\app.py", line 1511, in wsgi_app
    response = self.full_dispatch_request()
  File "C:\Users\gesti\GESTION COMPARTIDA Dropbox\Departamento Gestion\0001 - Control de Gestion (1)\Desarrollo\app cajas\.venv\Lib\site-packages\flask\app.py", line 919, in full_dispatch_request
    rv = self.handle_user_exception(e)
  File "C:\Users\gesti\GESTION COMPARTIDA Dropbox\Departamento Gestion\0001 - Control de Gestion (1)\Desarrollo\app cajas\.venv\Lib\site-packages\flask\app.py", line 917, in full_dispatch_request
    rv = self.dispatch_request()
  File "C:\Users\gesti\GESTION COMPARTIDA Dropbox\Departamento Gestion\0001 - Control de Gestion (1)\Desarrollo\app cajas\.venv\Lib\site-packages\flask\app.py", line 902, in dispatch_request
    return self.ensure_sync(self.view_functions[rule.endpoint])(**view_args)  # type: ignore[no-any-return]
           ~~~~~~~~~~~~~~~~~~~~~~~~~~~~~~~~~~~~~~~~~~~~~~~~~~~~^^^^^^^^^^^^^
  File "C:\Users\gesti\GESTION COMPARTIDA Dropbox\Departamento Gestion\0001 - Control de Gestion (1)\Desarrollo\app cajas\modules\files_gcs.py", line 76, in list_files
    client = _client()
  File "C:\Users\gesti\GESTION COMPARTIDA Dropbox\Departamento Gestion\0001 - Control de Gestion (1)\Desarrollo\app cajas\modules\files_gcs.py", line 15, in _client
    return storage.Client()
           ~~~~~~~~~~~~~~^^
  File "C:\Users\gesti\GESTION COMPARTIDA Dropbox\Departamento Gestion\0001 - Control de Gestion (1)\Desarrollo\app cajas\.venv\Lib\site-packages\google\cloud\storage\client.py", line 247, in __init__
    super(Client, self).__init__(
    ~~~~~~~~~~~~~~~~~~~~~~~~~~~~^
        project=project,
        ^^^^^^^^^^^^^^^^
    ...<2 lines>...
        _http=_http,
        ^^^^^^^^^^^^
    )
    ^
  File "C:\Users\gesti\GESTION COMPARTIDA Dropbox\Departamento Gestion\0001 - Control de Gestion (1)\Desarrollo\app cajas\.venv\Lib\site-packages\google\cloud\client\__init__.py", line 338, in __init__
    _ClientProjectMixin.__init__(self, project=project, credentials=credentials)
    ~~~~~~~~~~~~~~~~~~~~~~~~~~~~^^^^^^^^^^^^^^^^^^^^^^^^^^^^^^^^^^^^^^^^^^^^^^^^
  File "C:\Users\gesti\GESTION COMPARTIDA Dropbox\Departamento Gestion\0001 - Control de Gestion (1)\Desarrollo\app cajas\.venv\Lib\site-packages\google\cloud\client\__init__.py", line 286, in __init__
    project = self._determine_default(project)
  File "C:\Users\gesti\GESTION COMPARTIDA Dropbox\Departamento Gestion\0001 - Control de Gestion (1)\Desarrollo\app cajas\.venv\Lib\site-packages\google\cloud\client\__init__.py", line 305, in _determine_default
    return _determine_default_project(project)
  File "C:\Users\gesti\GESTION COMPARTIDA Dropbox\Departamento Gestion\0001 - Control de Gestion (1)\Desarrollo\app cajas\.venv\Lib\site-packages\google\cloud\_helpers\__init__.py", line 152, in _determine_default_project
    _, project = google.auth.default()
                 ~~~~~~~~~~~~~~~~~~~^^
  File "C:\Users\gesti\GESTION COMPARTIDA Dropbox\Departamento Gestion\0001 - Control de Gestion (1)\Desarrollo\app cajas\.venv\Lib\site-packages\google\auth\_default.py", line 739, in default
    raise exceptions.DefaultCredentialsError(_CLOUD_SDK_MISSING_CREDENTIALS)
google.auth.exceptions.DefaultCredentialsError: Your default credentials were not found. To set up Application Default Credentials, see https://cloud.google.com/docs/authentication/external/set-up-adc for more information.
2025-10-07 13:58:35,170 - app - ERROR - Exception on /files/list [GET]
Traceback (most recent call last):
  File "C:\Users\gesti\GESTION COMPARTIDA Dropbox\Departamento Gestion\0001 - Control de Gestion (1)\Desarrollo\app cajas\.venv\Lib\site-packages\flask\app.py", line 1511, in wsgi_app
    response = self.full_dispatch_request()
  File "C:\Users\gesti\GESTION COMPARTIDA Dropbox\Departamento Gestion\0001 - Control de Gestion (1)\Desarrollo\app cajas\.venv\Lib\site-packages\flask\app.py", line 919, in full_dispatch_request
    rv = self.handle_user_exception(e)
  File "C:\Users\gesti\GESTION COMPARTIDA Dropbox\Departamento Gestion\0001 - Control de Gestion (1)\Desarrollo\app cajas\.venv\Lib\site-packages\flask\app.py", line 917, in full_dispatch_request
    rv = self.dispatch_request()
  File "C:\Users\gesti\GESTION COMPARTIDA Dropbox\Departamento Gestion\0001 - Control de Gestion (1)\Desarrollo\app cajas\.venv\Lib\site-packages\flask\app.py", line 902, in dispatch_request
    return self.ensure_sync(self.view_functions[rule.endpoint])(**view_args)  # type: ignore[no-any-return]
           ~~~~~~~~~~~~~~~~~~~~~~~~~~~~~~~~~~~~~~~~~~~~~~~~~~~~^^^^^^^^^^^^^
  File "C:\Users\gesti\GESTION COMPARTIDA Dropbox\Departamento Gestion\0001 - Control de Gestion (1)\Desarrollo\app cajas\modules\files_gcs.py", line 76, in list_files
    client = _client()
  File "C:\Users\gesti\GESTION COMPARTIDA Dropbox\Departamento Gestion\0001 - Control de Gestion (1)\Desarrollo\app cajas\modules\files_gcs.py", line 15, in _client
    return storage.Client()
           ~~~~~~~~~~~~~~^^
  File "C:\Users\gesti\GESTION COMPARTIDA Dropbox\Departamento Gestion\0001 - Control de Gestion (1)\Desarrollo\app cajas\.venv\Lib\site-packages\google\cloud\storage\client.py", line 247, in __init__
    super(Client, self).__init__(
    ~~~~~~~~~~~~~~~~~~~~~~~~~~~~^
        project=project,
        ^^^^^^^^^^^^^^^^
    ...<2 lines>...
        _http=_http,
        ^^^^^^^^^^^^
    )
    ^
  File "C:\Users\gesti\GESTION COMPARTIDA Dropbox\Departamento Gestion\0001 - Control de Gestion (1)\Desarrollo\app cajas\.venv\Lib\site-packages\google\cloud\client\__init__.py", line 338, in __init__
    _ClientProjectMixin.__init__(self, project=project, credentials=credentials)
    ~~~~~~~~~~~~~~~~~~~~~~~~~~~~^^^^^^^^^^^^^^^^^^^^^^^^^^^^^^^^^^^^^^^^^^^^^^^^
  File "C:\Users\gesti\GESTION COMPARTIDA Dropbox\Departamento Gestion\0001 - Control de Gestion (1)\Desarrollo\app cajas\.venv\Lib\site-packages\google\cloud\client\__init__.py", line 286, in __init__
    project = self._determine_default(project)
  File "C:\Users\gesti\GESTION COMPARTIDA Dropbox\Departamento Gestion\0001 - Control de Gestion (1)\Desarrollo\app cajas\.venv\Lib\site-packages\google\cloud\client\__init__.py", line 305, in _determine_default
    return _determine_default_project(project)
  File "C:\Users\gesti\GESTION COMPARTIDA Dropbox\Departamento Gestion\0001 - Control de Gestion (1)\Desarrollo\app cajas\.venv\Lib\site-packages\google\cloud\_helpers\__init__.py", line 152, in _determine_default_project
    _, project = google.auth.default()
                 ~~~~~~~~~~~~~~~~~~~^^
  File "C:\Users\gesti\GESTION COMPARTIDA Dropbox\Departamento Gestion\0001 - Control de Gestion (1)\Desarrollo\app cajas\.venv\Lib\site-packages\google\auth\_default.py", line 739, in default
    raise exceptions.DefaultCredentialsError(_CLOUD_SDK_MISSING_CREDENTIALS)
google.auth.exceptions.DefaultCredentialsError: Your default credentials were not found. To set up Application Default Credentials, see https://cloud.google.com/docs/authentication/external/set-up-adc for more information.
2025-10-07 13:58:47,115 - app - ERROR - Exception on /files/list [GET]
Traceback (most recent call last):
  File "C:\Users\gesti\GESTION COMPARTIDA Dropbox\Departamento Gestion\0001 - Control de Gestion (1)\Desarrollo\app cajas\.venv\Lib\site-packages\flask\app.py", line 1511, in wsgi_app
    response = self.full_dispatch_request()
  File "C:\Users\gesti\GESTION COMPARTIDA Dropbox\Departamento Gestion\0001 - Control de Gestion (1)\Desarrollo\app cajas\.venv\Lib\site-packages\flask\app.py", line 919, in full_dispatch_request
    rv = self.handle_user_exception(e)
  File "C:\Users\gesti\GESTION COMPARTIDA Dropbox\Departamento Gestion\0001 - Control de Gestion (1)\Desarrollo\app cajas\.venv\Lib\site-packages\flask\app.py", line 917, in full_dispatch_request
    rv = self.dispatch_request()
  File "C:\Users\gesti\GESTION COMPARTIDA Dropbox\Departamento Gestion\0001 - Control de Gestion (1)\Desarrollo\app cajas\.venv\Lib\site-packages\flask\app.py", line 902, in dispatch_request
    return self.ensure_sync(self.view_functions[rule.endpoint])(**view_args)  # type: ignore[no-any-return]
           ~~~~~~~~~~~~~~~~~~~~~~~~~~~~~~~~~~~~~~~~~~~~~~~~~~~~^^^^^^^^^^^^^
  File "C:\Users\gesti\GESTION COMPARTIDA Dropbox\Departamento Gestion\0001 - Control de Gestion (1)\Desarrollo\app cajas\modules\files_gcs.py", line 76, in list_files
    client = _client()
  File "C:\Users\gesti\GESTION COMPARTIDA Dropbox\Departamento Gestion\0001 - Control de Gestion (1)\Desarrollo\app cajas\modules\files_gcs.py", line 15, in _client
    return storage.Client()
           ~~~~~~~~~~~~~~^^
  File "C:\Users\gesti\GESTION COMPARTIDA Dropbox\Departamento Gestion\0001 - Control de Gestion (1)\Desarrollo\app cajas\.venv\Lib\site-packages\google\cloud\storage\client.py", line 247, in __init__
    super(Client, self).__init__(
    ~~~~~~~~~~~~~~~~~~~~~~~~~~~~^
        project=project,
        ^^^^^^^^^^^^^^^^
    ...<2 lines>...
        _http=_http,
        ^^^^^^^^^^^^
    )
    ^
  File "C:\Users\gesti\GESTION COMPARTIDA Dropbox\Departamento Gestion\0001 - Control de Gestion (1)\Desarrollo\app cajas\.venv\Lib\site-packages\google\cloud\client\__init__.py", line 338, in __init__
    _ClientProjectMixin.__init__(self, project=project, credentials=credentials)
    ~~~~~~~~~~~~~~~~~~~~~~~~~~~~^^^^^^^^^^^^^^^^^^^^^^^^^^^^^^^^^^^^^^^^^^^^^^^^
  File "C:\Users\gesti\GESTION COMPARTIDA Dropbox\Departamento Gestion\0001 - Control de Gestion (1)\Desarrollo\app cajas\.venv\Lib\site-packages\google\cloud\client\__init__.py", line 286, in __init__
    project = self._determine_default(project)
  File "C:\Users\gesti\GESTION COMPARTIDA Dropbox\Departamento Gestion\0001 - Control de Gestion (1)\Desarrollo\app cajas\.venv\Lib\site-packages\google\cloud\client\__init__.py", line 305, in _determine_default
    return _determine_default_project(project)
  File "C:\Users\gesti\GESTION COMPARTIDA Dropbox\Departamento Gestion\0001 - Control de Gestion (1)\Desarrollo\app cajas\.venv\Lib\site-packages\google\cloud\_helpers\__init__.py", line 152, in _determine_default_project
    _, project = google.auth.default()
                 ~~~~~~~~~~~~~~~~~~~^^
  File "C:\Users\gesti\GESTION COMPARTIDA Dropbox\Departamento Gestion\0001 - Control de Gestion (1)\Desarrollo\app cajas\.venv\Lib\site-packages\google\auth\_default.py", line 739, in default
    raise exceptions.DefaultCredentialsError(_CLOUD_SDK_MISSING_CREDENTIALS)
google.auth.exceptions.DefaultCredentialsError: Your default credentials were not found. To set up Application Default Credentials, see https://cloud.google.com/docs/authentication/external/set-up-adc for more information.
2025-10-07 13:59:00,505 - app - ERROR - Exception on /files/upload [POST]
Traceback (most recent call last):
  File "C:\Users\gesti\GESTION COMPARTIDA Dropbox\Departamento Gestion\0001 - Control de Gestion (1)\Desarrollo\app cajas\.venv\Lib\site-packages\flask\app.py", line 1511, in wsgi_app
    response = self.full_dispatch_request()
  File "C:\Users\gesti\GESTION COMPARTIDA Dropbox\Departamento Gestion\0001 - Control de Gestion (1)\Desarrollo\app cajas\.venv\Lib\site-packages\flask\app.py", line 919, in full_dispatch_request
    rv = self.handle_user_exception(e)
  File "C:\Users\gesti\GESTION COMPARTIDA Dropbox\Departamento Gestion\0001 - Control de Gestion (1)\Desarrollo\app cajas\.venv\Lib\site-packages\flask\app.py", line 917, in full_dispatch_request
    rv = self.dispatch_request()
  File "C:\Users\gesti\GESTION COMPARTIDA Dropbox\Departamento Gestion\0001 - Control de Gestion (1)\Desarrollo\app cajas\.venv\Lib\site-packages\flask\app.py", line 902, in dispatch_request
    return self.ensure_sync(self.view_functions[rule.endpoint])(**view_args)  # type: ignore[no-any-return]
           ~~~~~~~~~~~~~~~~~~~~~~~~~~~~~~~~~~~~~~~~~~~~~~~~~~~~^^^^^^^^^^^^^
  File "C:\Users\gesti\GESTION COMPARTIDA Dropbox\Departamento Gestion\0001 - Control de Gestion (1)\Desarrollo\app cajas\modules\files_gcs.py", line 45, in upload
    client = _client()
  File "C:\Users\gesti\GESTION COMPARTIDA Dropbox\Departamento Gestion\0001 - Control de Gestion (1)\Desarrollo\app cajas\modules\files_gcs.py", line 15, in _client
    return storage.Client()
           ~~~~~~~~~~~~~~^^
  File "C:\Users\gesti\GESTION COMPARTIDA Dropbox\Departamento Gestion\0001 - Control de Gestion (1)\Desarrollo\app cajas\.venv\Lib\site-packages\google\cloud\storage\client.py", line 247, in __init__
    super(Client, self).__init__(
    ~~~~~~~~~~~~~~~~~~~~~~~~~~~~^
        project=project,
        ^^^^^^^^^^^^^^^^
    ...<2 lines>...
        _http=_http,
        ^^^^^^^^^^^^
    )
    ^
  File "C:\Users\gesti\GESTION COMPARTIDA Dropbox\Departamento Gestion\0001 - Control de Gestion (1)\Desarrollo\app cajas\.venv\Lib\site-packages\google\cloud\client\__init__.py", line 338, in __init__
    _ClientProjectMixin.__init__(self, project=project, credentials=credentials)
    ~~~~~~~~~~~~~~~~~~~~~~~~~~~~^^^^^^^^^^^^^^^^^^^^^^^^^^^^^^^^^^^^^^^^^^^^^^^^
  File "C:\Users\gesti\GESTION COMPARTIDA Dropbox\Departamento Gestion\0001 - Control de Gestion (1)\Desarrollo\app cajas\.venv\Lib\site-packages\google\cloud\client\__init__.py", line 286, in __init__
    project = self._determine_default(project)
  File "C:\Users\gesti\GESTION COMPARTIDA Dropbox\Departamento Gestion\0001 - Control de Gestion (1)\Desarrollo\app cajas\.venv\Lib\site-packages\google\cloud\client\__init__.py", line 305, in _determine_default
    return _determine_default_project(project)
  File "C:\Users\gesti\GESTION COMPARTIDA Dropbox\Departamento Gestion\0001 - Control de Gestion (1)\Desarrollo\app cajas\.venv\Lib\site-packages\google\cloud\_helpers\__init__.py", line 152, in _determine_default_project
    _, project = google.auth.default()
                 ~~~~~~~~~~~~~~~~~~~^^
  File "C:\Users\gesti\GESTION COMPARTIDA Dropbox\Departamento Gestion\0001 - Control de Gestion (1)\Desarrollo\app cajas\.venv\Lib\site-packages\google\auth\_default.py", line 739, in default
    raise exceptions.DefaultCredentialsError(_CLOUD_SDK_MISSING_CREDENTIALS)
google.auth.exceptions.DefaultCredentialsError: Your default credentials were not found. To set up Application Default Credentials, see https://cloud.google.com/docs/authentication/external/set-up-adc for more information.
2025-10-07 14:02:44,243 - app - ERROR - Exception on /files/list [GET]
Traceback (most recent call last):
  File "C:\Users\gesti\GESTION COMPARTIDA Dropbox\Departamento Gestion\0001 - Control de Gestion (1)\Desarrollo\app cajas\.venv\Lib\site-packages\flask\app.py", line 1511, in wsgi_app
    response = self.full_dispatch_request()
  File "C:\Users\gesti\GESTION COMPARTIDA Dropbox\Departamento Gestion\0001 - Control de Gestion (1)\Desarrollo\app cajas\.venv\Lib\site-packages\flask\app.py", line 919, in full_dispatch_request
    rv = self.handle_user_exception(e)
  File "C:\Users\gesti\GESTION COMPARTIDA Dropbox\Departamento Gestion\0001 - Control de Gestion (1)\Desarrollo\app cajas\.venv\Lib\site-packages\flask\app.py", line 917, in full_dispatch_request
    rv = self.dispatch_request()
  File "C:\Users\gesti\GESTION COMPARTIDA Dropbox\Departamento Gestion\0001 - Control de Gestion (1)\Desarrollo\app cajas\.venv\Lib\site-packages\flask\app.py", line 902, in dispatch_request
    return self.ensure_sync(self.view_functions[rule.endpoint])(**view_args)  # type: ignore[no-any-return]
           ~~~~~~~~~~~~~~~~~~~~~~~~~~~~~~~~~~~~~~~~~~~~~~~~~~~~^^^^^^^^^^^^^
  File "C:\Users\gesti\GESTION COMPARTIDA Dropbox\Departamento Gestion\0001 - Control de Gestion (1)\Desarrollo\app cajas\modules\files_gcs.py", line 76, in list_files
    client = _client()
  File "C:\Users\gesti\GESTION COMPARTIDA Dropbox\Departamento Gestion\0001 - Control de Gestion (1)\Desarrollo\app cajas\modules\files_gcs.py", line 15, in _client
    return storage.Client()
           ~~~~~~~~~~~~~~^^
  File "C:\Users\gesti\GESTION COMPARTIDA Dropbox\Departamento Gestion\0001 - Control de Gestion (1)\Desarrollo\app cajas\.venv\Lib\site-packages\google\cloud\storage\client.py", line 247, in __init__
    super(Client, self).__init__(
    ~~~~~~~~~~~~~~~~~~~~~~~~~~~~^
        project=project,
        ^^^^^^^^^^^^^^^^
    ...<2 lines>...
        _http=_http,
        ^^^^^^^^^^^^
    )
    ^
  File "C:\Users\gesti\GESTION COMPARTIDA Dropbox\Departamento Gestion\0001 - Control de Gestion (1)\Desarrollo\app cajas\.venv\Lib\site-packages\google\cloud\client\__init__.py", line 338, in __init__
    _ClientProjectMixin.__init__(self, project=project, credentials=credentials)
    ~~~~~~~~~~~~~~~~~~~~~~~~~~~~^^^^^^^^^^^^^^^^^^^^^^^^^^^^^^^^^^^^^^^^^^^^^^^^
  File "C:\Users\gesti\GESTION COMPARTIDA Dropbox\Departamento Gestion\0001 - Control de Gestion (1)\Desarrollo\app cajas\.venv\Lib\site-packages\google\cloud\client\__init__.py", line 286, in __init__
    project = self._determine_default(project)
  File "C:\Users\gesti\GESTION COMPARTIDA Dropbox\Departamento Gestion\0001 - Control de Gestion (1)\Desarrollo\app cajas\.venv\Lib\site-packages\google\cloud\client\__init__.py", line 305, in _determine_default
    return _determine_default_project(project)
  File "C:\Users\gesti\GESTION COMPARTIDA Dropbox\Departamento Gestion\0001 - Control de Gestion (1)\Desarrollo\app cajas\.venv\Lib\site-packages\google\cloud\_helpers\__init__.py", line 152, in _determine_default_project
    _, project = google.auth.default()
                 ~~~~~~~~~~~~~~~~~~~^^
  File "C:\Users\gesti\GESTION COMPARTIDA Dropbox\Departamento Gestion\0001 - Control de Gestion (1)\Desarrollo\app cajas\.venv\Lib\site-packages\google\auth\_default.py", line 739, in default
    raise exceptions.DefaultCredentialsError(_CLOUD_SDK_MISSING_CREDENTIALS)
google.auth.exceptions.DefaultCredentialsError: Your default credentials were not found. To set up Application Default Credentials, see https://cloud.google.com/docs/authentication/external/set-up-adc for more information.
2025-10-07 14:02:48,650 - app - ERROR - Exception on /files/list [GET]
Traceback (most recent call last):
  File "C:\Users\gesti\GESTION COMPARTIDA Dropbox\Departamento Gestion\0001 - Control de Gestion (1)\Desarrollo\app cajas\.venv\Lib\site-packages\flask\app.py", line 1511, in wsgi_app
    response = self.full_dispatch_request()
  File "C:\Users\gesti\GESTION COMPARTIDA Dropbox\Departamento Gestion\0001 - Control de Gestion (1)\Desarrollo\app cajas\.venv\Lib\site-packages\flask\app.py", line 919, in full_dispatch_request
    rv = self.handle_user_exception(e)
  File "C:\Users\gesti\GESTION COMPARTIDA Dropbox\Departamento Gestion\0001 - Control de Gestion (1)\Desarrollo\app cajas\.venv\Lib\site-packages\flask\app.py", line 917, in full_dispatch_request
    rv = self.dispatch_request()
  File "C:\Users\gesti\GESTION COMPARTIDA Dropbox\Departamento Gestion\0001 - Control de Gestion (1)\Desarrollo\app cajas\.venv\Lib\site-packages\flask\app.py", line 902, in dispatch_request
    return self.ensure_sync(self.view_functions[rule.endpoint])(**view_args)  # type: ignore[no-any-return]
           ~~~~~~~~~~~~~~~~~~~~~~~~~~~~~~~~~~~~~~~~~~~~~~~~~~~~^^^^^^^^^^^^^
  File "C:\Users\gesti\GESTION COMPARTIDA Dropbox\Departamento Gestion\0001 - Control de Gestion (1)\Desarrollo\app cajas\modules\files_gcs.py", line 76, in list_files
    client = _client()
  File "C:\Users\gesti\GESTION COMPARTIDA Dropbox\Departamento Gestion\0001 - Control de Gestion (1)\Desarrollo\app cajas\modules\files_gcs.py", line 15, in _client
    return storage.Client()
           ~~~~~~~~~~~~~~^^
  File "C:\Users\gesti\GESTION COMPARTIDA Dropbox\Departamento Gestion\0001 - Control de Gestion (1)\Desarrollo\app cajas\.venv\Lib\site-packages\google\cloud\storage\client.py", line 247, in __init__
    super(Client, self).__init__(
    ~~~~~~~~~~~~~~~~~~~~~~~~~~~~^
        project=project,
        ^^^^^^^^^^^^^^^^
    ...<2 lines>...
        _http=_http,
        ^^^^^^^^^^^^
    )
    ^
  File "C:\Users\gesti\GESTION COMPARTIDA Dropbox\Departamento Gestion\0001 - Control de Gestion (1)\Desarrollo\app cajas\.venv\Lib\site-packages\google\cloud\client\__init__.py", line 338, in __init__
    _ClientProjectMixin.__init__(self, project=project, credentials=credentials)
    ~~~~~~~~~~~~~~~~~~~~~~~~~~~~^^^^^^^^^^^^^^^^^^^^^^^^^^^^^^^^^^^^^^^^^^^^^^^^
  File "C:\Users\gesti\GESTION COMPARTIDA Dropbox\Departamento Gestion\0001 - Control de Gestion (1)\Desarrollo\app cajas\.venv\Lib\site-packages\google\cloud\client\__init__.py", line 286, in __init__
    project = self._determine_default(project)
  File "C:\Users\gesti\GESTION COMPARTIDA Dropbox\Departamento Gestion\0001 - Control de Gestion (1)\Desarrollo\app cajas\.venv\Lib\site-packages\google\cloud\client\__init__.py", line 305, in _determine_default
    return _determine_default_project(project)
  File "C:\Users\gesti\GESTION COMPARTIDA Dropbox\Departamento Gestion\0001 - Control de Gestion (1)\Desarrollo\app cajas\.venv\Lib\site-packages\google\cloud\_helpers\__init__.py", line 152, in _determine_default_project
    _, project = google.auth.default()
                 ~~~~~~~~~~~~~~~~~~~^^
  File "C:\Users\gesti\GESTION COMPARTIDA Dropbox\Departamento Gestion\0001 - Control de Gestion (1)\Desarrollo\app cajas\.venv\Lib\site-packages\google\auth\_default.py", line 739, in default
    raise exceptions.DefaultCredentialsError(_CLOUD_SDK_MISSING_CREDENTIALS)
google.auth.exceptions.DefaultCredentialsError: Your default credentials were not found. To set up Application Default Credentials, see https://cloud.google.com/docs/authentication/external/set-up-adc for more information.
2025-10-07 14:02:50,230 - app - ERROR - Exception on /files/list [GET]
Traceback (most recent call last):
  File "C:\Users\gesti\GESTION COMPARTIDA Dropbox\Departamento Gestion\0001 - Control de Gestion (1)\Desarrollo\app cajas\.venv\Lib\site-packages\flask\app.py", line 1511, in wsgi_app
    response = self.full_dispatch_request()
  File "C:\Users\gesti\GESTION COMPARTIDA Dropbox\Departamento Gestion\0001 - Control de Gestion (1)\Desarrollo\app cajas\.venv\Lib\site-packages\flask\app.py", line 919, in full_dispatch_request
    rv = self.handle_user_exception(e)
  File "C:\Users\gesti\GESTION COMPARTIDA Dropbox\Departamento Gestion\0001 - Control de Gestion (1)\Desarrollo\app cajas\.venv\Lib\site-packages\flask\app.py", line 917, in full_dispatch_request
    rv = self.dispatch_request()
  File "C:\Users\gesti\GESTION COMPARTIDA Dropbox\Departamento Gestion\0001 - Control de Gestion (1)\Desarrollo\app cajas\.venv\Lib\site-packages\flask\app.py", line 902, in dispatch_request
    return self.ensure_sync(self.view_functions[rule.endpoint])(**view_args)  # type: ignore[no-any-return]
           ~~~~~~~~~~~~~~~~~~~~~~~~~~~~~~~~~~~~~~~~~~~~~~~~~~~~^^^^^^^^^^^^^
  File "C:\Users\gesti\GESTION COMPARTIDA Dropbox\Departamento Gestion\0001 - Control de Gestion (1)\Desarrollo\app cajas\modules\files_gcs.py", line 76, in list_files
    client = _client()
  File "C:\Users\gesti\GESTION COMPARTIDA Dropbox\Departamento Gestion\0001 - Control de Gestion (1)\Desarrollo\app cajas\modules\files_gcs.py", line 15, in _client
    return storage.Client()
           ~~~~~~~~~~~~~~^^
  File "C:\Users\gesti\GESTION COMPARTIDA Dropbox\Departamento Gestion\0001 - Control de Gestion (1)\Desarrollo\app cajas\.venv\Lib\site-packages\google\cloud\storage\client.py", line 247, in __init__
    super(Client, self).__init__(
    ~~~~~~~~~~~~~~~~~~~~~~~~~~~~^
        project=project,
        ^^^^^^^^^^^^^^^^
    ...<2 lines>...
        _http=_http,
        ^^^^^^^^^^^^
    )
    ^
  File "C:\Users\gesti\GESTION COMPARTIDA Dropbox\Departamento Gestion\0001 - Control de Gestion (1)\Desarrollo\app cajas\.venv\Lib\site-packages\google\cloud\client\__init__.py", line 338, in __init__
    _ClientProjectMixin.__init__(self, project=project, credentials=credentials)
    ~~~~~~~~~~~~~~~~~~~~~~~~~~~~^^^^^^^^^^^^^^^^^^^^^^^^^^^^^^^^^^^^^^^^^^^^^^^^
  File "C:\Users\gesti\GESTION COMPARTIDA Dropbox\Departamento Gestion\0001 - Control de Gestion (1)\Desarrollo\app cajas\.venv\Lib\site-packages\google\cloud\client\__init__.py", line 286, in __init__
    project = self._determine_default(project)
  File "C:\Users\gesti\GESTION COMPARTIDA Dropbox\Departamento Gestion\0001 - Control de Gestion (1)\Desarrollo\app cajas\.venv\Lib\site-packages\google\cloud\client\__init__.py", line 305, in _determine_default
    return _determine_default_project(project)
  File "C:\Users\gesti\GESTION COMPARTIDA Dropbox\Departamento Gestion\0001 - Control de Gestion (1)\Desarrollo\app cajas\.venv\Lib\site-packages\google\cloud\_helpers\__init__.py", line 152, in _determine_default_project
    _, project = google.auth.default()
                 ~~~~~~~~~~~~~~~~~~~^^
  File "C:\Users\gesti\GESTION COMPARTIDA Dropbox\Departamento Gestion\0001 - Control de Gestion (1)\Desarrollo\app cajas\.venv\Lib\site-packages\google\auth\_default.py", line 739, in default
    raise exceptions.DefaultCredentialsError(_CLOUD_SDK_MISSING_CREDENTIALS)
google.auth.exceptions.DefaultCredentialsError: Your default credentials were not found. To set up Application Default Credentials, see https://cloud.google.com/docs/authentication/external/set-up-adc for more information.
2025-10-07 14:03:02,329 - app - ERROR - Exception on /files/list [GET]
Traceback (most recent call last):
  File "C:\Users\gesti\GESTION COMPARTIDA Dropbox\Departamento Gestion\0001 - Control de Gestion (1)\Desarrollo\app cajas\.venv\Lib\site-packages\flask\app.py", line 1511, in wsgi_app
    response = self.full_dispatch_request()
  File "C:\Users\gesti\GESTION COMPARTIDA Dropbox\Departamento Gestion\0001 - Control de Gestion (1)\Desarrollo\app cajas\.venv\Lib\site-packages\flask\app.py", line 919, in full_dispatch_request
    rv = self.handle_user_exception(e)
  File "C:\Users\gesti\GESTION COMPARTIDA Dropbox\Departamento Gestion\0001 - Control de Gestion (1)\Desarrollo\app cajas\.venv\Lib\site-packages\flask\app.py", line 917, in full_dispatch_request
    rv = self.dispatch_request()
  File "C:\Users\gesti\GESTION COMPARTIDA Dropbox\Departamento Gestion\0001 - Control de Gestion (1)\Desarrollo\app cajas\.venv\Lib\site-packages\flask\app.py", line 902, in dispatch_request
    return self.ensure_sync(self.view_functions[rule.endpoint])(**view_args)  # type: ignore[no-any-return]
           ~~~~~~~~~~~~~~~~~~~~~~~~~~~~~~~~~~~~~~~~~~~~~~~~~~~~^^^^^^^^^^^^^
  File "C:\Users\gesti\GESTION COMPARTIDA Dropbox\Departamento Gestion\0001 - Control de Gestion (1)\Desarrollo\app cajas\modules\files_gcs.py", line 76, in list_files
    client = _client()
  File "C:\Users\gesti\GESTION COMPARTIDA Dropbox\Departamento Gestion\0001 - Control de Gestion (1)\Desarrollo\app cajas\modules\files_gcs.py", line 15, in _client
    return storage.Client()
           ~~~~~~~~~~~~~~^^
  File "C:\Users\gesti\GESTION COMPARTIDA Dropbox\Departamento Gestion\0001 - Control de Gestion (1)\Desarrollo\app cajas\.venv\Lib\site-packages\google\cloud\storage\client.py", line 247, in __init__
    super(Client, self).__init__(
    ~~~~~~~~~~~~~~~~~~~~~~~~~~~~^
        project=project,
        ^^^^^^^^^^^^^^^^
    ...<2 lines>...
        _http=_http,
        ^^^^^^^^^^^^
    )
    ^
  File "C:\Users\gesti\GESTION COMPARTIDA Dropbox\Departamento Gestion\0001 - Control de Gestion (1)\Desarrollo\app cajas\.venv\Lib\site-packages\google\cloud\client\__init__.py", line 338, in __init__
    _ClientProjectMixin.__init__(self, project=project, credentials=credentials)
    ~~~~~~~~~~~~~~~~~~~~~~~~~~~~^^^^^^^^^^^^^^^^^^^^^^^^^^^^^^^^^^^^^^^^^^^^^^^^
  File "C:\Users\gesti\GESTION COMPARTIDA Dropbox\Departamento Gestion\0001 - Control de Gestion (1)\Desarrollo\app cajas\.venv\Lib\site-packages\google\cloud\client\__init__.py", line 286, in __init__
    project = self._determine_default(project)
  File "C:\Users\gesti\GESTION COMPARTIDA Dropbox\Departamento Gestion\0001 - Control de Gestion (1)\Desarrollo\app cajas\.venv\Lib\site-packages\google\cloud\client\__init__.py", line 305, in _determine_default
    return _determine_default_project(project)
  File "C:\Users\gesti\GESTION COMPARTIDA Dropbox\Departamento Gestion\0001 - Control de Gestion (1)\Desarrollo\app cajas\.venv\Lib\site-packages\google\cloud\_helpers\__init__.py", line 152, in _determine_default_project
    _, project = google.auth.default()
                 ~~~~~~~~~~~~~~~~~~~^^
  File "C:\Users\gesti\GESTION COMPARTIDA Dropbox\Departamento Gestion\0001 - Control de Gestion (1)\Desarrollo\app cajas\.venv\Lib\site-packages\google\auth\_default.py", line 739, in default
    raise exceptions.DefaultCredentialsError(_CLOUD_SDK_MISSING_CREDENTIALS)
google.auth.exceptions.DefaultCredentialsError: Your default credentials were not found. To set up Application Default Credentials, see https://cloud.google.com/docs/authentication/external/set-up-adc for more information.
2025-10-07 14:11:18,398 - apscheduler.scheduler - INFO - Scheduler has been shut down
