2025-10-02 23:43:43,194 - apscheduler.scheduler - INFO - Adding job tentatively -- it will be properly scheduled when the scheduler starts
2025-10-02 23:43:43,201 - apscheduler.scheduler - INFO - Added job "Backup automático de archivos JSON" to job store "default"
2025-10-02 23:43:43,201 - apscheduler.scheduler - INFO - Scheduler started
2025-10-02 23:43:43,204 - app - INFO - Iniciando backup automático de archivos JSON...
2025-10-02 23:43:43,216 - app - INFO - Backup creado: ambulante.json.backup
2025-10-02 23:43:43,223 - app - INFO - Eliminando backup antiguo: C:\Users\gesti\GESTION COMPARTIDA Dropbox\Departamento Gestion\0001 - Control de Gestion (1)\Desarrollo\app cajas\data\ambulante.json.backup
2025-10-02 23:43:43,227 - app - INFO - Backup creado: bimbo.json.backup
2025-10-02 23:43:43,235 - app - INFO - Eliminando backup antiguo: C:\Users\gesti\GESTION COMPARTIDA Dropbox\Departamento Gestion\0001 - Control de Gestion (1)\Desarrollo\app cajas\data\bimbo.json.backup
2025-10-02 23:43:43,243 - app - INFO - Backup creado: constitucion.json.backup
2025-10-02 23:43:43,248 - app - INFO - Eliminando backup antiguo: C:\Users\gesti\GESTION COMPARTIDA Dropbox\Departamento Gestion\0001 - Control de Gestion (1)\Desarrollo\app cajas\data\constitucion.json.backup
2025-10-02 23:43:43,256 - app - INFO - Backup creado: gastronomia.json.backup
2025-10-02 23:43:43,261 - app - INFO - Eliminando backup antiguo: C:\Users\gesti\GESTION COMPARTIDA Dropbox\Departamento Gestion\0001 - Control de Gestion (1)\Desarrollo\app cajas\data\gastronomia.json.backup
2025-10-02 23:43:43,269 - app - INFO - Backup creado: info_locales.json.backup
2025-10-02 23:43:43,274 - app - INFO - Eliminando backup antiguo: C:\Users\gesti\GESTION COMPARTIDA Dropbox\Departamento Gestion\0001 - Control de Gestion (1)\Desarrollo\app cajas\data\info_locales.json.backup
2025-10-02 23:43:43,286 - app - INFO - Backup creado: kioscos.json.backup
2025-10-02 23:43:43,292 - app - INFO - Eliminando backup antiguo: C:\Users\gesti\GESTION COMPARTIDA Dropbox\Departamento Gestion\0001 - Control de Gestion (1)\Desarrollo\app cajas\data\kioscos.json.backup
2025-10-02 23:43:43,301 - app - INFO - Backup creado: medios_pago.json.backup
2025-10-02 23:43:43,308 - app - INFO - Eliminando backup antiguo: C:\Users\gesti\GESTION COMPARTIDA Dropbox\Departamento Gestion\0001 - Control de Gestion (1)\Desarrollo\app cajas\data\medios_pago.json.backup
2025-10-02 23:43:43,314 - app - INFO - Backup creado: mercadopago.json.backup
2025-10-02 23:43:43,324 - app - INFO - Eliminando backup antiguo: C:\Users\gesti\GESTION COMPARTIDA Dropbox\Departamento Gestion\0001 - Control de Gestion (1)\Desarrollo\app cajas\data\mercadopago.json.backup
2025-10-02 23:43:43,335 - app - INFO - Backup creado: once.json.backup
2025-10-02 23:43:43,340 - app - INFO - Eliminando backup antiguo: C:\Users\gesti\GESTION COMPARTIDA Dropbox\Departamento Gestion\0001 - Control de Gestion (1)\Desarrollo\app cajas\data\once.json.backup
2025-10-02 23:43:43,349 - app - INFO - Backup creado: pagos_no_vinculados.json.backup
2025-10-02 23:43:43,355 - app - INFO - Eliminando backup antiguo: C:\Users\gesti\GESTION COMPARTIDA Dropbox\Departamento Gestion\0001 - Control de Gestion (1)\Desarrollo\app cajas\data\pagos_no_vinculados.json.backup
2025-10-02 23:43:43,362 - app - INFO - Backup creado: pendientes.json.backup
2025-10-02 23:43:43,372 - app - INFO - Eliminando backup antiguo: C:\Users\gesti\GESTION COMPARTIDA Dropbox\Departamento Gestion\0001 - Control de Gestion (1)\Desarrollo\app cajas\data\pendientes.json.backup
2025-10-02 23:43:43,381 - app - INFO - Backup creado: registros.json.backup
2025-10-02 23:43:43,387 - app - INFO - Eliminando backup antiguo: C:\Users\gesti\GESTION COMPARTIDA Dropbox\Departamento Gestion\0001 - Control de Gestion (1)\Desarrollo\app cajas\data\registros.json.backup
2025-10-02 23:43:43,396 - app - INFO - Backup creado: remesas_cajas.json.backup
2025-10-02 23:43:43,406 - app - INFO - Eliminando backup antiguo: C:\Users\gesti\GESTION COMPARTIDA Dropbox\Departamento Gestion\0001 - Control de Gestion (1)\Desarrollo\app cajas\data\remesas_cajas.json.backup
2025-10-02 23:43:43,410 - app - INFO - Backup creado: resumenes.json.backup
2025-10-02 23:43:43,418 - app - INFO - Eliminando backup antiguo: C:\Users\gesti\GESTION COMPARTIDA Dropbox\Departamento Gestion\0001 - Control de Gestion (1)\Desarrollo\app cajas\data\resumenes.json.backup
2025-10-02 23:43:43,426 - app - INFO - Backup creado: retiro.json.backup
2025-10-02 23:43:43,432 - app - INFO - Eliminando backup antiguo: C:\Users\gesti\GESTION COMPARTIDA Dropbox\Departamento Gestion\0001 - Control de Gestion (1)\Desarrollo\app cajas\data\retiro.json.backup
2025-10-02 23:43:43,440 - app - INFO - Backup creado: stock.json.backup
2025-10-02 23:43:43,446 - app - INFO - Eliminando backup antiguo: C:\Users\gesti\GESTION COMPARTIDA Dropbox\Departamento Gestion\0001 - Control de Gestion (1)\Desarrollo\app cajas\data\stock.json.backup
2025-10-02 23:43:43,458 - app - INFO - Backup creado: system_config.json.backup
2025-10-02 23:43:43,464 - app - INFO - Eliminando backup antiguo: C:\Users\gesti\GESTION COMPARTIDA Dropbox\Departamento Gestion\0001 - Control de Gestion (1)\Desarrollo\app cajas\data\system_config.json.backup
2025-10-02 23:43:43,474 - app - INFO - Backup creado: tba.json.backup
2025-10-02 23:43:43,482 - app - INFO - Eliminando backup antiguo: C:\Users\gesti\GESTION COMPARTIDA Dropbox\Departamento Gestion\0001 - Control de Gestion (1)\Desarrollo\app cajas\data\tba.json.backup
2025-10-02 23:43:43,486 - app - INFO - Backup creado: users.json.backup
2025-10-02 23:43:43,494 - app - INFO - Eliminando backup antiguo: C:\Users\gesti\GESTION COMPARTIDA Dropbox\Departamento Gestion\0001 - Control de Gestion (1)\Desarrollo\app cajas\data\users.json.backup
2025-10-02 23:43:43,500 - app - INFO - Backup creado: ventas.json.backup
2025-10-02 23:43:43,507 - app - INFO - Eliminando backup antiguo: C:\Users\gesti\GESTION COMPARTIDA Dropbox\Departamento Gestion\0001 - Control de Gestion (1)\Desarrollo\app cajas\data\ventas.json.backup
2025-10-02 23:43:43,518 - app - INFO - Backup creado: zona_sur.json.backup
2025-10-02 23:43:43,525 - app - INFO - Eliminando backup antiguo: C:\Users\gesti\GESTION COMPARTIDA Dropbox\Departamento Gestion\0001 - Control de Gestion (1)\Desarrollo\app cajas\data\zona_sur.json.backup
2025-10-02 23:43:43,525 - app - INFO - Backup automático completado. 21 archivos respaldados.
2025-10-02 23:43:43,527 - app - INFO - Sistema de backup automático iniciado. Próximo backup en 6 horas.
2025-10-02 23:43:43,784 - waitress - INFO - Serving on http://[::1]:443
2025-10-02 23:43:43,786 - waitress - INFO - Serving on http://127.0.0.1:443
2025-10-02 23:44:20,071 - apscheduler.scheduler - INFO - Scheduler has been shut down
2025-10-02 23:44:26,372 - apscheduler.scheduler - INFO - Adding job tentatively -- it will be properly scheduled when the scheduler starts
2025-10-02 23:44:26,376 - apscheduler.scheduler - INFO - Added job "Backup automático de archivos JSON" to job store "default"
2025-10-02 23:44:26,376 - apscheduler.scheduler - INFO - Scheduler started
2025-10-02 23:44:26,378 - app - INFO - Iniciando backup automático de archivos JSON...
2025-10-02 23:44:26,396 - app - INFO - Backup creado: ambulante.json.backup
2025-10-02 23:44:26,404 - app - INFO - Eliminando backup antiguo: C:\Users\gesti\GESTION COMPARTIDA Dropbox\Departamento Gestion\0001 - Control de Gestion (1)\Desarrollo\app cajas\data\ambulante.json.backup
2025-10-02 23:44:26,408 - app - INFO - Backup creado: bimbo.json.backup
2025-10-02 23:44:26,416 - app - INFO - Eliminando backup antiguo: C:\Users\gesti\GESTION COMPARTIDA Dropbox\Departamento Gestion\0001 - Control de Gestion (1)\Desarrollo\app cajas\data\bimbo.json.backup
2025-10-02 23:44:26,424 - app - INFO - Backup creado: constitucion.json.backup
2025-10-02 23:44:26,432 - app - INFO - Eliminando backup antiguo: C:\Users\gesti\GESTION COMPARTIDA Dropbox\Departamento Gestion\0001 - Control de Gestion (1)\Desarrollo\app cajas\data\constitucion.json.backup
2025-10-02 23:44:26,439 - app - INFO - Backup creado: gastronomia.json.backup
2025-10-02 23:44:26,446 - app - INFO - Eliminando backup antiguo: C:\Users\gesti\GESTION COMPARTIDA Dropbox\Departamento Gestion\0001 - Control de Gestion (1)\Desarrollo\app cajas\data\gastronomia.json.backup
2025-10-02 23:44:26,454 - app - INFO - Backup creado: info_locales.json.backup
2025-10-02 23:44:26,460 - app - INFO - Eliminando backup antiguo: C:\Users\gesti\GESTION COMPARTIDA Dropbox\Departamento Gestion\0001 - Control de Gestion (1)\Desarrollo\app cajas\data\info_locales.json.backup
2025-10-02 23:44:26,470 - app - INFO - Backup creado: kioscos.json.backup
2025-10-02 23:44:26,476 - app - INFO - Eliminando backup antiguo: C:\Users\gesti\GESTION COMPARTIDA Dropbox\Departamento Gestion\0001 - Control de Gestion (1)\Desarrollo\app cajas\data\kioscos.json.backup
2025-10-02 23:44:26,487 - app - INFO - Backup creado: medios_pago.json.backup
2025-10-02 23:44:26,493 - app - INFO - Eliminando backup antiguo: C:\Users\gesti\GESTION COMPARTIDA Dropbox\Departamento Gestion\0001 - Control de Gestion (1)\Desarrollo\app cajas\data\medios_pago.json.backup
2025-10-02 23:44:26,501 - app - INFO - Backup creado: mercadopago.json.backup
2025-10-02 23:44:26,507 - app - INFO - Eliminando backup antiguo: C:\Users\gesti\GESTION COMPARTIDA Dropbox\Departamento Gestion\0001 - Control de Gestion (1)\Desarrollo\app cajas\data\mercadopago.json.backup
2025-10-02 23:44:26,513 - app - INFO - Backup creado: once.json.backup
2025-10-02 23:44:26,518 - app - INFO - Eliminando backup antiguo: C:\Users\gesti\GESTION COMPARTIDA Dropbox\Departamento Gestion\0001 - Control de Gestion (1)\Desarrollo\app cajas\data\once.json.backup
2025-10-02 23:44:26,525 - app - INFO - Backup creado: pagos_no_vinculados.json.backup
2025-10-02 23:44:26,531 - app - INFO - Eliminando backup antiguo: C:\Users\gesti\GESTION COMPARTIDA Dropbox\Departamento Gestion\0001 - Control de Gestion (1)\Desarrollo\app cajas\data\pagos_no_vinculados.json.backup
2025-10-02 23:44:26,538 - app - INFO - Backup creado: pendientes.json.backup
2025-10-02 23:44:26,543 - app - INFO - Eliminando backup antiguo: C:\Users\gesti\GESTION COMPARTIDA Dropbox\Departamento Gestion\0001 - Control de Gestion (1)\Desarrollo\app cajas\data\pendientes.json.backup
2025-10-02 23:44:26,552 - app - INFO - Backup creado: registros.json.backup
2025-10-02 23:44:26,558 - app - INFO - Eliminando backup antiguo: C:\Users\gesti\GESTION COMPARTIDA Dropbox\Departamento Gestion\0001 - Control de Gestion (1)\Desarrollo\app cajas\data\registros.json.backup
2025-10-02 23:44:26,566 - app - INFO - Backup creado: remesas_cajas.json.backup
2025-10-02 23:44:26,571 - app - INFO - Eliminando backup antiguo: C:\Users\gesti\GESTION COMPARTIDA Dropbox\Departamento Gestion\0001 - Control de Gestion (1)\Desarrollo\app cajas\data\remesas_cajas.json.backup
2025-10-02 23:44:26,575 - app - INFO - Backup creado: resumenes.json.backup
2025-10-02 23:44:26,581 - app - INFO - Eliminando backup antiguo: C:\Users\gesti\GESTION COMPARTIDA Dropbox\Departamento Gestion\0001 - Control de Gestion (1)\Desarrollo\app cajas\data\resumenes.json.backup
2025-10-02 23:44:26,589 - app - INFO - Backup creado: retiro.json.backup
2025-10-02 23:44:26,593 - app - INFO - Eliminando backup antiguo: C:\Users\gesti\GESTION COMPARTIDA Dropbox\Departamento Gestion\0001 - Control de Gestion (1)\Desarrollo\app cajas\data\retiro.json.backup
2025-10-02 23:44:26,601 - app - INFO - Backup creado: stock.json.backup
2025-10-02 23:44:26,605 - app - INFO - Eliminando backup antiguo: C:\Users\gesti\GESTION COMPARTIDA Dropbox\Departamento Gestion\0001 - Control de Gestion (1)\Desarrollo\app cajas\data\stock.json.backup
2025-10-02 23:44:26,613 - app - INFO - Backup creado: system_config.json.backup
2025-10-02 23:44:26,618 - app - INFO - Eliminando backup antiguo: C:\Users\gesti\GESTION COMPARTIDA Dropbox\Departamento Gestion\0001 - Control de Gestion (1)\Desarrollo\app cajas\data\system_config.json.backup
2025-10-02 23:44:26,625 - app - INFO - Backup creado: tba.json.backup
2025-10-02 23:44:26,630 - app - INFO - Eliminando backup antiguo: C:\Users\gesti\GESTION COMPARTIDA Dropbox\Departamento Gestion\0001 - Control de Gestion (1)\Desarrollo\app cajas\data\tba.json.backup
2025-10-02 23:44:26,633 - app - INFO - Backup creado: users.json.backup
2025-10-02 23:44:26,637 - app - INFO - Eliminando backup antiguo: C:\Users\gesti\GESTION COMPARTIDA Dropbox\Departamento Gestion\0001 - Control de Gestion (1)\Desarrollo\app cajas\data\users.json.backup
2025-10-02 23:44:26,640 - app - INFO - Backup creado: ventas.json.backup
2025-10-02 23:44:26,646 - app - INFO - Eliminando backup antiguo: C:\Users\gesti\GESTION COMPARTIDA Dropbox\Departamento Gestion\0001 - Control de Gestion (1)\Desarrollo\app cajas\data\ventas.json.backup
2025-10-02 23:44:26,654 - app - INFO - Backup creado: zona_sur.json.backup
2025-10-02 23:44:26,658 - app - INFO - Eliminando backup antiguo: C:\Users\gesti\GESTION COMPARTIDA Dropbox\Departamento Gestion\0001 - Control de Gestion (1)\Desarrollo\app cajas\data\zona_sur.json.backup
2025-10-02 23:44:26,658 - app - INFO - Backup automático completado. 21 archivos respaldados.
2025-10-02 23:44:26,659 - app - INFO - Sistema de backup automático iniciado. Próximo backup en 6 horas.
2025-10-02 23:44:26,761 - waitress - INFO - Serving on http://[::1]:443
2025-10-02 23:44:26,761 - waitress - INFO - Serving on http://127.0.0.1:443
2025-10-02 23:44:30,005 - mysql.connector - INFO - package: mysql.connector.plugins
2025-10-02 23:44:30,006 - mysql.connector - INFO - plugin_name: caching_sha2_password
2025-10-02 23:44:30,010 - mysql.connector - INFO - AUTHENTICATION_PLUGIN_CLASS: MySQLCachingSHA2PasswordAuthPlugin
