2025-07-02 00:00:03,235 - apscheduler.scheduler - INFO - Adding job tentatively -- it will be properly scheduled when the scheduler starts
2025-07-02 00:00:03,244 - apscheduler.scheduler - INFO - Added job "Backup automático de archivos JSON" to job store "default"
2025-07-02 00:00:03,245 - apscheduler.scheduler - INFO - Scheduler started
2025-07-02 00:00:03,246 - app - INFO - Iniciando backup automático de archivos JSON...
2025-07-02 00:00:03,249 - app - INFO - Backup creado: ambulante.json.backup
2025-07-02 00:00:03,250 - app - INFO - Eliminando backup antiguo: c:\Users\PROPIETARIO\Downloads\01.Proyectos\circle\data\ambulante.json.backup
2025-07-02 00:00:03,253 - app - INFO - Backup creado: bimbo.json.backup
2025-07-02 00:00:03,255 - app - INFO - Eliminando backup antiguo: c:\Users\PROPIETARIO\Downloads\01.Proyectos\circle\data\bimbo.json.backup
2025-07-02 00:00:03,257 - app - INFO - Backup creado: constitucion.json.backup
2025-07-02 00:00:03,261 - app - INFO - Eliminando backup antiguo: c:\Users\PROPIETARIO\Downloads\01.Proyectos\circle\data\constitucion.json.backup
2025-07-02 00:00:03,263 - app - INFO - Backup creado: gastronomia.json.backup
2025-07-02 00:00:03,267 - app - INFO - Eliminando backup antiguo: c:\Users\PROPIETARIO\Downloads\01.Proyectos\circle\data\gastronomia.json.backup
2025-07-02 00:00:03,270 - app - INFO - Backup creado: kioscos.json.backup
2025-07-02 00:00:03,271 - app - INFO - Eliminando backup antiguo: c:\Users\PROPIETARIO\Downloads\01.Proyectos\circle\data\kioscos.json.backup
2025-07-02 00:00:03,274 - app - INFO - Backup creado: once.json.backup
2025-07-02 00:00:03,275 - app - INFO - Eliminando backup antiguo: c:\Users\PROPIETARIO\Downloads\01.Proyectos\circle\data\once.json.backup
2025-07-02 00:00:03,278 - app - INFO - Backup creado: pagos_no_vinculados.json.backup
2025-07-02 00:00:03,280 - app - INFO - Eliminando backup antiguo: c:\Users\PROPIETARIO\Downloads\01.Proyectos\circle\data\pagos_no_vinculados.json.backup
2025-07-02 00:00:03,282 - app - INFO - Backup creado: pendientes.json.backup
2025-07-02 00:00:03,285 - app - INFO - Eliminando backup antiguo: c:\Users\PROPIETARIO\Downloads\01.Proyectos\circle\data\pendientes.json.backup
2025-07-02 00:00:03,289 - app - INFO - Backup creado: registros.json.backup
2025-07-02 00:00:03,291 - app - INFO - Eliminando backup antiguo: c:\Users\PROPIETARIO\Downloads\01.Proyectos\circle\data\registros.json.backup
2025-07-02 00:00:03,293 - app - INFO - Backup creado: retiro.json.backup
2025-07-02 00:00:03,293 - app - INFO - Eliminando backup antiguo: c:\Users\PROPIETARIO\Downloads\01.Proyectos\circle\data\retiro.json.backup
2025-07-02 00:00:03,296 - app - INFO - Backup creado: stock.json.backup
2025-07-02 00:00:03,298 - app - INFO - Eliminando backup antiguo: c:\Users\PROPIETARIO\Downloads\01.Proyectos\circle\data\stock.json.backup
2025-07-02 00:00:03,302 - app - INFO - Backup creado: system_config.json.backup.13
2025-07-02 00:00:03,304 - app - INFO - Eliminando backup antiguo: c:\Users\PROPIETARIO\Downloads\01.Proyectos\circle\data\system_config.json.backup
2025-07-02 00:00:03,306 - app - INFO - Backup creado: tba.json.backup
2025-07-02 00:00:03,308 - app - INFO - Eliminando backup antiguo: c:\Users\PROPIETARIO\Downloads\01.Proyectos\circle\data\tba.json.backup
2025-07-02 00:00:03,314 - app - INFO - Backup creado: users.json.backup.120
2025-07-02 00:00:03,317 - app - INFO - Eliminando backup antiguo: c:\Users\PROPIETARIO\Downloads\01.Proyectos\circle\data\users.json.backup.116
2025-07-02 00:00:03,319 - app - INFO - Backup creado: zona_sur.json.backup
2025-07-02 00:00:03,321 - app - INFO - Eliminando backup antiguo: c:\Users\PROPIETARIO\Downloads\01.Proyectos\circle\data\zona_sur.json.backup
2025-07-02 00:00:03,321 - app - INFO - Backup automático completado. 15 archivos respaldados.
2025-07-02 00:00:03,321 - app - INFO - Sistema de backup automático iniciado. Próximo backup en 6 horas.
2025-07-02 00:00:03,345 - waitress - INFO - Serving on http://[::1]:443
2025-07-02 00:00:03,345 - waitress - INFO - Serving on http://127.0.0.1:443
2025-07-02 00:01:12,544 - apscheduler.scheduler - INFO - Scheduler has been shut down
