2025-10-08 14:24:43,695 - apscheduler.scheduler - INFO - Adding job tentatively -- it will be properly scheduled when the scheduler starts
2025-10-08 14:24:43,699 - apscheduler.scheduler - INFO - Added job "Backup automático de archivos JSON" to job store "default"
2025-10-08 14:24:43,699 - apscheduler.scheduler - INFO - Scheduler started
2025-10-08 14:24:43,702 - app - INFO - Iniciando backup automático de archivos JSON...
2025-10-08 14:24:43,712 - app - INFO - Backup creado: ambulante.json.backup
2025-10-08 14:24:43,717 - app - INFO - Eliminando backup antiguo: C:\Users\gesti\GESTION COMPARTIDA Dropbox\Departamento Gestion\0001 - Control de Gestion (1)\Desarrollo\app cajas\data\ambulante.json.backup
2025-10-08 14:24:43,721 - app - INFO - Backup creado: bimbo.json.backup
2025-10-08 14:24:43,728 - app - INFO - Eliminando backup antiguo: C:\Users\gesti\GESTION COMPARTIDA Dropbox\Departamento Gestion\0001 - Control de Gestion (1)\Desarrollo\app cajas\data\bimbo.json.backup
2025-10-08 14:24:43,734 - app - INFO - Backup creado: constitucion.json.backup
2025-10-08 14:24:43,737 - app - INFO - Eliminando backup antiguo: C:\Users\gesti\GESTION COMPARTIDA Dropbox\Departamento Gestion\0001 - Control de Gestion (1)\Desarrollo\app cajas\data\constitucion.json.backup
2025-10-08 14:24:43,742 - app - INFO - Backup creado: gastronomia.json.backup
2025-10-08 14:24:43,745 - app - INFO - Eliminando backup antiguo: C:\Users\gesti\GESTION COMPARTIDA Dropbox\Departamento Gestion\0001 - Control de Gestion (1)\Desarrollo\app cajas\data\gastronomia.json.backup
2025-10-08 14:24:43,750 - app - INFO - Backup creado: info_locales.json.backup
2025-10-08 14:24:43,753 - app - INFO - Eliminando backup antiguo: C:\Users\gesti\GESTION COMPARTIDA Dropbox\Departamento Gestion\0001 - Control de Gestion (1)\Desarrollo\app cajas\data\info_locales.json.backup
2025-10-08 14:24:43,759 - app - INFO - Backup creado: kioscos.json.backup
2025-10-08 14:24:43,762 - app - INFO - Eliminando backup antiguo: C:\Users\gesti\GESTION COMPARTIDA Dropbox\Departamento Gestion\0001 - Control de Gestion (1)\Desarrollo\app cajas\data\kioscos.json.backup
2025-10-08 14:24:43,768 - app - INFO - Backup creado: medios_pago.json.backup
2025-10-08 14:24:43,772 - app - INFO - Eliminando backup antiguo: C:\Users\gesti\GESTION COMPARTIDA Dropbox\Departamento Gestion\0001 - Control de Gestion (1)\Desarrollo\app cajas\data\medios_pago.json.backup
2025-10-08 14:24:43,775 - app - INFO - Backup creado: mercadopago.json.backup
2025-10-08 14:24:43,778 - app - INFO - Eliminando backup antiguo: C:\Users\gesti\GESTION COMPARTIDA Dropbox\Departamento Gestion\0001 - Control de Gestion (1)\Desarrollo\app cajas\data\mercadopago.json.backup
2025-10-08 14:24:43,787 - app - INFO - Backup creado: once.json.backup
2025-10-08 14:24:43,791 - app - INFO - Eliminando backup antiguo: C:\Users\gesti\GESTION COMPARTIDA Dropbox\Departamento Gestion\0001 - Control de Gestion (1)\Desarrollo\app cajas\data\once.json.backup
2025-10-08 14:24:43,797 - app - INFO - Backup creado: pagos_no_vinculados.json.backup
2025-10-08 14:24:43,801 - app - INFO - Eliminando backup antiguo: C:\Users\gesti\GESTION COMPARTIDA Dropbox\Departamento Gestion\0001 - Control de Gestion (1)\Desarrollo\app cajas\data\pagos_no_vinculados.json.backup
2025-10-08 14:24:43,806 - app - INFO - Backup creado: pendientes.json.backup
2025-10-08 14:24:43,810 - app - INFO - Eliminando backup antiguo: C:\Users\gesti\GESTION COMPARTIDA Dropbox\Departamento Gestion\0001 - Control de Gestion (1)\Desarrollo\app cajas\data\pendientes.json.backup
2025-10-08 14:24:43,816 - app - INFO - Backup creado: registros.json.backup
2025-10-08 14:24:43,819 - app - INFO - Eliminando backup antiguo: C:\Users\gesti\GESTION COMPARTIDA Dropbox\Departamento Gestion\0001 - Control de Gestion (1)\Desarrollo\app cajas\data\registros.json.backup
2025-10-08 14:24:43,824 - app - INFO - Backup creado: remesas_cajas.json.backup
2025-10-08 14:24:43,827 - app - INFO - Eliminando backup antiguo: C:\Users\gesti\GESTION COMPARTIDA Dropbox\Departamento Gestion\0001 - Control de Gestion (1)\Desarrollo\app cajas\data\remesas_cajas.json.backup
2025-10-08 14:24:43,830 - app - INFO - Backup creado: resumenes.json.backup
2025-10-08 14:24:43,835 - app - INFO - Eliminando backup antiguo: C:\Users\gesti\GESTION COMPARTIDA Dropbox\Departamento Gestion\0001 - Control de Gestion (1)\Desarrollo\app cajas\data\resumenes.json.backup
2025-10-08 14:24:43,841 - app - INFO - Backup creado: retiro.json.backup
2025-10-08 14:24:43,844 - app - INFO - Eliminando backup antiguo: C:\Users\gesti\GESTION COMPARTIDA Dropbox\Departamento Gestion\0001 - Control de Gestion (1)\Desarrollo\app cajas\data\retiro.json.backup
2025-10-08 14:24:43,849 - app - INFO - Backup creado: stock.json.backup
2025-10-08 14:24:43,853 - app - INFO - Eliminando backup antiguo: C:\Users\gesti\GESTION COMPARTIDA Dropbox\Departamento Gestion\0001 - Control de Gestion (1)\Desarrollo\app cajas\data\stock.json.backup
2025-10-08 14:24:43,857 - app - INFO - Backup creado: system_config.json.backup
2025-10-08 14:24:43,860 - app - INFO - Eliminando backup antiguo: C:\Users\gesti\GESTION COMPARTIDA Dropbox\Departamento Gestion\0001 - Control de Gestion (1)\Desarrollo\app cajas\data\system_config.json.backup
2025-10-08 14:24:43,865 - app - INFO - Backup creado: tba.json.backup
2025-10-08 14:24:43,868 - app - INFO - Eliminando backup antiguo: C:\Users\gesti\GESTION COMPARTIDA Dropbox\Departamento Gestion\0001 - Control de Gestion (1)\Desarrollo\app cajas\data\tba.json.backup
2025-10-08 14:24:43,871 - app - INFO - Backup creado: users.json.backup
2025-10-08 14:24:43,876 - app - INFO - Eliminando backup antiguo: C:\Users\gesti\GESTION COMPARTIDA Dropbox\Departamento Gestion\0001 - Control de Gestion (1)\Desarrollo\app cajas\data\users.json.backup
2025-10-08 14:24:43,880 - app - INFO - Backup creado: ventas.json.backup
2025-10-08 14:24:43,885 - app - INFO - Eliminando backup antiguo: C:\Users\gesti\GESTION COMPARTIDA Dropbox\Departamento Gestion\0001 - Control de Gestion (1)\Desarrollo\app cajas\data\ventas.json.backup
2025-10-08 14:24:43,890 - app - INFO - Backup creado: zona_sur.json.backup
2025-10-08 14:24:43,894 - app - INFO - Eliminando backup antiguo: C:\Users\gesti\GESTION COMPARTIDA Dropbox\Departamento Gestion\0001 - Control de Gestion (1)\Desarrollo\app cajas\data\zona_sur.json.backup
2025-10-08 14:24:43,895 - app - INFO - Backup automático completado. 21 archivos respaldados.
2025-10-08 14:24:43,896 - app - INFO - Sistema de backup automático iniciado. Próximo backup en 6 horas.
2025-10-08 14:24:43,989 - waitress - INFO - Serving on http://[::1]:443
2025-10-08 14:24:43,990 - waitress - INFO - Serving on http://127.0.0.1:443
2025-10-08 14:24:48,178 - mysql.connector - INFO - package: mysql.connector.plugins
2025-10-08 14:24:48,178 - mysql.connector - INFO - plugin_name: caching_sha2_password
2025-10-08 14:24:48,184 - mysql.connector - INFO - AUTHENTICATION_PLUGIN_CLASS: MySQLCachingSHA2PasswordAuthPlugin
2025-10-08 14:26:14,092 - apscheduler.scheduler - INFO - Scheduler has been shut down
2025-10-08 14:26:21,137 - apscheduler.scheduler - INFO - Adding job tentatively -- it will be properly scheduled when the scheduler starts
2025-10-08 14:26:21,140 - apscheduler.scheduler - INFO - Added job "Backup automático de archivos JSON" to job store "default"
2025-10-08 14:26:21,141 - apscheduler.scheduler - INFO - Scheduler started
2025-10-08 14:26:21,142 - app - INFO - Iniciando backup automático de archivos JSON...
2025-10-08 14:26:21,149 - app - INFO - Backup creado: ambulante.json.backup
2025-10-08 14:26:21,153 - app - INFO - Eliminando backup antiguo: C:\Users\gesti\GESTION COMPARTIDA Dropbox\Departamento Gestion\0001 - Control de Gestion (1)\Desarrollo\app cajas\data\ambulante.json.backup
2025-10-08 14:26:21,159 - app - INFO - Backup creado: bimbo.json.backup
2025-10-08 14:26:21,165 - app - INFO - Eliminando backup antiguo: C:\Users\gesti\GESTION COMPARTIDA Dropbox\Departamento Gestion\0001 - Control de Gestion (1)\Desarrollo\app cajas\data\bimbo.json.backup
2025-10-08 14:26:21,170 - app - INFO - Backup creado: constitucion.json.backup
2025-10-08 14:26:21,174 - app - INFO - Eliminando backup antiguo: C:\Users\gesti\GESTION COMPARTIDA Dropbox\Departamento Gestion\0001 - Control de Gestion (1)\Desarrollo\app cajas\data\constitucion.json.backup
2025-10-08 14:26:21,181 - app - INFO - Backup creado: gastronomia.json.backup
2025-10-08 14:26:21,185 - app - INFO - Eliminando backup antiguo: C:\Users\gesti\GESTION COMPARTIDA Dropbox\Departamento Gestion\0001 - Control de Gestion (1)\Desarrollo\app cajas\data\gastronomia.json.backup
2025-10-08 14:26:21,189 - app - INFO - Backup creado: info_locales.json.backup
2025-10-08 14:26:21,193 - app - INFO - Eliminando backup antiguo: C:\Users\gesti\GESTION COMPARTIDA Dropbox\Departamento Gestion\0001 - Control de Gestion (1)\Desarrollo\app cajas\data\info_locales.json.backup
2025-10-08 14:26:21,202 - app - INFO - Backup creado: kioscos.json.backup
2025-10-08 14:26:21,206 - app - INFO - Eliminando backup antiguo: C:\Users\gesti\GESTION COMPARTIDA Dropbox\Departamento Gestion\0001 - Control de Gestion (1)\Desarrollo\app cajas\data\kioscos.json.backup
2025-10-08 14:26:21,211 - app - INFO - Backup creado: medios_pago.json.backup
2025-10-08 14:26:21,215 - app - INFO - Eliminando backup antiguo: C:\Users\gesti\GESTION COMPARTIDA Dropbox\Departamento Gestion\0001 - Control de Gestion (1)\Desarrollo\app cajas\data\medios_pago.json.backup
2025-10-08 14:26:21,220 - app - INFO - Backup creado: mercadopago.json.backup
2025-10-08 14:26:21,223 - app - INFO - Eliminando backup antiguo: C:\Users\gesti\GESTION COMPARTIDA Dropbox\Departamento Gestion\0001 - Control de Gestion (1)\Desarrollo\app cajas\data\mercadopago.json.backup
2025-10-08 14:26:21,229 - app - INFO - Backup creado: once.json.backup
2025-10-08 14:26:21,233 - app - INFO - Eliminando backup antiguo: C:\Users\gesti\GESTION COMPARTIDA Dropbox\Departamento Gestion\0001 - Control de Gestion (1)\Desarrollo\app cajas\data\once.json.backup
2025-10-08 14:26:21,237 - app - INFO - Backup creado: pagos_no_vinculados.json.backup
2025-10-08 14:26:21,241 - app - INFO - Eliminando backup antiguo: C:\Users\gesti\GESTION COMPARTIDA Dropbox\Departamento Gestion\0001 - Control de Gestion (1)\Desarrollo\app cajas\data\pagos_no_vinculados.json.backup
2025-10-08 14:26:21,246 - app - INFO - Backup creado: pendientes.json.backup
2025-10-08 14:26:21,250 - app - INFO - Eliminando backup antiguo: C:\Users\gesti\GESTION COMPARTIDA Dropbox\Departamento Gestion\0001 - Control de Gestion (1)\Desarrollo\app cajas\data\pendientes.json.backup
2025-10-08 14:26:21,255 - app - INFO - Backup creado: registros.json.backup
2025-10-08 14:26:21,258 - app - INFO - Eliminando backup antiguo: C:\Users\gesti\GESTION COMPARTIDA Dropbox\Departamento Gestion\0001 - Control de Gestion (1)\Desarrollo\app cajas\data\registros.json.backup
2025-10-08 14:26:21,262 - app - INFO - Backup creado: remesas_cajas.json.backup
2025-10-08 14:26:21,266 - app - INFO - Eliminando backup antiguo: C:\Users\gesti\GESTION COMPARTIDA Dropbox\Departamento Gestion\0001 - Control de Gestion (1)\Desarrollo\app cajas\data\remesas_cajas.json.backup
2025-10-08 14:26:21,268 - app - INFO - Backup creado: resumenes.json.backup
2025-10-08 14:26:21,272 - app - INFO - Eliminando backup antiguo: C:\Users\gesti\GESTION COMPARTIDA Dropbox\Departamento Gestion\0001 - Control de Gestion (1)\Desarrollo\app cajas\data\resumenes.json.backup
2025-10-08 14:26:21,277 - app - INFO - Backup creado: retiro.json.backup
2025-10-08 14:26:21,281 - app - INFO - Eliminando backup antiguo: C:\Users\gesti\GESTION COMPARTIDA Dropbox\Departamento Gestion\0001 - Control de Gestion (1)\Desarrollo\app cajas\data\retiro.json.backup
2025-10-08 14:26:21,286 - app - INFO - Backup creado: stock.json.backup
2025-10-08 14:26:21,289 - app - INFO - Eliminando backup antiguo: C:\Users\gesti\GESTION COMPARTIDA Dropbox\Departamento Gestion\0001 - Control de Gestion (1)\Desarrollo\app cajas\data\stock.json.backup
2025-10-08 14:26:21,295 - app - INFO - Backup creado: system_config.json.backup
2025-10-08 14:26:21,298 - app - INFO - Eliminando backup antiguo: C:\Users\gesti\GESTION COMPARTIDA Dropbox\Departamento Gestion\0001 - Control de Gestion (1)\Desarrollo\app cajas\data\system_config.json.backup
2025-10-08 14:26:21,304 - app - INFO - Backup creado: tba.json.backup
2025-10-08 14:26:21,307 - app - INFO - Eliminando backup antiguo: C:\Users\gesti\GESTION COMPARTIDA Dropbox\Departamento Gestion\0001 - Control de Gestion (1)\Desarrollo\app cajas\data\tba.json.backup
2025-10-08 14:26:21,309 - app - INFO - Backup creado: users.json.backup
2025-10-08 14:26:21,314 - app - INFO - Eliminando backup antiguo: C:\Users\gesti\GESTION COMPARTIDA Dropbox\Departamento Gestion\0001 - Control de Gestion (1)\Desarrollo\app cajas\data\users.json.backup
2025-10-08 14:26:21,318 - app - INFO - Backup creado: ventas.json.backup
2025-10-08 14:26:21,322 - app - INFO - Eliminando backup antiguo: C:\Users\gesti\GESTION COMPARTIDA Dropbox\Departamento Gestion\0001 - Control de Gestion (1)\Desarrollo\app cajas\data\ventas.json.backup
2025-10-08 14:26:21,327 - app - INFO - Backup creado: zona_sur.json.backup
2025-10-08 14:26:21,330 - app - INFO - Eliminando backup antiguo: C:\Users\gesti\GESTION COMPARTIDA Dropbox\Departamento Gestion\0001 - Control de Gestion (1)\Desarrollo\app cajas\data\zona_sur.json.backup
2025-10-08 14:26:21,331 - app - INFO - Backup automático completado. 21 archivos respaldados.
2025-10-08 14:26:21,331 - app - INFO - Sistema de backup automático iniciado. Próximo backup en 6 horas.
2025-10-08 14:26:21,393 - waitress - INFO - Serving on http://[::1]:443
2025-10-08 14:26:21,393 - waitress - INFO - Serving on http://127.0.0.1:443
2025-10-08 14:26:24,681 - mysql.connector - INFO - package: mysql.connector.plugins
2025-10-08 14:26:24,682 - mysql.connector - INFO - plugin_name: caching_sha2_password
2025-10-08 14:26:24,686 - mysql.connector - INFO - AUTHENTICATION_PLUGIN_CLASS: MySQLCachingSHA2PasswordAuthPlugin
2025-10-08 18:34:44,170 - apscheduler.scheduler - INFO - Scheduler has been shut down
2025-10-08 18:34:53,896 - apscheduler.scheduler - INFO - Adding job tentatively -- it will be properly scheduled when the scheduler starts
2025-10-08 18:34:53,902 - apscheduler.scheduler - INFO - Added job "Backup automático de archivos JSON" to job store "default"
2025-10-08 18:34:53,902 - apscheduler.scheduler - INFO - Scheduler started
2025-10-08 18:34:53,903 - app - INFO - Iniciando backup automático de archivos JSON...
2025-10-08 18:34:53,914 - app - INFO - Backup creado: ambulante.json.backup
2025-10-08 18:34:53,918 - app - INFO - Eliminando backup antiguo: C:\Users\gesti\GESTION COMPARTIDA Dropbox\Departamento Gestion\0001 - Control de Gestion (1)\Desarrollo\app cajas\data\ambulante.json.backup
2025-10-08 18:34:53,924 - app - INFO - Backup creado: bimbo.json.backup
2025-10-08 18:34:53,937 - app - INFO - Eliminando backup antiguo: C:\Users\gesti\GESTION COMPARTIDA Dropbox\Departamento Gestion\0001 - Control de Gestion (1)\Desarrollo\app cajas\data\bimbo.json.backup
2025-10-08 18:34:53,946 - app - INFO - Backup creado: constitucion.json.backup
2025-10-08 18:34:53,951 - app - INFO - Eliminando backup antiguo: C:\Users\gesti\GESTION COMPARTIDA Dropbox\Departamento Gestion\0001 - Control de Gestion (1)\Desarrollo\app cajas\data\constitucion.json.backup
2025-10-08 18:34:53,959 - app - INFO - Backup creado: gastronomia.json.backup
2025-10-08 18:34:53,965 - app - INFO - Eliminando backup antiguo: C:\Users\gesti\GESTION COMPARTIDA Dropbox\Departamento Gestion\0001 - Control de Gestion (1)\Desarrollo\app cajas\data\gastronomia.json.backup
2025-10-08 18:34:53,975 - app - INFO - Backup creado: info_locales.json.backup
2025-10-08 18:34:53,980 - app - INFO - Eliminando backup antiguo: C:\Users\gesti\GESTION COMPARTIDA Dropbox\Departamento Gestion\0001 - Control de Gestion (1)\Desarrollo\app cajas\data\info_locales.json.backup
2025-10-08 18:34:53,986 - app - INFO - Backup creado: kioscos.json.backup
2025-10-08 18:34:53,990 - app - INFO - Eliminando backup antiguo: C:\Users\gesti\GESTION COMPARTIDA Dropbox\Departamento Gestion\0001 - Control de Gestion (1)\Desarrollo\app cajas\data\kioscos.json.backup
2025-10-08 18:34:53,999 - app - INFO - Backup creado: medios_pago.json.backup
2025-10-08 18:34:54,004 - app - INFO - Eliminando backup antiguo: C:\Users\gesti\GESTION COMPARTIDA Dropbox\Departamento Gestion\0001 - Control de Gestion (1)\Desarrollo\app cajas\data\medios_pago.json.backup
2025-10-08 18:34:54,010 - app - INFO - Backup creado: mercadopago.json.backup
2025-10-08 18:34:54,015 - app - INFO - Eliminando backup antiguo: C:\Users\gesti\GESTION COMPARTIDA Dropbox\Departamento Gestion\0001 - Control de Gestion (1)\Desarrollo\app cajas\data\mercadopago.json.backup
2025-10-08 18:34:54,023 - app - INFO - Backup creado: once.json.backup
2025-10-08 18:34:54,027 - app - INFO - Eliminando backup antiguo: C:\Users\gesti\GESTION COMPARTIDA Dropbox\Departamento Gestion\0001 - Control de Gestion (1)\Desarrollo\app cajas\data\once.json.backup
2025-10-08 18:34:54,033 - app - INFO - Backup creado: pagos_no_vinculados.json.backup
2025-10-08 18:34:54,037 - app - INFO - Eliminando backup antiguo: C:\Users\gesti\GESTION COMPARTIDA Dropbox\Departamento Gestion\0001 - Control de Gestion (1)\Desarrollo\app cajas\data\pagos_no_vinculados.json.backup
2025-10-08 18:34:54,043 - app - INFO - Backup creado: pendientes.json.backup
2025-10-08 18:34:54,047 - app - INFO - Eliminando backup antiguo: C:\Users\gesti\GESTION COMPARTIDA Dropbox\Departamento Gestion\0001 - Control de Gestion (1)\Desarrollo\app cajas\data\pendientes.json.backup
2025-10-08 18:34:54,052 - app - INFO - Backup creado: registros.json.backup
2025-10-08 18:34:54,056 - app - INFO - Eliminando backup antiguo: C:\Users\gesti\GESTION COMPARTIDA Dropbox\Departamento Gestion\0001 - Control de Gestion (1)\Desarrollo\app cajas\data\registros.json.backup
2025-10-08 18:34:54,061 - app - INFO - Backup creado: remesas_cajas.json.backup
2025-10-08 18:34:54,065 - app - INFO - Eliminando backup antiguo: C:\Users\gesti\GESTION COMPARTIDA Dropbox\Departamento Gestion\0001 - Control de Gestion (1)\Desarrollo\app cajas\data\remesas_cajas.json.backup
2025-10-08 18:34:54,068 - app - INFO - Backup creado: resumenes.json.backup
2025-10-08 18:34:54,073 - app - INFO - Eliminando backup antiguo: C:\Users\gesti\GESTION COMPARTIDA Dropbox\Departamento Gestion\0001 - Control de Gestion (1)\Desarrollo\app cajas\data\resumenes.json.backup
2025-10-08 18:34:54,081 - app - INFO - Backup creado: retiro.json.backup
2025-10-08 18:34:54,084 - app - INFO - Eliminando backup antiguo: C:\Users\gesti\GESTION COMPARTIDA Dropbox\Departamento Gestion\0001 - Control de Gestion (1)\Desarrollo\app cajas\data\retiro.json.backup
2025-10-08 18:34:54,089 - app - INFO - Backup creado: stock.json.backup
2025-10-08 18:34:54,093 - app - INFO - Eliminando backup antiguo: C:\Users\gesti\GESTION COMPARTIDA Dropbox\Departamento Gestion\0001 - Control de Gestion (1)\Desarrollo\app cajas\data\stock.json.backup
2025-10-08 18:34:54,099 - app - INFO - Backup creado: system_config.json.backup
2025-10-08 18:34:54,103 - app - INFO - Eliminando backup antiguo: C:\Users\gesti\GESTION COMPARTIDA Dropbox\Departamento Gestion\0001 - Control de Gestion (1)\Desarrollo\app cajas\data\system_config.json.backup
2025-10-08 18:34:54,108 - app - INFO - Backup creado: tba.json.backup
2025-10-08 18:34:54,112 - app - INFO - Eliminando backup antiguo: C:\Users\gesti\GESTION COMPARTIDA Dropbox\Departamento Gestion\0001 - Control de Gestion (1)\Desarrollo\app cajas\data\tba.json.backup
2025-10-08 18:34:54,115 - app - INFO - Backup creado: users.json.backup
2025-10-08 18:34:54,120 - app - INFO - Eliminando backup antiguo: C:\Users\gesti\GESTION COMPARTIDA Dropbox\Departamento Gestion\0001 - Control de Gestion (1)\Desarrollo\app cajas\data\users.json.backup
2025-10-08 18:34:54,124 - app - INFO - Backup creado: ventas.json.backup
2025-10-08 18:34:54,130 - app - INFO - Eliminando backup antiguo: C:\Users\gesti\GESTION COMPARTIDA Dropbox\Departamento Gestion\0001 - Control de Gestion (1)\Desarrollo\app cajas\data\ventas.json.backup
2025-10-08 18:34:54,136 - app - INFO - Backup creado: zona_sur.json.backup
2025-10-08 18:34:54,139 - app - INFO - Eliminando backup antiguo: C:\Users\gesti\GESTION COMPARTIDA Dropbox\Departamento Gestion\0001 - Control de Gestion (1)\Desarrollo\app cajas\data\zona_sur.json.backup
2025-10-08 18:34:54,140 - app - INFO - Backup automático completado. 21 archivos respaldados.
2025-10-08 18:34:54,140 - app - INFO - Sistema de backup automático iniciado. Próximo backup en 6 horas.
2025-10-08 18:34:54,216 - waitress - INFO - Serving on http://[::1]:443
2025-10-08 18:34:54,216 - waitress - INFO - Serving on http://127.0.0.1:443
2025-10-08 18:34:57,420 - mysql.connector - INFO - package: mysql.connector.plugins
2025-10-08 18:34:57,420 - mysql.connector - INFO - plugin_name: caching_sha2_password
2025-10-08 18:34:57,426 - mysql.connector - INFO - AUTHENTICATION_PLUGIN_CLASS: MySQLCachingSHA2PasswordAuthPlugin
2025-10-09 12:01:43,698 - apscheduler.executors.default - WARNING - Run time of job "Backup automático de archivos JSON (trigger: interval[6:00:00], next run at: 2025-10-09 12:34:53 -03)" was missed by 5:26:49.795335
2025-10-09 12:25:04,655 - apscheduler.scheduler - INFO - Scheduler has been shut down
