2025-07-10 10:23:03,863 - apscheduler.scheduler - INFO - Adding job tentatively -- it will be properly scheduled when the scheduler starts
2025-07-10 10:23:03,865 - apscheduler.scheduler - INFO - Added job "Backup automático de archivos JSON" to job store "default"
2025-07-10 10:23:03,865 - apscheduler.scheduler - INFO - Scheduler started
2025-07-10 10:23:03,866 - app - INFO - Iniciando backup automático de archivos JSON...
2025-07-10 10:23:03,884 - app - INFO - Backup creado: ambulante.json.backup
2025-07-10 10:23:03,891 - app - INFO - Eliminando backup antiguo: c:\Users\PROPIETARIO\Downloads\01.Proyectos\circle\data\ambulante.json.backup
2025-07-10 10:23:03,900 - app - INFO - Backup creado: bimbo.json.backup
2025-07-10 10:23:03,909 - app - INFO - Eliminando backup antiguo: c:\Users\PROPIETARIO\Downloads\01.Proyectos\circle\data\bimbo.json.backup
2025-07-10 10:23:03,923 - app - INFO - Backup creado: constitucion.json.backup
2025-07-10 10:23:03,931 - app - INFO - Eliminando backup antiguo: c:\Users\PROPIETARIO\Downloads\01.Proyectos\circle\data\constitucion.json.backup
2025-07-10 10:23:03,945 - app - INFO - Backup creado: gastronomia.json.backup
2025-07-10 10:23:03,952 - app - INFO - Eliminando backup antiguo: c:\Users\PROPIETARIO\Downloads\01.Proyectos\circle\data\gastronomia.json.backup
2025-07-10 10:23:03,969 - app - INFO - Backup creado: kioscos.json.backup
2025-07-10 10:23:03,971 - app - INFO - Eliminando backup antiguo: c:\Users\PROPIETARIO\Downloads\01.Proyectos\circle\data\kioscos.json.backup
2025-07-10 10:23:03,989 - app - INFO - Backup creado: once.json.backup
2025-07-10 10:23:03,995 - app - INFO - Eliminando backup antiguo: c:\Users\PROPIETARIO\Downloads\01.Proyectos\circle\data\once.json.backup
2025-07-10 10:23:04,014 - app - INFO - Backup creado: pagos_no_vinculados.json.backup
2025-07-10 10:23:04,022 - app - INFO - Eliminando backup antiguo: c:\Users\PROPIETARIO\Downloads\01.Proyectos\circle\data\pagos_no_vinculados.json.backup
2025-07-10 10:23:04,042 - app - INFO - Backup creado: pendientes.json.backup
2025-07-10 10:23:04,045 - app - INFO - Eliminando backup antiguo: c:\Users\PROPIETARIO\Downloads\01.Proyectos\circle\data\pendientes.json.backup
2025-07-10 10:23:04,059 - app - INFO - Backup creado: registros.json.backup
2025-07-10 10:23:04,063 - app - INFO - Eliminando backup antiguo: c:\Users\PROPIETARIO\Downloads\01.Proyectos\circle\data\registros.json.backup
2025-07-10 10:23:04,073 - app - INFO - Backup creado: retiro.json.backup
2025-07-10 10:23:04,089 - app - INFO - Eliminando backup antiguo: c:\Users\PROPIETARIO\Downloads\01.Proyectos\circle\data\retiro.json.backup
2025-07-10 10:23:04,094 - app - INFO - Backup creado: stock.json.backup
2025-07-10 10:23:04,105 - app - INFO - Eliminando backup antiguo: c:\Users\PROPIETARIO\Downloads\01.Proyectos\circle\data\stock.json.backup
2025-07-10 10:23:04,123 - app - INFO - Backup creado: system_config.json.backup
2025-07-10 10:23:04,124 - app - INFO - Eliminando backup antiguo: c:\Users\PROPIETARIO\Downloads\01.Proyectos\circle\data\system_config.json.backup
2025-07-10 10:23:04,140 - app - INFO - Backup creado: tba.json.backup
2025-07-10 10:23:04,150 - app - INFO - Eliminando backup antiguo: c:\Users\PROPIETARIO\Downloads\01.Proyectos\circle\data\tba.json.backup
2025-07-10 10:23:04,150 - app - INFO - Backup creado: users.json.backup
2025-07-10 10:23:04,158 - app - INFO - Eliminando backup antiguo: c:\Users\PROPIETARIO\Downloads\01.Proyectos\circle\data\users.json.backup.117
2025-07-10 10:23:04,168 - app - INFO - Backup creado: zona_sur.json.backup
2025-07-10 10:23:04,179 - app - INFO - Eliminando backup antiguo: c:\Users\PROPIETARIO\Downloads\01.Proyectos\circle\data\zona_sur.json.backup
2025-07-10 10:23:04,181 - app - INFO - Backup automático completado. 15 archivos respaldados.
2025-07-10 10:23:04,185 - app - INFO - Sistema de backup automático iniciado. Próximo backup en 6 horas.
2025-07-10 10:23:04,222 - waitress - INFO - Serving on http://[::1]:443
2025-07-10 10:23:04,223 - waitress - INFO - Serving on http://127.0.0.1:443
2025-07-10 12:05:40,461 - apscheduler.scheduler - INFO - Scheduler has been shut down
